#
# There is insufficient memory for the Java Runtime Environment to continue.
# Native memory allocation (mmap) failed to map 408944640 bytes for G1 virtual space
# Possible reasons:
#   The system is out of physical RAM or swap space
#   The process is running with CompressedOops enabled, and the Java Heap may be blocking the growth of the native heap
# Possible solutions:
#   Reduce memory load on the system
#   Increase physical memory or swap space
#   Check if swap backing store is full
#   Decrease Java heap size (-Xmx/-Xms)
#   Decrease number of Java threads
#   Decrease Java thread stack sizes (-Xss)
#   Set larger code cache with -XX:ReservedCodeCacheSize=
#   JVM is running with Unscaled Compressed Oops mode in which the Java heap is
#     placed in the first 4GB address space. The Java Heap base address is the
#     maximum limit for the native heap growth. Please use -XX:HeapBaseMinAddress
#     to set the Java Heap base and to place the Java Heap above 4GB virtual address.
# This output file may be truncated or incomplete.
#
#  Out of Memory Error (os_windows.cpp:3548), pid=20820, tid=17152
#
# JRE version: OpenJDK Runtime Environment Temurin-17.0.5+8 (17.0.5+8) (build 17.0.5+8)
# Java VM: OpenJDK 64-Bit Server VM Temurin-17.0.5+8 (17.0.5+8, mixed mode, emulated-client, tiered, compressed oops, compressed class ptrs, g1 gc, windows-amd64)
# No core dump will be written. Minidumps are not enabled by default on client versions of Windows
#

---------------  S U M M A R Y ------------

Command Line: -Dsts.lsp.client=vscode -Dsts.log.file=/dev/null -XX:TieredStopAtLevel=1 -Xlog:jni+resolve=off -Dspring.config.location=file:c:\Users\lcarv\.vscode\extensions\pivotal.vscode-spring-boot-1.41.0\language-server\BOOT-INF\classes\application.properties org.springframework.ide.vscode.boot.app.BootLanguageServerBootApp

Host: Intel(R) Core(TM) i7-8565U CPU @ 1.80GHz, 8 cores, 7G,  Windows 11 , 64 bit Build 22000 (10.0.22000.1219)
Time: Wed Dec 14 20:27:33 2022 Hora Padrão de Buenos Aires elapsed time: 4.916509 seconds (0d 0h 0m 4s)

---------------  T H R E A D  ---------------

Current thread (0x0000016764a15280):  VMThread "VM Thread" [stack: 0x0000000321400000,0x0000000321500000] [id=17152]

Stack: [0x0000000321400000,0x0000000321500000]
Native frames: (J=compiled Java code, j=interpreted, Vv=VM code, C=native code)
V  [jvm.dll+0x676b3a]
V  [jvm.dll+0x831444]
V  [jvm.dll+0x832bee]
V  [jvm.dll+0x833253]
V  [jvm.dll+0x244ce5]
V  [jvm.dll+0x673a49]
V  [jvm.dll+0x66811a]
V  [jvm.dll+0x303ceb]
V  [jvm.dll+0x30b1e6]
V  [jvm.dll+0x35adbe]
V  [jvm.dll+0x35afef]
V  [jvm.dll+0x2dab88]
V  [jvm.dll+0x2d8e3c]
V  [jvm.dll+0x2d840c]
V  [jvm.dll+0x31c31b]
V  [jvm.dll+0x8376fb]
V  [jvm.dll+0x838434]
V  [jvm.dll+0x83894c]
V  [jvm.dll+0x838d24]
V  [jvm.dll+0x838df0]
V  [jvm.dll+0x7e17ea]
V  [jvm.dll+0x6759e5]
C  [ucrtbase.dll+0x26c0c]
C  [KERNEL32.DLL+0x15550]
C  [ntdll.dll+0x485b]

VM_Operation (0x0000000323efdd10): G1CollectForAllocation, mode: safepoint, requested by thread 0x0000016766ce6460


---------------  P R O C E S S  ---------------

Threads class SMR info:
_java_thread_list=0x0000016766c26130, length=50, elements={
0x0000016765412650, 0x0000016765412f10, 0x0000016764a3c800, 0x0000016764a3d0c0,
0x0000016764a3d980, 0x0000016764a3ea60, 0x0000016765423c90, 0x00000167654315d0,
0x0000016765627020, 0x00000167656346a0, 0x0000016765632e90, 0x0000016765fa0540,
0x00000167661744b0, 0x0000016765633360, 0x0000016765634b70, 0x0000016765635040,
0x00000167656329c0, 0x0000016765631680, 0x0000016765633830, 0x0000016765631b50,
0x0000016765633d00, 0x00000167656341d0, 0x0000016765632020, 0x00000167656324f0,
0x0000016766cea2f0, 0x0000016766ce4780, 0x0000016766ce7c70, 0x0000016766ce5120,
0x0000016766ce8140, 0x0000016766ce9e20, 0x0000016766ce6e00, 0x0000016766cea7c0,
0x0000016766ce6460, 0x0000016766ce5f90, 0x0000016766cebb00, 0x0000016766ce4c50,
0x0000016766ceac90, 0x0000016766ceb160, 0x0000016766ce72d0, 0x0000016766ce42b0,
0x0000016766ce77a0, 0x0000016766ce55f0, 0x0000016766ce9480, 0x0000016766ce5ac0,
0x0000016766ce8610, 0x0000016766ce8ae0, 0x0000016766ceb630, 0x0000016766ce6930,
0x0000016766ce9950, 0x000001676978fd40
}

Java Threads: ( => current thread )
  0x0000016765412650 JavaThread "Reference Handler" daemon [_thread_blocked, id=8244, stack(0x0000000321500000,0x0000000321600000)]
  0x0000016765412f10 JavaThread "Finalizer" daemon [_thread_blocked, id=18524, stack(0x0000000321600000,0x0000000321700000)]
  0x0000016764a3c800 JavaThread "Signal Dispatcher" daemon [_thread_blocked, id=21892, stack(0x0000000321700000,0x0000000321800000)]
  0x0000016764a3d0c0 JavaThread "Attach Listener" daemon [_thread_blocked, id=1400, stack(0x0000000321800000,0x0000000321900000)]
  0x0000016764a3d980 JavaThread "Service Thread" daemon [_thread_blocked, id=11924, stack(0x0000000321900000,0x0000000321a00000)]
  0x0000016764a3ea60 JavaThread "Monitor Deflation Thread" daemon [_thread_blocked, id=24476, stack(0x0000000321a00000,0x0000000321b00000)]
  0x0000016765423c90 JavaThread "C1 CompilerThread0" daemon [_thread_blocked, id=22068, stack(0x0000000321b00000,0x0000000321c00000)]
  0x00000167654315d0 JavaThread "Sweeper thread" daemon [_thread_blocked, id=6940, stack(0x0000000321c00000,0x0000000321d00000)]
  0x0000016765627020 JavaThread "C1 CompilerThread1" daemon [_thread_blocked, id=16544, stack(0x0000000321d00000,0x0000000321e00000)]
  0x00000167656346a0 JavaThread "Notification Thread" daemon [_thread_blocked, id=11660, stack(0x0000000321e00000,0x0000000321f00000)]
  0x0000016765632e90 JavaThread "Common-Cleaner" daemon [_thread_blocked, id=25716, stack(0x0000000322000000,0x0000000322100000)]
  0x0000016765fa0540 JavaThread "C1 CompilerThread2" daemon [_thread_blocked, id=7888, stack(0x0000000322100000,0x0000000322200000)]
  0x00000167661744b0 JavaThread "C1 CompilerThread3" daemon [_thread_blocked, id=28712, stack(0x0000000322200000,0x0000000322300000)]
  0x0000016765633360 JavaThread "boundedElastic-evictor-1" daemon [_thread_blocked, id=21624, stack(0x0000000322b00000,0x0000000322c00000)]
  0x0000016765634b70 JavaThread "pool-11-thread-1" [_thread_blocked, id=16836, stack(0x0000000322d00000,0x0000000322e00000)]
  0x0000016765635040 JavaThread "LanguageServerApp-lifecycle" [_thread_blocked, id=556, stack(0x0000000322e00000,0x0000000322f00000)]
  0x00000167656329c0 JavaThread "DestroyJavaVM" [_thread_blocked, id=19632, stack(0x0000000320e00000,0x0000000320f00000)]
  0x0000016765631680 JavaThread "pool-12-thread-1" [_thread_in_native, id=7140, stack(0x0000000322f00000,0x0000000323000000)]
  0x0000016765633830 JavaThread "Simple-Language-Server main thread" daemon [_thread_blocked, id=20856, stack(0x0000000323000000,0x0000000323100000)]
  0x0000016765631b50 JavaThread "pool-8-thread-1" [_thread_blocked, id=3312, stack(0x0000000323100000,0x0000000323200000)]
  0x0000016765633d00 JavaThread "parallel-1" daemon [_thread_blocked, id=24412, stack(0x0000000323200000,0x0000000323300000)]
  0x00000167656341d0 JavaThread "ForkJoinPool.commonPool-worker-1" daemon [_thread_blocked, id=30080, stack(0x0000000323300000,0x0000000323400000)]
  0x0000016765632020 JavaThread "pool-5-thread-1" [_thread_blocked, id=5804, stack(0x0000000323400000,0x0000000323500000)]
  0x00000167656324f0 JavaThread "ForkJoinPool.commonPool-worker-2" daemon [_thread_blocked, id=31236, stack(0x0000000323500000,0x0000000323600000)]
  0x0000016766cea2f0 JavaThread "pool-5-thread-2" [_thread_blocked, id=30916, stack(0x0000000323600000,0x0000000323700000)]
  0x0000016766ce4780 JavaThread "Reconciler-1" daemon [_thread_blocked, id=14516, stack(0x0000000323700000,0x0000000323800000)]
  0x0000016766ce7c70 JavaThread "parallel-2" daemon [_thread_blocked, id=29160, stack(0x0000000323800000,0x0000000323900000)]
  0x0000016766ce5120 JavaThread "ClassGraph-worker-0" daemon [_thread_blocked, id=4580, stack(0x0000000323900000,0x0000000323a00000)]
  0x0000016766ce8140 JavaThread "ClassGraph-worker-1" daemon [_thread_blocked, id=19980, stack(0x0000000323a00000,0x0000000323b00000)]
  0x0000016766ce9e20 JavaThread "ClassGraph-worker-2" daemon [_thread_blocked, id=6160, stack(0x0000000323b00000,0x0000000323c00000)]
  0x0000016766ce6e00 JavaThread "ClassGraph-worker-3" daemon [_thread_blocked, id=28792, stack(0x0000000323c00000,0x0000000323d00000)]
  0x0000016766cea7c0 JavaThread "ClassGraph-worker-4" daemon [_thread_blocked, id=13616, stack(0x0000000323d00000,0x0000000323e00000)]
  0x0000016766ce6460 JavaThread "ClassGraph-worker-5" daemon [_thread_blocked, id=30688, stack(0x0000000323e00000,0x0000000323f00000)]
  0x0000016766ce5f90 JavaThread "ClassGraph-worker-6" daemon [_thread_blocked, id=15708, stack(0x0000000323f00000,0x0000000324000000)]
  0x0000016766cebb00 JavaThread "ClassGraph-worker-7" daemon [_thread_blocked, id=10276, stack(0x0000000324000000,0x0000000324100000)]
  0x0000016766ce4c50 JavaThread "ClassGraph-worker-8" daemon [_thread_blocked, id=10312, stack(0x0000000324100000,0x0000000324200000)]
  0x0000016766ceac90 JavaThread "ClassGraph-worker-9" daemon [_thread_blocked, id=1516, stack(0x0000000324200000,0x0000000324300000)]
  0x0000016766ceb160 JavaThread "ClassGraph-worker-10" daemon [_thread_blocked, id=27868, stack(0x0000000324300000,0x0000000324400000)]
  0x0000016766ce72d0 JavaThread "ClassGraph-worker-11" daemon [_thread_blocked, id=28004, stack(0x0000000324400000,0x0000000324500000)]
  0x0000016766ce42b0 JavaThread "ClassGraph-worker-12" daemon [_thread_blocked, id=25028, stack(0x0000000324500000,0x0000000324600000)]
  0x0000016766ce77a0 JavaThread "ClassGraph-worker-13" daemon [_thread_blocked, id=18508, stack(0x0000000324600000,0x0000000324700000)]
  0x0000016766ce55f0 JavaThread "pool-6-thread-1" [_thread_blocked, id=14592, stack(0x0000000324800000,0x0000000324900000)]
  0x0000016766ce9480 JavaThread "pool-10-thread-1" [_thread_blocked, id=3848, stack(0x0000000324900000,0x0000000324a00000)]
  0x0000016766ce5ac0 JavaThread "parallel-3" daemon [_thread_blocked, id=2404, stack(0x0000000324a00000,0x0000000324b00000)]
  0x0000016766ce8610 JavaThread "parallel-4" daemon [_thread_blocked, id=16240, stack(0x0000000324b00000,0x0000000324c00000)]
  0x0000016766ce8ae0 JavaThread "pool-10-thread-2" [_thread_blocked, id=28668, stack(0x0000000324c00000,0x0000000324d00000)]
  0x0000016766ceb630 JavaThread "parallel-5" daemon [_thread_blocked, id=27120, stack(0x0000000324d00000,0x0000000324e00000)]
  0x0000016766ce6930 JavaThread "Project-Reconciler-1" daemon [_thread_blocked, id=20104, stack(0x0000000324e00000,0x0000000324f00000)]
  0x0000016766ce9950 JavaThread "Project-Reconciler-2" daemon [_thread_blocked, id=27276, stack(0x0000000324f00000,0x0000000325000000)]
  0x000001676978fd40 JavaThread "pool-10-thread-3" [_thread_blocked, id=6544, stack(0x0000000325000000,0x0000000325100000)]

Other Threads:
=>0x0000016764a15280 VMThread "VM Thread" [stack: 0x0000000321400000,0x0000000321500000] [id=17152]
  0x000001676563ba70 WatcherThread [stack: 0x0000000321f00000,0x0000000322000000] [id=14576]
  0x000001675775d330 GCTaskThread "GC Thread#0" [stack: 0x0000000320f00000,0x0000000321000000] [id=9932]
  0x0000016765fd7070 GCTaskThread "GC Thread#1" [stack: 0x0000000322300000,0x0000000322400000] [id=22792]
  0x0000016765fd7320 GCTaskThread "GC Thread#2" [stack: 0x0000000322400000,0x0000000322500000] [id=22292]
  0x0000016766201b60 GCTaskThread "GC Thread#3" [stack: 0x0000000322500000,0x0000000322600000] [id=16292]
  0x0000016766201e10 GCTaskThread "GC Thread#4" [stack: 0x0000000322600000,0x0000000322700000] [id=26452]
  0x00000167662020c0 GCTaskThread "GC Thread#5" [stack: 0x0000000322700000,0x0000000322800000] [id=22520]
  0x00000167663d9220 GCTaskThread "GC Thread#6" [stack: 0x0000000322900000,0x0000000322a00000] [id=17148]
  0x0000016766416790 GCTaskThread "GC Thread#7" [stack: 0x0000000322a00000,0x0000000322b00000] [id=24356]
  0x000001675776de20 ConcurrentGCThread "G1 Main Marker" [stack: 0x0000000321000000,0x0000000321100000] [id=15176]
  0x000001675776fdf0 ConcurrentGCThread "G1 Conc#0" [stack: 0x0000000321100000,0x0000000321200000] [id=18744]
  0x000001676663c980 ConcurrentGCThread "G1 Conc#1" [stack: 0x0000000322c00000,0x0000000322d00000] [id=30200]
  0x00000167577be8a0 ConcurrentGCThread "G1 Refine#0" [stack: 0x0000000321200000,0x0000000321300000] [id=26256]
  0x0000016765ffd540 ConcurrentGCThread "G1 Refine#1" [stack: 0x0000000322800000,0x0000000322900000] [id=22540]
  0x0000016766d505d0 ConcurrentGCThread "G1 Refine#2" [stack: 0x0000000324700000,0x0000000324800000] [id=29260]
  0x000001676487c720 ConcurrentGCThread "G1 Service" [stack: 0x0000000321300000,0x0000000321400000] [id=20080]

Threads with active compile tasks:

VM state: at safepoint (normal execution)

VM Mutex/Monitor currently owned by a thread:  ([mutex/lock_event])
[0x00000167554394f0] Threads_lock - owner thread: 0x0000016764a15280
[0x00000167576fd550] Heap_lock - owner thread: 0x0000016766ce6460

Heap address: 0x0000000081e00000, size: 2018 MB, Compressed Oops mode: 32-bit

CDS archive(s) not mapped
Compressed class space mapped at: 0x0000000100000000-0x0000000140000000, reserved size: 1073741824
Narrow klass base: 0x0000000000000000, Narrow klass shift: 3, Narrow klass range: 0x140000000

GC Precious Log:
 CPUs: 8 total, 8 available
 Memory: 8067M
 Large Page Support: Disabled
 NUMA Support: Disabled
 Compressed Oops: Enabled (32-bit)
 Heap Region Size: 1M
 Heap Min Capacity: 8M
 Heap Initial Capacity: 128M
 Heap Max Capacity: 2018M
 Pre-touch: Disabled
 Parallel Workers: 8
 Concurrent Workers: 2
 Concurrent Refinement Workers: 8
 Periodic GC: Disabled

Heap:
 garbage-first heap   total 260096K, used 94646K [0x0000000081e00000, 0x0000000100000000)
  region size 1024K, 9 young (9216K), 9 survivors (9216K)
 Metaspace       used 40140K, committed 40512K, reserved 1089536K
  class space    used 5015K, committed 5184K, reserved 1048576K

Heap Regions: E=young(eden), S=young(survivor), O=old, HS=humongous(starts), HC=humongous(continues), CS=collection set, F=free, OA=open archive, CA=closed archive, TAMS=top-at-mark-start (previous, next)
|   0|0x0000000081e00000, 0x0000000081f00000, 0x0000000081f00000|100%| O|  |TAMS 0x0000000081f00000, 0x0000000081e00000| Untracked 
|   1|0x0000000081f00000, 0x0000000082000000, 0x0000000082000000|100%| O|  |TAMS 0x0000000082000000, 0x0000000081f00000| Untracked 
|   2|0x0000000082000000, 0x0000000082100000, 0x0000000082100000|100%| O|  |TAMS 0x0000000082100000, 0x0000000082000000| Untracked 
|   3|0x0000000082100000, 0x0000000082200000, 0x0000000082200000|100%| O|  |TAMS 0x0000000082200000, 0x0000000082100000| Untracked 
|   4|0x0000000082200000, 0x0000000082300000, 0x0000000082300000|100%| O|  |TAMS 0x0000000082300000, 0x0000000082200000| Untracked 
|   5|0x0000000082300000, 0x0000000082400000, 0x0000000082400000|100%| O|  |TAMS 0x0000000082400000, 0x0000000082300000| Untracked 
|   6|0x0000000082400000, 0x0000000082500000, 0x0000000082500000|100%| O|  |TAMS 0x0000000082500000, 0x0000000082400000| Untracked 
|   7|0x0000000082500000, 0x0000000082600000, 0x0000000082600000|100%| O|  |TAMS 0x0000000082600000, 0x0000000082500000| Untracked 
|   8|0x0000000082600000, 0x0000000082700000, 0x0000000082700000|100%| O|  |TAMS 0x0000000082600000, 0x0000000082600000| Untracked 
|   9|0x0000000082700000, 0x0000000082800000, 0x0000000082800000|100%| O|  |TAMS 0x0000000082800000, 0x0000000082700000| Untracked 
|  10|0x0000000082800000, 0x0000000082900000, 0x0000000082900000|100%| O|  |TAMS 0x0000000082900000, 0x0000000082800000| Untracked 
|  11|0x0000000082900000, 0x0000000082a00000, 0x0000000082a00000|100%| O|  |TAMS 0x0000000082a00000, 0x0000000082900000| Untracked 
|  12|0x0000000082a00000, 0x0000000082b00000, 0x0000000082b00000|100%| O|  |TAMS 0x0000000082b00000, 0x0000000082a00000| Untracked 
|  13|0x0000000082b00000, 0x0000000082c00000, 0x0000000082c00000|100%| O|  |TAMS 0x0000000082c00000, 0x0000000082b00000| Untracked 
|  14|0x0000000082c00000, 0x0000000082d00000, 0x0000000082d00000|100%| O|  |TAMS 0x0000000082d00000, 0x0000000082c00000| Untracked 
|  15|0x0000000082d00000, 0x0000000082e00000, 0x0000000082e00000|100%| O|  |TAMS 0x0000000082e00000, 0x0000000082d00000| Untracked 
|  16|0x0000000082e00000, 0x0000000082f00000, 0x0000000082f00000|100%| O|  |TAMS 0x0000000082f00000, 0x0000000082e00000| Untracked 
|  17|0x0000000082f00000, 0x0000000083000000, 0x0000000083000000|100%| O|  |TAMS 0x0000000083000000, 0x0000000082f00000| Untracked 
|  18|0x0000000083000000, 0x0000000083100000, 0x0000000083100000|100%| O|  |TAMS 0x0000000083100000, 0x0000000083000000| Untracked 
|  19|0x0000000083100000, 0x0000000083200000, 0x0000000083200000|100%| O|  |TAMS 0x0000000083200000, 0x0000000083100000| Untracked 
|  20|0x0000000083200000, 0x0000000083300000, 0x0000000083300000|100%| O|  |TAMS 0x0000000083300000, 0x0000000083200000| Untracked 
|  21|0x0000000083300000, 0x0000000083400000, 0x0000000083400000|100%| O|  |TAMS 0x0000000083400000, 0x0000000083300000| Untracked 
|  22|0x0000000083400000, 0x0000000083500000, 0x0000000083500000|100%| O|  |TAMS 0x0000000083500000, 0x0000000083400000| Untracked 
|  23|0x0000000083500000, 0x0000000083600000, 0x0000000083600000|100%| O|  |TAMS 0x0000000083600000, 0x0000000083500000| Untracked 
|  24|0x0000000083600000, 0x0000000083700000, 0x0000000083700000|100%| O|  |TAMS 0x0000000083700000, 0x0000000083600000| Untracked 
|  25|0x0000000083700000, 0x0000000083800000, 0x0000000083800000|100%| O|  |TAMS 0x0000000083800000, 0x0000000083700000| Untracked 
|  26|0x0000000083800000, 0x0000000083900000, 0x0000000083900000|100%| O|  |TAMS 0x0000000083900000, 0x0000000083800000| Untracked 
|  27|0x0000000083900000, 0x0000000083a00000, 0x0000000083a00000|100%| O|  |TAMS 0x0000000083a00000, 0x0000000083900000| Untracked 
|  28|0x0000000083a00000, 0x0000000083b00000, 0x0000000083b00000|100%| O|  |TAMS 0x0000000083b00000, 0x0000000083a00000| Untracked 
|  29|0x0000000083b00000, 0x0000000083c00000, 0x0000000083c00000|100%| O|  |TAMS 0x0000000083c00000, 0x0000000083b00000| Untracked 
|  30|0x0000000083c00000, 0x0000000083d00000, 0x0000000083d00000|100%| O|  |TAMS 0x0000000083d00000, 0x0000000083c00000| Untracked 
|  31|0x0000000083d00000, 0x0000000083e00000, 0x0000000083e00000|100%| O|  |TAMS 0x0000000083e00000, 0x0000000083d00000| Untracked 
|  32|0x0000000083e00000, 0x0000000083f00000, 0x0000000083f00000|100%| O|  |TAMS 0x0000000083f00000, 0x0000000083e00000| Untracked 
|  33|0x0000000083f00000, 0x0000000084000000, 0x0000000084000000|100%| O|  |TAMS 0x0000000084000000, 0x0000000083f00000| Untracked 
|  34|0x0000000084000000, 0x0000000084100000, 0x0000000084100000|100%| O|  |TAMS 0x0000000084100000, 0x0000000084000000| Untracked 
|  35|0x0000000084100000, 0x0000000084200000, 0x0000000084200000|100%| O|  |TAMS 0x0000000084100000, 0x0000000084100000| Untracked 
|  36|0x0000000084200000, 0x0000000084300000, 0x0000000084300000|100%| O|  |TAMS 0x0000000084300000, 0x0000000084200000| Untracked 
|  37|0x0000000084300000, 0x0000000084400000, 0x0000000084400000|100%| O|  |TAMS 0x0000000084400000, 0x0000000084300000| Untracked 
|  38|0x0000000084400000, 0x0000000084500000, 0x0000000084500000|100%| O|  |TAMS 0x0000000084500000, 0x0000000084400000| Untracked 
|  39|0x0000000084500000, 0x0000000084600000, 0x0000000084600000|100%| O|  |TAMS 0x0000000084600000, 0x0000000084500000| Untracked 
|  40|0x0000000084600000, 0x0000000084700000, 0x0000000084700000|100%| O|  |TAMS 0x0000000084700000, 0x0000000084600000| Untracked 
|  41|0x0000000084700000, 0x0000000084800000, 0x0000000084800000|100%| O|  |TAMS 0x0000000084800000, 0x0000000084700000| Untracked 
|  42|0x0000000084800000, 0x0000000084900000, 0x0000000084900000|100%| O|  |TAMS 0x0000000084900000, 0x0000000084800000| Untracked 
|  43|0x0000000084900000, 0x0000000084a00000, 0x0000000084a00000|100%| O|  |TAMS 0x0000000084a00000, 0x0000000084900000| Untracked 
|  44|0x0000000084a00000, 0x0000000084b00000, 0x0000000084b00000|100%| O|  |TAMS 0x0000000084b00000, 0x0000000084a00000| Untracked 
|  45|0x0000000084b00000, 0x0000000084c00000, 0x0000000084c00000|100%| O|  |TAMS 0x0000000084c00000, 0x0000000084b00000| Untracked 
|  46|0x0000000084c00000, 0x0000000084d00000, 0x0000000084d00000|100%| O|  |TAMS 0x0000000084d00000, 0x0000000084c00000| Untracked 
|  47|0x0000000084d00000, 0x0000000084e00000, 0x0000000084e00000|100%| O|  |TAMS 0x0000000084e00000, 0x0000000084d00000| Untracked 
|  48|0x0000000084e00000, 0x0000000084f00000, 0x0000000084f00000|100%|HS|  |TAMS 0x0000000084f00000, 0x0000000084e00000| Complete 
|  49|0x0000000084f00000, 0x0000000085000000, 0x0000000085000000|100%|HC|  |TAMS 0x0000000085000000, 0x0000000084f00000| Complete 
|  50|0x0000000085000000, 0x0000000085100000, 0x0000000085100000|100%|HS|  |TAMS 0x0000000085100000, 0x0000000085000000| Complete 
|  51|0x0000000085100000, 0x0000000085200000, 0x0000000085200000|100%|HS|  |TAMS 0x0000000085200000, 0x0000000085100000| Complete 
|  52|0x0000000085200000, 0x0000000085300000, 0x0000000085300000|100%| O|  |TAMS 0x0000000085300000, 0x0000000085200000| Untracked 
|  53|0x0000000085300000, 0x0000000085400000, 0x0000000085400000|100%| O|  |TAMS 0x0000000085400000, 0x0000000085300000| Untracked 
|  54|0x0000000085400000, 0x0000000085500000, 0x0000000085500000|100%| O|  |TAMS 0x0000000085500000, 0x0000000085400000| Untracked 
|  55|0x0000000085500000, 0x0000000085600000, 0x0000000085600000|100%| O|  |TAMS 0x0000000085600000, 0x0000000085500000| Untracked 
|  56|0x0000000085600000, 0x0000000085700000, 0x0000000085700000|100%| O|  |TAMS 0x0000000085700000, 0x0000000085600000| Untracked 
|  57|0x0000000085700000, 0x0000000085800000, 0x0000000085800000|100%| O|  |TAMS 0x0000000085800000, 0x0000000085700000| Untracked 
|  58|0x0000000085800000, 0x0000000085900000, 0x0000000085900000|100%| O|  |TAMS 0x00000000858b6200, 0x0000000085800000| Untracked 
|  59|0x0000000085900000, 0x0000000085a00000, 0x0000000085a00000|100%|HS|  |TAMS 0x0000000085900000, 0x0000000085900000| Complete 
|  60|0x0000000085a00000, 0x0000000085b00000, 0x0000000085b00000|100%|HS|  |TAMS 0x0000000085a00000, 0x0000000085a00000| Complete 
|  61|0x0000000085b00000, 0x0000000085c00000, 0x0000000085c00000|100%| O|  |TAMS 0x0000000085b00000, 0x0000000085b00000| Untracked 
|  62|0x0000000085c00000, 0x0000000085d00000, 0x0000000085d00000|100%| O|  |TAMS 0x0000000085c00000, 0x0000000085c00000| Untracked 
|  63|0x0000000085d00000, 0x0000000085e00000, 0x0000000085e00000|100%| O|  |TAMS 0x0000000085d00000, 0x0000000085d00000| Untracked 
|  64|0x0000000085e00000, 0x0000000085f00000, 0x0000000085f00000|100%| O|  |TAMS 0x0000000085e00000, 0x0000000085e00000| Untracked 
|  65|0x0000000085f00000, 0x0000000086000000, 0x0000000086000000|100%| O|  |TAMS 0x0000000085f00000, 0x0000000085f00000| Untracked 
|  66|0x0000000086000000, 0x0000000086100000, 0x0000000086100000|100%| O|  |TAMS 0x0000000086000000, 0x0000000086000000| Untracked 
|  67|0x0000000086100000, 0x0000000086200000, 0x0000000086200000|100%| O|  |TAMS 0x0000000086100000, 0x0000000086100000| Untracked 
|  68|0x0000000086200000, 0x0000000086300000, 0x0000000086300000|100%| O|  |TAMS 0x0000000086200000, 0x0000000086200000| Untracked 
|  69|0x0000000086300000, 0x0000000086400000, 0x0000000086400000|100%| O|  |TAMS 0x0000000086300000, 0x0000000086300000| Untracked 
|  70|0x0000000086400000, 0x0000000086500000, 0x0000000086500000|100%| O|  |TAMS 0x0000000086400000, 0x0000000086400000| Untracked 
|  71|0x0000000086500000, 0x0000000086600000, 0x0000000086600000|100%| O|  |TAMS 0x0000000086500000, 0x0000000086500000| Untracked 
|  72|0x0000000086600000, 0x0000000086700000, 0x0000000086700000|100%| O|  |TAMS 0x0000000086600000, 0x0000000086600000| Untracked 
|  73|0x0000000086700000, 0x0000000086800000, 0x0000000086800000|100%| O|  |TAMS 0x0000000086700000, 0x0000000086700000| Untracked 
|  74|0x0000000086800000, 0x0000000086900000, 0x0000000086900000|100%| O|  |TAMS 0x0000000086800000, 0x0000000086800000| Untracked 
|  75|0x0000000086900000, 0x0000000086a00000, 0x0000000086a00000|100%| O|  |TAMS 0x0000000086900000, 0x0000000086900000| Untracked 
|  76|0x0000000086a00000, 0x0000000086b00000, 0x0000000086b00000|100%| O|  |TAMS 0x0000000086a00000, 0x0000000086a00000| Untracked 
|  77|0x0000000086b00000, 0x0000000086c00000, 0x0000000086c00000|100%| O|  |TAMS 0x0000000086b00000, 0x0000000086b00000| Untracked 
|  78|0x0000000086c00000, 0x0000000086d00000, 0x0000000086d00000|100%| O|  |TAMS 0x0000000086c00000, 0x0000000086c00000| Untracked 
|  79|0x0000000086d00000, 0x0000000086e00000, 0x0000000086e00000|100%| O|  |TAMS 0x0000000086d00000, 0x0000000086d00000| Untracked 
|  80|0x0000000086e00000, 0x0000000086f00000, 0x0000000086f00000|100%| O|  |TAMS 0x0000000086e00000, 0x0000000086e00000| Untracked 
|  81|0x0000000086f00000, 0x0000000087000000, 0x0000000087000000|100%| O|  |TAMS 0x0000000086f00000, 0x0000000086f00000| Untracked 
|  82|0x0000000087000000, 0x0000000087100000, 0x0000000087100000|100%| O|  |TAMS 0x0000000087000000, 0x0000000087000000| Untracked 
|  83|0x0000000087100000, 0x00000000871cd200, 0x0000000087200000| 80%| O|  |TAMS 0x0000000087100000, 0x0000000087100000| Untracked 
|  84|0x0000000087200000, 0x0000000087200000, 0x0000000087300000|  0%| F|  |TAMS 0x0000000087200000, 0x0000000087200000| Untracked 
|  85|0x0000000087300000, 0x0000000087300000, 0x0000000087400000|  0%| F|  |TAMS 0x0000000087300000, 0x0000000087300000| Untracked 
|  86|0x0000000087400000, 0x0000000087400000, 0x0000000087500000|  0%| F|  |TAMS 0x0000000087400000, 0x0000000087400000| Untracked 
|  87|0x0000000087500000, 0x0000000087500000, 0x0000000087600000|  0%| F|  |TAMS 0x0000000087500000, 0x0000000087500000| Untracked 
|  88|0x0000000087600000, 0x0000000087600000, 0x0000000087700000|  0%| F|  |TAMS 0x0000000087600000, 0x0000000087600000| Untracked 
|  89|0x0000000087700000, 0x0000000087700000, 0x0000000087800000|  0%| F|  |TAMS 0x0000000087700000, 0x0000000087700000| Untracked 
|  90|0x0000000087800000, 0x0000000087800000, 0x0000000087900000|  0%| F|  |TAMS 0x0000000087800000, 0x0000000087800000| Untracked 
|  91|0x0000000087900000, 0x0000000087900000, 0x0000000087a00000|  0%| F|  |TAMS 0x0000000087900000, 0x0000000087900000| Untracked 
|  92|0x0000000087a00000, 0x0000000087a00000, 0x0000000087b00000|  0%| F|  |TAMS 0x0000000087a00000, 0x0000000087a00000| Untracked 
|  93|0x0000000087b00000, 0x0000000087b00000, 0x0000000087c00000|  0%| F|  |TAMS 0x0000000087b00000, 0x0000000087b00000| Untracked 
|  94|0x0000000087c00000, 0x0000000087c00000, 0x0000000087d00000|  0%| F|  |TAMS 0x0000000087c00000, 0x0000000087c00000| Untracked 
|  95|0x0000000087d00000, 0x0000000087d00000, 0x0000000087e00000|  0%| F|  |TAMS 0x0000000087d00000, 0x0000000087d00000| Untracked 
|  96|0x0000000087e00000, 0x0000000087e00000, 0x0000000087f00000|  0%| F|  |TAMS 0x0000000087e00000, 0x0000000087e00000| Untracked 
|  97|0x0000000087f00000, 0x0000000087f00000, 0x0000000088000000|  0%| F|  |TAMS 0x0000000087f00000, 0x0000000087f00000| Untracked 
|  98|0x0000000088000000, 0x0000000088000000, 0x0000000088100000|  0%| F|  |TAMS 0x0000000088000000, 0x0000000088000000| Untracked 
|  99|0x0000000088100000, 0x0000000088100000, 0x0000000088200000|  0%| F|  |TAMS 0x0000000088100000, 0x0000000088100000| Untracked 
| 100|0x0000000088200000, 0x0000000088200000, 0x0000000088300000|  0%| F|  |TAMS 0x0000000088200000, 0x0000000088200000| Untracked 
| 101|0x0000000088300000, 0x0000000088300000, 0x0000000088400000|  0%| F|  |TAMS 0x0000000088300000, 0x0000000088300000| Untracked 
| 102|0x0000000088400000, 0x0000000088400000, 0x0000000088500000|  0%| F|  |TAMS 0x0000000088400000, 0x0000000088400000| Untracked 
| 103|0x0000000088500000, 0x0000000088500000, 0x0000000088600000|  0%| F|  |TAMS 0x0000000088500000, 0x0000000088500000| Untracked 
| 104|0x0000000088600000, 0x0000000088600000, 0x0000000088700000|  0%| F|  |TAMS 0x0000000088600000, 0x0000000088600000| Untracked 
| 105|0x0000000088700000, 0x0000000088700000, 0x0000000088800000|  0%| F|  |TAMS 0x0000000088700000, 0x0000000088700000| Untracked 
| 106|0x0000000088800000, 0x0000000088800000, 0x0000000088900000|  0%| F|  |TAMS 0x0000000088800000, 0x0000000088800000| Untracked 
| 107|0x0000000088900000, 0x0000000088900000, 0x0000000088a00000|  0%| F|  |TAMS 0x0000000088900000, 0x0000000088900000| Untracked 
| 108|0x0000000088a00000, 0x0000000088a00000, 0x0000000088b00000|  0%| F|  |TAMS 0x0000000088a00000, 0x0000000088a00000| Untracked 
| 109|0x0000000088b00000, 0x0000000088b00000, 0x0000000088c00000|  0%| F|  |TAMS 0x0000000088b00000, 0x0000000088b00000| Untracked 
| 110|0x0000000088c00000, 0x0000000088c00000, 0x0000000088d00000|  0%| F|  |TAMS 0x0000000088c00000, 0x0000000088c00000| Untracked 
| 111|0x0000000088d00000, 0x0000000088d00000, 0x0000000088e00000|  0%| F|  |TAMS 0x0000000088d00000, 0x0000000088d00000| Untracked 
| 112|0x0000000088e00000, 0x0000000088e00000, 0x0000000088f00000|  0%| F|  |TAMS 0x0000000088e00000, 0x0000000088e00000| Untracked 
| 113|0x0000000088f00000, 0x0000000088f00000, 0x0000000089000000|  0%| F|  |TAMS 0x0000000088f00000, 0x0000000088f00000| Untracked 
| 114|0x0000000089000000, 0x0000000089000000, 0x0000000089100000|  0%| F|  |TAMS 0x0000000089000000, 0x0000000089000000| Untracked 
| 115|0x0000000089100000, 0x0000000089100000, 0x0000000089200000|  0%| F|  |TAMS 0x0000000089100000, 0x0000000089100000| Untracked 
| 116|0x0000000089200000, 0x0000000089200000, 0x0000000089300000|  0%| F|  |TAMS 0x0000000089200000, 0x0000000089200000| Untracked 
| 117|0x0000000089300000, 0x0000000089300000, 0x0000000089400000|  0%| F|  |TAMS 0x0000000089300000, 0x0000000089300000| Untracked 
| 118|0x0000000089400000, 0x0000000089400000, 0x0000000089500000|  0%| F|  |TAMS 0x0000000089400000, 0x0000000089400000| Untracked 
| 119|0x0000000089500000, 0x0000000089500000, 0x0000000089600000|  0%| F|  |TAMS 0x0000000089500000, 0x0000000089500000| Untracked 
| 120|0x0000000089600000, 0x0000000089600000, 0x0000000089700000|  0%| F|  |TAMS 0x0000000089600000, 0x0000000089600000| Untracked 
| 121|0x0000000089700000, 0x0000000089700000, 0x0000000089800000|  0%| F|  |TAMS 0x0000000089700000, 0x0000000089700000| Untracked 
| 122|0x0000000089800000, 0x0000000089800000, 0x0000000089900000|  0%| F|  |TAMS 0x0000000089800000, 0x0000000089800000| Untracked 
| 123|0x0000000089900000, 0x0000000089900000, 0x0000000089a00000|  0%| F|  |TAMS 0x0000000089900000, 0x0000000089900000| Untracked 
| 124|0x0000000089a00000, 0x0000000089a00000, 0x0000000089b00000|  0%| F|  |TAMS 0x0000000089a00000, 0x0000000089a00000| Untracked 
| 125|0x0000000089b00000, 0x0000000089b00000, 0x0000000089c00000|  0%| F|  |TAMS 0x0000000089b00000, 0x0000000089b00000| Untracked 
| 126|0x0000000089c00000, 0x0000000089c00000, 0x0000000089d00000|  0%| F|  |TAMS 0x0000000089c00000, 0x0000000089c00000| Untracked 
| 127|0x0000000089d00000, 0x0000000089d00000, 0x0000000089e00000|  0%| F|  |TAMS 0x0000000089d00000, 0x0000000089d00000| Untracked 
| 128|0x0000000089e00000, 0x0000000089e00000, 0x0000000089f00000|  0%| F|  |TAMS 0x0000000089e00000, 0x0000000089e00000| Untracked 
| 129|0x0000000089f00000, 0x0000000089f00000, 0x000000008a000000|  0%| F|  |TAMS 0x0000000089f00000, 0x0000000089f00000| Untracked 
| 130|0x000000008a000000, 0x000000008a0a0640, 0x000000008a100000| 62%| S|CS|TAMS 0x000000008a000000, 0x000000008a000000| Complete 
| 131|0x000000008a100000, 0x000000008a200000, 0x000000008a200000|100%| S|CS|TAMS 0x000000008a100000, 0x000000008a100000| Complete 
| 132|0x000000008a200000, 0x000000008a300000, 0x000000008a300000|100%| S|CS|TAMS 0x000000008a200000, 0x000000008a200000| Complete 
| 133|0x000000008a300000, 0x000000008a400000, 0x000000008a400000|100%| S|CS|TAMS 0x000000008a300000, 0x000000008a300000| Complete 
| 134|0x000000008a400000, 0x000000008a500000, 0x000000008a500000|100%| S|CS|TAMS 0x000000008a400000, 0x000000008a400000| Complete 
| 135|0x000000008a500000, 0x000000008a600000, 0x000000008a600000|100%| S|CS|TAMS 0x000000008a500000, 0x000000008a500000| Complete 
| 136|0x000000008a600000, 0x000000008a700000, 0x000000008a700000|100%| S|CS|TAMS 0x000000008a600000, 0x000000008a600000| Complete 
| 137|0x000000008a700000, 0x000000008a800000, 0x000000008a800000|100%| S|CS|TAMS 0x000000008a700000, 0x000000008a700000| Complete 
| 138|0x000000008a800000, 0x000000008a900000, 0x000000008a900000|100%| S|CS|TAMS 0x000000008a800000, 0x000000008a800000| Complete 
| 139|0x000000008a900000, 0x000000008a900000, 0x000000008aa00000|  0%| F|  |TAMS 0x000000008a900000, 0x000000008a900000| Untracked 
| 140|0x000000008aa00000, 0x000000008aa00000, 0x000000008ab00000|  0%| F|  |TAMS 0x000000008aa00000, 0x000000008aa00000| Untracked 
| 141|0x000000008ab00000, 0x000000008ab00000, 0x000000008ac00000|  0%| F|  |TAMS 0x000000008ab00000, 0x000000008ab00000| Untracked 
| 142|0x000000008ac00000, 0x000000008ac00000, 0x000000008ad00000|  0%| F|  |TAMS 0x000000008ac00000, 0x000000008ac00000| Untracked 
| 143|0x000000008ad00000, 0x000000008ad00000, 0x000000008ae00000|  0%| F|  |TAMS 0x000000008ad00000, 0x000000008ad00000| Untracked 
| 144|0x000000008ae00000, 0x000000008ae00000, 0x000000008af00000|  0%| F|  |TAMS 0x000000008ae00000, 0x000000008ae00000| Untracked 
| 145|0x000000008af00000, 0x000000008af00000, 0x000000008b000000|  0%| F|  |TAMS 0x000000008af00000, 0x000000008af00000| Untracked 
| 146|0x000000008b000000, 0x000000008b000000, 0x000000008b100000|  0%| F|  |TAMS 0x000000008b000000, 0x000000008b000000| Untracked 
| 147|0x000000008b100000, 0x000000008b100000, 0x000000008b200000|  0%| F|  |TAMS 0x000000008b100000, 0x000000008b100000| Untracked 
| 148|0x000000008b200000, 0x000000008b200000, 0x000000008b300000|  0%| F|  |TAMS 0x000000008b200000, 0x000000008b200000| Untracked 
| 149|0x000000008b300000, 0x000000008b300000, 0x000000008b400000|  0%| F|  |TAMS 0x000000008b300000, 0x000000008b300000| Untracked 
| 150|0x000000008b400000, 0x000000008b400000, 0x000000008b500000|  0%| F|  |TAMS 0x000000008b400000, 0x000000008b400000| Untracked 
| 151|0x000000008b500000, 0x000000008b500000, 0x000000008b600000|  0%| F|  |TAMS 0x000000008b500000, 0x000000008b500000| Untracked 
| 152|0x000000008b600000, 0x000000008b600000, 0x000000008b700000|  0%| F|  |TAMS 0x000000008b600000, 0x000000008b600000| Untracked 
| 153|0x000000008b700000, 0x000000008b700000, 0x000000008b800000|  0%| F|  |TAMS 0x000000008b700000, 0x000000008b700000| Untracked 
| 154|0x000000008b800000, 0x000000008b800000, 0x000000008b900000|  0%| F|  |TAMS 0x000000008b800000, 0x000000008b800000| Untracked 
| 155|0x000000008b900000, 0x000000008b900000, 0x000000008ba00000|  0%| F|  |TAMS 0x000000008b900000, 0x000000008b900000| Untracked 
| 156|0x000000008ba00000, 0x000000008ba00000, 0x000000008bb00000|  0%| F|  |TAMS 0x000000008ba00000, 0x000000008ba00000| Untracked 
| 157|0x000000008bb00000, 0x000000008bb00000, 0x000000008bc00000|  0%| F|  |TAMS 0x000000008bb00000, 0x000000008bb00000| Untracked 
| 158|0x000000008bc00000, 0x000000008bc00000, 0x000000008bd00000|  0%| F|  |TAMS 0x000000008bc00000, 0x000000008bc00000| Untracked 
| 159|0x000000008bd00000, 0x000000008bd00000, 0x000000008be00000|  0%| F|  |TAMS 0x000000008bd00000, 0x000000008bd00000| Untracked 
| 160|0x000000008be00000, 0x000000008be00000, 0x000000008bf00000|  0%| F|  |TAMS 0x000000008be00000, 0x000000008be00000| Untracked 
| 161|0x000000008bf00000, 0x000000008bf00000, 0x000000008c000000|  0%| F|  |TAMS 0x000000008bf00000, 0x000000008bf00000| Untracked 
| 162|0x000000008c000000, 0x000000008c000000, 0x000000008c100000|  0%| F|  |TAMS 0x000000008c000000, 0x000000008c000000| Untracked 
| 163|0x000000008c100000, 0x000000008c100000, 0x000000008c200000|  0%| F|  |TAMS 0x000000008c100000, 0x000000008c100000| Untracked 
| 164|0x000000008c200000, 0x000000008c200000, 0x000000008c300000|  0%| F|  |TAMS 0x000000008c200000, 0x000000008c200000| Untracked 
| 165|0x000000008c300000, 0x000000008c300000, 0x000000008c400000|  0%| F|  |TAMS 0x000000008c300000, 0x000000008c300000| Untracked 
| 166|0x000000008c400000, 0x000000008c400000, 0x000000008c500000|  0%| F|  |TAMS 0x000000008c400000, 0x000000008c400000| Untracked 
| 167|0x000000008c500000, 0x000000008c500000, 0x000000008c600000|  0%| F|  |TAMS 0x000000008c500000, 0x000000008c500000| Untracked 
| 168|0x000000008c600000, 0x000000008c600000, 0x000000008c700000|  0%| F|  |TAMS 0x000000008c600000, 0x000000008c600000| Untracked 
| 169|0x000000008c700000, 0x000000008c700000, 0x000000008c800000|  0%| F|  |TAMS 0x000000008c700000, 0x000000008c700000| Untracked 
| 170|0x000000008c800000, 0x000000008c800000, 0x000000008c900000|  0%| F|  |TAMS 0x000000008c800000, 0x000000008c800000| Untracked 
| 171|0x000000008c900000, 0x000000008c900000, 0x000000008ca00000|  0%| F|  |TAMS 0x000000008c900000, 0x000000008c900000| Untracked 
| 172|0x000000008ca00000, 0x000000008ca00000, 0x000000008cb00000|  0%| F|  |TAMS 0x000000008ca00000, 0x000000008ca00000| Untracked 
| 173|0x000000008cb00000, 0x000000008cb00000, 0x000000008cc00000|  0%| F|  |TAMS 0x000000008cb00000, 0x000000008cb00000| Untracked 
| 174|0x000000008cc00000, 0x000000008cc00000, 0x000000008cd00000|  0%| F|  |TAMS 0x000000008cc00000, 0x000000008cc00000| Untracked 
| 175|0x000000008cd00000, 0x000000008cd00000, 0x000000008ce00000|  0%| F|  |TAMS 0x000000008cd00000, 0x000000008cd00000| Untracked 
| 176|0x000000008ce00000, 0x000000008ce00000, 0x000000008cf00000|  0%| F|  |TAMS 0x000000008ce00000, 0x000000008ce00000| Untracked 
| 177|0x000000008cf00000, 0x000000008cf00000, 0x000000008d000000|  0%| F|  |TAMS 0x000000008cf00000, 0x000000008cf00000| Untracked 
| 178|0x000000008d000000, 0x000000008d000000, 0x000000008d100000|  0%| F|  |TAMS 0x000000008d000000, 0x000000008d000000| Untracked 
| 179|0x000000008d100000, 0x000000008d100000, 0x000000008d200000|  0%| F|  |TAMS 0x000000008d100000, 0x000000008d100000| Untracked 
| 180|0x000000008d200000, 0x000000008d200000, 0x000000008d300000|  0%| F|  |TAMS 0x000000008d200000, 0x000000008d200000| Untracked 
| 181|0x000000008d300000, 0x000000008d300000, 0x000000008d400000|  0%| F|  |TAMS 0x000000008d300000, 0x000000008d300000| Untracked 
| 182|0x000000008d400000, 0x000000008d400000, 0x000000008d500000|  0%| F|  |TAMS 0x000000008d400000, 0x000000008d400000| Untracked 
| 183|0x000000008d500000, 0x000000008d500000, 0x000000008d600000|  0%| F|  |TAMS 0x000000008d500000, 0x000000008d500000| Untracked 
| 184|0x000000008d600000, 0x000000008d600000, 0x000000008d700000|  0%| F|  |TAMS 0x000000008d600000, 0x000000008d600000| Untracked 
| 185|0x000000008d700000, 0x000000008d700000, 0x000000008d800000|  0%| F|  |TAMS 0x000000008d700000, 0x000000008d700000| Untracked 
| 186|0x000000008d800000, 0x000000008d800000, 0x000000008d900000|  0%| F|  |TAMS 0x000000008d800000, 0x000000008d800000| Untracked 
| 187|0x000000008d900000, 0x000000008d900000, 0x000000008da00000|  0%| F|  |TAMS 0x000000008d900000, 0x000000008d900000| Untracked 
| 188|0x000000008da00000, 0x000000008da00000, 0x000000008db00000|  0%| F|  |TAMS 0x000000008da00000, 0x000000008da00000| Untracked 
| 189|0x000000008db00000, 0x000000008db00000, 0x000000008dc00000|  0%| F|  |TAMS 0x000000008db00000, 0x000000008db00000| Untracked 
| 190|0x000000008dc00000, 0x000000008dc00000, 0x000000008dd00000|  0%| F|  |TAMS 0x000000008dc00000, 0x000000008dc00000| Untracked 
| 191|0x000000008dd00000, 0x000000008dd00000, 0x000000008de00000|  0%| F|  |TAMS 0x000000008dd00000, 0x000000008dd00000| Untracked 
| 192|0x000000008de00000, 0x000000008de00000, 0x000000008df00000|  0%| F|  |TAMS 0x000000008de00000, 0x000000008de00000| Untracked 
| 193|0x000000008df00000, 0x000000008df00000, 0x000000008e000000|  0%| F|  |TAMS 0x000000008df00000, 0x000000008df00000| Untracked 
| 194|0x000000008e000000, 0x000000008e000000, 0x000000008e100000|  0%| F|  |TAMS 0x000000008e000000, 0x000000008e000000| Untracked 
| 195|0x000000008e100000, 0x000000008e100000, 0x000000008e200000|  0%| F|  |TAMS 0x000000008e100000, 0x000000008e100000| Untracked 
| 196|0x000000008e200000, 0x000000008e200000, 0x000000008e300000|  0%| F|  |TAMS 0x000000008e200000, 0x000000008e200000| Untracked 
| 197|0x000000008e300000, 0x000000008e300000, 0x000000008e400000|  0%| F|  |TAMS 0x000000008e300000, 0x000000008e300000| Untracked 
| 198|0x000000008e400000, 0x000000008e400000, 0x000000008e500000|  0%| F|  |TAMS 0x000000008e400000, 0x000000008e400000| Untracked 
| 199|0x000000008e500000, 0x000000008e500000, 0x000000008e600000|  0%| F|  |TAMS 0x000000008e500000, 0x000000008e500000| Untracked 
| 200|0x000000008e600000, 0x000000008e600000, 0x000000008e700000|  0%| F|  |TAMS 0x000000008e600000, 0x000000008e600000| Untracked 
| 201|0x000000008e700000, 0x000000008e700000, 0x000000008e800000|  0%| F|  |TAMS 0x000000008e700000, 0x000000008e700000| Untracked 
| 202|0x000000008e800000, 0x000000008e800000, 0x000000008e900000|  0%| F|  |TAMS 0x000000008e800000, 0x000000008e800000| Untracked 
| 203|0x000000008e900000, 0x000000008e900000, 0x000000008ea00000|  0%| F|  |TAMS 0x000000008e900000, 0x000000008e900000| Untracked 
| 204|0x000000008ea00000, 0x000000008ea00000, 0x000000008eb00000|  0%| F|  |TAMS 0x000000008ea00000, 0x000000008ea00000| Untracked 
| 205|0x000000008eb00000, 0x000000008eb00000, 0x000000008ec00000|  0%| F|  |TAMS 0x000000008eb00000, 0x000000008eb00000| Untracked 
| 206|0x000000008ec00000, 0x000000008ec00000, 0x000000008ed00000|  0%| F|  |TAMS 0x000000008ec00000, 0x000000008ec00000| Untracked 
| 207|0x000000008ed00000, 0x000000008ed00000, 0x000000008ee00000|  0%| F|  |TAMS 0x000000008ed00000, 0x000000008ed00000| Untracked 
| 208|0x000000008ee00000, 0x000000008ee00000, 0x000000008ef00000|  0%| F|  |TAMS 0x000000008ee00000, 0x000000008ee00000| Untracked 
| 209|0x000000008ef00000, 0x000000008ef00000, 0x000000008f000000|  0%| F|  |TAMS 0x000000008ef00000, 0x000000008ef00000| Untracked 
| 210|0x000000008f000000, 0x000000008f000000, 0x000000008f100000|  0%| F|  |TAMS 0x000000008f000000, 0x000000008f000000| Untracked 
| 211|0x000000008f100000, 0x000000008f100000, 0x000000008f200000|  0%| F|  |TAMS 0x000000008f100000, 0x000000008f100000| Untracked 
| 212|0x000000008f200000, 0x000000008f200000, 0x000000008f300000|  0%| F|  |TAMS 0x000000008f200000, 0x000000008f200000| Untracked 
| 213|0x000000008f300000, 0x000000008f300000, 0x000000008f400000|  0%| F|  |TAMS 0x000000008f300000, 0x000000008f300000| Untracked 
| 214|0x000000008f400000, 0x000000008f400000, 0x000000008f500000|  0%| F|  |TAMS 0x000000008f400000, 0x000000008f400000| Untracked 
| 215|0x000000008f500000, 0x000000008f500000, 0x000000008f600000|  0%| F|  |TAMS 0x000000008f500000, 0x000000008f500000| Untracked 
| 216|0x000000008f600000, 0x000000008f600000, 0x000000008f700000|  0%| F|  |TAMS 0x000000008f600000, 0x000000008f600000| Untracked 
| 217|0x000000008f700000, 0x000000008f700000, 0x000000008f800000|  0%| F|  |TAMS 0x000000008f700000, 0x000000008f700000| Untracked 
| 218|0x000000008f800000, 0x000000008f800000, 0x000000008f900000|  0%| F|  |TAMS 0x000000008f800000, 0x000000008f800000| Untracked 
| 219|0x000000008f900000, 0x000000008f900000, 0x000000008fa00000|  0%| F|  |TAMS 0x000000008f900000, 0x000000008f900000| Untracked 
| 220|0x000000008fa00000, 0x000000008fa00000, 0x000000008fb00000|  0%| F|  |TAMS 0x000000008fa00000, 0x000000008fa00000| Untracked 
| 221|0x000000008fb00000, 0x000000008fb00000, 0x000000008fc00000|  0%| F|  |TAMS 0x000000008fb00000, 0x000000008fb00000| Untracked 
| 222|0x000000008fc00000, 0x000000008fc00000, 0x000000008fd00000|  0%| F|  |TAMS 0x000000008fc00000, 0x000000008fc00000| Untracked 
| 223|0x000000008fd00000, 0x000000008fd00000, 0x000000008fe00000|  0%| F|  |TAMS 0x000000008fd00000, 0x000000008fd00000| Untracked 
| 224|0x000000008fe00000, 0x000000008fe00000, 0x000000008ff00000|  0%| F|  |TAMS 0x000000008fe00000, 0x000000008fe00000| Untracked 
| 225|0x000000008ff00000, 0x000000008ff00000, 0x0000000090000000|  0%| F|  |TAMS 0x000000008ff00000, 0x000000008ff00000| Untracked 
| 226|0x0000000090000000, 0x0000000090000000, 0x0000000090100000|  0%| F|  |TAMS 0x0000000090000000, 0x0000000090000000| Untracked 
| 227|0x0000000090100000, 0x0000000090100000, 0x0000000090200000|  0%| F|  |TAMS 0x0000000090100000, 0x0000000090100000| Untracked 
| 228|0x0000000090200000, 0x0000000090200000, 0x0000000090300000|  0%| F|  |TAMS 0x0000000090200000, 0x0000000090200000| Untracked 
| 229|0x0000000090300000, 0x0000000090300000, 0x0000000090400000|  0%| F|  |TAMS 0x0000000090300000, 0x0000000090300000| Untracked 
| 230|0x0000000090400000, 0x0000000090400000, 0x0000000090500000|  0%| F|  |TAMS 0x0000000090400000, 0x0000000090400000| Untracked 
| 231|0x0000000090500000, 0x0000000090500000, 0x0000000090600000|  0%| F|  |TAMS 0x0000000090500000, 0x0000000090500000| Untracked 
| 232|0x0000000090600000, 0x0000000090600000, 0x0000000090700000|  0%| F|  |TAMS 0x0000000090600000, 0x0000000090600000| Untracked 
| 233|0x0000000090700000, 0x0000000090700000, 0x0000000090800000|  0%| F|  |TAMS 0x0000000090700000, 0x0000000090700000| Untracked 
| 234|0x0000000090800000, 0x0000000090800000, 0x0000000090900000|  0%| F|  |TAMS 0x0000000090800000, 0x0000000090800000| Untracked 
| 235|0x0000000090900000, 0x0000000090900000, 0x0000000090a00000|  0%| F|  |TAMS 0x0000000090900000, 0x0000000090900000| Untracked 
| 236|0x0000000090a00000, 0x0000000090a00000, 0x0000000090b00000|  0%| F|  |TAMS 0x0000000090a00000, 0x0000000090a00000| Untracked 
| 237|0x0000000090b00000, 0x0000000090b00000, 0x0000000090c00000|  0%| F|  |TAMS 0x0000000090b00000, 0x0000000090b00000| Untracked 
| 238|0x0000000090c00000, 0x0000000090c00000, 0x0000000090d00000|  0%| F|  |TAMS 0x0000000090c00000, 0x0000000090c00000| Untracked 
| 239|0x0000000090d00000, 0x0000000090d00000, 0x0000000090e00000|  0%| F|  |TAMS 0x0000000090d00000, 0x0000000090d00000| Untracked 
| 240|0x0000000090e00000, 0x0000000090e00000, 0x0000000090f00000|  0%| F|  |TAMS 0x0000000090e00000, 0x0000000090e00000| Untracked 
| 241|0x0000000090f00000, 0x0000000090f00000, 0x0000000091000000|  0%| F|  |TAMS 0x0000000090f00000, 0x0000000090f00000| Untracked 
| 242|0x0000000091000000, 0x0000000091000000, 0x0000000091100000|  0%| F|  |TAMS 0x0000000091000000, 0x0000000091000000| Untracked 
| 243|0x0000000091100000, 0x0000000091100000, 0x0000000091200000|  0%| F|  |TAMS 0x0000000091100000, 0x0000000091100000| Untracked 
| 244|0x0000000091200000, 0x0000000091200000, 0x0000000091300000|  0%| F|  |TAMS 0x0000000091200000, 0x0000000091200000| Untracked 
| 245|0x0000000091300000, 0x0000000091300000, 0x0000000091400000|  0%| F|  |TAMS 0x0000000091300000, 0x0000000091300000| Untracked 
| 246|0x0000000091400000, 0x0000000091400000, 0x0000000091500000|  0%| F|  |TAMS 0x0000000091400000, 0x0000000091400000| Untracked 
| 247|0x0000000091500000, 0x0000000091500000, 0x0000000091600000|  0%| F|  |TAMS 0x0000000091500000, 0x0000000091500000| Untracked 
| 248|0x0000000091600000, 0x0000000091600000, 0x0000000091700000|  0%| F|  |TAMS 0x0000000091600000, 0x0000000091600000| Untracked 
| 249|0x0000000091700000, 0x0000000091700000, 0x0000000091800000|  0%| F|  |TAMS 0x0000000091700000, 0x0000000091700000| Untracked 
| 250|0x0000000091800000, 0x0000000091800000, 0x0000000091900000|  0%| F|  |TAMS 0x0000000091800000, 0x0000000091800000| Untracked 
| 251|0x0000000091900000, 0x0000000091900000, 0x0000000091a00000|  0%| F|  |TAMS 0x0000000091900000, 0x0000000091900000| Untracked 
| 252|0x0000000091a00000, 0x0000000091a00000, 0x0000000091b00000|  0%| F|  |TAMS 0x0000000091a00000, 0x0000000091a00000| Untracked 
| 253|0x0000000091b00000, 0x0000000091b00000, 0x0000000091c00000|  0%| F|  |TAMS 0x0000000091b00000, 0x0000000091b00000| Untracked 

Card table byte_map: [0x000001675d890000,0x000001675dc90000] _byte_map_base: 0x000001675d481000

Marking Bits (Prev, Next): (CMBitMap*) 0x000001675775d790, (CMBitMap*) 0x000001675775d750
 Prev Bits: [0x0000016760020000, 0x0000016761fa8000)
 Next Bits: [0x000001675e090000, 0x0000016760018000)

Polling page: 0x0000016755680000

Metaspace:

Usage:
  Non-class:     34.30 MB used.
      Class:      4.90 MB used.
       Both:     39.20 MB used.

Virtual space:
  Non-class space:       40.00 MB reserved,      34.50 MB ( 86%) committed,  5 nodes.
      Class space:        1.00 GB reserved,       5.06 MB ( <1%) committed,  1 nodes.
             Both:        1.04 GB reserved,      39.56 MB (  4%) committed. 

Chunk freelists:
   Non-Class:  688.00 KB
       Class:  2.83 MB
        Both:  3.50 MB

MaxMetaspaceSize: unlimited
CompressedClassSpaceSize: 1.00 GB
Initial GC threshold: 21.00 MB
Current GC threshold: 63.06 MB
CDS: off
MetaspaceReclaimPolicy: balanced
 - commit_granule_bytes: 65536.
 - commit_granule_words: 8192.
 - virtual_space_node_default_size: 1048576.
 - enlarge_chunks_in_place: 1.
 - new_chunks_are_fully_committed: 0.
 - uncommit_free_chunks: 1.
 - use_allocation_guard: 0.
 - handle_deallocations: 1.


Internal statistics:

num_allocs_failed_limit: 6.
num_arena_births: 384.
num_arena_deaths: 0.
num_vsnodes_births: 6.
num_vsnodes_deaths: 0.
num_space_committed: 633.
num_space_uncommitted: 0.
num_chunks_returned_to_freelist: 6.
num_chunks_taken_from_freelist: 1568.
num_chunk_merges: 6.
num_chunk_splits: 1083.
num_chunks_enlarged: 842.
num_purges: 0.
num_inconsistent_stats: 0.

CodeCache: size=49152Kb used=9725Kb max_used=9725Kb free=39426Kb
 bounds [0x000001675a380000, 0x000001675ad00000, 0x000001675d380000]
 total_blobs=4590 nmethods=4041 adapters=473
 compilation: enabled
              stopped_count=0, restarted_count=0
 full_count=0

Compilation events (20 events):
Event: 4.842 Thread 0x00000167661744b0 nmethod 4031 0x000001675acf9e10 code [0x000001675acf9fe0, 0x000001675acfa1f8]
Event: 4.842 Thread 0x0000016765fa0540 nmethod 4032 0x000001675acfa410 code [0x000001675acfa600, 0x000001675acfac68]
Event: 4.842 Thread 0x00000167661744b0 4037       1       java.util.regex.Pattern$BmpCharPredicate::union (23 bytes)
Event: 4.842 Thread 0x0000016765fa0540 4038       1       java.util.regex.Pattern$BmpCharPredicate$$Lambda$26/0x0000000100149178::<init> (15 bytes)
Event: 4.842 Thread 0x0000016765423c90 nmethod 4030 0x000001675acfae10 code [0x000001675acfb060, 0x000001675acfb538]
Event: 4.849 Thread 0x0000016765fa0540 nmethod 4038 0x000001675acfb890 code [0x000001675acfba20, 0x000001675acfbb78]
Event: 4.849 Thread 0x0000016765423c90 4034       1       java.util.regex.Pattern::single (82 bytes)
Event: 4.849 Thread 0x0000016765fa0540 4035       1       java.util.regex.Pattern::Single (7 bytes)
Event: 4.849 Thread 0x0000016765fa0540 nmethod 4035 0x000001675acfbc10 code [0x000001675acfbda0, 0x000001675acfbe88]
Event: 4.849 Thread 0x00000167661744b0 nmethod 4037 0x000001675acfbf90 code [0x000001675acfc160, 0x000001675acfc418]
Event: 4.849 Thread 0x0000016765fa0540 4036       1       java.util.regex.Pattern$$Lambda$28/0x000000010014a538::<init> (10 bytes)
Event: 4.849 Thread 0x00000167661744b0 4033       1       java.util.regex.Pattern$Node::study (21 bytes)
Event: 4.849 Thread 0x0000016765fa0540 nmethod 4036 0x000001675acfc590 code [0x000001675acfc720, 0x000001675acfc7f8]
Event: 4.849 Thread 0x00000167661744b0 nmethod 4033 0x000001675acfc890 code [0x000001675acfca40, 0x000001675acfcb68]
Event: 4.850 Thread 0x0000016765627020 nmethod 4039 0x000001675acfcc10 code [0x000001675acfcec0, 0x000001675acfd8d8]
Event: 4.850 Thread 0x0000016765423c90 nmethod 4034 0x000001675acfe210 code [0x000001675acfe420, 0x000001675acfe8d8]
Event: 4.888 Thread 0x0000016765423c90 4040       1       org.springframework.ide.vscode.commons.protocol.java.Classpath::isProjectJavaSource (20 bytes)
Event: 4.888 Thread 0x0000016765627020 4041       1       org.springframework.ide.vscode.commons.protocol.java.Classpath::isProjectSource (20 bytes)
Event: 4.890 Thread 0x0000016765627020 nmethod 4041 0x000001675acfee90 code [0x000001675acff020, 0x000001675acff168]
Event: 4.902 Thread 0x0000016765423c90 nmethod 4040 0x000001675acff290 code [0x000001675acff420, 0x000001675acff588]

GC Heap History (20 events):
Event: 4.127 GC heap after
{Heap after GC invocations=17 (full 0):
 garbage-first heap   total 93184K, used 47792K [0x0000000081e00000, 0x0000000100000000)
  region size 1024K, 4 young (4096K), 4 survivors (4096K)
 Metaspace       used 38226K, committed 38528K, reserved 1089536K
  class space    used 4827K, committed 4928K, reserved 1048576K
}
Event: 4.140 GC heap before
{Heap before GC invocations=17 (full 0):
 garbage-first heap   total 93184K, used 49840K [0x0000000081e00000, 0x0000000100000000)
  region size 1024K, 7 young (7168K), 4 survivors (4096K)
 Metaspace       used 38240K, committed 38528K, reserved 1089536K
  class space    used 4830K, committed 4928K, reserved 1048576K
}
Event: 4.144 GC heap after
{Heap after GC invocations=18 (full 0):
 garbage-first heap   total 93184K, used 49120K [0x0000000081e00000, 0x0000000100000000)
  region size 1024K, 1 young (1024K), 1 survivors (1024K)
 Metaspace       used 38240K, committed 38528K, reserved 1089536K
  class space    used 4830K, committed 4928K, reserved 1048576K
}
Event: 4.288 GC heap before
{Heap before GC invocations=19 (full 0):
 garbage-first heap   total 114688K, used 72672K [0x0000000081e00000, 0x0000000100000000)
  region size 1024K, 21 young (21504K), 1 survivors (1024K)
 Metaspace       used 38240K, committed 38528K, reserved 1089536K
  class space    used 4830K, committed 4928K, reserved 1048576K
}
Event: 4.292 GC heap after
{Heap after GC invocations=20 (full 0):
 garbage-first heap   total 114688K, used 58877K [0x0000000081e00000, 0x0000000100000000)
  region size 1024K, 3 young (3072K), 3 survivors (3072K)
 Metaspace       used 38240K, committed 38528K, reserved 1089536K
  class space    used 4830K, committed 4928K, reserved 1048576K
}
Event: 4.337 GC heap before
{Heap before GC invocations=20 (full 0):
 garbage-first heap   total 114688K, used 60925K [0x0000000081e00000, 0x0000000100000000)
  region size 1024K, 5 young (5120K), 3 survivors (3072K)
 Metaspace       used 38240K, committed 38528K, reserved 1089536K
  class space    used 4830K, committed 4928K, reserved 1048576K
}
Event: 4.339 GC heap after
{Heap after GC invocations=21 (full 0):
 garbage-first heap   total 114688K, used 59754K [0x0000000081e00000, 0x0000000100000000)
  region size 1024K, 1 young (1024K), 1 survivors (1024K)
 Metaspace       used 38240K, committed 38528K, reserved 1089536K
  class space    used 4830K, committed 4928K, reserved 1048576K
}
Event: 4.486 GC heap before
{Heap before GC invocations=21 (full 0):
 garbage-first heap   total 114688K, used 66922K [0x0000000081e00000, 0x0000000100000000)
  region size 1024K, 10 young (10240K), 1 survivors (1024K)
 Metaspace       used 38240K, committed 38528K, reserved 1089536K
  class space    used 4830K, committed 4928K, reserved 1048576K
}
Event: 4.489 GC heap after
{Heap after GC invocations=22 (full 0):
 garbage-first heap   total 114688K, used 63598K [0x0000000081e00000, 0x0000000100000000)
  region size 1024K, 4 young (4096K), 4 survivors (4096K)
 Metaspace       used 38240K, committed 38528K, reserved 1089536K
  class space    used 4830K, committed 4928K, reserved 1048576K
}
Event: 4.624 GC heap before
{Heap before GC invocations=23 (full 0):
 garbage-first heap   total 130048K, used 85102K [0x0000000081e00000, 0x0000000100000000)
  region size 1024K, 24 young (24576K), 4 survivors (4096K)
 Metaspace       used 38643K, committed 38976K, reserved 1089536K
  class space    used 4893K, committed 5056K, reserved 1048576K
}
Event: 4.634 GC heap after
{Heap after GC invocations=24 (full 0):
 garbage-first heap   total 130048K, used 75065K [0x0000000081e00000, 0x0000000100000000)
  region size 1024K, 3 young (3072K), 3 survivors (3072K)
 Metaspace       used 38643K, committed 38976K, reserved 1089536K
  class space    used 4893K, committed 5056K, reserved 1048576K
}
Event: 4.649 GC heap before
{Heap before GC invocations=24 (full 0):
 garbage-first heap   total 130048K, used 77113K [0x0000000081e00000, 0x0000000100000000)
  region size 1024K, 6 young (6144K), 3 survivors (3072K)
 Metaspace       used 39155K, committed 39552K, reserved 1089536K
  class space    used 4935K, committed 5120K, reserved 1048576K
}
Event: 4.654 GC heap after
{Heap after GC invocations=25 (full 0):
 garbage-first heap   total 260096K, used 76207K [0x0000000081e00000, 0x0000000100000000)
  region size 1024K, 1 young (1024K), 1 survivors (1024K)
 Metaspace       used 39155K, committed 39552K, reserved 1089536K
  class space    used 4935K, committed 5120K, reserved 1048576K
}
Event: 4.733 GC heap before
{Heap before GC invocations=25 (full 0):
 garbage-first heap   total 260096K, used 150959K [0x0000000081e00000, 0x0000000100000000)
  region size 1024K, 75 young (76800K), 1 survivors (1024K)
 Metaspace       used 39532K, committed 39936K, reserved 1089536K
  class space    used 4974K, committed 5184K, reserved 1048576K
}
Event: 4.751 GC heap after
{Heap after GC invocations=26 (full 0):
 garbage-first heap   total 260096K, used 82839K [0x0000000081e00000, 0x0000000100000000)
  region size 1024K, 8 young (8192K), 8 survivors (8192K)
 Metaspace       used 39532K, committed 39936K, reserved 1089536K
  class space    used 4974K, committed 5184K, reserved 1048576K
}
Event: 4.785 GC heap before
{Heap before GC invocations=26 (full 0):
 garbage-first heap   total 260096K, used 166807K [0x0000000081e00000, 0x0000000100000000)
  region size 1024K, 91 young (93184K), 8 survivors (8192K)
 Metaspace       used 39845K, committed 40256K, reserved 1089536K
  class space    used 4975K, committed 5184K, reserved 1048576K
}
Event: 4.801 GC heap after
{Heap after GC invocations=27 (full 0):
 garbage-first heap   total 260096K, used 86497K [0x0000000081e00000, 0x0000000100000000)
  region size 1024K, 4 young (4096K), 4 survivors (4096K)
 Metaspace       used 39845K, committed 40256K, reserved 1089536K
  class space    used 4975K, committed 5184K, reserved 1048576K
}
Event: 4.842 GC heap before
{Heap before GC invocations=27 (full 0):
 garbage-first heap   total 260096K, used 188897K [0x0000000081e00000, 0x0000000100000000)
  region size 1024K, 105 young (107520K), 4 survivors (4096K)
 Metaspace       used 40048K, committed 40384K, reserved 1089536K
  class space    used 5002K, committed 5184K, reserved 1048576K
}
Event: 4.849 GC heap after
{Heap after GC invocations=28 (full 0):
 garbage-first heap   total 260096K, used 90537K [0x0000000081e00000, 0x0000000100000000)
  region size 1024K, 8 young (8192K), 8 survivors (8192K)
 Metaspace       used 40048K, committed 40384K, reserved 1089536K
  class space    used 5002K, committed 5184K, reserved 1048576K
}
Event: 4.904 GC heap before
{Heap before GC invocations=28 (full 0):
 garbage-first heap   total 260096K, used 199081K [0x0000000081e00000, 0x0000000100000000)
  region size 1024K, 115 young (117760K), 8 survivors (8192K)
 Metaspace       used 40140K, committed 40512K, reserved 1089536K
  class space    used 5015K, committed 5184K, reserved 1048576K
}

Dll operation events (8 events):
Event: 0.009 Loaded shared library c:\Users\lcarv\.vscode\extensions\redhat.java-1.13.0-win32-x64\jre\17.0.5-win32-x86_64\bin\java.dll
Event: 0.229 Loaded shared library C:\Users\lcarv\.vscode\extensions\redhat.java-1.13.0-win32-x64\jre\17.0.5-win32-x86_64\bin\net.dll
Event: 0.232 Loaded shared library C:\Users\lcarv\.vscode\extensions\redhat.java-1.13.0-win32-x64\jre\17.0.5-win32-x86_64\bin\nio.dll
Event: 0.242 Loaded shared library C:\Users\lcarv\.vscode\extensions\redhat.java-1.13.0-win32-x64\jre\17.0.5-win32-x86_64\bin\zip.dll
Event: 0.624 Loaded shared library c:\Users\lcarv\.vscode\extensions\redhat.java-1.13.0-win32-x64\jre\17.0.5-win32-x86_64\bin\verify.dll
Event: 0.634 Loaded shared library C:\Users\lcarv\.vscode\extensions\redhat.java-1.13.0-win32-x64\jre\17.0.5-win32-x86_64\bin\jimage.dll
Event: 1.646 Loaded shared library C:\Users\lcarv\.vscode\extensions\redhat.java-1.13.0-win32-x64\jre\17.0.5-win32-x86_64\bin\management.dll
Event: 1.649 Loaded shared library C:\Users\lcarv\.vscode\extensions\redhat.java-1.13.0-win32-x64\jre\17.0.5-win32-x86_64\bin\management_ext.dll

Deoptimization events (12 events):
Event: 1.867 Thread 0x00000167577005f0 DEOPT PACKING pc=0x000001675a8e6619 sp=0x0000000320efd3a0
Event: 1.867 Thread 0x00000167577005f0 DEOPT UNPACKING pc=0x000001675a3d2b43 sp=0x0000000320efc880 mode 3
Event: 2.859 Thread 0x00000167577005f0 DEOPT PACKING pc=0x000001675aa5d399 sp=0x0000000320efc780
Event: 2.859 Thread 0x00000167577005f0 DEOPT UNPACKING pc=0x000001675a3d2b43 sp=0x0000000320efbc60 mode 3
Event: 3.192 Thread 0x0000016765633830 DEOPT PACKING pc=0x000001675ab160b5 sp=0x00000003230fd380
Event: 3.192 Thread 0x0000016765633830 DEOPT UNPACKING pc=0x000001675a3d2b43 sp=0x00000003230fc8a8 mode 3
Event: 3.389 Thread 0x00000167656341d0 DEOPT PACKING pc=0x000001675ab3532b sp=0x00000003233fe6b0
Event: 3.389 Thread 0x00000167656341d0 DEOPT UNPACKING pc=0x000001675a3d2b43 sp=0x00000003233fdbf8 mode 3
Event: 3.463 Thread 0x0000016765631680 DEOPT PACKING pc=0x000001675a8e3f01 sp=0x0000000322ffdc00
Event: 3.463 Thread 0x0000016765631680 DEOPT UNPACKING pc=0x000001675a3d2b43 sp=0x0000000322ffd090 mode 3
Event: 3.790 Thread 0x0000016766ce42b0 DEOPT PACKING pc=0x000001675a8e1a17 sp=0x00000003245feb00
Event: 3.790 Thread 0x0000016766ce42b0 DEOPT UNPACKING pc=0x000001675a3d2b43 sp=0x00000003245fdf58 mode 3

Classes unloaded (0 events):
No events

Classes redefined (0 events):
No events

Internal exceptions (20 events):
Event: 3.450 Thread 0x0000016766ce9e20 Exception <a 'sun/nio/fs/WindowsException'{0x0000000089cd00c0}> (0x0000000089cd00c0) 
thrown [s\src\hotspot\share\prims\jni.cpp, line 516]
Event: 3.450 Thread 0x0000016766ce9e20 Exception <a 'sun/nio/fs/WindowsException'{0x0000000089cd0ae8}> (0x0000000089cd0ae8) 
thrown [s\src\hotspot\share\prims\jni.cpp, line 516]
Event: 3.451 Thread 0x0000016766ce9e20 Exception <a 'sun/nio/fs/WindowsException'{0x0000000089cd0ec8}> (0x0000000089cd0ec8) 
thrown [s\src\hotspot\share\prims\jni.cpp, line 516]
Event: 3.451 Thread 0x0000016766ce9e20 Exception <a 'sun/nio/fs/WindowsException'{0x0000000089cd18b8}> (0x0000000089cd18b8) 
thrown [s\src\hotspot\share\prims\jni.cpp, line 516]
Event: 3.451 Thread 0x0000016766ce9e20 Exception <a 'sun/nio/fs/WindowsException'{0x0000000089cd1c60}> (0x0000000089cd1c60) 
thrown [s\src\hotspot\share\prims\jni.cpp, line 516]
Event: 3.451 Thread 0x0000016766ce9e20 Exception <a 'sun/nio/fs/WindowsException'{0x0000000089cd2660}> (0x0000000089cd2660) 
thrown [s\src\hotspot\share\prims\jni.cpp, line 516]
Event: 3.451 Thread 0x0000016766ce9e20 Exception <a 'sun/nio/fs/WindowsException'{0x0000000088436e30}> (0x0000000088436e30) 
thrown [s\src\hotspot\share\prims\jni.cpp, line 516]
Event: 3.451 Thread 0x0000016766ce9e20 Exception <a 'sun/nio/fs/WindowsException'{0x0000000088437830}> (0x0000000088437830) 
thrown [s\src\hotspot\share\prims\jni.cpp, line 516]
Event: 3.451 Thread 0x0000016766ce9e20 Exception <a 'sun/nio/fs/WindowsException'{0x0000000088437be0}> (0x0000000088437be0) 
thrown [s\src\hotspot\share\prims\jni.cpp, line 516]
Event: 3.451 Thread 0x0000016766ce9e20 Exception <a 'sun/nio/fs/WindowsException'{0x00000000884385e0}> (0x00000000884385e0) 
thrown [s\src\hotspot\share\prims\jni.cpp, line 516]
Event: 3.451 Thread 0x0000016766ce9e20 Exception <a 'sun/nio/fs/WindowsException'{0x00000000884389a0}> (0x00000000884389a0) 
thrown [s\src\hotspot\share\prims\jni.cpp, line 516]
Event: 3.451 Thread 0x0000016766ce9e20 Exception <a 'sun/nio/fs/WindowsException'{0x00000000884393c8}> (0x00000000884393c8) 
thrown [s\src\hotspot\share\prims\jni.cpp, line 516]
Event: 3.452 Thread 0x0000016766ce9e20 Exception <a 'sun/nio/fs/WindowsException'{0x00000000884397a8}> (0x00000000884397a8) 
thrown [s\src\hotspot\share\prims\jni.cpp, line 516]
Event: 3.452 Thread 0x0000016766ce9e20 Exception <a 'sun/nio/fs/WindowsException'{0x000000008843a1e0}> (0x000000008843a1e0) 
thrown [s\src\hotspot\share\prims\jni.cpp, line 516]
Event: 3.452 Thread 0x0000016766ce9e20 Exception <a 'sun/nio/fs/WindowsException'{0x000000008843a5d0}> (0x000000008843a5d0) 
thrown [s\src\hotspot\share\prims\jni.cpp, line 516]
Event: 3.452 Thread 0x0000016766ce9e20 Exception <a 'sun/nio/fs/WindowsException'{0x000000008843aff8}> (0x000000008843aff8) 
thrown [s\src\hotspot\share\prims\jni.cpp, line 516]
Event: 3.452 Thread 0x0000016766ce9e20 Exception <a 'sun/nio/fs/WindowsException'{0x000000008843b3e8}> (0x000000008843b3e8) 
thrown [s\src\hotspot\share\prims\jni.cpp, line 516]
Event: 4.544 Thread 0x0000016765633830 Exception <a 'java/lang/NoSuchMethodError'{0x0000000087f2c690}: 'java.lang.Object java.lang.invoke.DirectMethodHandle$Holder.newInvokeSpecial(java.lang.Object, java.lang.Object, int)'> (0x0000000087f2c690) 
thrown [s\src\hotspot\share\interpreter\linkResolver.cpp, line 759]
Event: 4.595 Thread 0x0000016766ce55f0 Exception <a 'java/lang/NoSuchMethodError'{0x0000000089773f38}: 'java.lang.Object java.lang.invoke.Invokers$Holder.linkToTargetMethod(java.lang.Object, long, java.lang.Object)'> (0x0000000089773f38) 
thrown [s\src\hotspot\share\interpreter\linkResolver.cpp, line 759]
Event: 4.646 Thread 0x0000016766ce9480 Exception <a 'java/lang/NoSuchMethodError'{0x0000000089addd98}: 'void java.lang.invoke.DirectMethodHandle$Holder.invokeVirtual(java.lang.Object, java.lang.Object, java.lang.Object, java.lang.Object)'> (0x0000000089addd98) 
thrown [s\src\hotspot\share\interpreter\linkResolver.cpp, line 759]

VM Operations (20 events):
Event: 4.656 Executing VM operation: G1CollectForAllocation done
Event: 4.731 Executing VM operation: G1CollectForAllocation
Event: 4.733 Executing VM operation: G1CollectForAllocation done
Event: 4.733 Executing VM operation: G1CollectForAllocation
Event: 4.751 Executing VM operation: G1CollectForAllocation done
Event: 4.777 Executing VM operation: G1CollectForAllocation
Event: 4.784 Executing VM operation: G1CollectForAllocation done
Event: 4.785 Executing VM operation: G1CollectForAllocation
Event: 4.801 Executing VM operation: G1CollectForAllocation done
Event: 4.802 Executing VM operation: HandshakeAllThreads
Event: 4.825 Executing VM operation: HandshakeAllThreads done
Event: 4.826 Executing VM operation: HandshakeAllThreads
Event: 4.831 Executing VM operation: HandshakeAllThreads done
Event: 4.839 Executing VM operation: G1CollectForAllocation
Event: 4.842 Executing VM operation: G1CollectForAllocation done
Event: 4.842 Executing VM operation: G1CollectForAllocation
Event: 4.849 Executing VM operation: G1CollectForAllocation done
Event: 4.901 Executing VM operation: G1CollectForAllocation
Event: 4.903 Executing VM operation: G1CollectForAllocation done
Event: 4.903 Executing VM operation: G1CollectForAllocation

Events (20 events):
Event: 4.642 loading class java/time/format/DateTimeFormatterBuilder$ReducedPrinterParser done
Event: 4.645 loading class java/util/concurrent/locks/ReentrantReadWriteLock
Event: 4.645 loading class java/util/concurrent/locks/ReentrantReadWriteLock done
Event: 4.645 loading class java/util/concurrent/locks/ReentrantReadWriteLock$NonfairSync
Event: 4.645 loading class java/util/concurrent/locks/ReentrantReadWriteLock$Sync
Event: 4.645 loading class java/util/concurrent/locks/ReentrantReadWriteLock$Sync done
Event: 4.645 loading class java/util/concurrent/locks/ReentrantReadWriteLock$NonfairSync done
Event: 4.645 loading class java/util/concurrent/locks/ReentrantReadWriteLock$Sync$ThreadLocalHoldCounter
Event: 4.646 loading class java/util/concurrent/locks/ReentrantReadWriteLock$Sync$ThreadLocalHoldCounter done
Event: 4.646 loading class java/util/concurrent/locks/ReentrantReadWriteLock$ReadLock
Event: 4.646 loading class java/util/concurrent/locks/ReentrantReadWriteLock$ReadLock done
Event: 4.646 loading class java/util/concurrent/locks/ReentrantReadWriteLock$WriteLock
Event: 4.646 loading class java/util/concurrent/locks/ReentrantReadWriteLock$WriteLock done
Event: 4.679 loading class sun/util/ResourceBundleEnumeration
Event: 4.680 loading class sun/util/ResourceBundleEnumeration done
Event: 4.801 Thread 0x0000016766ce6930 Thread added: 0x0000016766ce6930
Event: 4.809 Thread 0x0000016766ce9950 Thread added: 0x0000016766ce9950
Event: 4.825 loading class java/lang/AbstractMethodError
Event: 4.825 loading class java/lang/AbstractMethodError done
Event: 4.826 Thread 0x000001676978fd40 Thread added: 0x000001676978fd40


Dynamic libraries:
0x00007ff7c42c0000 - 0x00007ff7c42ce000 	c:\Users\lcarv\.vscode\extensions\redhat.java-1.13.0-win32-x64\jre\17.0.5-win32-x86_64\bin\java.exe
0x00007ffee35a0000 - 0x00007ffee37a9000 	C:\WINDOWS\SYSTEM32\ntdll.dll
0x00007ffee28e0000 - 0x00007ffee299e000 	C:\WINDOWS\System32\KERNEL32.DLL
0x00007ffee0da0000 - 0x00007ffee111b000 	C:\WINDOWS\System32\KERNELBASE.dll
0x00007ffee1300000 - 0x00007ffee1411000 	C:\WINDOWS\System32\ucrtbase.dll
0x00007ffec8640000 - 0x00007ffec8659000 	c:\Users\lcarv\.vscode\extensions\redhat.java-1.13.0-win32-x64\jre\17.0.5-win32-x86_64\bin\VCRUNTIME140.dll
0x00007ffec8620000 - 0x00007ffec8637000 	c:\Users\lcarv\.vscode\extensions\redhat.java-1.13.0-win32-x64\jre\17.0.5-win32-x86_64\bin\jli.dll
0x00007ffee1460000 - 0x00007ffee160d000 	C:\WINDOWS\System32\USER32.dll
0x00007ffee0be0000 - 0x00007ffee0c06000 	C:\WINDOWS\System32\win32u.dll
0x00007ffebc990000 - 0x00007ffebcc35000 	C:\WINDOWS\WinSxS\amd64_microsoft.windows.common-controls_6595b64144ccf1df_6.0.22000.120_none_9d947278b86cc467\COMCTL32.dll
0x00007ffee3280000 - 0x00007ffee32a9000 	C:\WINDOWS\System32\GDI32.dll
0x00007ffee1bf0000 - 0x00007ffee1c93000 	C:\WINDOWS\System32\msvcrt.dll
0x00007ffee1120000 - 0x00007ffee1238000 	C:\WINDOWS\System32\gdi32full.dll
0x00007ffee0c80000 - 0x00007ffee0d1d000 	C:\WINDOWS\System32\msvcp_win.dll
0x00007ffee1bb0000 - 0x00007ffee1be2000 	C:\WINDOWS\System32\IMM32.DLL
0x00007ffed2400000 - 0x00007ffed240c000 	c:\Users\lcarv\.vscode\extensions\redhat.java-1.13.0-win32-x64\jre\17.0.5-win32-x86_64\bin\vcruntime140_1.dll
0x00007ffe95470000 - 0x00007ffe95501000 	c:\Users\lcarv\.vscode\extensions\redhat.java-1.13.0-win32-x64\jre\17.0.5-win32-x86_64\bin\msvcp140.dll
0x00007ffe679a0000 - 0x00007ffe685e4000 	c:\Users\lcarv\.vscode\extensions\redhat.java-1.13.0-win32-x64\jre\17.0.5-win32-x86_64\bin\server\jvm.dll
0x00007ffee2c10000 - 0x00007ffee2cbe000 	C:\WINDOWS\System32\ADVAPI32.dll
0x00007ffee2840000 - 0x00007ffee28de000 	C:\WINDOWS\System32\sechost.dll
0x00007ffee1760000 - 0x00007ffee1880000 	C:\WINDOWS\System32\RPCRT4.dll
0x00007ffed5a40000 - 0x00007ffed5a73000 	C:\WINDOWS\SYSTEM32\WINMM.dll
0x00007ffebfec0000 - 0x00007ffebfec9000 	C:\WINDOWS\SYSTEM32\WSOCK32.dll
0x00007ffed4e50000 - 0x00007ffed4e5a000 	C:\WINDOWS\SYSTEM32\VERSION.dll
0x00007ffee1910000 - 0x00007ffee197f000 	C:\WINDOWS\System32\WS2_32.dll
0x00007ffedfbe0000 - 0x00007ffedfbf8000 	C:\WINDOWS\SYSTEM32\kernel.appcore.dll
0x00007ffecbaa0000 - 0x00007ffecbaaa000 	c:\Users\lcarv\.vscode\extensions\redhat.java-1.13.0-win32-x64\jre\17.0.5-win32-x86_64\bin\jimage.dll
0x00007ffede4d0000 - 0x00007ffede6f1000 	C:\WINDOWS\SYSTEM32\DBGHELP.DLL
0x00007ffecd4c0000 - 0x00007ffecd4f1000 	C:\WINDOWS\SYSTEM32\dbgcore.DLL
0x00007ffee0d20000 - 0x00007ffee0d9f000 	C:\WINDOWS\System32\bcryptPrimitives.dll
0x00007ffe9da80000 - 0x00007ffe9daa5000 	c:\Users\lcarv\.vscode\extensions\redhat.java-1.13.0-win32-x64\jre\17.0.5-win32-x86_64\bin\java.dll
0x00007ffec7e60000 - 0x00007ffec7e78000 	c:\Users\lcarv\.vscode\extensions\redhat.java-1.13.0-win32-x64\jre\17.0.5-win32-x86_64\bin\zip.dll
0x00007ffee2080000 - 0x00007ffee2838000 	C:\WINDOWS\System32\SHELL32.dll
0x00007ffedeb70000 - 0x00007ffedf3d5000 	C:\WINDOWS\SYSTEM32\windows.storage.dll
0x00007ffee1ca0000 - 0x00007ffee2018000 	C:\WINDOWS\System32\combase.dll
0x00007ffedea00000 - 0x00007ffedeb66000 	C:\WINDOWS\SYSTEM32\wintypes.dll
0x00007ffee29a0000 - 0x00007ffee2a8a000 	C:\WINDOWS\System32\SHCORE.dll
0x00007ffee2020000 - 0x00007ffee207d000 	C:\WINDOWS\System32\shlwapi.dll
0x00007ffee09a0000 - 0x00007ffee09c1000 	C:\WINDOWS\SYSTEM32\profapi.dll
0x00007ffeb04f0000 - 0x00007ffeb0509000 	C:\Users\lcarv\.vscode\extensions\redhat.java-1.13.0-win32-x64\jre\17.0.5-win32-x86_64\bin\net.dll
0x00007ffed5710000 - 0x00007ffed5824000 	C:\WINDOWS\SYSTEM32\WINHTTP.dll
0x00007ffee0080000 - 0x00007ffee00e7000 	C:\WINDOWS\system32\mswsock.dll
0x00007ffeab130000 - 0x00007ffeab145000 	C:\Users\lcarv\.vscode\extensions\redhat.java-1.13.0-win32-x64\jre\17.0.5-win32-x86_64\bin\nio.dll
0x00007ffecb690000 - 0x00007ffecb6a0000 	c:\Users\lcarv\.vscode\extensions\redhat.java-1.13.0-win32-x64\jre\17.0.5-win32-x86_64\bin\verify.dll
0x00007ffed8860000 - 0x00007ffed8869000 	C:\Users\lcarv\.vscode\extensions\redhat.java-1.13.0-win32-x64\jre\17.0.5-win32-x86_64\bin\management.dll
0x00007ffed8850000 - 0x00007ffed885b000 	C:\Users\lcarv\.vscode\extensions\redhat.java-1.13.0-win32-x64\jre\17.0.5-win32-x86_64\bin\management_ext.dll
0x00007ffee1900000 - 0x00007ffee1908000 	C:\WINDOWS\System32\PSAPI.DLL
0x00007ffeb9860000 - 0x00007ffeb9877000 	C:\WINDOWS\system32\napinsp.dll
0x00007ffeb9840000 - 0x00007ffeb985b000 	C:\WINDOWS\system32\pnrpnsp.dll
0x00007ffedf6c0000 - 0x00007ffedf7a8000 	C:\WINDOWS\SYSTEM32\DNSAPI.dll
0x00007ffedf690000 - 0x00007ffedf6bd000 	C:\WINDOWS\SYSTEM32\IPHLPAPI.DLL
0x00007ffee1450000 - 0x00007ffee1459000 	C:\WINDOWS\System32\NSI.dll
0x00007ffeba5a0000 - 0x00007ffeba5b2000 	C:\WINDOWS\System32\winrnr.dll
0x00007ffed4400000 - 0x00007ffed4415000 	C:\WINDOWS\system32\wshbth.dll
0x00007ffeb9770000 - 0x00007ffeb978f000 	C:\WINDOWS\system32\nlansp_c.dll
0x00007ffeccd30000 - 0x00007ffeccd3a000 	C:\Windows\System32\rasadhlp.dll
0x00007ffed2d90000 - 0x00007ffed2e11000 	C:\WINDOWS\System32\fwpuclnt.dll
0x00007ffee02c0000 - 0x00007ffee02d8000 	C:\WINDOWS\SYSTEM32\CRYPTSP.dll
0x00007ffedfb40000 - 0x00007ffedfb75000 	C:\WINDOWS\system32\rsaenh.dll
0x00007ffee0170000 - 0x00007ffee0199000 	C:\WINDOWS\SYSTEM32\USERENV.dll
0x00007ffee0450000 - 0x00007ffee0477000 	C:\WINDOWS\SYSTEM32\bcrypt.dll
0x00007ffee02e0000 - 0x00007ffee02ec000 	C:\WINDOWS\SYSTEM32\CRYPTBASE.dll
0x00007ffed5000000 - 0x00007ffed5019000 	C:\WINDOWS\SYSTEM32\dhcpcsvc6.DLL
0x00007ffed66e0000 - 0x00007ffed66fe000 	C:\WINDOWS\SYSTEM32\dhcpcsvc.DLL

dbghelp: loaded successfully - version: 4.0.5 - missing functions: none
symbol engine: initialized successfully - sym options: 0x614 - pdb path: .;c:\Users\lcarv\.vscode\extensions\redhat.java-1.13.0-win32-x64\jre\17.0.5-win32-x86_64\bin;C:\WINDOWS\SYSTEM32;C:\WINDOWS\WinSxS\amd64_microsoft.windows.common-controls_6595b64144ccf1df_6.0.22000.120_none_9d947278b86cc467;c:\Users\lcarv\.vscode\extensions\redhat.java-1.13.0-win32-x64\jre\17.0.5-win32-x86_64\bin\server

VM Arguments:
jvm_args: -Dsts.lsp.client=vscode -Dsts.log.file=/dev/null -XX:TieredStopAtLevel=1 -Xlog:jni+resolve=off -Dspring.config.location=file:c:\Users\lcarv\.vscode\extensions\pivotal.vscode-spring-boot-1.41.0\language-server\BOOT-INF\classes\application.properties 
java_command: org.springframework.ide.vscode.boot.app.BootLanguageServerBootApp
java_class_path (initial): c:\Users\lcarv\.vscode\extensions\pivotal.vscode-spring-boot-1.41.0\language-server\BOOT-INF\classes;c:\Users\lcarv\.vscode\extensions\pivotal.vscode-spring-boot-1.41.0\language-server\BOOT-INF\lib\annotations-23.0.0.jar;c:\Users\lcarv\.vscode\extensions\pivotal.vscode-spring-boot-1.41.0\language-server\BOOT-INF\lib\ant-1.10.12.jar;c:\Users\lcarv\.vscode\extensions\pivotal.vscode-spring-boot-1.41.0\language-server\BOOT-INF\lib\ant-launcher-1.10.12.jar;c:\Users\lcarv\.vscode\extensions\pivotal.vscode-spring-boot-1.41.0\language-server\BOOT-INF\lib\antlr-runtime-3.5.2.jar;c:\Users\lcarv\.vscode\extensions\pivotal.vscode-spring-boot-1.41.0\language-server\BOOT-INF\lib\antlr4-4.9.3.jar;c:\Users\lcarv\.vscode\extensions\pivotal.vscode-spring-boot-1.41.0\language-server\BOOT-INF\lib\antlr4-runtime-4.9.3.jar;c:\Users\lcarv\.vscode\extensions\pivotal.vscode-spring-boot-1.41.0\language-server\BOOT-INF\lib\apiguardian-api-1.1.2.jar;c:\Users\lcarv\.vscode\extensions\pivotal.vscode-spring-boot-1.41.0\language-server\BOOT-INF\lib\asm-9.4.jar;c:\Users\lcarv\.vscode\extensions\pivotal.vscode-spring-boot-1.41.0\language-server\BOOT-INF\lib\asm-analysis-9.4.jar;c:\Users\lcarv\.vscode\extensions\pivotal.vscode-spring-boot-1.41.0\language-server\BOOT-INF\lib\asm-tree-9.4.jar;c:\Users\lcarv\.vscode\extensions\pivotal.vscode-spring-boot-1.41.0\language-server\BOOT-INF\lib\asm-util-9.4.jar;c:\Users\lcarv\.vscode\extensions\pivotal.vscode-spring-boot-1.41.0\language-server\BOOT-INF\lib\byte-buddy-1.12.13.jar;c:\Users\lcarv\.vscode\extensions\pivotal.vscode-spring-boot-1.41.0\language-server\BOOT-INF\lib\caffeine-2.9.3.jar;c:\Users\lcarv\.vscode\extensions\pivotal.vscode-spring-boot-1.41.0\language-server\BOOT-INF\lib\checker-qual-3.12.0.jar;c:\Users\lcarv\.vscode\extensions\pivotal.vscode-spring-boot-1.41.0\language-server\BOOT-INF\lib\ci-environment-9.1.0.jar;c:\Users\lcarv\.vscode\extensions\pivotal.vscode-spring-boot-1.41.0\language-server\BOOT-INF\lib\clas
Launcher Type: SUN_STANDARD

[Global flags]
     intx CICompilerCount                          = 4                                         {product} {ergonomic}
     uint ConcGCThreads                            = 2                                         {product} {ergonomic}
     uint G1ConcRefinementThreads                  = 8                                         {product} {ergonomic}
   size_t G1HeapRegionSize                         = 1048576                                   {product} {ergonomic}
    uintx GCDrainStackTargetSize                   = 64                                        {product} {ergonomic}
   size_t InitialHeapSize                          = 134217728                                 {product} {ergonomic}
   size_t MarkStackSize                            = 4194304                                   {product} {ergonomic}
   size_t MaxHeapSize                              = 2116026368                                {product} {ergonomic}
   size_t MaxNewSize                               = 1268776960                                {product} {ergonomic}
   size_t MinHeapDeltaBytes                        = 1048576                                   {product} {ergonomic}
   size_t MinHeapSize                              = 8388608                                   {product} {ergonomic}
    uintx NonProfiledCodeHeapSize                  = 0                                      {pd product} {ergonomic}
     bool ProfileInterpreter                       = false                                  {pd product} {command line}
    uintx ProfiledCodeHeapSize                     = 0                                      {pd product} {ergonomic}
   size_t SoftMaxHeapSize                          = 2116026368                             {manageable} {ergonomic}
     intx TieredStopAtLevel                        = 1                                         {product} {command line}
     bool UseCompressedClassPointers               = true                           {product lp64_product} {ergonomic}
     bool UseCompressedOops                        = true                           {product lp64_product} {ergonomic}
     bool UseG1GC                                  = true                                      {product} {ergonomic}
     bool UseLargePagesIndividualAllocation        = false                                  {pd product} {ergonomic}

Logging:
Log output configuration:
 #0: stdout all=warning,jni+resolve=off uptime,level,tags
 #1: stderr all=off uptime,level,tags

Environment Variables:
JAVA_HOME=C:\Program Files\Java\jdk1.8.0_202
PATH=C:\Users\lcarv\bin;C:\Program Files\Git\mingw64\bin;C:\Program Files\Git\usr\local\bin;C:\Program Files\Git\usr\bin;C:\Program Files\Git\usr\bin;C:\Program Files\Git\mingw64\bin;C:\Program Files\Git\usr\bin;C:\Users\lcarv\bin;C:\Program Files (x86)\Common Files\Oracle\Java\javapath;C:\Program Files\Common Files\Oracle\Java\javapath;C:\WINDOWS\system32;C:\WINDOWS;C:\WINDOWS\System32\Wbem;C:\WINDOWS\System32\WindowsPowerShell\v1.0;C:\WINDOWS\System32\OpenSSH;C:\Program Files (x86)\Intel\Intel(R) Management Engine Components\DAL;C:\Program Files\Intel\Intel(R) Management Engine Components\DAL;C:\Program Files\dotnet;C:\Program Files\Git\cmd;C:\Program Files\nodejs;C:\Program Files\apache-maven-3.8.6-bin\apache-maven-3.8.6\bin;C:\Program Files\Java\jdk1.8.0_202\bin;C:\Users\lcarv\AppData\Local\Microsoft\WindowsApps;C:\Users\lcarv\Downloads\ghc-8.10.5-x86_64-unknown-mingw32\ghc-8.10.5\bin;C:\Users\lcarv\AppData\Local\Programs\Microsoft VS Code\bin;C:\Program Files\JetBrains\IntelliJ IDEA 2021.3\bin;C:\Program Files\heroku\bin;C:\Users\lcarv\AppData\Roaming\npm;C:\Program Files\apache-maven-3.8.6-bin\apache-maven-3.8.6\bin;C:\Program Files\Java\jdk1.8.0_202\bin;C:\Program Files\Git\usr\bin\vendor_perl;C:\Program Files\Git\usr\bin\core_perl
USERNAME=lcarv
SHELL=C:\Program Files\Git\usr\bin\bash.exe
DISPLAY=needs-to-be-defined
LC_CTYPE=pt_BR.UTF-8
TERM=xterm
TMPDIR=C:\Users\lcarv\AppData\Local\Temp
OS=Windows_NT
PROCESSOR_IDENTIFIER=Intel64 Family 6 Model 142 Stepping 12, GenuineIntel
TMP=C:\Users\lcarv\AppData\Local\Temp
TEMP=C:\Users\lcarv\AppData\Local\Temp



---------------  S Y S T E M  ---------------

OS:
 Windows 11 , 64 bit Build 22000 (10.0.22000.1219)
OS uptime: 13 days 23:37 hours

CPU: total 8 (initial active 8) (4 cores per cpu, 2 threads per core) family 6 model 142 stepping 12 microcode 0xf0, cx8, cmov, fxsr, ht, mmx, 3dnowpref, sse, sse2, sse3, ssse3, sse4.1, sse4.2, popcnt, lzcnt, tsc, tscinvbit, avx, avx2, aes, erms, clmul, bmi1, bmi2, adx, fma, vzeroupper, clflush, clflushopt

Memory: 4k page, system-wide physical 8067M (591M free)
TotalPageFile size 15377M (AvailPageFile size 253M)
current process WorkingSet (physical memory assigned to process): 350M, peak: 350M
current process commit charge ("private bytes"): 408M, peak: 798M

vm_info: OpenJDK 64-Bit Server VM (17.0.5+8) for windows-amd64 JRE (17.0.5+8), built on Oct 19 2022 04:48:13 by "temurin" with MS VC++ 16.7 (VS2019)

END.
