#
# There is insufficient memory for the Java Runtime Environment to continue.
# Native memory allocation (malloc) failed to allocate 2097152 bytes for AllocateHeap
# Possible reasons:
#   The system is out of physical RAM or swap space
#   The process is running with CompressedOops enabled, and the Java Heap may be blocking the growth of the native heap
# Possible solutions:
#   Reduce memory load on the system
#   Increase physical memory or swap space
#   Check if swap backing store is full
#   Decrease Java heap size (-Xmx/-Xms)
#   Decrease number of Java threads
#   Decrease Java thread stack sizes (-Xss)
#   Set larger code cache with -XX:ReservedCodeCacheSize=
#   JVM is running with Unscaled Compressed Oops mode in which the Java heap is
#     placed in the first 4GB address space. The Java Heap base address is the
#     maximum limit for the native heap growth. Please use -XX:HeapBaseMinAddress
#     to set the Java Heap base and to place the Java Heap above 4GB virtual address.
# This output file may be truncated or incomplete.
#
#  Out of Memory Error (allocation.cpp:44), pid=5936, tid=4804
#
# JRE version: OpenJDK Runtime Environment Temurin-17.0.5+8 (17.0.5+8) (build 17.0.5+8)
# Java VM: OpenJDK 64-Bit Server VM Temurin-17.0.5+8 (17.0.5+8, mixed mode, emulated-client, tiered, compressed oops, compressed class ptrs, g1 gc, windows-amd64)
# No core dump will be written. Minidumps are not enabled by default on client versions of Windows
#

---------------  S U M M A R Y ------------

Command Line: -Dsts.lsp.client=vscode -Dsts.log.file=/dev/null -XX:TieredStopAtLevel=1 -Xlog:jni+resolve=off -Dspring.config.location=file:c:\Users\lcarv\.vscode\extensions\pivotal.vscode-spring-boot-1.41.0\language-server\BOOT-INF\classes\application.properties org.springframework.ide.vscode.boot.app.BootLanguageServerBootApp

Host: Intel(R) Core(TM) i7-8565U CPU @ 1.80GHz, 8 cores, 7G,  Windows 11 , 64 bit Build 22000 (10.0.22000.1219)
Time: Wed Dec 14 15:58:30 2022 Hora Padrão de Buenos Aires elapsed time: 4733.189600 seconds (0d 1h 18m 53s)

---------------  T H R E A D  ---------------

Current thread (0x0000017875c5b270):  VMThread "VM Thread" [stack: 0x0000005323600000,0x0000005323700000] [id=4804]

Stack: [0x0000005323600000,0x0000005323700000]
Native frames: (J=compiled Java code, j=interpreted, Vv=VM code, C=native code)
V  [jvm.dll+0x676b3a]
V  [jvm.dll+0x831444]
V  [jvm.dll+0x832bee]
V  [jvm.dll+0x833253]
V  [jvm.dll+0x244ce5]
V  [jvm.dll+0xa631f]
V  [jvm.dll+0x2f4f91]
V  [jvm.dll+0x2f0c10]
V  [jvm.dll+0x2d92f7]
V  [jvm.dll+0x31c3b7]
V  [jvm.dll+0x8376fb]
V  [jvm.dll+0x838434]
V  [jvm.dll+0x83894c]
V  [jvm.dll+0x838d24]
V  [jvm.dll+0x838df0]
V  [jvm.dll+0x7e17ea]
V  [jvm.dll+0x6759e5]
C  [ucrtbase.dll+0x26c0c]
C  [KERNEL32.DLL+0x15550]
C  [ntdll.dll+0x485b]

VM_Operation (0x0000005324dfeca0): G1CollectFull, mode: safepoint, requested by thread 0x0000017877757600


---------------  P R O C E S S  ---------------

Threads class SMR info:
_java_thread_list=0x000001787a4b4b60, length=26, elements={
0x00000178768022d0, 0x0000017876802d90, 0x0000017875cab430, 0x0000017875cadd00,
0x0000017875cae5c0, 0x0000017876818320, 0x000001787681cbf0, 0x000001787681f900,
0x0000017876a3c410, 0x0000017876a41d20, 0x0000017877b25050, 0x0000017877757600,
0x0000017877095010, 0x000001786896e970, 0x0000017877600260, 0x0000017877d70980,
0x0000017877bfda60, 0x0000017877bfaf10, 0x0000017877bfb8b0, 0x0000017877bfbd80,
0x0000017877bfd590, 0x0000017877bfb3e0, 0x000001787a443ce0, 0x000001787a443340,
0x000001787a444b50, 0x000001787a444680
}

Java Threads: ( => current thread )
  0x00000178768022d0 JavaThread "Reference Handler" daemon [_thread_blocked, id=12100, stack(0x0000005323700000,0x0000005323800000)]
  0x0000017876802d90 JavaThread "Finalizer" daemon [_thread_blocked, id=21472, stack(0x0000005323800000,0x0000005323900000)]
  0x0000017875cab430 JavaThread "Signal Dispatcher" daemon [_thread_blocked, id=9916, stack(0x0000005323900000,0x0000005323a00000)]
  0x0000017875cadd00 JavaThread "Attach Listener" daemon [_thread_blocked, id=14248, stack(0x0000005323a00000,0x0000005323b00000)]
  0x0000017875cae5c0 JavaThread "Service Thread" daemon [_thread_blocked, id=25156, stack(0x0000005323b00000,0x0000005323c00000)]
  0x0000017876818320 JavaThread "Monitor Deflation Thread" daemon [_thread_blocked, id=29992, stack(0x0000005323c00000,0x0000005323d00000)]
  0x000001787681cbf0 JavaThread "C1 CompilerThread0" daemon [_thread_blocked, id=23340, stack(0x0000005323d00000,0x0000005323e00000)]
  0x000001787681f900 JavaThread "Sweeper thread" daemon [_thread_blocked, id=15088, stack(0x0000005323e00000,0x0000005323f00000)]
  0x0000017876a3c410 JavaThread "Notification Thread" daemon [_thread_blocked, id=15356, stack(0x0000005324100000,0x0000005324200000)]
  0x0000017876a41d20 JavaThread "Common-Cleaner" daemon [_thread_blocked, id=22852, stack(0x0000005324300000,0x0000005324400000)]
  0x0000017877b25050 JavaThread "boundedElastic-evictor-1" daemon [_thread_blocked, id=13736, stack(0x0000005324b00000,0x0000005324c00000)]
  0x0000017877757600 JavaThread "pool-11-thread-1" [_thread_blocked, id=25500, stack(0x0000005324d00000,0x0000005324e00000)]
  0x0000017877095010 JavaThread "LanguageServerApp-lifecycle" [_thread_blocked, id=24652, stack(0x0000005324e00000,0x0000005324f00000)]
  0x000001786896e970 JavaThread "DestroyJavaVM" [_thread_blocked, id=30540, stack(0x0000005323000000,0x0000005323100000)]
  0x0000017877600260 JavaThread "pool-12-thread-1" [_thread_in_native, id=30140, stack(0x0000005324f00000,0x0000005325000000)]
  0x0000017877d70980 JavaThread "Simple-Language-Server main thread" daemon [_thread_blocked, id=21276, stack(0x0000005325000000,0x0000005325100000)]
  0x0000017877bfda60 JavaThread "pool-8-thread-1" [_thread_blocked, id=14016, stack(0x0000005325400000,0x0000005325500000)]
  0x0000017877bfaf10 JavaThread "parallel-1" daemon [_thread_blocked, id=19152, stack(0x0000005325500000,0x0000005325600000)]
  0x0000017877bfb8b0 JavaThread "Reconciler-1" daemon [_thread_blocked, id=19376, stack(0x0000005325700000,0x0000005325800000)]
  0x0000017877bfbd80 JavaThread "parallel-2" daemon [_thread_blocked, id=6352, stack(0x0000005325a00000,0x0000005325b00000)]
  0x0000017877bfd590 JavaThread "parallel-3" daemon [_thread_blocked, id=11776, stack(0x0000005322d00000,0x0000005322e00000)]
  0x0000017877bfb3e0 JavaThread "parallel-4" daemon [_thread_blocked, id=4432, stack(0x0000005324900000,0x0000005324a00000)]
  0x000001787a443ce0 JavaThread "parallel-5" daemon [_thread_blocked, id=21840, stack(0x0000005325200000,0x0000005325300000)]
  0x000001787a443340 JavaThread "parallel-6" daemon [_thread_blocked, id=12796, stack(0x0000005325d00000,0x0000005325e00000)]
  0x000001787a444b50 JavaThread "parallel-7" daemon [_thread_blocked, id=24844, stack(0x0000005325e00000,0x0000005325f00000)]
  0x000001787a444680 JavaThread "parallel-8" daemon [_thread_blocked, id=28632, stack(0x0000005325f00000,0x0000005326000000)]

Other Threads:
=>0x0000017875c5b270 VMThread "VM Thread" [stack: 0x0000005323600000,0x0000005323700000] [id=4804]
  0x0000017876a3f900 WatcherThread [stack: 0x0000005324200000,0x0000005324300000] [id=16764]
  0x00000178689cd820 GCTaskThread "GC Thread#0" [stack: 0x0000005323100000,0x0000005323200000] [id=10600]
  0x0000017876df1e20 GCTaskThread "GC Thread#1" [stack: 0x0000005323f00000,0x0000005324000000] [id=21404]
  0x00000178768a14b0 GCTaskThread "GC Thread#2" [stack: 0x0000005324000000,0x0000005324100000] [id=20828]
  0x00000178768c6c60 GCTaskThread "GC Thread#3" [stack: 0x0000005324400000,0x0000005324500000] [id=17920]
  0x00000178769a0e60 GCTaskThread "GC Thread#4" [stack: 0x0000005324500000,0x0000005324600000] [id=10748]
  0x00000178769a1110 GCTaskThread "GC Thread#5" [stack: 0x0000005324600000,0x0000005324700000] [id=23072]
  0x00000178775ae700 GCTaskThread "GC Thread#6" [stack: 0x0000005324700000,0x0000005324800000] [id=5816]
  0x0000017877342c10 GCTaskThread "GC Thread#7" [stack: 0x0000005324800000,0x0000005324900000] [id=23652]
  0x00000178689de2b0 ConcurrentGCThread "G1 Main Marker" [stack: 0x0000005323200000,0x0000005323300000] [id=22052]
  0x00000178689ded30 ConcurrentGCThread "G1 Conc#0" [stack: 0x0000005323300000,0x0000005323400000] [id=19536]
  0x00000178777da9b0 ConcurrentGCThread "G1 Conc#1" [stack: 0x0000005324c00000,0x0000005324d00000] [id=13096]
  0x0000017875ae70f0 ConcurrentGCThread "G1 Refine#0" [stack: 0x0000005323400000,0x0000005323500000] [id=28448]
  0x000001787806e240 ConcurrentGCThread "G1 Refine#1" [stack: 0x0000005326600000,0x0000005326700000] [id=27484]
  0x00000178782043e0 ConcurrentGCThread "G1 Refine#2" [stack: 0x0000005322e00000,0x0000005322f00000] [id=20604]
  0x000001787a6e6cb0 ConcurrentGCThread "G1 Refine#3" [stack: 0x0000005322f00000,0x0000005323000000] [id=8632]
  0x000001787a530eb0 ConcurrentGCThread "G1 Refine#4" [stack: 0x0000005326700000,0x0000005326800000] [id=24200]
  0x0000017878092360 ConcurrentGCThread "G1 Refine#5" [stack: 0x0000005325900000,0x0000005325a00000] [id=14228]
  0x0000017875ae7a80 ConcurrentGCThread "G1 Service" [stack: 0x0000005323500000,0x0000005323600000] [id=21252]

Threads with active compile tasks:

VM state: at safepoint (normal execution)

VM Mutex/Monitor currently owned by a thread:  ([mutex/lock_event])
[0x0000017866797850] Threads_lock - owner thread: 0x0000017875c5b270
[0x000001786896d4a0] Heap_lock - owner thread: 0x0000017877757600

Heap address: 0x0000000081e00000, size: 2018 MB, Compressed Oops mode: 32-bit

CDS archive(s) not mapped
Compressed class space mapped at: 0x0000000100000000-0x0000000140000000, reserved size: 1073741824
Narrow klass base: 0x0000000000000000, Narrow klass shift: 3, Narrow klass range: 0x140000000

GC Precious Log:
 CPUs: 8 total, 8 available
 Memory: 8067M
 Large Page Support: Disabled
 NUMA Support: Disabled
 Compressed Oops: Enabled (32-bit)
 Heap Region Size: 1M
 Heap Min Capacity: 8M
 Heap Initial Capacity: 128M
 Heap Max Capacity: 2018M
 Pre-touch: Disabled
 Parallel Workers: 8
 Concurrent Workers: 2
 Concurrent Refinement Workers: 8
 Periodic GC: Disabled

Heap:
 garbage-first heap   total 86016K, used 25197K [0x0000000081e00000, 0x0000000100000000)
  region size 1024K, 1 young (1024K), 0 survivors (0K)
 Metaspace       used 44667K, committed 45056K, reserved 1089536K
  class space    used 6275K, committed 6464K, reserved 1048576K

Heap Regions: E=young(eden), S=young(survivor), O=old, HS=humongous(starts), HC=humongous(continues), CS=collection set, F=free, OA=open archive, CA=closed archive, TAMS=top-at-mark-start (previous, next)
|   0|0x0000000081e00000, 0x0000000081f00000, 0x0000000081f00000|100%| O|  |TAMS 0x0000000081f00000, 0x0000000081e00000| Untracked 
|   1|0x0000000081f00000, 0x0000000082000000, 0x0000000082000000|100%| O|  |TAMS 0x0000000082000000, 0x0000000081f00000| Untracked 
|   2|0x0000000082000000, 0x0000000082100000, 0x0000000082100000|100%| O|  |TAMS 0x0000000082100000, 0x0000000082000000| Untracked 
|   3|0x0000000082100000, 0x00000000821ffff8, 0x0000000082200000| 99%| O|  |TAMS 0x00000000821ffff8, 0x0000000082100000| Untracked 
|   4|0x0000000082200000, 0x0000000082300000, 0x0000000082300000|100%| O|  |TAMS 0x0000000082300000, 0x0000000082200000| Untracked 
|   5|0x0000000082300000, 0x00000000823ffff0, 0x0000000082400000| 99%| O|  |TAMS 0x00000000823ffff0, 0x0000000082300000| Untracked 
|   6|0x0000000082400000, 0x0000000082500000, 0x0000000082500000|100%| O|  |TAMS 0x0000000082500000, 0x0000000082400000| Untracked 
|   7|0x0000000082500000, 0x0000000082600000, 0x0000000082600000|100%| O|  |TAMS 0x0000000082600000, 0x0000000082500000| Untracked 
|   8|0x0000000082600000, 0x0000000082700000, 0x0000000082700000|100%| O|  |TAMS 0x0000000082700000, 0x0000000082600000| Untracked 
|   9|0x0000000082700000, 0x00000000827ffff8, 0x0000000082800000| 99%| O|  |TAMS 0x00000000827ffff8, 0x0000000082700000| Untracked 
|  10|0x0000000082800000, 0x00000000828fffe0, 0x0000000082900000| 99%| O|  |TAMS 0x00000000828fffe0, 0x0000000082800000| Untracked 
|  11|0x0000000082900000, 0x0000000082a00000, 0x0000000082a00000|100%| O|  |TAMS 0x0000000082a00000, 0x0000000082900000| Untracked 
|  12|0x0000000082a00000, 0x0000000082afffe8, 0x0000000082b00000| 99%| O|  |TAMS 0x0000000082afffe8, 0x0000000082a00000| Untracked 
|  13|0x0000000082b00000, 0x0000000082c00000, 0x0000000082c00000|100%| O|  |TAMS 0x0000000082c00000, 0x0000000082b00000| Untracked 
|  14|0x0000000082c00000, 0x0000000082cfffd8, 0x0000000082d00000| 99%| O|  |TAMS 0x0000000082cfffd8, 0x0000000082c00000| Untracked 
|  15|0x0000000082d00000, 0x0000000082e00000, 0x0000000082e00000|100%| O|  |TAMS 0x0000000082e00000, 0x0000000082d00000| Untracked 
|  16|0x0000000082e00000, 0x0000000082efffd8, 0x0000000082f00000| 99%| O|  |TAMS 0x0000000082efffd8, 0x0000000082e00000| Untracked 
|  17|0x0000000082f00000, 0x0000000082fffff0, 0x0000000083000000| 99%| O|  |TAMS 0x0000000082fffff0, 0x0000000082f00000| Untracked 
|  18|0x0000000083000000, 0x00000000830fffe8, 0x0000000083100000| 99%| O|  |TAMS 0x00000000830fffe8, 0x0000000083000000| Untracked 
|  19|0x0000000083100000, 0x00000000831fffe8, 0x0000000083200000| 99%| O|  |TAMS 0x00000000831fffe8, 0x0000000083100000| Untracked 
|  20|0x0000000083200000, 0x00000000832ffff8, 0x0000000083300000| 99%| O|  |TAMS 0x00000000832ffff8, 0x0000000083200000| Untracked 
|  21|0x0000000083300000, 0x00000000833f8420, 0x0000000083400000| 96%| O|  |TAMS 0x00000000833f8420, 0x0000000083300000| Untracked 
|  22|0x0000000083400000, 0x0000000083474860, 0x0000000083500000| 45%| O|  |TAMS 0x0000000083400000, 0x0000000083400000| Untracked 
|  23|0x0000000083500000, 0x000000008352ea38, 0x0000000083600000| 18%| O|  |TAMS 0x0000000083500000, 0x0000000083500000| Untracked 
|  24|0x0000000083600000, 0x0000000083700000, 0x0000000083700000|100%| O|  |TAMS 0x0000000083700000, 0x0000000083600000| Untracked 
|  25|0x0000000083700000, 0x0000000083700000, 0x0000000083800000|  0%| F|  |TAMS 0x0000000083700000, 0x0000000083700000| Untracked 
|  26|0x0000000083800000, 0x0000000083800000, 0x0000000083900000|  0%| F|  |TAMS 0x0000000083800000, 0x0000000083800000| Untracked 
|  27|0x0000000083900000, 0x0000000083900000, 0x0000000083a00000|  0%| F|  |TAMS 0x0000000083900000, 0x0000000083900000| Untracked 
|  28|0x0000000083a00000, 0x0000000083a00000, 0x0000000083b00000|  0%| F|  |TAMS 0x0000000083a00000, 0x0000000083a00000| Untracked 
|  29|0x0000000083b00000, 0x0000000083b00000, 0x0000000083c00000|  0%| F|  |TAMS 0x0000000083b00000, 0x0000000083b00000| Untracked 
|  30|0x0000000083c00000, 0x0000000083c00000, 0x0000000083d00000|  0%| F|  |TAMS 0x0000000083c00000, 0x0000000083c00000| Untracked 
|  31|0x0000000083d00000, 0x0000000083d00000, 0x0000000083e00000|  0%| F|  |TAMS 0x0000000083d00000, 0x0000000083d00000| Untracked 
|  32|0x0000000083e00000, 0x0000000083e00000, 0x0000000083f00000|  0%| F|  |TAMS 0x0000000083e00000, 0x0000000083e00000| Untracked 
|  33|0x0000000083f00000, 0x0000000083f00000, 0x0000000084000000|  0%| F|  |TAMS 0x0000000083f00000, 0x0000000083f00000| Untracked 
|  34|0x0000000084000000, 0x0000000084100000, 0x0000000084100000|100%| O|  |TAMS 0x0000000084100000, 0x0000000084000000| Untracked 
|  35|0x0000000084100000, 0x0000000084100000, 0x0000000084200000|  0%| F|  |TAMS 0x0000000084100000, 0x0000000084100000| Untracked 
|  36|0x0000000084200000, 0x0000000084200000, 0x0000000084300000|  0%| F|  |TAMS 0x0000000084200000, 0x0000000084200000| Untracked 
|  37|0x0000000084300000, 0x0000000084300000, 0x0000000084400000|  0%| F|  |TAMS 0x0000000084300000, 0x0000000084300000| Untracked 
|  38|0x0000000084400000, 0x0000000084400000, 0x0000000084500000|  0%| F|  |TAMS 0x0000000084400000, 0x0000000084400000| Untracked 
|  39|0x0000000084500000, 0x0000000084500000, 0x0000000084600000|  0%| F|  |TAMS 0x0000000084500000, 0x0000000084500000| Untracked 
|  40|0x0000000084600000, 0x0000000084600000, 0x0000000084700000|  0%| F|  |TAMS 0x0000000084600000, 0x0000000084600000| Untracked 
|  41|0x0000000084700000, 0x0000000084700000, 0x0000000084800000|  0%| F|  |TAMS 0x0000000084700000, 0x0000000084700000| Untracked 
|  42|0x0000000084800000, 0x0000000084800000, 0x0000000084900000|  0%| F|  |TAMS 0x0000000084800000, 0x0000000084800000| Untracked 
|  43|0x0000000084900000, 0x0000000084900000, 0x0000000084a00000|  0%| F|  |TAMS 0x0000000084900000, 0x0000000084900000| Untracked 
|  44|0x0000000084a00000, 0x0000000084a00000, 0x0000000084b00000|  0%| F|  |TAMS 0x0000000084a00000, 0x0000000084a00000| Untracked 
|  45|0x0000000084b00000, 0x0000000084b00000, 0x0000000084c00000|  0%| F|  |TAMS 0x0000000084b00000, 0x0000000084b00000| Untracked 
|  46|0x0000000084c00000, 0x0000000084c00000, 0x0000000084d00000|  0%| F|  |TAMS 0x0000000084c00000, 0x0000000084c00000| Untracked 
|  47|0x0000000084d00000, 0x0000000084d00000, 0x0000000084e00000|  0%| F|  |TAMS 0x0000000084d00000, 0x0000000084d00000| Untracked 
|  48|0x0000000084e00000, 0x0000000084e00000, 0x0000000084f00000|  0%| F|  |TAMS 0x0000000084e00000, 0x0000000084e00000| Untracked 
|  49|0x0000000084f00000, 0x0000000084f00000, 0x0000000085000000|  0%| F|  |TAMS 0x0000000084f00000, 0x0000000084f00000| Untracked 
|  50|0x0000000085000000, 0x0000000085000000, 0x0000000085100000|  0%| F|  |TAMS 0x0000000085000000, 0x0000000085000000| Untracked 
|  51|0x0000000085100000, 0x0000000085100000, 0x0000000085200000|  0%| F|  |TAMS 0x0000000085100000, 0x0000000085100000| Untracked 
|  52|0x0000000085200000, 0x0000000085200000, 0x0000000085300000|  0%| F|  |TAMS 0x0000000085200000, 0x0000000085200000| Untracked 
|  53|0x0000000085300000, 0x0000000085300000, 0x0000000085400000|  0%| F|  |TAMS 0x0000000085300000, 0x0000000085300000| Untracked 
|  54|0x0000000085400000, 0x0000000085400000, 0x0000000085500000|  0%| F|  |TAMS 0x0000000085400000, 0x0000000085400000| Untracked 
|  55|0x0000000085500000, 0x0000000085500000, 0x0000000085600000|  0%| F|  |TAMS 0x0000000085500000, 0x0000000085500000| Untracked 
|  56|0x0000000085600000, 0x0000000085600000, 0x0000000085700000|  0%| F|  |TAMS 0x0000000085600000, 0x0000000085600000| Untracked 
|  57|0x0000000085700000, 0x0000000085700000, 0x0000000085800000|  0%| F|  |TAMS 0x0000000085700000, 0x0000000085700000| Untracked 
|  58|0x0000000085800000, 0x0000000085800000, 0x0000000085900000|  0%| F|  |TAMS 0x0000000085800000, 0x0000000085800000| Untracked 
|  59|0x0000000085900000, 0x0000000085900000, 0x0000000085a00000|  0%| F|  |TAMS 0x0000000085900000, 0x0000000085900000| Untracked 
|  60|0x0000000085a00000, 0x0000000085a00000, 0x0000000085b00000|  0%| F|  |TAMS 0x0000000085a00000, 0x0000000085a00000| Untracked 
|  61|0x0000000085b00000, 0x0000000085b00000, 0x0000000085c00000|  0%| F|  |TAMS 0x0000000085b00000, 0x0000000085b00000| Untracked 
|  62|0x0000000085c00000, 0x0000000085c00000, 0x0000000085d00000|  0%| F|  |TAMS 0x0000000085c00000, 0x0000000085c00000| Untracked 
|  63|0x0000000085d00000, 0x0000000085d00000, 0x0000000085e00000|  0%| F|  |TAMS 0x0000000085d00000, 0x0000000085d00000| Untracked 
|  64|0x0000000085e00000, 0x0000000085e00000, 0x0000000085f00000|  0%| F|  |TAMS 0x0000000085e00000, 0x0000000085e00000| Untracked 
|  65|0x0000000085f00000, 0x0000000085f00000, 0x0000000086000000|  0%| F|  |TAMS 0x0000000085f00000, 0x0000000085f00000| Untracked 
|  66|0x0000000086000000, 0x0000000086000000, 0x0000000086100000|  0%| F|  |TAMS 0x0000000086000000, 0x0000000086000000| Untracked 
|  67|0x0000000086100000, 0x0000000086100000, 0x0000000086200000|  0%| F|  |TAMS 0x0000000086100000, 0x0000000086100000| Untracked 
|  68|0x0000000086200000, 0x0000000086200000, 0x0000000086300000|  0%| F|  |TAMS 0x0000000086200000, 0x0000000086200000| Untracked 
|  69|0x0000000086300000, 0x0000000086300000, 0x0000000086400000|  0%| F|  |TAMS 0x0000000086300000, 0x0000000086300000| Untracked 
|  70|0x0000000086400000, 0x0000000086400000, 0x0000000086500000|  0%| F|  |TAMS 0x0000000086400000, 0x0000000086400000| Untracked 
|  71|0x0000000086500000, 0x0000000086500000, 0x0000000086600000|  0%| F|  |TAMS 0x0000000086500000, 0x0000000086500000| Untracked 
|  72|0x0000000086600000, 0x0000000086600000, 0x0000000086700000|  0%| F|  |TAMS 0x0000000086600000, 0x0000000086600000| Untracked 
|  73|0x0000000086700000, 0x0000000086700000, 0x0000000086800000|  0%| F|  |TAMS 0x0000000086700000, 0x0000000086700000| Untracked 
|  74|0x0000000086800000, 0x0000000086800000, 0x0000000086900000|  0%| F|  |TAMS 0x0000000086800000, 0x0000000086800000| Untracked 
|  75|0x0000000086900000, 0x0000000086900000, 0x0000000086a00000|  0%| F|  |TAMS 0x0000000086900000, 0x0000000086900000| Untracked 
|  76|0x0000000086a00000, 0x0000000086a00000, 0x0000000086b00000|  0%| F|  |TAMS 0x0000000086a00000, 0x0000000086a00000| Untracked 
|  77|0x0000000086b00000, 0x0000000086b00000, 0x0000000086c00000|  0%| F|  |TAMS 0x0000000086b00000, 0x0000000086b00000| Untracked 
|  78|0x0000000086c00000, 0x0000000086c00000, 0x0000000086d00000|  0%| F|  |TAMS 0x0000000086c00000, 0x0000000086c00000| Untracked 
|  79|0x0000000086d00000, 0x0000000086d00000, 0x0000000086e00000|  0%| F|  |TAMS 0x0000000086d00000, 0x0000000086d00000| Untracked 
|  80|0x0000000086e00000, 0x0000000086e00000, 0x0000000086f00000|  0%| F|  |TAMS 0x0000000086e00000, 0x0000000086e00000| Untracked 
|  81|0x0000000086f00000, 0x0000000086f00000, 0x0000000087000000|  0%| F|  |TAMS 0x0000000086f00000, 0x0000000086f00000| Untracked 
|  82|0x0000000087000000, 0x0000000087000000, 0x0000000087100000|  0%| F|  |TAMS 0x0000000087000000, 0x0000000087000000| Untracked 
|  83|0x0000000087100000, 0x0000000087109f00, 0x0000000087200000|  3%| E|  |TAMS 0x0000000087100000, 0x0000000087100000| Complete 

Card table byte_map: [0x000001786eb00000,0x000001786ef00000] _byte_map_base: 0x000001786e6f1000

Marking Bits (Prev, Next): (CMBitMap*) 0x00000178689cdd40, (CMBitMap*) 0x00000178689cdd80
 Prev Bits: [0x000001786f300000, 0x0000017871288000)
 Next Bits: [0x0000017871290000, 0x0000017873218000)

Polling page: 0x00000178668f0000

Metaspace:

Usage:
  Non-class:     37.49 MB used.
      Class:      6.13 MB used.
       Both:     43.62 MB used.

Virtual space:
  Non-class space:       40.00 MB reserved,      37.69 MB ( 94%) committed,  5 nodes.
      Class space:        1.00 GB reserved,       6.31 MB ( <1%) committed,  1 nodes.
             Both:        1.04 GB reserved,      44.00 MB (  4%) committed. 

Chunk freelists:
   Non-Class:  1.96 MB
       Class:  1.60 MB
        Both:  3.56 MB

MaxMetaspaceSize: unlimited
CompressedClassSpaceSize: 1.00 GB
Initial GC threshold: 21.00 MB
Current GC threshold: 73.38 MB
CDS: off
MetaspaceReclaimPolicy: balanced
 - commit_granule_bytes: 65536.
 - commit_granule_words: 8192.
 - virtual_space_node_default_size: 1048576.
 - enlarge_chunks_in_place: 1.
 - new_chunks_are_fully_committed: 0.
 - uncommit_free_chunks: 1.
 - use_allocation_guard: 0.
 - handle_deallocations: 1.


Internal statistics:

num_allocs_failed_limit: 5.
num_arena_births: 510.
num_arena_deaths: 128.
num_vsnodes_births: 6.
num_vsnodes_deaths: 0.
num_space_committed: 704.
num_space_uncommitted: 0.
num_chunks_returned_to_freelist: 154.
num_chunks_taken_from_freelist: 1969.
num_chunk_merges: 53.
num_chunk_splits: 1312.
num_chunks_enlarged: 985.
num_purges: 10.
num_inconsistent_stats: 0.

CodeCache: size=49152Kb used=12279Kb max_used=13737Kb free=36872Kb
 bounds [0x000001786b5f0000, 0x000001786c370000, 0x000001786e5f0000]
 total_blobs=7181 nmethods=6626 adapters=482
 compilation: enabled
              stopped_count=0, restarted_count=0
 full_count=0

Compilation events (20 events):
Event: 4274.517 Thread 0x000001787681cbf0 6617       1       java.lang.Thread::isDaemon (5 bytes)
Event: 4274.517 Thread 0x000001787681cbf0 nmethod 6617 0x000001786c16ef90 code [0x000001786c16f120, 0x000001786c16f1f8]
Event: 4274.517 Thread 0x000001787681cbf0 6618       1       java.lang.Thread::getPriority (5 bytes)
Event: 4274.517 Thread 0x000001787681cbf0 nmethod 6618 0x000001786c16ec90 code [0x000001786c16ee20, 0x000001786c16eef8]
Event: 4324.414 Thread 0x000001787681cbf0 6619   !   1       com.google.gson.internal.bind.ReflectiveTypeAdapterFactory$Adapter::write (75 bytes)
Event: 4324.419 Thread 0x000001787681cbf0 nmethod 6619 0x000001786c16e290 code [0x000001786c16e4e0, 0x000001786c16e928]
Event: 4528.897 Thread 0x000001787681cbf0 6620       1       java.util.StringTokenizer::countTokens (46 bytes)
Event: 4528.898 Thread 0x000001787681cbf0 nmethod 6620 0x000001786c16de90 code [0x000001786c16e040, 0x000001786c16e198]
Event: 4549.234 Thread 0x000001787681cbf0 6621       1       java.lang.StringConcatHelper::prepend (22 bytes)
Event: 4549.234 Thread 0x000001787681cbf0 nmethod 6621 0x000001786c16db10 code [0x000001786c16dcc0, 0x000001786c16ddb8]
Event: 4559.468 Thread 0x000001787681cbf0 6622   !   1       java.lang.ProcessBuilder::start (417 bytes)
Event: 4559.471 Thread 0x000001787681cbf0 nmethod 6622 0x000001786c16c010 code [0x000001786c16c380, 0x000001786c16d288]
Event: 4590.224 Thread 0x000001787681cbf0 6623   !   1       java.lang.ref.Reference::processPendingReferences (118 bytes)
Event: 4590.225 Thread 0x000001787681cbf0 nmethod 6623 0x000001786c16b410 code [0x000001786c16b660, 0x000001786c16bcb8]
Event: 4629.499 Thread 0x000001787681cbf0 6624       1       java.util.concurrent.ScheduledThreadPoolExecutor$ScheduledFutureTask::compareTo (9 bytes)
Event: 4629.499 Thread 0x000001787681cbf0 nmethod 6624 0x000001786c16b090 code [0x000001786c16b220, 0x000001786c16b348]
Event: 4629.499 Thread 0x000001787681cbf0 6625       1       java.util.concurrent.ScheduledThreadPoolExecutor$ScheduledFutureTask::compareTo (101 bytes)
Event: 4629.499 Thread 0x000001787681cbf0 nmethod 6625 0x000001786c16a910 code [0x000001786c16ab00, 0x000001786c16af38]
Event: 4671.797 Thread 0x000001787681cbf0 6626       1       java.lang.invoke.Invokers$Holder::linkToTargetMethod (9 bytes)
Event: 4671.798 Thread 0x000001787681cbf0 nmethod 6626 0x000001786c16a590 code [0x000001786c16a740, 0x000001786c16a858]

GC Heap History (20 events):
Event: 4600.418 GC heap before
{Heap before GC invocations=154 (full 111):
 garbage-first heap   total 86016K, used 25197K [0x0000000081e00000, 0x0000000100000000)
  region size 1024K, 1 young (1024K), 0 survivors (0K)
 Metaspace       used 44663K, committed 45056K, reserved 1089536K
  class space    used 6274K, committed 6464K, reserved 1048576K
}
Event: 4600.460 GC heap after
{Heap after GC invocations=155 (full 112):
 garbage-first heap   total 86016K, used 25197K [0x0000000081e00000, 0x0000000100000000)
  region size 1024K, 0 young (0K), 0 survivors (0K)
 Metaspace       used 44663K, committed 45056K, reserved 1089536K
  class space    used 6274K, committed 6464K, reserved 1048576K
}
Event: 4610.963 GC heap before
{Heap before GC invocations=155 (full 112):
 garbage-first heap   total 86016K, used 25197K [0x0000000081e00000, 0x0000000100000000)
  region size 1024K, 1 young (1024K), 0 survivors (0K)
 Metaspace       used 44663K, committed 45056K, reserved 1089536K
  class space    used 6274K, committed 6464K, reserved 1048576K
}
Event: 4611.023 GC heap after
{Heap after GC invocations=156 (full 113):
 garbage-first heap   total 86016K, used 25197K [0x0000000081e00000, 0x0000000100000000)
  region size 1024K, 0 young (0K), 0 survivors (0K)
 Metaspace       used 44663K, committed 45056K, reserved 1089536K
  class space    used 6274K, committed 6464K, reserved 1048576K
}
Event: 4621.459 GC heap before
{Heap before GC invocations=156 (full 113):
 garbage-first heap   total 86016K, used 25197K [0x0000000081e00000, 0x0000000100000000)
  region size 1024K, 1 young (1024K), 0 survivors (0K)
 Metaspace       used 44663K, committed 45056K, reserved 1089536K
  class space    used 6274K, committed 6464K, reserved 1048576K
}
Event: 4621.528 GC heap after
{Heap after GC invocations=157 (full 114):
 garbage-first heap   total 86016K, used 25197K [0x0000000081e00000, 0x0000000100000000)
  region size 1024K, 0 young (0K), 0 survivors (0K)
 Metaspace       used 44663K, committed 45056K, reserved 1089536K
  class space    used 6274K, committed 6464K, reserved 1048576K
}
Event: 4661.745 GC heap before
{Heap before GC invocations=157 (full 114):
 garbage-first heap   total 86016K, used 26221K [0x0000000081e00000, 0x0000000100000000)
  region size 1024K, 2 young (2048K), 0 survivors (0K)
 Metaspace       used 44667K, committed 45056K, reserved 1089536K
  class space    used 6275K, committed 6464K, reserved 1048576K
}
Event: 4661.775 GC heap after
{Heap after GC invocations=158 (full 115):
 garbage-first heap   total 86016K, used 25197K [0x0000000081e00000, 0x0000000100000000)
  region size 1024K, 0 young (0K), 0 survivors (0K)
 Metaspace       used 44667K, committed 45056K, reserved 1089536K
  class space    used 6275K, committed 6464K, reserved 1048576K
}
Event: 4671.929 GC heap before
{Heap before GC invocations=158 (full 115):
 garbage-first heap   total 86016K, used 25197K [0x0000000081e00000, 0x0000000100000000)
  region size 1024K, 1 young (1024K), 0 survivors (0K)
 Metaspace       used 44667K, committed 45056K, reserved 1089536K
  class space    used 6275K, committed 6464K, reserved 1048576K
}
Event: 4671.966 GC heap after
{Heap after GC invocations=159 (full 116):
 garbage-first heap   total 86016K, used 25197K [0x0000000081e00000, 0x0000000100000000)
  region size 1024K, 0 young (0K), 0 survivors (0K)
 Metaspace       used 44667K, committed 45056K, reserved 1089536K
  class space    used 6275K, committed 6464K, reserved 1048576K
}
Event: 4682.110 GC heap before
{Heap before GC invocations=159 (full 116):
 garbage-first heap   total 86016K, used 25197K [0x0000000081e00000, 0x0000000100000000)
  region size 1024K, 1 young (1024K), 0 survivors (0K)
 Metaspace       used 44667K, committed 45056K, reserved 1089536K
  class space    used 6275K, committed 6464K, reserved 1048576K
}
Event: 4682.148 GC heap after
{Heap after GC invocations=160 (full 117):
 garbage-first heap   total 86016K, used 25197K [0x0000000081e00000, 0x0000000100000000)
  region size 1024K, 0 young (0K), 0 survivors (0K)
 Metaspace       used 44667K, committed 45056K, reserved 1089536K
  class space    used 6275K, committed 6464K, reserved 1048576K
}
Event: 4692.287 GC heap before
{Heap before GC invocations=160 (full 117):
 garbage-first heap   total 86016K, used 25197K [0x0000000081e00000, 0x0000000100000000)
  region size 1024K, 1 young (1024K), 0 survivors (0K)
 Metaspace       used 44667K, committed 45056K, reserved 1089536K
  class space    used 6275K, committed 6464K, reserved 1048576K
}
Event: 4692.328 GC heap after
{Heap after GC invocations=161 (full 118):
 garbage-first heap   total 86016K, used 25197K [0x0000000081e00000, 0x0000000100000000)
  region size 1024K, 0 young (0K), 0 survivors (0K)
 Metaspace       used 44667K, committed 45056K, reserved 1089536K
  class space    used 6275K, committed 6464K, reserved 1048576K
}
Event: 4702.517 GC heap before
{Heap before GC invocations=161 (full 118):
 garbage-first heap   total 86016K, used 25197K [0x0000000081e00000, 0x0000000100000000)
  region size 1024K, 1 young (1024K), 0 survivors (0K)
 Metaspace       used 44667K, committed 45056K, reserved 1089536K
  class space    used 6275K, committed 6464K, reserved 1048576K
}
Event: 4702.559 GC heap after
{Heap after GC invocations=162 (full 119):
 garbage-first heap   total 86016K, used 25197K [0x0000000081e00000, 0x0000000100000000)
  region size 1024K, 0 young (0K), 0 survivors (0K)
 Metaspace       used 44667K, committed 45056K, reserved 1089536K
  class space    used 6275K, committed 6464K, reserved 1048576K
}
Event: 4712.798 GC heap before
{Heap before GC invocations=162 (full 119):
 garbage-first heap   total 86016K, used 25197K [0x0000000081e00000, 0x0000000100000000)
  region size 1024K, 1 young (1024K), 0 survivors (0K)
 Metaspace       used 44667K, committed 45056K, reserved 1089536K
  class space    used 6275K, committed 6464K, reserved 1048576K
}
Event: 4712.841 GC heap after
{Heap after GC invocations=163 (full 120):
 garbage-first heap   total 86016K, used 25197K [0x0000000081e00000, 0x0000000100000000)
  region size 1024K, 0 young (0K), 0 survivors (0K)
 Metaspace       used 44667K, committed 45056K, reserved 1089536K
  class space    used 6275K, committed 6464K, reserved 1048576K
}
Event: 4722.993 GC heap before
{Heap before GC invocations=163 (full 120):
 garbage-first heap   total 86016K, used 25197K [0x0000000081e00000, 0x0000000100000000)
  region size 1024K, 1 young (1024K), 0 survivors (0K)
 Metaspace       used 44667K, committed 45056K, reserved 1089536K
  class space    used 6275K, committed 6464K, reserved 1048576K
}
Event: 4723.023 GC heap after
{Heap after GC invocations=164 (full 121):
 garbage-first heap   total 86016K, used 25197K [0x0000000081e00000, 0x0000000100000000)
  region size 1024K, 0 young (0K), 0 survivors (0K)
 Metaspace       used 44667K, committed 45056K, reserved 1089536K
  class space    used 6275K, committed 6464K, reserved 1048576K
}

Dll operation events (8 events):
Event: 0.015 Loaded shared library c:\Users\lcarv\.vscode\extensions\redhat.java-1.13.0-win32-x64\jre\17.0.5-win32-x86_64\bin\java.dll
Event: 0.505 Loaded shared library C:\Users\lcarv\.vscode\extensions\redhat.java-1.13.0-win32-x64\jre\17.0.5-win32-x86_64\bin\net.dll
Event: 0.521 Loaded shared library C:\Users\lcarv\.vscode\extensions\redhat.java-1.13.0-win32-x64\jre\17.0.5-win32-x86_64\bin\nio.dll
Event: 1.658 Loaded shared library C:\Users\lcarv\.vscode\extensions\redhat.java-1.13.0-win32-x64\jre\17.0.5-win32-x86_64\bin\zip.dll
Event: 120.807 Loaded shared library c:\Users\lcarv\.vscode\extensions\redhat.java-1.13.0-win32-x64\jre\17.0.5-win32-x86_64\bin\verify.dll
Event: 120.819 Loaded shared library C:\Users\lcarv\.vscode\extensions\redhat.java-1.13.0-win32-x64\jre\17.0.5-win32-x86_64\bin\jimage.dll
Event: 142.507 Loaded shared library C:\Users\lcarv\.vscode\extensions\redhat.java-1.13.0-win32-x64\jre\17.0.5-win32-x86_64\bin\management.dll
Event: 142.516 Loaded shared library C:\Users\lcarv\.vscode\extensions\redhat.java-1.13.0-win32-x64\jre\17.0.5-win32-x86_64\bin\management_ext.dll

Deoptimization events (20 events):
Event: 148.412 Thread 0x0000017877d70980 DEOPT PACKING pc=0x000001786bd81db5 sp=0x00000053250fd5a0
Event: 148.412 Thread 0x0000017877d70980 DEOPT UNPACKING pc=0x000001786b642b43 sp=0x00000053250fcac8 mode 3
Event: 148.490 Thread 0x0000017877600260 DEOPT PACKING pc=0x000001786bb52481 sp=0x0000005324ffd8b0
Event: 148.490 Thread 0x0000017877600260 DEOPT UNPACKING pc=0x000001786b642b43 sp=0x0000005324ffcd40 mode 3
Event: 148.499 Thread 0x0000017877d70980 DEOPT PACKING pc=0x000001786bb4ff97 sp=0x00000053250ff020
Event: 148.499 Thread 0x0000017877d70980 DEOPT UNPACKING pc=0x000001786b642b43 sp=0x00000053250fe478 mode 3
Event: 148.765 Thread 0x0000017877bfb3e0 DEOPT PACKING pc=0x000001786bda79ab sp=0x00000053256fe540
Event: 148.765 Thread 0x0000017877bfb3e0 DEOPT UNPACKING pc=0x000001786b642b43 sp=0x00000053256fda88 mode 3
Event: 158.919 Thread 0x0000017877bfb3e0 DEOPT PACKING pc=0x000001786bb43a52 sp=0x00000053256fd880
Event: 158.919 Thread 0x0000017877bfb3e0 DEOPT UNPACKING pc=0x000001786b642b43 sp=0x00000053256fcd88 mode 3
Event: 159.557 Thread 0x0000017877bfb3e0 DEOPT PACKING pc=0x000001786c1c9b74 sp=0x00000053256fe000
Event: 159.557 Thread 0x0000017877bfb3e0 DEOPT UNPACKING pc=0x000001786b642b43 sp=0x00000053256fd4f8 mode 0
Event: 159.557 Thread 0x0000017877bfb3e0 DEOPT PACKING pc=0x000001786c107bf4 sp=0x00000053256fe0d0
Event: 159.557 Thread 0x0000017877bfb3e0 DEOPT UNPACKING pc=0x000001786b642b43 sp=0x00000053256fd5a8 mode 0
Event: 159.557 Thread 0x0000017877bfb3e0 DEOPT PACKING pc=0x000001786c104924 sp=0x00000053256fe180
Event: 159.557 Thread 0x0000017877bfb3e0 DEOPT UNPACKING pc=0x000001786b642b43 sp=0x00000053256fd700 mode 0
Event: 159.558 Thread 0x0000017877bfb3e0 DEOPT PACKING pc=0x000001786c1e02ac sp=0x00000053256fe480
Event: 159.558 Thread 0x0000017877bfb3e0 DEOPT UNPACKING pc=0x000001786b642b43 sp=0x00000053256fd910 mode 0
Event: 804.656 Thread 0x0000017877600260 DEOPT PACKING pc=0x000001786bc93054 sp=0x0000005324ffee90
Event: 804.656 Thread 0x0000017877600260 DEOPT UNPACKING pc=0x000001786b642b43 sp=0x0000005324ffe338 mode 0

Classes unloaded (20 events):
Event: 238.874 Thread 0x0000017875c5b270 Unloading class 0x0000000100641c00 'jdk/internal/reflect/GeneratedConstructorAccessor25'
Event: 238.874 Thread 0x0000017875c5b270 Unloading class 0x0000000100641800 'jdk/internal/reflect/GeneratedConstructorAccessor24'
Event: 238.874 Thread 0x0000017875c5b270 Unloading class 0x0000000100641400 'jdk/internal/reflect/GeneratedConstructorAccessor23'
Event: 238.874 Thread 0x0000017875c5b270 Unloading class 0x0000000100641000 'jdk/internal/reflect/GeneratedConstructorAccessor22'
Event: 238.874 Thread 0x0000017875c5b270 Unloading class 0x0000000100640c00 'jdk/internal/reflect/GeneratedConstructorAccessor21'
Event: 238.874 Thread 0x0000017875c5b270 Unloading class 0x0000000100640800 'jdk/internal/reflect/GeneratedConstructorAccessor20'
Event: 238.874 Thread 0x0000017875c5b270 Unloading class 0x0000000100640400 'jdk/internal/reflect/GeneratedConstructorAccessor19'
Event: 238.874 Thread 0x0000017875c5b270 Unloading class 0x0000000100600000 'jdk/internal/reflect/GeneratedMethodAccessor30'
Event: 238.874 Thread 0x0000017875c5b270 Unloading class 0x000000010034d000 'java/lang/invoke/LambdaForm$MH+0x000000010034d000'
Event: 238.874 Thread 0x0000017875c5b270 Unloading class 0x00000001000d0000 'java/lang/invoke/LambdaForm$MH+0x00000001000d0000'
Event: 1079.618 Thread 0x0000017875c5b270 Unloading class 0x0000000100358c00 'java/lang/invoke/LambdaForm$MH+0x0000000100358c00'
Event: 1079.618 Thread 0x0000017875c5b270 Unloading class 0x000000010035ac00 'java/lang/invoke/LambdaForm$MH+0x000000010035ac00'
Event: 1079.618 Thread 0x0000017875c5b270 Unloading class 0x00000001004a0000 'java/lang/invoke/LambdaForm$MH+0x00000001004a0000'
Event: 4518.801 Thread 0x0000017875c5b270 Unloading class 0x0000000100662800 'java/lang/invoke/LambdaForm$MH+0x0000000100662800'
Event: 4518.802 Thread 0x0000017875c5b270 Unloading class 0x0000000100662400 'java/lang/invoke/LambdaForm$MH+0x0000000100662400'
Event: 4518.802 Thread 0x0000017875c5b270 Unloading class 0x0000000100662000 'java/lang/invoke/LambdaForm$MH+0x0000000100662000'
Event: 4518.802 Thread 0x0000017875c5b270 Unloading class 0x0000000100660c00 'java/lang/invoke/LambdaForm$MH+0x0000000100660c00'
Event: 4518.802 Thread 0x0000017875c5b270 Unloading class 0x0000000100660800 'java/lang/invoke/LambdaForm$MH+0x0000000100660800'
Event: 4518.802 Thread 0x0000017875c5b270 Unloading class 0x0000000100660400 'java/lang/invoke/LambdaForm$MH+0x0000000100660400'
Event: 4518.802 Thread 0x0000017875c5b270 Unloading class 0x0000000100660000 'java/lang/invoke/LambdaForm$MH+0x0000000100660000'

Classes redefined (0 events):
No events

Internal exceptions (20 events):
Event: 158.609 Thread 0x0000017877bfd590 Exception <a 'sun/nio/fs/WindowsException'{0x000000009cf56780}> (0x000000009cf56780) 
thrown [s\src\hotspot\share\prims\jni.cpp, line 516]
Event: 158.610 Thread 0x0000017877bfd590 Exception <a 'sun/nio/fs/WindowsException'{0x000000009cf57180}> (0x000000009cf57180) 
thrown [s\src\hotspot\share\prims\jni.cpp, line 516]
Event: 158.610 Thread 0x0000017877bfd590 Exception <a 'sun/nio/fs/WindowsException'{0x000000009cf57540}> (0x000000009cf57540) 
thrown [s\src\hotspot\share\prims\jni.cpp, line 516]
Event: 158.610 Thread 0x0000017877bfd590 Exception <a 'sun/nio/fs/WindowsException'{0x000000009cf57f68}> (0x000000009cf57f68) 
thrown [s\src\hotspot\share\prims\jni.cpp, line 516]
Event: 158.610 Thread 0x0000017877bfd590 Exception <a 'sun/nio/fs/WindowsException'{0x000000009cf58348}> (0x000000009cf58348) 
thrown [s\src\hotspot\share\prims\jni.cpp, line 516]
Event: 158.610 Thread 0x0000017877bfd590 Exception <a 'sun/nio/fs/WindowsException'{0x000000009cf58d80}> (0x000000009cf58d80) 
thrown [s\src\hotspot\share\prims\jni.cpp, line 516]
Event: 158.610 Thread 0x0000017877bfd590 Exception <a 'sun/nio/fs/WindowsException'{0x000000009cf59170}> (0x000000009cf59170) 
thrown [s\src\hotspot\share\prims\jni.cpp, line 516]
Event: 158.610 Thread 0x0000017877bfd590 Exception <a 'sun/nio/fs/WindowsException'{0x000000009cf59b98}> (0x000000009cf59b98) 
thrown [s\src\hotspot\share\prims\jni.cpp, line 516]
Event: 158.610 Thread 0x0000017877bfd590 Exception <a 'sun/nio/fs/WindowsException'{0x000000009cf59f88}> (0x000000009cf59f88) 
thrown [s\src\hotspot\share\prims\jni.cpp, line 516]
Event: 158.728 Thread 0x0000017877bfb3e0 Exception <a 'java/lang/NoSuchMethodError'{0x000000009d0f3808}: 'void java.lang.invoke.DirectMethodHandle$Holder.invokeStatic(java.lang.Object, java.lang.Object, java.lang.Object, java.lang.Object, java.lang.Object, java.lang.Object, java.lang.Object)'> (0x000000009d0f3808) 
thrown [s\src\hotspot\share\interpreter\linkResolver.cpp, line 759]
Event: 198.002 Thread 0x0000017877757600 Exception <a 'java/lang/NoSuchMethodError'{0x000000009ed1f2f8}: 'void java.lang.invoke.DirectMethodHandle$Holder.invokeStatic(java.lang.Object, long)'> (0x000000009ed1f2f8) 
thrown [s\src\hotspot\share\interpreter\linkResolver.cpp, line 759]
Event: 198.003 Thread 0x0000017877757600 Exception <a 'java/lang/NoSuchMethodError'{0x000000009ed246a0}: 'java.lang.Object java.lang.invoke.DirectMethodHandle$Holder.newInvokeSpecial(java.lang.Object, long)'> (0x000000009ed246a0) 
thrown [s\src\hotspot\share\interpreter\linkResolver.cpp, line 759]
Event: 198.004 Thread 0x0000017877757600 Exception <a 'java/lang/NoSuchMethodError'{0x000000009ed2b218}: 'java.lang.Object java.lang.invoke.DirectMethodHandle$Holder.invokeStatic(java.lang.Object, java.lang.Object, long, java.lang.Object)'> (0x000000009ed2b218) 
thrown [s\src\hotspot\share\interpreter\linkResolver.cpp, line 759]
Event: 198.004 Thread 0x0000017877757600 Exception <a 'java/lang/NoSuchMethodError'{0x000000009ed2ecb0}: 'java.lang.Object java.lang.invoke.DirectMethodHandle$Holder.invokeStaticInit(java.lang.Object, java.lang.Object, long, java.lang.Object)'> (0x000000009ed2ecb0) 
thrown [s\src\hotspot\share\interpreter\linkResolver.cpp, line 759]
Event: 198.005 Thread 0x0000017877757600 Exception <a 'java/lang/NoSuchMethodError'{0x000000009ed34fe0}: 'java.lang.Object java.lang.invoke.DirectMethodHandle$Holder.newInvokeSpecial(java.lang.Object, java.lang.Object, long)'> (0x000000009ed34fe0) 
thrown [s\src\hotspot\share\interpreter\linkResolver.cpp, line 759]
Event: 198.005 Thread 0x0000017877757600 Exception <a 'java/lang/NoSuchMethodError'{0x000000009ed38b90}: 'java.lang.Object java.lang.invoke.Invokers$Holder.linkToTargetMethod(java.lang.Object, long, java.lang.Object)'> (0x000000009ed38b90) 
thrown [s\src\hotspot\share\interpreter\linkResolver.cpp, line 759]
Event: 2522.896 Thread 0x000001787a4441b0 Exception <a 'java/lang/NoSuchMethodError'{0x0000000087161738}: 'java.lang.Object java.lang.invoke.DirectMethodHandle$Holder.invokeStatic(java.lang.Object, java.lang.Object, java.lang.Object, java.lang.Object, int)'> (0x0000000087161738) 
thrown [s\src\hotspot\share\interpreter\linkResolver.cpp, line 759]
Event: 2834.567 Thread 0x000001787a4441b0 Exception <a 'java/lang/NoSuchMethodError'{0x000000008716c818}: 'java.lang.Object java.lang.invoke.DirectMethodHandle$Holder.invokeSpecial(java.lang.Object, java.lang.Object, int, java.lang.Object, java.lang.Object)'> (0x000000008716c818) 
thrown [s\src\hotspot\share\interpreter\linkResolver.cpp, line 759]
Event: 2834.567 Thread 0x000001787a4441b0 Exception <a 'java/lang/NoSuchMethodError'{0x0000000087174458}: 'java.lang.Object java.lang.invoke.DirectMethodHandle$Holder.newInvokeSpecial(java.lang.Object, java.lang.Object, int, java.lang.Object)'> (0x0000000087174458) 
thrown [s\src\hotspot\share\interpreter\linkResolver.cpp, line 759]
Event: 2834.568 Thread 0x000001787a4441b0 Exception <a 'java/lang/NoSuchMethodError'{0x0000000087177d78}: 'java.lang.Object java.lang.invoke.Invokers$Holder.linkToTargetMethod(java.lang.Object, int, java.lang.Object, java.lang.Object)'> (0x0000000087177d78) 
thrown [s\src\hotspot\share\interpreter\linkResolver.cpp, line 759]

VM Operations (20 events):
Event: 4600.460 Executing VM operation: G1CollectFull done
Event: 4610.963 Executing VM operation: G1CollectFull
Event: 4611.023 Executing VM operation: G1CollectFull done
Event: 4621.459 Executing VM operation: G1CollectFull
Event: 4621.529 Executing VM operation: G1CollectFull done
Event: 4661.745 Executing VM operation: G1CollectFull
Event: 4661.775 Executing VM operation: G1CollectFull done
Event: 4671.929 Executing VM operation: G1CollectFull
Event: 4671.966 Executing VM operation: G1CollectFull done
Event: 4682.109 Executing VM operation: G1CollectFull
Event: 4682.148 Executing VM operation: G1CollectFull done
Event: 4692.287 Executing VM operation: G1CollectFull
Event: 4692.328 Executing VM operation: G1CollectFull done
Event: 4702.517 Executing VM operation: G1CollectFull
Event: 4702.559 Executing VM operation: G1CollectFull done
Event: 4712.798 Executing VM operation: G1CollectFull
Event: 4712.841 Executing VM operation: G1CollectFull done
Event: 4722.993 Executing VM operation: G1CollectFull
Event: 4723.023 Executing VM operation: G1CollectFull done
Event: 4733.182 Executing VM operation: G1CollectFull

Events (20 events):
Event: 3183.592 Thread 0x000001787a4459c0 Thread exited: 0x000001787a4459c0
Event: 3254.524 Thread 0x000001787a445020 Thread added: 0x000001787a445020
Event: 3258.379 Thread 0x000001787a4424d0 Thread added: 0x000001787a4424d0
Event: 3286.182 Thread 0x000001787a4459c0 Thread added: 0x000001787a4459c0
Event: 3286.183 Thread 0x000001787a4441b0 Thread added: 0x000001787a4441b0
Event: 3290.391 Thread 0x000001787a442000 Thread added: 0x000001787a442000
Event: 3346.194 Thread 0x000001787a445020 Thread exited: 0x000001787a445020
Event: 3346.194 Thread 0x000001787a4459c0 Thread exited: 0x000001787a4459c0
Event: 3346.412 Thread 0x000001787a4424d0 Thread exited: 0x000001787a4424d0
Event: 3346.836 Thread 0x000001787a4441b0 Thread exited: 0x000001787a4441b0
Event: 3350.394 Thread 0x000001787a4454f0 Thread exited: 0x000001787a4454f0
Event: 3545.963 Thread 0x000001787a445020 Thread added: 0x000001787a445020
Event: 4252.057 Thread 0x000001787a442e70 Thread added: 0x000001787a442e70
Event: 4262.948 Thread 0x000001787a445020 Thread exited: 0x000001787a445020
Event: 4274.517 Thread 0x000001787a445020 Thread added: 0x000001787a445020
Event: 4274.517 Thread 0x000001787a443810 Thread added: 0x000001787a443810
Event: 4387.019 Thread 0x000001787a443810 Thread exited: 0x000001787a443810
Event: 4443.050 Thread 0x000001787a445020 Thread exited: 0x000001787a445020
Event: 4443.284 Thread 0x000001787a442e70 Thread exited: 0x000001787a442e70
Event: 4543.793 Thread 0x000001787a442000 Thread exited: 0x000001787a442000


Dynamic libraries:
0x00007ff7c42c0000 - 0x00007ff7c42ce000 	c:\Users\lcarv\.vscode\extensions\redhat.java-1.13.0-win32-x64\jre\17.0.5-win32-x86_64\bin\java.exe
0x00007ffee35a0000 - 0x00007ffee37a9000 	C:\WINDOWS\SYSTEM32\ntdll.dll
0x00007ffee28e0000 - 0x00007ffee299e000 	C:\WINDOWS\System32\KERNEL32.DLL
0x00007ffee0da0000 - 0x00007ffee111b000 	C:\WINDOWS\System32\KERNELBASE.dll
0x00007ffee1300000 - 0x00007ffee1411000 	C:\WINDOWS\System32\ucrtbase.dll
0x00007ffec8620000 - 0x00007ffec8637000 	c:\Users\lcarv\.vscode\extensions\redhat.java-1.13.0-win32-x64\jre\17.0.5-win32-x86_64\bin\jli.dll
0x00007ffee1460000 - 0x00007ffee160d000 	C:\WINDOWS\System32\USER32.dll
0x00007ffec8640000 - 0x00007ffec8659000 	c:\Users\lcarv\.vscode\extensions\redhat.java-1.13.0-win32-x64\jre\17.0.5-win32-x86_64\bin\VCRUNTIME140.dll
0x00007ffee0be0000 - 0x00007ffee0c06000 	C:\WINDOWS\System32\win32u.dll
0x00007ffee3280000 - 0x00007ffee32a9000 	C:\WINDOWS\System32\GDI32.dll
0x00007ffebc990000 - 0x00007ffebcc35000 	C:\WINDOWS\WinSxS\amd64_microsoft.windows.common-controls_6595b64144ccf1df_6.0.22000.120_none_9d947278b86cc467\COMCTL32.dll
0x00007ffee1120000 - 0x00007ffee1238000 	C:\WINDOWS\System32\gdi32full.dll
0x00007ffee0c80000 - 0x00007ffee0d1d000 	C:\WINDOWS\System32\msvcp_win.dll
0x00007ffee1bf0000 - 0x00007ffee1c93000 	C:\WINDOWS\System32\msvcrt.dll
0x00007ffee1bb0000 - 0x00007ffee1be2000 	C:\WINDOWS\System32\IMM32.DLL
0x00007ffed2400000 - 0x00007ffed240c000 	c:\Users\lcarv\.vscode\extensions\redhat.java-1.13.0-win32-x64\jre\17.0.5-win32-x86_64\bin\vcruntime140_1.dll
0x00007ffe95470000 - 0x00007ffe95501000 	c:\Users\lcarv\.vscode\extensions\redhat.java-1.13.0-win32-x64\jre\17.0.5-win32-x86_64\bin\msvcp140.dll
0x00007ffe679a0000 - 0x00007ffe685e4000 	c:\Users\lcarv\.vscode\extensions\redhat.java-1.13.0-win32-x64\jre\17.0.5-win32-x86_64\bin\server\jvm.dll
0x00007ffee2c10000 - 0x00007ffee2cbe000 	C:\WINDOWS\System32\ADVAPI32.dll
0x00007ffee2840000 - 0x00007ffee28de000 	C:\WINDOWS\System32\sechost.dll
0x00007ffee1760000 - 0x00007ffee1880000 	C:\WINDOWS\System32\RPCRT4.dll
0x00007ffebfec0000 - 0x00007ffebfec9000 	C:\WINDOWS\SYSTEM32\WSOCK32.dll
0x00007ffee1910000 - 0x00007ffee197f000 	C:\WINDOWS\System32\WS2_32.dll
0x00007ffed5a40000 - 0x00007ffed5a73000 	C:\WINDOWS\SYSTEM32\WINMM.dll
0x00007ffed4e50000 - 0x00007ffed4e5a000 	C:\WINDOWS\SYSTEM32\VERSION.dll
0x00007ffedfbe0000 - 0x00007ffedfbf8000 	C:\WINDOWS\SYSTEM32\kernel.appcore.dll
0x00007ffecbaa0000 - 0x00007ffecbaaa000 	c:\Users\lcarv\.vscode\extensions\redhat.java-1.13.0-win32-x64\jre\17.0.5-win32-x86_64\bin\jimage.dll
0x00007ffede4d0000 - 0x00007ffede6f1000 	C:\WINDOWS\SYSTEM32\DBGHELP.DLL
0x00007ffecd4c0000 - 0x00007ffecd4f1000 	C:\WINDOWS\SYSTEM32\dbgcore.DLL
0x00007ffee0d20000 - 0x00007ffee0d9f000 	C:\WINDOWS\System32\bcryptPrimitives.dll
0x00007ffe9da80000 - 0x00007ffe9daa5000 	c:\Users\lcarv\.vscode\extensions\redhat.java-1.13.0-win32-x64\jre\17.0.5-win32-x86_64\bin\java.dll
0x00007ffec7e60000 - 0x00007ffec7e78000 	c:\Users\lcarv\.vscode\extensions\redhat.java-1.13.0-win32-x64\jre\17.0.5-win32-x86_64\bin\zip.dll
0x00007ffee2080000 - 0x00007ffee2838000 	C:\WINDOWS\System32\SHELL32.dll
0x00007ffedeb70000 - 0x00007ffedf3d5000 	C:\WINDOWS\SYSTEM32\windows.storage.dll
0x00007ffee1ca0000 - 0x00007ffee2018000 	C:\WINDOWS\System32\combase.dll
0x00007ffedea00000 - 0x00007ffedeb66000 	C:\WINDOWS\SYSTEM32\wintypes.dll
0x00007ffee29a0000 - 0x00007ffee2a8a000 	C:\WINDOWS\System32\SHCORE.dll
0x00007ffee2020000 - 0x00007ffee207d000 	C:\WINDOWS\System32\shlwapi.dll
0x00007ffee09a0000 - 0x00007ffee09c1000 	C:\WINDOWS\SYSTEM32\profapi.dll
0x00007ffeb04f0000 - 0x00007ffeb0509000 	C:\Users\lcarv\.vscode\extensions\redhat.java-1.13.0-win32-x64\jre\17.0.5-win32-x86_64\bin\net.dll
0x00007ffed5710000 - 0x00007ffed5824000 	C:\WINDOWS\SYSTEM32\WINHTTP.dll
0x00007ffee0080000 - 0x00007ffee00e7000 	C:\WINDOWS\system32\mswsock.dll
0x00007ffeab130000 - 0x00007ffeab145000 	C:\Users\lcarv\.vscode\extensions\redhat.java-1.13.0-win32-x64\jre\17.0.5-win32-x86_64\bin\nio.dll
0x00007ffecb690000 - 0x00007ffecb6a0000 	c:\Users\lcarv\.vscode\extensions\redhat.java-1.13.0-win32-x64\jre\17.0.5-win32-x86_64\bin\verify.dll
0x00007ffecd970000 - 0x00007ffecd979000 	C:\Users\lcarv\.vscode\extensions\redhat.java-1.13.0-win32-x64\jre\17.0.5-win32-x86_64\bin\management.dll
0x00007ffeca820000 - 0x00007ffeca82b000 	C:\Users\lcarv\.vscode\extensions\redhat.java-1.13.0-win32-x64\jre\17.0.5-win32-x86_64\bin\management_ext.dll
0x00007ffee1900000 - 0x00007ffee1908000 	C:\WINDOWS\System32\PSAPI.DLL
0x00007ffeb9860000 - 0x00007ffeb9877000 	C:\WINDOWS\system32\napinsp.dll
0x00007ffeb9840000 - 0x00007ffeb985b000 	C:\WINDOWS\system32\pnrpnsp.dll
0x00007ffedf6c0000 - 0x00007ffedf7a8000 	C:\WINDOWS\SYSTEM32\DNSAPI.dll
0x00007ffedf690000 - 0x00007ffedf6bd000 	C:\WINDOWS\SYSTEM32\IPHLPAPI.DLL
0x00007ffee1450000 - 0x00007ffee1459000 	C:\WINDOWS\System32\NSI.dll
0x00007ffeba5a0000 - 0x00007ffeba5b2000 	C:\WINDOWS\System32\winrnr.dll
0x00007ffed4400000 - 0x00007ffed4415000 	C:\WINDOWS\system32\wshbth.dll
0x00007ffeb9770000 - 0x00007ffeb978f000 	C:\WINDOWS\system32\nlansp_c.dll
0x00007ffeccd30000 - 0x00007ffeccd3a000 	C:\Windows\System32\rasadhlp.dll
0x00007ffed2d90000 - 0x00007ffed2e11000 	C:\WINDOWS\System32\fwpuclnt.dll
0x00007ffee02c0000 - 0x00007ffee02d8000 	C:\WINDOWS\SYSTEM32\CRYPTSP.dll
0x00007ffedfb40000 - 0x00007ffedfb75000 	C:\WINDOWS\system32\rsaenh.dll
0x00007ffee0170000 - 0x00007ffee0199000 	C:\WINDOWS\SYSTEM32\USERENV.dll
0x00007ffee0450000 - 0x00007ffee0477000 	C:\WINDOWS\SYSTEM32\bcrypt.dll
0x00007ffee02e0000 - 0x00007ffee02ec000 	C:\WINDOWS\SYSTEM32\CRYPTBASE.dll
0x00007ffed5000000 - 0x00007ffed5019000 	C:\WINDOWS\SYSTEM32\dhcpcsvc6.DLL
0x00007ffed66e0000 - 0x00007ffed66fe000 	C:\WINDOWS\SYSTEM32\dhcpcsvc.DLL

dbghelp: loaded successfully - version: 4.0.5 - missing functions: none
symbol engine: initialized successfully - sym options: 0x614 - pdb path: .;c:\Users\lcarv\.vscode\extensions\redhat.java-1.13.0-win32-x64\jre\17.0.5-win32-x86_64\bin;C:\WINDOWS\SYSTEM32;C:\WINDOWS\WinSxS\amd64_microsoft.windows.common-controls_6595b64144ccf1df_6.0.22000.120_none_9d947278b86cc467;c:\Users\lcarv\.vscode\extensions\redhat.java-1.13.0-win32-x64\jre\17.0.5-win32-x86_64\bin\server

VM Arguments:
jvm_args: -Dsts.lsp.client=vscode -Dsts.log.file=/dev/null -XX:TieredStopAtLevel=1 -Xlog:jni+resolve=off -Dspring.config.location=file:c:\Users\lcarv\.vscode\extensions\pivotal.vscode-spring-boot-1.41.0\language-server\BOOT-INF\classes\application.properties 
java_command: org.springframework.ide.vscode.boot.app.BootLanguageServerBootApp
java_class_path (initial): c:\Users\lcarv\.vscode\extensions\pivotal.vscode-spring-boot-1.41.0\language-server\BOOT-INF\classes;c:\Users\lcarv\.vscode\extensions\pivotal.vscode-spring-boot-1.41.0\language-server\BOOT-INF\lib\annotations-23.0.0.jar;c:\Users\lcarv\.vscode\extensions\pivotal.vscode-spring-boot-1.41.0\language-server\BOOT-INF\lib\ant-1.10.12.jar;c:\Users\lcarv\.vscode\extensions\pivotal.vscode-spring-boot-1.41.0\language-server\BOOT-INF\lib\ant-launcher-1.10.12.jar;c:\Users\lcarv\.vscode\extensions\pivotal.vscode-spring-boot-1.41.0\language-server\BOOT-INF\lib\antlr-runtime-3.5.2.jar;c:\Users\lcarv\.vscode\extensions\pivotal.vscode-spring-boot-1.41.0\language-server\BOOT-INF\lib\antlr4-4.9.3.jar;c:\Users\lcarv\.vscode\extensions\pivotal.vscode-spring-boot-1.41.0\language-server\BOOT-INF\lib\antlr4-runtime-4.9.3.jar;c:\Users\lcarv\.vscode\extensions\pivotal.vscode-spring-boot-1.41.0\language-server\BOOT-INF\lib\apiguardian-api-1.1.2.jar;c:\Users\lcarv\.vscode\extensions\pivotal.vscode-spring-boot-1.41.0\language-server\BOOT-INF\lib\asm-9.4.jar;c:\Users\lcarv\.vscode\extensions\pivotal.vscode-spring-boot-1.41.0\language-server\BOOT-INF\lib\asm-analysis-9.4.jar;c:\Users\lcarv\.vscode\extensions\pivotal.vscode-spring-boot-1.41.0\language-server\BOOT-INF\lib\asm-tree-9.4.jar;c:\Users\lcarv\.vscode\extensions\pivotal.vscode-spring-boot-1.41.0\language-server\BOOT-INF\lib\asm-util-9.4.jar;c:\Users\lcarv\.vscode\extensions\pivotal.vscode-spring-boot-1.41.0\language-server\BOOT-INF\lib\byte-buddy-1.12.13.jar;c:\Users\lcarv\.vscode\extensions\pivotal.vscode-spring-boot-1.41.0\language-server\BOOT-INF\lib\caffeine-2.9.3.jar;c:\Users\lcarv\.vscode\extensions\pivotal.vscode-spring-boot-1.41.0\language-server\BOOT-INF\lib\checker-qual-3.12.0.jar;c:\Users\lcarv\.vscode\extensions\pivotal.vscode-spring-boot-1.41.0\language-server\BOOT-INF\lib\ci-environment-9.1.0.jar;c:\Users\lcarv\.vscode\extensions\pivotal.vscode-spring-boot-1.41.0\language-server\BOOT-INF\lib\clas
Launcher Type: SUN_STANDARD

[Global flags]
     intx CICompilerCount                          = 4                                         {product} {ergonomic}
     uint ConcGCThreads                            = 2                                         {product} {ergonomic}
     uint G1ConcRefinementThreads                  = 8                                         {product} {ergonomic}
   size_t G1HeapRegionSize                         = 1048576                                   {product} {ergonomic}
    uintx GCDrainStackTargetSize                   = 64                                        {product} {ergonomic}
   size_t InitialHeapSize                          = 134217728                                 {product} {ergonomic}
   size_t MarkStackSize                            = 4194304                                   {product} {ergonomic}
   size_t MaxHeapSize                              = 2116026368                                {product} {ergonomic}
   size_t MaxNewSize                               = 1268776960                                {product} {ergonomic}
   size_t MinHeapDeltaBytes                        = 1048576                                   {product} {ergonomic}
   size_t MinHeapSize                              = 8388608                                   {product} {ergonomic}
    uintx NonProfiledCodeHeapSize                  = 0                                      {pd product} {ergonomic}
     bool ProfileInterpreter                       = false                                  {pd product} {command line}
    uintx ProfiledCodeHeapSize                     = 0                                      {pd product} {ergonomic}
   size_t SoftMaxHeapSize                          = 2116026368                             {manageable} {ergonomic}
     intx TieredStopAtLevel                        = 1                                         {product} {command line}
     bool UseCompressedClassPointers               = true                           {product lp64_product} {ergonomic}
     bool UseCompressedOops                        = true                           {product lp64_product} {ergonomic}
     bool UseG1GC                                  = true                                      {product} {ergonomic}
     bool UseLargePagesIndividualAllocation        = false                                  {pd product} {ergonomic}

Logging:
Log output configuration:
 #0: stdout all=warning,jni+resolve=off uptime,level,tags
 #1: stderr all=off uptime,level,tags

Environment Variables:
JAVA_HOME=C:\Program Files\Java\jdk1.8.0_202
PATH=C:\Users\lcarv\bin;C:\Program Files\Git\mingw64\bin;C:\Program Files\Git\usr\local\bin;C:\Program Files\Git\usr\bin;C:\Program Files\Git\usr\bin;C:\Program Files\Git\mingw64\bin;C:\Program Files\Git\usr\bin;C:\Users\lcarv\bin;C:\Program Files (x86)\Common Files\Oracle\Java\javapath;C:\Program Files\Common Files\Oracle\Java\javapath;C:\WINDOWS\system32;C:\WINDOWS;C:\WINDOWS\System32\Wbem;C:\WINDOWS\System32\WindowsPowerShell\v1.0;C:\WINDOWS\System32\OpenSSH;C:\Program Files (x86)\Intel\Intel(R) Management Engine Components\DAL;C:\Program Files\Intel\Intel(R) Management Engine Components\DAL;C:\Program Files\dotnet;C:\Program Files\Git\cmd;C:\Program Files\nodejs;C:\Program Files\apache-maven-3.8.6-bin\apache-maven-3.8.6\bin;C:\Program Files\Java\jdk1.8.0_202\bin;C:\Users\lcarv\AppData\Local\Microsoft\WindowsApps;C:\Users\lcarv\Downloads\ghc-8.10.5-x86_64-unknown-mingw32\ghc-8.10.5\bin;C:\Users\lcarv\AppData\Local\Programs\Microsoft VS Code\bin;C:\Program Files\JetBrains\IntelliJ IDEA 2021.3\bin;C:\Program Files\heroku\bin;C:\Users\lcarv\AppData\Roaming\npm;C:\Program Files\apache-maven-3.8.6-bin\apache-maven-3.8.6\bin;C:\Program Files\Java\jdk1.8.0_202\bin;C:\Program Files\Git\usr\bin\vendor_perl;C:\Program Files\Git\usr\bin\core_perl
USERNAME=lcarv
SHELL=C:\Program Files\Git\usr\bin\bash.exe
DISPLAY=needs-to-be-defined
LC_CTYPE=pt_BR.UTF-8
TERM=xterm
TMPDIR=C:\Users\lcarv\AppData\Local\Temp
OS=Windows_NT
PROCESSOR_IDENTIFIER=Intel64 Family 6 Model 142 Stepping 12, GenuineIntel
TMP=C:\Users\lcarv\AppData\Local\Temp
TEMP=C:\Users\lcarv\AppData\Local\Temp



---------------  S Y S T E M  ---------------

OS:
 Windows 11 , 64 bit Build 22000 (10.0.22000.1219)
OS uptime: 13 days 19:08 hours

CPU: total 8 (initial active 8) (4 cores per cpu, 2 threads per core) family 6 model 142 stepping 12 microcode 0xf0, cx8, cmov, fxsr, ht, mmx, 3dnowpref, sse, sse2, sse3, ssse3, sse4.1, sse4.2, popcnt, lzcnt, tsc, tscinvbit, avx, avx2, aes, erms, clmul, bmi1, bmi2, adx, fma, vzeroupper, clflush, clflushopt

Memory: 4k page, system-wide physical 8067M (372M free)
TotalPageFile size 15377M (AvailPageFile size 16M)
current process WorkingSet (physical memory assigned to process): 126M, peak: 706M
current process commit charge ("private bytes"): 238M, peak: 731M

vm_info: OpenJDK 64-Bit Server VM (17.0.5+8) for windows-amd64 JRE (17.0.5+8), built on Oct 19 2022 04:48:13 by "temurin" with MS VC++ 16.7 (VS2019)

END.
