#
# There is insufficient memory for the Java Runtime Environment to continue.
# Native memory allocation (mmap) failed to map 3293184 bytes for G1 virtual space
# Possible reasons:
#   The system is out of physical RAM or swap space
#   The process is running with CompressedOops enabled, and the Java Heap may be blocking the growth of the native heap
# Possible solutions:
#   Reduce memory load on the system
#   Increase physical memory or swap space
#   Check if swap backing store is full
#   Decrease Java heap size (-Xmx/-Xms)
#   Decrease number of Java threads
#   Decrease Java thread stack sizes (-Xss)
#   Set larger code cache with -XX:ReservedCodeCacheSize=
#   JVM is running with Unscaled Compressed Oops mode in which the Java heap is
#     placed in the first 4GB address space. The Java Heap base address is the
#     maximum limit for the native heap growth. Please use -XX:HeapBaseMinAddress
#     to set the Java Heap base and to place the Java Heap above 4GB virtual address.
# This output file may be truncated or incomplete.
#
#  Out of Memory Error (os_windows.cpp:3548), pid=30924, tid=30468
#
# JRE version: OpenJDK Runtime Environment Temurin-17.0.5+8 (17.0.5+8) (build 17.0.5+8)
# Java VM: OpenJDK 64-Bit Server VM Temurin-17.0.5+8 (17.0.5+8, mixed mode, emulated-client, tiered, compressed oops, compressed class ptrs, g1 gc, windows-amd64)
# No core dump will be written. Minidumps are not enabled by default on client versions of Windows
#

---------------  S U M M A R Y ------------

Command Line: -Dsts.lsp.client=vscode -Dsts.log.file=/dev/null -XX:TieredStopAtLevel=1 -Xlog:jni+resolve=off -Dspring.config.location=file:c:\Users\lcarv\.vscode\extensions\pivotal.vscode-spring-boot-1.41.0\language-server\BOOT-INF\classes\application.properties org.springframework.ide.vscode.boot.app.BootLanguageServerBootApp

Host: Intel(R) Core(TM) i7-8565U CPU @ 1.80GHz, 8 cores, 7G,  Windows 11 , 64 bit Build 22000 (10.0.22000.1219)
Time: Wed Dec 14 20:27:38 2022 Hora Padrão de Buenos Aires elapsed time: 4.627892 seconds (0d 0h 0m 4s)

---------------  T H R E A D  ---------------

Current thread (0x00000259a23d2940):  VMThread "VM Thread" [stack: 0x0000007de0700000,0x0000007de0800000] [id=30468]

Stack: [0x0000007de0700000,0x0000007de0800000]
Native frames: (J=compiled Java code, j=interpreted, Vv=VM code, C=native code)
V  [jvm.dll+0x676b3a]
V  [jvm.dll+0x831444]
V  [jvm.dll+0x832bee]
V  [jvm.dll+0x833253]
V  [jvm.dll+0x244ce5]
V  [jvm.dll+0x673a49]
V  [jvm.dll+0x66811a]
V  [jvm.dll+0x303ceb]
V  [jvm.dll+0x30b1e6]
V  [jvm.dll+0x35ade8]
V  [jvm.dll+0x35afef]
V  [jvm.dll+0x2dab88]
V  [jvm.dll+0x2d8e3c]
V  [jvm.dll+0x2d840c]
V  [jvm.dll+0x31c31b]
V  [jvm.dll+0x8376fb]
V  [jvm.dll+0x838434]
V  [jvm.dll+0x83894c]
V  [jvm.dll+0x838d24]
V  [jvm.dll+0x838df0]
V  [jvm.dll+0x7e17ea]
V  [jvm.dll+0x6759e5]
C  [ucrtbase.dll+0x26c0c]
C  [KERNEL32.DLL+0x15550]
C  [ntdll.dll+0x485b]

VM_Operation (0x0000007de2efe2e0): G1CollectForAllocation, mode: safepoint, requested by thread 0x00000259a46a69b0


---------------  P R O C E S S  ---------------

Threads class SMR info:
_java_thread_list=0x00000259a497a3d0, length=45, elements={
0x00000259a2c022d0, 0x00000259a2c02d90, 0x00000259a23f17d0, 0x00000259a23f40a0,
0x00000259a23f4960, 0x00000259a23f5220, 0x00000259a23f5ae0, 0x00000259a23f7520,
0x00000259a2e253c0, 0x00000259a2e38f80, 0x00000259a2e3f770, 0x00000259a388c670,
0x00000259a3aa65a0, 0x00000259a4217db0, 0x00000259a438d070, 0x00000259a3e8d650,
0x000002599305e6a0, 0x00000259a4471aa0, 0x00000259a44e8810, 0x00000259a44e9cf0,
0x00000259a4526490, 0x00000259a4526960, 0x00000259a4476da0, 0x00000259a4477270,
0x00000259a44780e0, 0x00000259a4477740, 0x00000259a44768d0, 0x00000259a4477c10,
0x00000259a46ab1e0, 0x00000259a46a99d0, 0x00000259a46a69b0, 0x00000259a46a4cd0,
0x00000259a46a5b40, 0x00000259a46aad10, 0x00000259a46aa840, 0x00000259a46a6010,
0x00000259a46aa370, 0x00000259a46a7820, 0x00000259a46ac050, 0x00000259a46a81c0,
0x00000259a46a5670, 0x00000259a46ab6b0, 0x00000259a46a8690, 0x00000259a46a7cf0,
0x00000259a46a51a0
}

Java Threads: ( => current thread )
  0x00000259a2c022d0 JavaThread "Reference Handler" daemon [_thread_blocked, id=17844, stack(0x0000007de0800000,0x0000007de0900000)]
  0x00000259a2c02d90 JavaThread "Finalizer" daemon [_thread_blocked, id=22964, stack(0x0000007de0900000,0x0000007de0a00000)]
  0x00000259a23f17d0 JavaThread "Signal Dispatcher" daemon [_thread_blocked, id=31720, stack(0x0000007de0a00000,0x0000007de0b00000)]
  0x00000259a23f40a0 JavaThread "Attach Listener" daemon [_thread_blocked, id=14148, stack(0x0000007de0b00000,0x0000007de0c00000)]
  0x00000259a23f4960 JavaThread "Service Thread" daemon [_thread_blocked, id=1704, stack(0x0000007de0c00000,0x0000007de0d00000)]
  0x00000259a23f5220 JavaThread "Monitor Deflation Thread" daemon [_thread_blocked, id=22372, stack(0x0000007de0d00000,0x0000007de0e00000)]
  0x00000259a23f5ae0 JavaThread "C1 CompilerThread0" daemon [_thread_blocked, id=9860, stack(0x0000007de0e00000,0x0000007de0f00000)]
  0x00000259a23f7520 JavaThread "Sweeper thread" daemon [_thread_blocked, id=25316, stack(0x0000007de0f00000,0x0000007de1000000)]
  0x00000259a2e253c0 JavaThread "C1 CompilerThread1" daemon [_thread_blocked, id=14512, stack(0x0000007de1000000,0x0000007de1100000)]
  0x00000259a2e38f80 JavaThread "Notification Thread" daemon [_thread_blocked, id=28356, stack(0x0000007de1100000,0x0000007de1200000)]
  0x00000259a2e3f770 JavaThread "Common-Cleaner" daemon [_thread_blocked, id=1440, stack(0x0000007de1300000,0x0000007de1400000)]
  0x00000259a388c670 JavaThread "C1 CompilerThread2" daemon [_thread_blocked, id=22992, stack(0x0000007de1400000,0x0000007de1500000)]
  0x00000259a3aa65a0 JavaThread "C1 CompilerThread3" daemon [_thread_blocked, id=22320, stack(0x0000007de1500000,0x0000007de1600000)]
  0x00000259a4217db0 JavaThread "boundedElastic-evictor-1" daemon [_thread_blocked, id=15512, stack(0x0000007de1d00000,0x0000007de1e00000)]
  0x00000259a438d070 JavaThread "pool-11-thread-1" [_thread_blocked, id=20844, stack(0x0000007de1f00000,0x0000007de2000000)]
  0x00000259a3e8d650 JavaThread "LanguageServerApp-lifecycle" [_thread_blocked, id=23768, stack(0x0000007de2000000,0x0000007de2100000)]
  0x000002599305e6a0 JavaThread "DestroyJavaVM" [_thread_blocked, id=8632, stack(0x0000007de0100000,0x0000007de0200000)]
  0x00000259a4471aa0 JavaThread "pool-12-thread-1" [_thread_in_native, id=13536, stack(0x0000007de2100000,0x0000007de2200000)]
  0x00000259a44e8810 JavaThread "Simple-Language-Server main thread" daemon [_thread_blocked, id=24428, stack(0x0000007de2200000,0x0000007de2300000)]
  0x00000259a44e9cf0 JavaThread "pool-8-thread-1" [_thread_blocked, id=17492, stack(0x0000007de2300000,0x0000007de2400000)]
  0x00000259a4526490 JavaThread "parallel-1" daemon [_thread_blocked, id=21064, stack(0x0000007de2400000,0x0000007de2500000)]
  0x00000259a4526960 JavaThread "ForkJoinPool.commonPool-worker-1" daemon [_thread_blocked, id=27088, stack(0x0000007de2500000,0x0000007de2600000)]
  0x00000259a4476da0 JavaThread "pool-5-thread-1" [_thread_blocked, id=1536, stack(0x0000007de2600000,0x0000007de2700000)]
  0x00000259a4477270 JavaThread "ForkJoinPool.commonPool-worker-2" daemon [_thread_blocked, id=26816, stack(0x0000007de2700000,0x0000007de2800000)]
  0x00000259a44780e0 JavaThread "pool-5-thread-2" [_thread_blocked, id=29256, stack(0x0000007de2800000,0x0000007de2900000)]
  0x00000259a4477740 JavaThread "Reconciler-1" daemon [_thread_blocked, id=29468, stack(0x0000007de2900000,0x0000007de2a00000)]
  0x00000259a44768d0 JavaThread "parallel-2" daemon [_thread_blocked, id=20300, stack(0x0000007de2a00000,0x0000007de2b00000)]
  0x00000259a4477c10 JavaThread "ClassGraph-worker-0" daemon [_thread_blocked, id=19768, stack(0x0000007de2b00000,0x0000007de2c00000)]
  0x00000259a46ab1e0 JavaThread "ClassGraph-worker-1" daemon [_thread_blocked, id=30348, stack(0x0000007de2c00000,0x0000007de2d00000)]
  0x00000259a46a99d0 JavaThread "ClassGraph-worker-2" daemon [_thread_blocked, id=23356, stack(0x0000007de2d00000,0x0000007de2e00000)]
  0x00000259a46a69b0 JavaThread "ClassGraph-worker-3" daemon [_thread_blocked, id=9872, stack(0x0000007de2e00000,0x0000007de2f00000)]
  0x00000259a46a4cd0 JavaThread "ClassGraph-worker-4" daemon [_thread_blocked, id=18264, stack(0x0000007de2f00000,0x0000007de3000000)]
  0x00000259a46a5b40 JavaThread "ClassGraph-worker-5" daemon [_thread_blocked, id=22128, stack(0x0000007de3000000,0x0000007de3100000)]
  0x00000259a46aad10 JavaThread "ClassGraph-worker-6" daemon [_thread_blocked, id=7860, stack(0x0000007de3100000,0x0000007de3200000)]
  0x00000259a46aa840 JavaThread "ClassGraph-worker-7" daemon [_thread_blocked, id=15980, stack(0x0000007de3200000,0x0000007de3300000)]
  0x00000259a46a6010 JavaThread "ClassGraph-worker-8" daemon [_thread_blocked, id=24884, stack(0x0000007de3300000,0x0000007de3400000)]
  0x00000259a46aa370 JavaThread "ClassGraph-worker-9" daemon [_thread_blocked, id=28568, stack(0x0000007de3400000,0x0000007de3500000)]
  0x00000259a46a7820 JavaThread "ClassGraph-worker-10" daemon [_thread_blocked, id=1900, stack(0x0000007de3500000,0x0000007de3600000)]
  0x00000259a46ac050 JavaThread "ClassGraph-worker-11" daemon [_thread_blocked, id=21976, stack(0x0000007de3600000,0x0000007de3700000)]
  0x00000259a46a81c0 JavaThread "ClassGraph-worker-12" daemon [_thread_blocked, id=7772, stack(0x0000007de3700000,0x0000007de3800000)]
  0x00000259a46a5670 JavaThread "ClassGraph-worker-13" daemon [_thread_blocked, id=25664, stack(0x0000007de3800000,0x0000007de3900000)]
  0x00000259a46ab6b0 JavaThread "pool-6-thread-1" [_thread_blocked, id=10192, stack(0x0000007de3900000,0x0000007de3a00000)]
  0x00000259a46a8690 JavaThread "pool-10-thread-1" [_thread_blocked, id=18252, stack(0x0000007de3a00000,0x0000007de3b00000)]
  0x00000259a46a7cf0 JavaThread "parallel-3" daemon [_thread_blocked, id=9776, stack(0x0000007de3b00000,0x0000007de3c00000)]
  0x00000259a46a51a0 JavaThread "parallel-4" daemon [_thread_blocked, id=31020, stack(0x0000007de3d00000,0x0000007de3e00000)]

Other Threads:
=>0x00000259a23d2940 VMThread "VM Thread" [stack: 0x0000007de0700000,0x0000007de0800000] [id=30468]
  0x00000259930d81d0 WatcherThread [stack: 0x0000007de1200000,0x0000007de1300000] [id=18208]
  0x00000259930bb900 GCTaskThread "GC Thread#0" [stack: 0x0000007de0200000,0x0000007de0300000] [id=7832]
  0x00000259a3aa7a10 GCTaskThread "GC Thread#1" [stack: 0x0000007de1600000,0x0000007de1700000] [id=12988]
  0x00000259a3aca920 GCTaskThread "GC Thread#2" [stack: 0x0000007de1700000,0x0000007de1800000] [id=30852]
  0x00000259a3af87a0 GCTaskThread "GC Thread#3" [stack: 0x0000007de1800000,0x0000007de1900000] [id=26652]
  0x00000259a3af8a50 GCTaskThread "GC Thread#4" [stack: 0x0000007de1900000,0x0000007de1a00000] [id=10196]
  0x00000259a3af8d00 GCTaskThread "GC Thread#5" [stack: 0x0000007de1a00000,0x0000007de1b00000] [id=5144]
  0x00000259a3d1f2e0 GCTaskThread "GC Thread#6" [stack: 0x0000007de1b00000,0x0000007de1c00000] [id=4400]
  0x00000259a3d1f590 GCTaskThread "GC Thread#7" [stack: 0x0000007de1c00000,0x0000007de1d00000] [id=12140]
  0x00000259930cc4f0 ConcurrentGCThread "G1 Main Marker" [stack: 0x0000007de0300000,0x0000007de0400000] [id=13328]
  0x00000259930ce5c0 ConcurrentGCThread "G1 Conc#0" [stack: 0x0000007de0400000,0x0000007de0500000] [id=21188]
  0x00000259a3def410 ConcurrentGCThread "G1 Conc#1" [stack: 0x0000007de1e00000,0x0000007de1f00000] [id=10508]
  0x000002599311e0a0 ConcurrentGCThread "G1 Refine#0" [stack: 0x0000007de0500000,0x0000007de0600000] [id=31116]
  0x00000259a6dc56b0 ConcurrentGCThread "G1 Refine#1" [stack: 0x0000007de3c00000,0x0000007de3d00000] [id=12948]
  0x000002599311ec70 ConcurrentGCThread "G1 Service" [stack: 0x0000007de0600000,0x0000007de0700000] [id=14276]

Threads with active compile tasks:

VM state: at safepoint (normal execution)

VM Mutex/Monitor currently owned by a thread:  ([mutex/lock_event])
[0x0000025992ef6590] Threads_lock - owner thread: 0x00000259a23d2940
[0x000002599305b450] Heap_lock - owner thread: 0x00000259a46a69b0

Heap address: 0x0000000081e00000, size: 2018 MB, Compressed Oops mode: 32-bit

CDS archive(s) not mapped
Compressed class space mapped at: 0x0000000100000000-0x0000000140000000, reserved size: 1073741824
Narrow klass base: 0x0000000000000000, Narrow klass shift: 3, Narrow klass range: 0x140000000

GC Precious Log:
 CPUs: 8 total, 8 available
 Memory: 8067M
 Large Page Support: Disabled
 NUMA Support: Disabled
 Compressed Oops: Enabled (32-bit)
 Heap Region Size: 1M
 Heap Min Capacity: 8M
 Heap Initial Capacity: 128M
 Heap Max Capacity: 2018M
 Pre-touch: Disabled
 Parallel Workers: 8
 Concurrent Workers: 2
 Concurrent Refinement Workers: 8
 Periodic GC: Disabled

Heap:
 garbage-first heap   total 205824K, used 85695K [0x0000000081e00000, 0x0000000100000000)
  region size 1024K, 6 young (6144K), 6 survivors (6144K)
 Metaspace       used 38892K, committed 39232K, reserved 1089536K
  class space    used 4920K, committed 5120K, reserved 1048576K

Heap Regions: E=young(eden), S=young(survivor), O=old, HS=humongous(starts), HC=humongous(continues), CS=collection set, F=free, OA=open archive, CA=closed archive, TAMS=top-at-mark-start (previous, next)
|   0|0x0000000081e00000, 0x0000000081f00000, 0x0000000081f00000|100%| O|  |TAMS 0x0000000081f00000, 0x0000000081e00000| Untracked 
|   1|0x0000000081f00000, 0x0000000082000000, 0x0000000082000000|100%| O|  |TAMS 0x0000000082000000, 0x0000000081f00000| Untracked 
|   2|0x0000000082000000, 0x0000000082100000, 0x0000000082100000|100%| O|  |TAMS 0x0000000082100000, 0x0000000082000000| Untracked 
|   3|0x0000000082100000, 0x0000000082200000, 0x0000000082200000|100%| O|  |TAMS 0x0000000082200000, 0x0000000082100000| Untracked 
|   4|0x0000000082200000, 0x0000000082300000, 0x0000000082300000|100%| O|  |TAMS 0x0000000082300000, 0x0000000082200000| Untracked 
|   5|0x0000000082300000, 0x0000000082400000, 0x0000000082400000|100%| O|  |TAMS 0x0000000082400000, 0x0000000082300000| Untracked 
|   6|0x0000000082400000, 0x0000000082500000, 0x0000000082500000|100%| O|  |TAMS 0x0000000082500000, 0x0000000082400000| Untracked 
|   7|0x0000000082500000, 0x0000000082600000, 0x0000000082600000|100%| O|  |TAMS 0x0000000082600000, 0x0000000082500000| Untracked 
|   8|0x0000000082600000, 0x0000000082700000, 0x0000000082700000|100%| O|  |TAMS 0x0000000082600000, 0x0000000082600000| Untracked 
|   9|0x0000000082700000, 0x0000000082800000, 0x0000000082800000|100%| O|  |TAMS 0x0000000082800000, 0x0000000082700000| Untracked 
|  10|0x0000000082800000, 0x0000000082900000, 0x0000000082900000|100%| O|  |TAMS 0x0000000082900000, 0x0000000082800000| Untracked 
|  11|0x0000000082900000, 0x0000000082a00000, 0x0000000082a00000|100%| O|  |TAMS 0x0000000082a00000, 0x0000000082900000| Untracked 
|  12|0x0000000082a00000, 0x0000000082b00000, 0x0000000082b00000|100%| O|  |TAMS 0x0000000082b00000, 0x0000000082a00000| Untracked 
|  13|0x0000000082b00000, 0x0000000082c00000, 0x0000000082c00000|100%| O|  |TAMS 0x0000000082b00000, 0x0000000082b00000| Untracked 
|  14|0x0000000082c00000, 0x0000000082d00000, 0x0000000082d00000|100%| O|  |TAMS 0x0000000082c00000, 0x0000000082c00000| Untracked 
|  15|0x0000000082d00000, 0x0000000082e00000, 0x0000000082e00000|100%| O|  |TAMS 0x0000000082d00000, 0x0000000082d00000| Untracked 
|  16|0x0000000082e00000, 0x0000000082f00000, 0x0000000082f00000|100%| O|  |TAMS 0x0000000082e00000, 0x0000000082e00000| Untracked 
|  17|0x0000000082f00000, 0x0000000083000000, 0x0000000083000000|100%| O|  |TAMS 0x0000000082f00000, 0x0000000082f00000| Untracked 
|  18|0x0000000083000000, 0x0000000083100000, 0x0000000083100000|100%| O|  |TAMS 0x0000000083000000, 0x0000000083000000| Untracked 
|  19|0x0000000083100000, 0x0000000083200000, 0x0000000083200000|100%| O|  |TAMS 0x0000000083100000, 0x0000000083100000| Untracked 
|  20|0x0000000083200000, 0x0000000083300000, 0x0000000083300000|100%| O|  |TAMS 0x0000000083200000, 0x0000000083200000| Untracked 
|  21|0x0000000083300000, 0x0000000083400000, 0x0000000083400000|100%| O|  |TAMS 0x0000000083300000, 0x0000000083300000| Untracked 
|  22|0x0000000083400000, 0x0000000083500000, 0x0000000083500000|100%| O|  |TAMS 0x0000000083400000, 0x0000000083400000| Untracked 
|  23|0x0000000083500000, 0x0000000083600000, 0x0000000083600000|100%| O|  |TAMS 0x0000000083500000, 0x0000000083500000| Untracked 
|  24|0x0000000083600000, 0x0000000083700000, 0x0000000083700000|100%| O|  |TAMS 0x0000000083600000, 0x0000000083600000| Untracked 
|  25|0x0000000083700000, 0x0000000083800000, 0x0000000083800000|100%| O|  |TAMS 0x0000000083700000, 0x0000000083700000| Untracked 
|  26|0x0000000083800000, 0x0000000083900000, 0x0000000083900000|100%| O|  |TAMS 0x0000000083800000, 0x0000000083800000| Untracked 
|  27|0x0000000083900000, 0x0000000083a00000, 0x0000000083a00000|100%| O|  |TAMS 0x0000000083900000, 0x0000000083900000| Untracked 
|  28|0x0000000083a00000, 0x0000000083b00000, 0x0000000083b00000|100%| O|  |TAMS 0x0000000083a00000, 0x0000000083a00000| Untracked 
|  29|0x0000000083b00000, 0x0000000083c00000, 0x0000000083c00000|100%| O|  |TAMS 0x0000000083b00000, 0x0000000083b00000| Untracked 
|  30|0x0000000083c00000, 0x0000000083d00000, 0x0000000083d00000|100%| O|  |TAMS 0x0000000083c00000, 0x0000000083c00000| Untracked 
|  31|0x0000000083d00000, 0x0000000083e00000, 0x0000000083e00000|100%| O|  |TAMS 0x0000000083d00000, 0x0000000083d00000| Untracked 
|  32|0x0000000083e00000, 0x0000000083f00000, 0x0000000083f00000|100%| O|  |TAMS 0x0000000083e00000, 0x0000000083e00000| Untracked 
|  33|0x0000000083f00000, 0x0000000084000000, 0x0000000084000000|100%| O|  |TAMS 0x0000000083f00000, 0x0000000083f00000| Untracked 
|  34|0x0000000084000000, 0x0000000084100000, 0x0000000084100000|100%|HS|  |TAMS 0x0000000084000000, 0x0000000084000000| Complete 
|  35|0x0000000084100000, 0x0000000084200000, 0x0000000084200000|100%|HC|  |TAMS 0x0000000084100000, 0x0000000084100000| Complete 
|  36|0x0000000084200000, 0x0000000084300000, 0x0000000084300000|100%|HS|  |TAMS 0x0000000084200000, 0x0000000084200000| Complete 
|  37|0x0000000084300000, 0x0000000084400000, 0x0000000084400000|100%|HS|  |TAMS 0x0000000084300000, 0x0000000084300000| Complete 
|  38|0x0000000084400000, 0x0000000084500000, 0x0000000084500000|100%|HS|  |TAMS 0x0000000084400000, 0x0000000084400000| Complete 
|  39|0x0000000084500000, 0x0000000084600000, 0x0000000084600000|100%|HS|  |TAMS 0x0000000084500000, 0x0000000084500000| Complete 
|  40|0x0000000084600000, 0x0000000084700000, 0x0000000084700000|100%| O|  |TAMS 0x0000000084600000, 0x0000000084600000| Untracked 
|  41|0x0000000084700000, 0x0000000084800000, 0x0000000084800000|100%| O|  |TAMS 0x0000000084700000, 0x0000000084700000| Untracked 
|  42|0x0000000084800000, 0x0000000084900000, 0x0000000084900000|100%| O|  |TAMS 0x0000000084800000, 0x0000000084800000| Untracked 
|  43|0x0000000084900000, 0x0000000084a00000, 0x0000000084a00000|100%| O|  |TAMS 0x0000000084900000, 0x0000000084900000| Untracked 
|  44|0x0000000084a00000, 0x0000000084b00000, 0x0000000084b00000|100%| O|  |TAMS 0x0000000084a00000, 0x0000000084a00000| Untracked 
|  45|0x0000000084b00000, 0x0000000084c00000, 0x0000000084c00000|100%| O|  |TAMS 0x0000000084b00000, 0x0000000084b00000| Untracked 
|  46|0x0000000084c00000, 0x0000000084d00000, 0x0000000084d00000|100%| O|  |TAMS 0x0000000084c00000, 0x0000000084c00000| Untracked 
|  47|0x0000000084d00000, 0x0000000084e00000, 0x0000000084e00000|100%| O|  |TAMS 0x0000000084d00000, 0x0000000084d00000| Untracked 
|  48|0x0000000084e00000, 0x0000000084f00000, 0x0000000084f00000|100%| O|  |TAMS 0x0000000084e00000, 0x0000000084e00000| Untracked 
|  49|0x0000000084f00000, 0x0000000085000000, 0x0000000085000000|100%| O|  |TAMS 0x0000000084f00000, 0x0000000084f00000| Untracked 
|  50|0x0000000085000000, 0x0000000085100000, 0x0000000085100000|100%| O|  |TAMS 0x0000000085000000, 0x0000000085000000| Untracked 
|  51|0x0000000085100000, 0x0000000085200000, 0x0000000085200000|100%| O|  |TAMS 0x0000000085100000, 0x0000000085100000| Untracked 
|  52|0x0000000085200000, 0x0000000085300000, 0x0000000085300000|100%| O|  |TAMS 0x0000000085200000, 0x0000000085200000| Untracked 
|  53|0x0000000085300000, 0x0000000085400000, 0x0000000085400000|100%| O|  |TAMS 0x0000000085300000, 0x0000000085300000| Untracked 
|  54|0x0000000085400000, 0x0000000085500000, 0x0000000085500000|100%| O|  |TAMS 0x0000000085400000, 0x0000000085400000| Untracked 
|  55|0x0000000085500000, 0x0000000085600000, 0x0000000085600000|100%| O|  |TAMS 0x0000000085500000, 0x0000000085500000| Untracked 
|  56|0x0000000085600000, 0x0000000085700000, 0x0000000085700000|100%| O|  |TAMS 0x0000000085600000, 0x0000000085600000| Untracked 
|  57|0x0000000085700000, 0x0000000085800000, 0x0000000085800000|100%| O|  |TAMS 0x0000000085700000, 0x0000000085700000| Untracked 
|  58|0x0000000085800000, 0x0000000085900000, 0x0000000085900000|100%| O|  |TAMS 0x0000000085800000, 0x0000000085800000| Untracked 
|  59|0x0000000085900000, 0x0000000085a00000, 0x0000000085a00000|100%| O|  |TAMS 0x0000000085900000, 0x0000000085900000| Untracked 
|  60|0x0000000085a00000, 0x0000000085b00000, 0x0000000085b00000|100%| O|  |TAMS 0x0000000085a00000, 0x0000000085a00000| Untracked 
|  61|0x0000000085b00000, 0x0000000085c00000, 0x0000000085c00000|100%| O|  |TAMS 0x0000000085b00000, 0x0000000085b00000| Untracked 
|  62|0x0000000085c00000, 0x0000000085d00000, 0x0000000085d00000|100%| O|  |TAMS 0x0000000085c00000, 0x0000000085c00000| Untracked 
|  63|0x0000000085d00000, 0x0000000085e00000, 0x0000000085e00000|100%| O|  |TAMS 0x0000000085d00000, 0x0000000085d00000| Untracked 
|  64|0x0000000085e00000, 0x0000000085f00000, 0x0000000085f00000|100%| O|  |TAMS 0x0000000085e00000, 0x0000000085e00000| Untracked 
|  65|0x0000000085f00000, 0x0000000086000000, 0x0000000086000000|100%| O|  |TAMS 0x0000000085f00000, 0x0000000085f00000| Untracked 
|  66|0x0000000086000000, 0x0000000086100000, 0x0000000086100000|100%| O|  |TAMS 0x0000000086000000, 0x0000000086000000| Untracked 
|  67|0x0000000086100000, 0x0000000086200000, 0x0000000086200000|100%| O|  |TAMS 0x0000000086100000, 0x0000000086100000| Untracked 
|  68|0x0000000086200000, 0x0000000086300000, 0x0000000086300000|100%| O|  |TAMS 0x0000000086200000, 0x0000000086200000| Untracked 
|  69|0x0000000086300000, 0x0000000086400000, 0x0000000086400000|100%| O|  |TAMS 0x0000000086300000, 0x0000000086300000| Untracked 
|  70|0x0000000086400000, 0x0000000086500000, 0x0000000086500000|100%| O|  |TAMS 0x0000000086400000, 0x0000000086400000| Untracked 
|  71|0x0000000086500000, 0x0000000086600000, 0x0000000086600000|100%| O|  |TAMS 0x0000000086500000, 0x0000000086500000| Untracked 
|  72|0x0000000086600000, 0x0000000086700000, 0x0000000086700000|100%| O|  |TAMS 0x0000000086600000, 0x0000000086600000| Untracked 
|  73|0x0000000086700000, 0x0000000086800000, 0x0000000086800000|100%| O|  |TAMS 0x0000000086700000, 0x0000000086700000| Untracked 
|  74|0x0000000086800000, 0x0000000086900000, 0x0000000086900000|100%| O|  |TAMS 0x0000000086800000, 0x0000000086800000| Untracked 
|  75|0x0000000086900000, 0x0000000086a00000, 0x0000000086a00000|100%| O|  |TAMS 0x0000000086900000, 0x0000000086900000| Untracked 
|  76|0x0000000086a00000, 0x0000000086b00000, 0x0000000086b00000|100%| O|  |TAMS 0x0000000086a00000, 0x0000000086a00000| Untracked 
|  77|0x0000000086b00000, 0x0000000086c00000, 0x0000000086c00000|100%| O|  |TAMS 0x0000000086b00000, 0x0000000086b00000| Untracked 
|  78|0x0000000086c00000, 0x0000000086c92400, 0x0000000086d00000| 57%| O|  |TAMS 0x0000000086c00000, 0x0000000086c00000| Untracked 
|  79|0x0000000086d00000, 0x0000000086d00000, 0x0000000086e00000|  0%| F|  |TAMS 0x0000000086d00000, 0x0000000086d00000| Untracked 
|  80|0x0000000086e00000, 0x0000000086e00000, 0x0000000086f00000|  0%| F|  |TAMS 0x0000000086e00000, 0x0000000086e00000| Untracked 
|  81|0x0000000086f00000, 0x0000000086f00000, 0x0000000087000000|  0%| F|  |TAMS 0x0000000086f00000, 0x0000000086f00000| Untracked 
|  82|0x0000000087000000, 0x0000000087000000, 0x0000000087100000|  0%| F|  |TAMS 0x0000000087000000, 0x0000000087000000| Untracked 
|  83|0x0000000087100000, 0x0000000087100000, 0x0000000087200000|  0%| F|  |TAMS 0x0000000087100000, 0x0000000087100000| Untracked 
|  84|0x0000000087200000, 0x0000000087200000, 0x0000000087300000|  0%| F|  |TAMS 0x0000000087200000, 0x0000000087200000| Untracked 
|  85|0x0000000087300000, 0x0000000087300000, 0x0000000087400000|  0%| F|  |TAMS 0x0000000087300000, 0x0000000087300000| Untracked 
|  86|0x0000000087400000, 0x0000000087400000, 0x0000000087500000|  0%| F|  |TAMS 0x0000000087400000, 0x0000000087400000| Untracked 
|  87|0x0000000087500000, 0x0000000087500000, 0x0000000087600000|  0%| F|  |TAMS 0x0000000087500000, 0x0000000087500000| Untracked 
|  88|0x0000000087600000, 0x0000000087600000, 0x0000000087700000|  0%| F|  |TAMS 0x0000000087600000, 0x0000000087600000| Untracked 
|  89|0x0000000087700000, 0x0000000087700000, 0x0000000087800000|  0%| F|  |TAMS 0x0000000087700000, 0x0000000087700000| Untracked 
|  90|0x0000000087800000, 0x0000000087800000, 0x0000000087900000|  0%| F|  |TAMS 0x0000000087800000, 0x0000000087800000| Untracked 
|  91|0x0000000087900000, 0x0000000087900000, 0x0000000087a00000|  0%| F|  |TAMS 0x0000000087900000, 0x0000000087900000| Untracked 
|  92|0x0000000087a00000, 0x0000000087a00000, 0x0000000087b00000|  0%| F|  |TAMS 0x0000000087a00000, 0x0000000087a00000| Untracked 
|  93|0x0000000087b00000, 0x0000000087b00000, 0x0000000087c00000|  0%| F|  |TAMS 0x0000000087b00000, 0x0000000087b00000| Untracked 
|  94|0x0000000087c00000, 0x0000000087c00000, 0x0000000087d00000|  0%| F|  |TAMS 0x0000000087c00000, 0x0000000087c00000| Untracked 
|  95|0x0000000087d00000, 0x0000000087d00000, 0x0000000087e00000|  0%| F|  |TAMS 0x0000000087d00000, 0x0000000087d00000| Untracked 
|  96|0x0000000087e00000, 0x0000000087e00000, 0x0000000087f00000|  0%| F|  |TAMS 0x0000000087e00000, 0x0000000087e00000| Untracked 
|  97|0x0000000087f00000, 0x0000000087f00000, 0x0000000088000000|  0%| F|  |TAMS 0x0000000087f00000, 0x0000000087f00000| Untracked 
|  98|0x0000000088000000, 0x0000000088000000, 0x0000000088100000|  0%| F|  |TAMS 0x0000000088000000, 0x0000000088000000| Untracked 
|  99|0x0000000088100000, 0x0000000088100000, 0x0000000088200000|  0%| F|  |TAMS 0x0000000088100000, 0x0000000088100000| Untracked 
| 100|0x0000000088200000, 0x0000000088200000, 0x0000000088300000|  0%| F|  |TAMS 0x0000000088200000, 0x0000000088200000| Untracked 
| 101|0x0000000088300000, 0x0000000088300000, 0x0000000088400000|  0%| F|  |TAMS 0x0000000088300000, 0x0000000088300000| Untracked 
| 102|0x0000000088400000, 0x0000000088400000, 0x0000000088500000|  0%| F|  |TAMS 0x0000000088400000, 0x0000000088400000| Untracked 
| 103|0x0000000088500000, 0x0000000088500000, 0x0000000088600000|  0%| F|  |TAMS 0x0000000088500000, 0x0000000088500000| Untracked 
| 104|0x0000000088600000, 0x0000000088600000, 0x0000000088700000|  0%| F|  |TAMS 0x0000000088600000, 0x0000000088600000| Untracked 
| 105|0x0000000088700000, 0x0000000088700000, 0x0000000088800000|  0%| F|  |TAMS 0x0000000088700000, 0x0000000088700000| Untracked 
| 106|0x0000000088800000, 0x0000000088800000, 0x0000000088900000|  0%| F|  |TAMS 0x0000000088800000, 0x0000000088800000| Untracked 
| 107|0x0000000088900000, 0x0000000088900000, 0x0000000088a00000|  0%| F|  |TAMS 0x0000000088900000, 0x0000000088900000| Untracked 
| 108|0x0000000088a00000, 0x0000000088a00000, 0x0000000088b00000|  0%| F|  |TAMS 0x0000000088a00000, 0x0000000088a00000| Untracked 
| 109|0x0000000088b00000, 0x0000000088b00000, 0x0000000088c00000|  0%| F|  |TAMS 0x0000000088b00000, 0x0000000088b00000| Untracked 
| 110|0x0000000088c00000, 0x0000000088c00000, 0x0000000088d00000|  0%| F|  |TAMS 0x0000000088c00000, 0x0000000088c00000| Untracked 
| 111|0x0000000088d00000, 0x0000000088d00000, 0x0000000088e00000|  0%| F|  |TAMS 0x0000000088d00000, 0x0000000088d00000| Untracked 
| 112|0x0000000088e00000, 0x0000000088e00000, 0x0000000088f00000|  0%| F|  |TAMS 0x0000000088e00000, 0x0000000088e00000| Untracked 
| 113|0x0000000088f00000, 0x0000000088f00000, 0x0000000089000000|  0%| F|  |TAMS 0x0000000088f00000, 0x0000000088f00000| Untracked 
| 114|0x0000000089000000, 0x0000000089000000, 0x0000000089100000|  0%| F|  |TAMS 0x0000000089000000, 0x0000000089000000| Untracked 
| 115|0x0000000089100000, 0x0000000089100000, 0x0000000089200000|  0%| F|  |TAMS 0x0000000089100000, 0x0000000089100000| Untracked 
| 116|0x0000000089200000, 0x0000000089200000, 0x0000000089300000|  0%| F|  |TAMS 0x0000000089200000, 0x0000000089200000| Untracked 
| 117|0x0000000089300000, 0x0000000089300000, 0x0000000089400000|  0%| F|  |TAMS 0x0000000089300000, 0x0000000089300000| Untracked 
| 118|0x0000000089400000, 0x0000000089400000, 0x0000000089500000|  0%| F|  |TAMS 0x0000000089400000, 0x0000000089400000| Untracked 
| 119|0x0000000089500000, 0x0000000089500000, 0x0000000089600000|  0%| F|  |TAMS 0x0000000089500000, 0x0000000089500000| Untracked 
| 120|0x0000000089600000, 0x0000000089600000, 0x0000000089700000|  0%| F|  |TAMS 0x0000000089600000, 0x0000000089600000| Untracked 
| 121|0x0000000089700000, 0x0000000089700000, 0x0000000089800000|  0%| F|  |TAMS 0x0000000089700000, 0x0000000089700000| Untracked 
| 122|0x0000000089800000, 0x0000000089800000, 0x0000000089900000|  0%| F|  |TAMS 0x0000000089800000, 0x0000000089800000| Untracked 
| 123|0x0000000089900000, 0x0000000089900000, 0x0000000089a00000|  0%| F|  |TAMS 0x0000000089900000, 0x0000000089900000| Untracked 
| 124|0x0000000089a00000, 0x0000000089a1d810, 0x0000000089b00000| 11%| S|CS|TAMS 0x0000000089a00000, 0x0000000089a00000| Complete 
| 125|0x0000000089b00000, 0x0000000089c00000, 0x0000000089c00000|100%| S|CS|TAMS 0x0000000089b00000, 0x0000000089b00000| Complete 
| 126|0x0000000089c00000, 0x0000000089d00000, 0x0000000089d00000|100%| S|CS|TAMS 0x0000000089c00000, 0x0000000089c00000| Complete 
| 127|0x0000000089d00000, 0x0000000089e00000, 0x0000000089e00000|100%| S|CS|TAMS 0x0000000089d00000, 0x0000000089d00000| Complete 
| 128|0x0000000089e00000, 0x0000000089f00000, 0x0000000089f00000|100%| S|CS|TAMS 0x0000000089e00000, 0x0000000089e00000| Complete 
| 129|0x0000000089f00000, 0x000000008a000000, 0x000000008a000000|100%| S|CS|TAMS 0x0000000089f00000, 0x0000000089f00000| Complete 
| 130|0x000000008a000000, 0x000000008a000000, 0x000000008a100000|  0%| F|  |TAMS 0x000000008a000000, 0x000000008a000000| Untracked 
| 131|0x000000008a100000, 0x000000008a100000, 0x000000008a200000|  0%| F|  |TAMS 0x000000008a100000, 0x000000008a100000| Untracked 
| 132|0x000000008a200000, 0x000000008a200000, 0x000000008a300000|  0%| F|  |TAMS 0x000000008a200000, 0x000000008a200000| Untracked 
| 133|0x000000008a300000, 0x000000008a300000, 0x000000008a400000|  0%| F|  |TAMS 0x000000008a300000, 0x000000008a300000| Untracked 
| 134|0x000000008a400000, 0x000000008a400000, 0x000000008a500000|  0%| F|  |TAMS 0x000000008a400000, 0x000000008a400000| Untracked 
| 135|0x000000008a500000, 0x000000008a500000, 0x000000008a600000|  0%| F|  |TAMS 0x000000008a500000, 0x000000008a500000| Untracked 
| 136|0x000000008a600000, 0x000000008a600000, 0x000000008a700000|  0%| F|  |TAMS 0x000000008a600000, 0x000000008a600000| Untracked 
| 137|0x000000008a700000, 0x000000008a700000, 0x000000008a800000|  0%| F|  |TAMS 0x000000008a700000, 0x000000008a700000| Untracked 
| 138|0x000000008a800000, 0x000000008a800000, 0x000000008a900000|  0%| F|  |TAMS 0x000000008a800000, 0x000000008a800000| Untracked 
| 139|0x000000008a900000, 0x000000008a900000, 0x000000008aa00000|  0%| F|  |TAMS 0x000000008a900000, 0x000000008a900000| Untracked 
| 140|0x000000008aa00000, 0x000000008aa00000, 0x000000008ab00000|  0%| F|  |TAMS 0x000000008aa00000, 0x000000008aa00000| Untracked 
| 141|0x000000008ab00000, 0x000000008ab00000, 0x000000008ac00000|  0%| F|  |TAMS 0x000000008ab00000, 0x000000008ab00000| Untracked 
| 142|0x000000008ac00000, 0x000000008ac00000, 0x000000008ad00000|  0%| F|  |TAMS 0x000000008ac00000, 0x000000008ac00000| Untracked 
| 143|0x000000008ad00000, 0x000000008ad00000, 0x000000008ae00000|  0%| F|  |TAMS 0x000000008ad00000, 0x000000008ad00000| Untracked 
| 144|0x000000008ae00000, 0x000000008ae00000, 0x000000008af00000|  0%| F|  |TAMS 0x000000008ae00000, 0x000000008ae00000| Untracked 
| 145|0x000000008af00000, 0x000000008af00000, 0x000000008b000000|  0%| F|  |TAMS 0x000000008af00000, 0x000000008af00000| Untracked 
| 146|0x000000008b000000, 0x000000008b000000, 0x000000008b100000|  0%| F|  |TAMS 0x000000008b000000, 0x000000008b000000| Untracked 
| 147|0x000000008b100000, 0x000000008b100000, 0x000000008b200000|  0%| F|  |TAMS 0x000000008b100000, 0x000000008b100000| Untracked 
| 148|0x000000008b200000, 0x000000008b200000, 0x000000008b300000|  0%| F|  |TAMS 0x000000008b200000, 0x000000008b200000| Untracked 
| 149|0x000000008b300000, 0x000000008b300000, 0x000000008b400000|  0%| F|  |TAMS 0x000000008b300000, 0x000000008b300000| Untracked 
| 150|0x000000008b400000, 0x000000008b400000, 0x000000008b500000|  0%| F|  |TAMS 0x000000008b400000, 0x000000008b400000| Untracked 
| 151|0x000000008b500000, 0x000000008b500000, 0x000000008b600000|  0%| F|  |TAMS 0x000000008b500000, 0x000000008b500000| Untracked 
| 152|0x000000008b600000, 0x000000008b600000, 0x000000008b700000|  0%| F|  |TAMS 0x000000008b600000, 0x000000008b600000| Untracked 
| 153|0x000000008b700000, 0x000000008b700000, 0x000000008b800000|  0%| F|  |TAMS 0x000000008b700000, 0x000000008b700000| Untracked 
| 154|0x000000008b800000, 0x000000008b800000, 0x000000008b900000|  0%| F|  |TAMS 0x000000008b800000, 0x000000008b800000| Untracked 
| 155|0x000000008b900000, 0x000000008b900000, 0x000000008ba00000|  0%| F|  |TAMS 0x000000008b900000, 0x000000008b900000| Untracked 
| 156|0x000000008ba00000, 0x000000008ba00000, 0x000000008bb00000|  0%| F|  |TAMS 0x000000008ba00000, 0x000000008ba00000| Untracked 
| 157|0x000000008bb00000, 0x000000008bb00000, 0x000000008bc00000|  0%| F|  |TAMS 0x000000008bb00000, 0x000000008bb00000| Untracked 
| 158|0x000000008bc00000, 0x000000008bc00000, 0x000000008bd00000|  0%| F|  |TAMS 0x000000008bc00000, 0x000000008bc00000| Untracked 
| 159|0x000000008bd00000, 0x000000008bd00000, 0x000000008be00000|  0%| F|  |TAMS 0x000000008bd00000, 0x000000008bd00000| Untracked 
| 160|0x000000008be00000, 0x000000008be00000, 0x000000008bf00000|  0%| F|  |TAMS 0x000000008be00000, 0x000000008be00000| Untracked 
| 161|0x000000008bf00000, 0x000000008bf00000, 0x000000008c000000|  0%| F|  |TAMS 0x000000008bf00000, 0x000000008bf00000| Untracked 
| 162|0x000000008c000000, 0x000000008c000000, 0x000000008c100000|  0%| F|  |TAMS 0x000000008c000000, 0x000000008c000000| Untracked 
| 163|0x000000008c100000, 0x000000008c100000, 0x000000008c200000|  0%| F|  |TAMS 0x000000008c100000, 0x000000008c100000| Untracked 
| 164|0x000000008c200000, 0x000000008c200000, 0x000000008c300000|  0%| F|  |TAMS 0x000000008c200000, 0x000000008c200000| Untracked 
| 165|0x000000008c300000, 0x000000008c300000, 0x000000008c400000|  0%| F|  |TAMS 0x000000008c300000, 0x000000008c300000| Untracked 
| 166|0x000000008c400000, 0x000000008c400000, 0x000000008c500000|  0%| F|  |TAMS 0x000000008c400000, 0x000000008c400000| Untracked 
| 167|0x000000008c500000, 0x000000008c500000, 0x000000008c600000|  0%| F|  |TAMS 0x000000008c500000, 0x000000008c500000| Untracked 
| 168|0x000000008c600000, 0x000000008c600000, 0x000000008c700000|  0%| F|  |TAMS 0x000000008c600000, 0x000000008c600000| Untracked 
| 169|0x000000008c700000, 0x000000008c700000, 0x000000008c800000|  0%| F|  |TAMS 0x000000008c700000, 0x000000008c700000| Untracked 
| 170|0x000000008c800000, 0x000000008c800000, 0x000000008c900000|  0%| F|  |TAMS 0x000000008c800000, 0x000000008c800000| Untracked 
| 171|0x000000008c900000, 0x000000008c900000, 0x000000008ca00000|  0%| F|  |TAMS 0x000000008c900000, 0x000000008c900000| Untracked 
| 172|0x000000008ca00000, 0x000000008ca00000, 0x000000008cb00000|  0%| F|  |TAMS 0x000000008ca00000, 0x000000008ca00000| Untracked 
| 173|0x000000008cb00000, 0x000000008cb00000, 0x000000008cc00000|  0%| F|  |TAMS 0x000000008cb00000, 0x000000008cb00000| Untracked 
| 174|0x000000008cc00000, 0x000000008cc00000, 0x000000008cd00000|  0%| F|  |TAMS 0x000000008cc00000, 0x000000008cc00000| Untracked 
| 175|0x000000008cd00000, 0x000000008cd00000, 0x000000008ce00000|  0%| F|  |TAMS 0x000000008cd00000, 0x000000008cd00000| Untracked 
| 176|0x000000008ce00000, 0x000000008ce00000, 0x000000008cf00000|  0%| F|  |TAMS 0x000000008ce00000, 0x000000008ce00000| Untracked 
| 177|0x000000008cf00000, 0x000000008cf00000, 0x000000008d000000|  0%| F|  |TAMS 0x000000008cf00000, 0x000000008cf00000| Untracked 
| 178|0x000000008d000000, 0x000000008d000000, 0x000000008d100000|  0%| F|  |TAMS 0x000000008d000000, 0x000000008d000000| Untracked 
| 179|0x000000008d100000, 0x000000008d100000, 0x000000008d200000|  0%| F|  |TAMS 0x000000008d100000, 0x000000008d100000| Untracked 
| 180|0x000000008d200000, 0x000000008d200000, 0x000000008d300000|  0%| F|  |TAMS 0x000000008d200000, 0x000000008d200000| Untracked 
| 181|0x000000008d300000, 0x000000008d300000, 0x000000008d400000|  0%| F|  |TAMS 0x000000008d300000, 0x000000008d300000| Untracked 
| 182|0x000000008d400000, 0x000000008d400000, 0x000000008d500000|  0%| F|  |TAMS 0x000000008d400000, 0x000000008d400000| Untracked 
| 183|0x000000008d500000, 0x000000008d500000, 0x000000008d600000|  0%| F|  |TAMS 0x000000008d500000, 0x000000008d500000| Untracked 
| 184|0x000000008d600000, 0x000000008d600000, 0x000000008d700000|  0%| F|  |TAMS 0x000000008d600000, 0x000000008d600000| Untracked 
| 185|0x000000008d700000, 0x000000008d700000, 0x000000008d800000|  0%| F|  |TAMS 0x000000008d700000, 0x000000008d700000| Untracked 
| 186|0x000000008d800000, 0x000000008d800000, 0x000000008d900000|  0%| F|  |TAMS 0x000000008d800000, 0x000000008d800000| Untracked 
| 187|0x000000008d900000, 0x000000008d900000, 0x000000008da00000|  0%| F|  |TAMS 0x000000008d900000, 0x000000008d900000| Untracked 
| 188|0x000000008da00000, 0x000000008da00000, 0x000000008db00000|  0%| F|  |TAMS 0x000000008da00000, 0x000000008da00000| Untracked 
| 189|0x000000008db00000, 0x000000008db00000, 0x000000008dc00000|  0%| F|  |TAMS 0x000000008db00000, 0x000000008db00000| Untracked 
| 190|0x000000008dc00000, 0x000000008dc00000, 0x000000008dd00000|  0%| F|  |TAMS 0x000000008dc00000, 0x000000008dc00000| Untracked 
| 191|0x000000008dd00000, 0x000000008dd00000, 0x000000008de00000|  0%| F|  |TAMS 0x000000008dd00000, 0x000000008dd00000| Untracked 
| 192|0x000000008de00000, 0x000000008de00000, 0x000000008df00000|  0%| F|  |TAMS 0x000000008de00000, 0x000000008de00000| Untracked 
| 193|0x000000008df00000, 0x000000008df00000, 0x000000008e000000|  0%| F|  |TAMS 0x000000008df00000, 0x000000008df00000| Untracked 
| 194|0x000000008e000000, 0x000000008e000000, 0x000000008e100000|  0%| F|  |TAMS 0x000000008e000000, 0x000000008e000000| Untracked 
| 195|0x000000008e100000, 0x000000008e100000, 0x000000008e200000|  0%| F|  |TAMS 0x000000008e100000, 0x000000008e100000| Untracked 
| 196|0x000000008e200000, 0x000000008e200000, 0x000000008e300000|  0%| F|  |TAMS 0x000000008e200000, 0x000000008e200000| Untracked 
| 197|0x000000008e300000, 0x000000008e300000, 0x000000008e400000|  0%| F|  |TAMS 0x000000008e300000, 0x000000008e300000| Untracked 
| 198|0x000000008e400000, 0x000000008e400000, 0x000000008e500000|  0%| F|  |TAMS 0x000000008e400000, 0x000000008e400000| Untracked 
| 199|0x000000008e500000, 0x000000008e500000, 0x000000008e600000|  0%| F|  |TAMS 0x000000008e500000, 0x000000008e500000| Untracked 
| 200|0x000000008e600000, 0x000000008e600000, 0x000000008e700000|  0%| F|  |TAMS 0x000000008e600000, 0x000000008e600000| Untracked 

Card table byte_map: [0x000002599b1c0000,0x000002599b5c0000] _byte_map_base: 0x000002599adb1000

Marking Bits (Prev, Next): (CMBitMap*) 0x00000259930bbe20, (CMBitMap*) 0x00000259930bbe60
 Prev Bits: [0x000002599b9c0000, 0x000002599d948000)
 Next Bits: [0x000002599d950000, 0x000002599f8d8000)

Polling page: 0x0000025993120000

Metaspace:

Usage:
  Non-class:     33.18 MB used.
      Class:      4.81 MB used.
       Both:     37.98 MB used.

Virtual space:
  Non-class space:       40.00 MB reserved,      33.31 MB ( 83%) committed,  5 nodes.
      Class space:        1.00 GB reserved,       5.00 MB ( <1%) committed,  1 nodes.
             Both:        1.04 GB reserved,      38.31 MB (  4%) committed. 

Chunk freelists:
   Non-Class:  1.75 MB
       Class:  2.92 MB
        Both:  4.67 MB

MaxMetaspaceSize: unlimited
CompressedClassSpaceSize: 1.00 GB
Initial GC threshold: 21.00 MB
Current GC threshold: 59.06 MB
CDS: off
MetaspaceReclaimPolicy: balanced
 - commit_granule_bytes: 65536.
 - commit_granule_words: 8192.
 - virtual_space_node_default_size: 1048576.
 - enlarge_chunks_in_place: 1.
 - new_chunks_are_fully_committed: 0.
 - uncommit_free_chunks: 1.
 - use_allocation_guard: 0.
 - handle_deallocations: 1.


Internal statistics:

num_allocs_failed_limit: 8.
num_arena_births: 368.
num_arena_deaths: 0.
num_vsnodes_births: 6.
num_vsnodes_deaths: 0.
num_space_committed: 613.
num_space_uncommitted: 0.
num_chunks_returned_to_freelist: 8.
num_chunks_taken_from_freelist: 1497.
num_chunk_merges: 8.
num_chunk_splits: 1038.
num_chunks_enlarged: 806.
num_purges: 0.
num_inconsistent_stats: 0.

CodeCache: size=49152Kb used=9565Kb max_used=9565Kb free=39586Kb
 bounds [0x00000259974e0000, 0x0000025997e40000, 0x000002599a4e0000]
 total_blobs=4514 nmethods=3979 adapters=459
 compilation: enabled
              stopped_count=0, restarted_count=0
 full_count=0

Compilation events (20 events):
Event: 4.587 Thread 0x00000259a23f5ae0 nmethod 3948 0x0000025997e2f990 code [0x0000025997e2fc40, 0x0000025997e306f8]
Event: 4.591 Thread 0x00000259a388c670 nmethod 3963 0x0000025997e31010 code [0x0000025997e315e0, 0x0000025997e33618]
Event: 4.591 Thread 0x00000259a388c670 3972       1       sun.security.provider.MD5::GG (33 bytes)
Event: 4.591 Thread 0x00000259a2e253c0 3971       1       sun.security.provider.MD5::FF (33 bytes)
Event: 4.591 Thread 0x00000259a3aa65a0 3973       1       sun.security.provider.MD5::HH (29 bytes)
Event: 4.591 Thread 0x00000259a23f5ae0 3974       1       sun.security.provider.MD5::II (31 bytes)
Event: 4.591 Thread 0x00000259a2e253c0 nmethod 3971 0x0000025997e34b10 code [0x0000025997e34ca0, 0x0000025997e34d78]
Event: 4.591 Thread 0x00000259a23f5ae0 nmethod 3974 0x0000025997e34e10 code [0x0000025997e34fa0, 0x0000025997e35078]
Event: 4.591 Thread 0x00000259a2e253c0 3975       1       java.lang.StringBuffer::<init> (7 bytes)
Event: 4.591 Thread 0x00000259a3aa65a0 nmethod 3973 0x0000025997e35110 code [0x0000025997e352a0, 0x0000025997e35378]
Event: 4.591 Thread 0x00000259a388c670 nmethod 3972 0x0000025997e35410 code [0x0000025997e355a0, 0x0000025997e35678]
Event: 4.592 Thread 0x00000259a2e253c0 nmethod 3975 0x0000025997e35710 code [0x0000025997e358a0, 0x0000025997e35988]
Event: 4.603 Thread 0x00000259a2e253c0 3976       1       com.google.gson.internal.LinkedTreeMap::rotateRight (118 bytes)
Event: 4.606 Thread 0x00000259a3aa65a0 3977   !   1       com.google.gson.internal.bind.ReflectiveTypeAdapterFactory$Adapter::read (112 bytes)
Event: 4.610 Thread 0x00000259a388c670 3978       1       java.util.stream.Nodes$SpinedNodeBuilder::accept (29 bytes)
Event: 4.611 Thread 0x00000259a23f5ae0 3979       1       org.eclipse.jdt.internal.compiler.impl.CompilerOptions::getSeverityString (49 bytes)
Event: 4.611 Thread 0x00000259a2e253c0 nmethod 3976 0x0000025997e35d90 code [0x0000025997e35f40, 0x0000025997e36268]
Event: 4.612 Thread 0x00000259a388c670 nmethod 3978 0x0000025997e36e90 code [0x0000025997e37020, 0x0000025997e37108]
Event: 4.613 Thread 0x00000259a3aa65a0 nmethod 3977 0x0000025997e36410 code [0x0000025997e36660, 0x0000025997e36af8]
Event: 4.619 Thread 0x00000259a23f5ae0 nmethod 3979 0x0000025997e37190 code [0x0000025997e37360, 0x0000025997e375d8]

GC Heap History (20 events):
Event: 2.679 GC heap after
{Heap after GC invocations=7 (full 0):
 garbage-first heap   total 79872K, used 15334K [0x0000000081e00000, 0x0000000100000000)
  region size 1024K, 3 young (3072K), 3 survivors (3072K)
 Metaspace       used 28458K, committed 28736K, reserved 1081344K
  class space    used 3563K, committed 3712K, reserved 1048576K
}
Event: 3.713 GC heap before
{Heap before GC invocations=7 (full 0):
 garbage-first heap   total 79872K, used 57318K [0x0000000081e00000, 0x0000000100000000)
  region size 1024K, 44 young (45056K), 3 survivors (3072K)
 Metaspace       used 35523K, committed 35840K, reserved 1081344K
  class space    used 4603K, committed 4736K, reserved 1048576K
}
Event: 3.719 GC heap after
{Heap after GC invocations=8 (full 0):
 garbage-first heap   total 79872K, used 18992K [0x0000000081e00000, 0x0000000100000000)
  region size 1024K, 6 young (6144K), 6 survivors (6144K)
 Metaspace       used 35523K, committed 35840K, reserved 1081344K
  class space    used 4603K, committed 4736K, reserved 1048576K
}
Event: 3.779 GC heap before
{Heap before GC invocations=8 (full 0):
 garbage-first heap   total 79872K, used 32304K [0x0000000081e00000, 0x0000000100000000)
  region size 1024K, 20 young (20480K), 6 survivors (6144K)
 Metaspace       used 35832K, committed 36160K, reserved 1081344K
  class space    used 4646K, committed 4800K, reserved 1048576K
}
Event: 3.787 GC heap after
{Heap after GC invocations=9 (full 0):
 garbage-first heap   total 79872K, used 21822K [0x0000000081e00000, 0x0000000100000000)
  region size 1024K, 3 young (3072K), 3 survivors (3072K)
 Metaspace       used 35832K, committed 36160K, reserved 1081344K
  class space    used 4646K, committed 4800K, reserved 1048576K
}
Event: 3.950 GC heap before
{Heap before GC invocations=10 (full 0):
 garbage-first heap   total 79872K, used 55614K [0x0000000081e00000, 0x0000000100000000)
  region size 1024K, 37 young (37888K), 3 survivors (3072K)
 Metaspace       used 36406K, committed 36800K, reserved 1081344K
  class space    used 4682K, committed 4864K, reserved 1048576K
}
Event: 3.956 GC heap after
{Heap after GC invocations=11 (full 0):
 garbage-first heap   total 79872K, used 27847K [0x0000000081e00000, 0x0000000100000000)
  region size 1024K, 5 young (5120K), 5 survivors (5120K)
 Metaspace       used 36406K, committed 36800K, reserved 1081344K
  class space    used 4682K, committed 4864K, reserved 1048576K
}
Event: 3.957 GC heap before
{Heap before GC invocations=11 (full 0):
 garbage-first heap   total 79872K, used 27847K [0x0000000081e00000, 0x0000000100000000)
  region size 1024K, 6 young (6144K), 5 survivors (5120K)
 Metaspace       used 36406K, committed 36800K, reserved 1081344K
  class space    used 4682K, committed 4864K, reserved 1048576K
}
Event: 3.961 GC heap after
{Heap after GC invocations=12 (full 0):
 garbage-first heap   total 79872K, used 29048K [0x0000000081e00000, 0x0000000100000000)
  region size 1024K, 1 young (1024K), 1 survivors (1024K)
 Metaspace       used 36406K, committed 36800K, reserved 1081344K
  class space    used 4682K, committed 4864K, reserved 1048576K
}
Event: 4.042 GC heap before
{Heap before GC invocations=12 (full 0):
 garbage-first heap   total 79872K, used 56696K [0x0000000081e00000, 0x0000000100000000)
  region size 1024K, 29 young (29696K), 1 survivors (1024K)
 Metaspace       used 37347K, committed 37696K, reserved 1081344K
  class space    used 4777K, committed 4928K, reserved 1048576K
}
Event: 4.048 GC heap after
{Heap after GC invocations=13 (full 0):
 garbage-first heap   total 79872K, used 33164K [0x0000000081e00000, 0x0000000100000000)
  region size 1024K, 4 young (4096K), 4 survivors (4096K)
 Metaspace       used 37347K, committed 37696K, reserved 1081344K
  class space    used 4777K, committed 4928K, reserved 1048576K
}
Event: 4.108 GC heap before
{Heap before GC invocations=13 (full 0):
 garbage-first heap   total 79872K, used 57740K [0x0000000081e00000, 0x0000000100000000)
  region size 1024K, 29 young (29696K), 4 survivors (4096K)
 Metaspace       used 38032K, committed 38336K, reserved 1089536K
  class space    used 4805K, committed 4928K, reserved 1048576K
}
Event: 4.114 GC heap after
{Heap after GC invocations=14 (full 0):
 garbage-first heap   total 205824K, used 38643K [0x0000000081e00000, 0x0000000100000000)
  region size 1024K, 4 young (4096K), 4 survivors (4096K)
 Metaspace       used 38032K, committed 38336K, reserved 1089536K
  class space    used 4805K, committed 4928K, reserved 1048576K
}
Event: 4.476 GC heap before
{Heap before GC invocations=14 (full 0):
 garbage-first heap   total 205824K, used 145139K [0x0000000081e00000, 0x0000000100000000)
  region size 1024K, 103 young (105472K), 4 survivors (4096K)
 Metaspace       used 38590K, committed 38912K, reserved 1089536K
  class space    used 4893K, committed 5056K, reserved 1048576K
}
Event: 4.516 GC heap after
{Heap after GC invocations=15 (full 0):
 garbage-first heap   total 205824K, used 76519K [0x0000000081e00000, 0x0000000100000000)
  region size 1024K, 13 young (13312K), 13 survivors (13312K)
 Metaspace       used 38590K, committed 38912K, reserved 1089536K
  class space    used 4893K, committed 5056K, reserved 1048576K
}
Event: 4.555 GC heap before
{Heap before GC invocations=15 (full 0):
 garbage-first heap   total 205824K, used 130791K [0x0000000081e00000, 0x0000000100000000)
  region size 1024K, 67 young (68608K), 13 survivors (13312K)
 Metaspace       used 38674K, committed 39040K, reserved 1089536K
  class space    used 4898K, committed 5056K, reserved 1048576K
}
Event: 4.564 GC heap after
{Heap after GC invocations=16 (full 0):
 garbage-first heap   total 205824K, used 81635K [0x0000000081e00000, 0x0000000100000000)
  region size 1024K, 4 young (4096K), 4 survivors (4096K)
 Metaspace       used 38674K, committed 39040K, reserved 1089536K
  class space    used 4898K, committed 5056K, reserved 1048576K
}
Event: 4.587 GC heap before
{Heap before GC invocations=16 (full 0):
 garbage-first heap   total 205824K, used 140003K [0x0000000081e00000, 0x0000000100000000)
  region size 1024K, 63 young (64512K), 4 survivors (4096K)
 Metaspace       used 38705K, committed 39104K, reserved 1089536K
  class space    used 4906K, committed 5120K, reserved 1048576K
}
Event: 4.591 GC heap after
{Heap after GC invocations=17 (full 0):
 garbage-first heap   total 205824K, used 83159K [0x0000000081e00000, 0x0000000100000000)
  region size 1024K, 6 young (6144K), 6 survivors (6144K)
 Metaspace       used 38705K, committed 39104K, reserved 1089536K
  class space    used 4906K, committed 5120K, reserved 1048576K
}
Event: 4.620 GC heap before
{Heap before GC invocations=17 (full 0):
 garbage-first heap   total 205824K, used 148695K [0x0000000081e00000, 0x0000000100000000)
  region size 1024K, 71 young (72704K), 6 survivors (6144K)
 Metaspace       used 38892K, committed 39232K, reserved 1089536K
  class space    used 4920K, committed 5120K, reserved 1048576K
}

Dll operation events (8 events):
Event: 0.016 Loaded shared library c:\Users\lcarv\.vscode\extensions\redhat.java-1.13.0-win32-x64\jre\17.0.5-win32-x86_64\bin\java.dll
Event: 0.288 Loaded shared library C:\Users\lcarv\.vscode\extensions\redhat.java-1.13.0-win32-x64\jre\17.0.5-win32-x86_64\bin\net.dll
Event: 0.290 Loaded shared library C:\Users\lcarv\.vscode\extensions\redhat.java-1.13.0-win32-x64\jre\17.0.5-win32-x86_64\bin\nio.dll
Event: 0.299 Loaded shared library C:\Users\lcarv\.vscode\extensions\redhat.java-1.13.0-win32-x64\jre\17.0.5-win32-x86_64\bin\zip.dll
Event: 0.705 Loaded shared library c:\Users\lcarv\.vscode\extensions\redhat.java-1.13.0-win32-x64\jre\17.0.5-win32-x86_64\bin\verify.dll
Event: 0.714 Loaded shared library C:\Users\lcarv\.vscode\extensions\redhat.java-1.13.0-win32-x64\jre\17.0.5-win32-x86_64\bin\jimage.dll
Event: 1.649 Loaded shared library C:\Users\lcarv\.vscode\extensions\redhat.java-1.13.0-win32-x64\jre\17.0.5-win32-x86_64\bin\management.dll
Event: 1.652 Loaded shared library C:\Users\lcarv\.vscode\extensions\redhat.java-1.13.0-win32-x64\jre\17.0.5-win32-x86_64\bin\management_ext.dll

Deoptimization events (12 events):
Event: 1.818 Thread 0x000002599305e6a0 DEOPT PACKING pc=0x0000025997a40719 sp=0x0000007de01fd020
Event: 1.818 Thread 0x000002599305e6a0 DEOPT UNPACKING pc=0x0000025997532b43 sp=0x0000007de01fc500 mode 3
Event: 3.096 Thread 0x000002599305e6a0 DEOPT PACKING pc=0x0000025997bbd619 sp=0x0000007de01fc400
Event: 3.096 Thread 0x000002599305e6a0 DEOPT UNPACKING pc=0x0000025997532b43 sp=0x0000007de01fb8e0 mode 3
Event: 3.526 Thread 0x00000259a44e8810 DEOPT PACKING pc=0x0000025997c75135 sp=0x0000007de22fd3c0
Event: 3.526 Thread 0x00000259a44e8810 DEOPT UNPACKING pc=0x0000025997532b43 sp=0x0000007de22fc8e8 mode 3
Event: 3.681 Thread 0x00000259a4526960 DEOPT PACKING pc=0x0000025997c93bab sp=0x0000007de25fe890
Event: 3.681 Thread 0x00000259a4526960 DEOPT UNPACKING pc=0x0000025997532b43 sp=0x0000007de25fddd8 mode 3
Event: 3.722 Thread 0x00000259a4471aa0 DEOPT PACKING pc=0x0000025997a3e001 sp=0x0000007de21fd790
Event: 3.722 Thread 0x00000259a4471aa0 DEOPT UNPACKING pc=0x0000025997532b43 sp=0x0000007de21fcc20 mode 3
Event: 4.340 Thread 0x00000259a46ab1e0 DEOPT PACKING pc=0x0000025997a3bb17 sp=0x0000007de2cff340
Event: 4.340 Thread 0x00000259a46ab1e0 DEOPT UNPACKING pc=0x0000025997532b43 sp=0x0000007de2cfe798 mode 3

Classes unloaded (0 events):
No events

Classes redefined (0 events):
No events

Internal exceptions (20 events):
Event: 3.723 Thread 0x00000259a46ab1e0 Exception <a 'sun/nio/fs/WindowsException'{0x0000000089d1ff20}> (0x0000000089d1ff20) 
thrown [s\src\hotspot\share\prims\jni.cpp, line 516]
Event: 3.723 Thread 0x00000259a46ab1e0 Exception <a 'sun/nio/fs/WindowsException'{0x0000000089d20330}> (0x0000000089d20330) 
thrown [s\src\hotspot\share\prims\jni.cpp, line 516]
Event: 3.723 Thread 0x00000259a46ab1e0 Exception <a 'sun/nio/fs/WindowsException'{0x0000000089d20d58}> (0x0000000089d20d58) 
thrown [s\src\hotspot\share\prims\jni.cpp, line 516]
Event: 3.723 Thread 0x00000259a46ab1e0 Exception <a 'sun/nio/fs/WindowsException'{0x0000000089d21138}> (0x0000000089d21138) 
thrown [s\src\hotspot\share\prims\jni.cpp, line 516]
Event: 3.723 Thread 0x00000259a46ab1e0 Exception <a 'sun/nio/fs/WindowsException'{0x0000000089d21b28}> (0x0000000089d21b28) 
thrown [s\src\hotspot\share\prims\jni.cpp, line 516]
Event: 3.723 Thread 0x00000259a46ab1e0 Exception <a 'sun/nio/fs/WindowsException'{0x0000000089d21ed0}> (0x0000000089d21ed0) 
thrown [s\src\hotspot\share\prims\jni.cpp, line 516]
Event: 3.723 Thread 0x00000259a46ab1e0 Exception <a 'sun/nio/fs/WindowsException'{0x0000000089d228d0}> (0x0000000089d228d0) 
thrown [s\src\hotspot\share\prims\jni.cpp, line 516]
Event: 3.723 Thread 0x00000259a46ab1e0 Exception <a 'sun/nio/fs/WindowsException'{0x0000000089d22c90}> (0x0000000089d22c90) 
thrown [s\src\hotspot\share\prims\jni.cpp, line 516]
Event: 3.723 Thread 0x00000259a46ab1e0 Exception <a 'sun/nio/fs/WindowsException'{0x0000000089d23690}> (0x0000000089d23690) 
thrown [s\src\hotspot\share\prims\jni.cpp, line 516]
Event: 3.723 Thread 0x00000259a46ab1e0 Exception <a 'sun/nio/fs/WindowsException'{0x0000000089d23a40}> (0x0000000089d23a40) 
thrown [s\src\hotspot\share\prims\jni.cpp, line 516]
Event: 3.724 Thread 0x00000259a46ab1e0 Exception <a 'sun/nio/fs/WindowsException'{0x0000000089d24440}> (0x0000000089d24440) 
thrown [s\src\hotspot\share\prims\jni.cpp, line 516]
Event: 3.724 Thread 0x00000259a46ab1e0 Exception <a 'sun/nio/fs/WindowsException'{0x0000000089d24800}> (0x0000000089d24800) 
thrown [s\src\hotspot\share\prims\jni.cpp, line 516]
Event: 3.724 Thread 0x00000259a46ab1e0 Exception <a 'sun/nio/fs/WindowsException'{0x0000000089d25228}> (0x0000000089d25228) 
thrown [s\src\hotspot\share\prims\jni.cpp, line 516]
Event: 3.724 Thread 0x00000259a46ab1e0 Exception <a 'sun/nio/fs/WindowsException'{0x0000000089d25608}> (0x0000000089d25608) 
thrown [s\src\hotspot\share\prims\jni.cpp, line 516]
Event: 3.724 Thread 0x00000259a46ab1e0 Exception <a 'sun/nio/fs/WindowsException'{0x0000000089d26040}> (0x0000000089d26040) 
thrown [s\src\hotspot\share\prims\jni.cpp, line 516]
Event: 3.724 Thread 0x00000259a46ab1e0 Exception <a 'sun/nio/fs/WindowsException'{0x0000000089d26430}> (0x0000000089d26430) 
thrown [s\src\hotspot\share\prims\jni.cpp, line 516]
Event: 3.724 Thread 0x00000259a46ab1e0 Exception <a 'sun/nio/fs/WindowsException'{0x0000000089d26e58}> (0x0000000089d26e58) 
thrown [s\src\hotspot\share\prims\jni.cpp, line 516]
Event: 3.724 Thread 0x00000259a46ab1e0 Exception <a 'sun/nio/fs/WindowsException'{0x0000000089d27248}> (0x0000000089d27248) 
thrown [s\src\hotspot\share\prims\jni.cpp, line 516]
Event: 4.443 Thread 0x00000259a44e8810 Exception <a 'java/lang/NoSuchMethodError'{0x00000000898bd880}: 'java.lang.Object java.lang.invoke.DirectMethodHandle$Holder.newInvokeSpecial(java.lang.Object, java.lang.Object, int)'> (0x00000000898bd880) 
thrown [s\src\hotspot\share\interpreter\linkResolver.cpp, line 759]
Event: 4.457 Thread 0x00000259a46ab6b0 Exception <a 'java/lang/NoSuchMethodError'{0x0000000089204008}: 'java.lang.Object java.lang.invoke.Invokers$Holder.linkToTargetMethod(java.lang.Object, long, java.lang.Object)'> (0x0000000089204008) 
thrown [s\src\hotspot\share\interpreter\linkResolver.cpp, line 759]

VM Operations (20 events):
Event: 4.097 Executing VM operation: HandshakeAllThreads done
Event: 4.107 Executing VM operation: G1CollectForAllocation
Event: 4.114 Executing VM operation: G1CollectForAllocation done
Event: 4.476 Executing VM operation: G1CollectForAllocation
Event: 4.518 Executing VM operation: G1CollectForAllocation done
Event: 4.549 Executing VM operation: G1CollectForAllocation
Event: 4.553 Executing VM operation: G1CollectForAllocation done
Event: 4.553 Executing VM operation: G1CollectForAllocation
Event: 4.564 Executing VM operation: G1CollectForAllocation done
Event: 4.564 Executing VM operation: HandshakeAllThreads
Event: 4.564 Executing VM operation: HandshakeAllThreads done
Event: 4.579 Executing VM operation: HandshakeAllThreads
Event: 4.582 Executing VM operation: HandshakeAllThreads done
Event: 4.585 Executing VM operation: G1CollectForAllocation
Event: 4.586 Executing VM operation: G1CollectForAllocation done
Event: 4.587 Executing VM operation: G1CollectForAllocation
Event: 4.591 Executing VM operation: G1CollectForAllocation done
Event: 4.615 Executing VM operation: G1CollectForAllocation
Event: 4.620 Executing VM operation: G1CollectForAllocation done
Event: 4.620 Executing VM operation: G1CollectForAllocation

Events (20 events):
Event: 4.445 loading class java/nio/file/FileTreeIterator
Event: 4.445 loading class java/nio/file/FileTreeIterator done
Event: 4.445 loading class java/nio/file/FileTreeWalker
Event: 4.445 loading class java/nio/file/FileTreeWalker done
Event: 4.446 loading class java/nio/file/FileTreeWalker$DirectoryNode
Event: 4.446 loading class java/nio/file/FileTreeWalker$DirectoryNode done
Event: 4.446 loading class java/nio/file/FileTreeWalker$Event
Event: 4.446 loading class java/nio/file/FileTreeWalker$Event done
Event: 4.446 loading class java/nio/file/FileTreeWalker$EventType
Event: 4.446 loading class java/nio/file/FileTreeWalker$EventType done
Event: 4.446 loading class java/util/stream/ForEachOps$ForEachOp$OfRef
Event: 4.446 loading class java/util/stream/ForEachOps$ForEachOp$OfRef done
Event: 4.447 Thread 0x00000259a46a7cf0 Thread added: 0x00000259a46a7cf0
Event: 4.586 loading class sun/security/provider/MD5
Event: 4.587 loading class sun/security/provider/MD5 done
Event: 4.591 loading class sun/security/provider/ByteArrayAccess$LE
Event: 4.591 loading class sun/security/provider/ByteArrayAccess$LE done
Event: 4.591 Thread 0x00000259a46a51a0 Thread added: 0x00000259a46a51a0
Event: 4.620 loading class java/util/concurrent/CompletableFuture$AsyncSupply
Event: 4.620 loading class java/util/concurrent/CompletableFuture$AsyncSupply done


Dynamic libraries:
0x00007ff7c42c0000 - 0x00007ff7c42ce000 	c:\Users\lcarv\.vscode\extensions\redhat.java-1.13.0-win32-x64\jre\17.0.5-win32-x86_64\bin\java.exe
0x00007ffee35a0000 - 0x00007ffee37a9000 	C:\WINDOWS\SYSTEM32\ntdll.dll
0x00007ffee28e0000 - 0x00007ffee299e000 	C:\WINDOWS\System32\KERNEL32.DLL
0x00007ffee0da0000 - 0x00007ffee111b000 	C:\WINDOWS\System32\KERNELBASE.dll
0x00007ffee1300000 - 0x00007ffee1411000 	C:\WINDOWS\System32\ucrtbase.dll
0x00007ffec8640000 - 0x00007ffec8659000 	c:\Users\lcarv\.vscode\extensions\redhat.java-1.13.0-win32-x64\jre\17.0.5-win32-x86_64\bin\VCRUNTIME140.dll
0x00007ffec8620000 - 0x00007ffec8637000 	c:\Users\lcarv\.vscode\extensions\redhat.java-1.13.0-win32-x64\jre\17.0.5-win32-x86_64\bin\jli.dll
0x00007ffee1460000 - 0x00007ffee160d000 	C:\WINDOWS\System32\USER32.dll
0x00007ffee0be0000 - 0x00007ffee0c06000 	C:\WINDOWS\System32\win32u.dll
0x00007ffee3280000 - 0x00007ffee32a9000 	C:\WINDOWS\System32\GDI32.dll
0x00007ffee1120000 - 0x00007ffee1238000 	C:\WINDOWS\System32\gdi32full.dll
0x00007ffee0c80000 - 0x00007ffee0d1d000 	C:\WINDOWS\System32\msvcp_win.dll
0x00007ffebc990000 - 0x00007ffebcc35000 	C:\WINDOWS\WinSxS\amd64_microsoft.windows.common-controls_6595b64144ccf1df_6.0.22000.120_none_9d947278b86cc467\COMCTL32.dll
0x00007ffee1bf0000 - 0x00007ffee1c93000 	C:\WINDOWS\System32\msvcrt.dll
0x00007ffee1bb0000 - 0x00007ffee1be2000 	C:\WINDOWS\System32\IMM32.DLL
0x00007ffed2400000 - 0x00007ffed240c000 	c:\Users\lcarv\.vscode\extensions\redhat.java-1.13.0-win32-x64\jre\17.0.5-win32-x86_64\bin\vcruntime140_1.dll
0x00007ffe95470000 - 0x00007ffe95501000 	c:\Users\lcarv\.vscode\extensions\redhat.java-1.13.0-win32-x64\jre\17.0.5-win32-x86_64\bin\msvcp140.dll
0x00007ffe679a0000 - 0x00007ffe685e4000 	c:\Users\lcarv\.vscode\extensions\redhat.java-1.13.0-win32-x64\jre\17.0.5-win32-x86_64\bin\server\jvm.dll
0x00007ffee2c10000 - 0x00007ffee2cbe000 	C:\WINDOWS\System32\ADVAPI32.dll
0x00007ffee2840000 - 0x00007ffee28de000 	C:\WINDOWS\System32\sechost.dll
0x00007ffee1760000 - 0x00007ffee1880000 	C:\WINDOWS\System32\RPCRT4.dll
0x00007ffed5a40000 - 0x00007ffed5a73000 	C:\WINDOWS\SYSTEM32\WINMM.dll
0x00007ffebfec0000 - 0x00007ffebfec9000 	C:\WINDOWS\SYSTEM32\WSOCK32.dll
0x00007ffed4e50000 - 0x00007ffed4e5a000 	C:\WINDOWS\SYSTEM32\VERSION.dll
0x00007ffee1910000 - 0x00007ffee197f000 	C:\WINDOWS\System32\WS2_32.dll
0x00007ffedfbe0000 - 0x00007ffedfbf8000 	C:\WINDOWS\SYSTEM32\kernel.appcore.dll
0x00007ffecbaa0000 - 0x00007ffecbaaa000 	c:\Users\lcarv\.vscode\extensions\redhat.java-1.13.0-win32-x64\jre\17.0.5-win32-x86_64\bin\jimage.dll
0x00007ffede4d0000 - 0x00007ffede6f1000 	C:\WINDOWS\SYSTEM32\DBGHELP.DLL
0x00007ffecd4c0000 - 0x00007ffecd4f1000 	C:\WINDOWS\SYSTEM32\dbgcore.DLL
0x00007ffee0d20000 - 0x00007ffee0d9f000 	C:\WINDOWS\System32\bcryptPrimitives.dll
0x00007ffe9da80000 - 0x00007ffe9daa5000 	c:\Users\lcarv\.vscode\extensions\redhat.java-1.13.0-win32-x64\jre\17.0.5-win32-x86_64\bin\java.dll
0x00007ffec7e60000 - 0x00007ffec7e78000 	c:\Users\lcarv\.vscode\extensions\redhat.java-1.13.0-win32-x64\jre\17.0.5-win32-x86_64\bin\zip.dll
0x00007ffee2080000 - 0x00007ffee2838000 	C:\WINDOWS\System32\SHELL32.dll
0x00007ffedeb70000 - 0x00007ffedf3d5000 	C:\WINDOWS\SYSTEM32\windows.storage.dll
0x00007ffee1ca0000 - 0x00007ffee2018000 	C:\WINDOWS\System32\combase.dll
0x00007ffedea00000 - 0x00007ffedeb66000 	C:\WINDOWS\SYSTEM32\wintypes.dll
0x00007ffee29a0000 - 0x00007ffee2a8a000 	C:\WINDOWS\System32\SHCORE.dll
0x00007ffee2020000 - 0x00007ffee207d000 	C:\WINDOWS\System32\shlwapi.dll
0x00007ffee09a0000 - 0x00007ffee09c1000 	C:\WINDOWS\SYSTEM32\profapi.dll
0x00007ffeb04f0000 - 0x00007ffeb0509000 	C:\Users\lcarv\.vscode\extensions\redhat.java-1.13.0-win32-x64\jre\17.0.5-win32-x86_64\bin\net.dll
0x00007ffed5710000 - 0x00007ffed5824000 	C:\WINDOWS\SYSTEM32\WINHTTP.dll
0x00007ffee0080000 - 0x00007ffee00e7000 	C:\WINDOWS\system32\mswsock.dll
0x00007ffeab130000 - 0x00007ffeab145000 	C:\Users\lcarv\.vscode\extensions\redhat.java-1.13.0-win32-x64\jre\17.0.5-win32-x86_64\bin\nio.dll
0x00007ffecb690000 - 0x00007ffecb6a0000 	c:\Users\lcarv\.vscode\extensions\redhat.java-1.13.0-win32-x64\jre\17.0.5-win32-x86_64\bin\verify.dll
0x00007ffed8860000 - 0x00007ffed8869000 	C:\Users\lcarv\.vscode\extensions\redhat.java-1.13.0-win32-x64\jre\17.0.5-win32-x86_64\bin\management.dll
0x00007ffed8850000 - 0x00007ffed885b000 	C:\Users\lcarv\.vscode\extensions\redhat.java-1.13.0-win32-x64\jre\17.0.5-win32-x86_64\bin\management_ext.dll
0x00007ffee1900000 - 0x00007ffee1908000 	C:\WINDOWS\System32\PSAPI.DLL
0x00007ffeb9860000 - 0x00007ffeb9877000 	C:\WINDOWS\system32\napinsp.dll
0x00007ffeb9840000 - 0x00007ffeb985b000 	C:\WINDOWS\system32\pnrpnsp.dll
0x00007ffedf6c0000 - 0x00007ffedf7a8000 	C:\WINDOWS\SYSTEM32\DNSAPI.dll
0x00007ffedf690000 - 0x00007ffedf6bd000 	C:\WINDOWS\SYSTEM32\IPHLPAPI.DLL
0x00007ffee1450000 - 0x00007ffee1459000 	C:\WINDOWS\System32\NSI.dll
0x00007ffeba5a0000 - 0x00007ffeba5b2000 	C:\WINDOWS\System32\winrnr.dll
0x00007ffed4400000 - 0x00007ffed4415000 	C:\WINDOWS\system32\wshbth.dll
0x00007ffeb9770000 - 0x00007ffeb978f000 	C:\WINDOWS\system32\nlansp_c.dll
0x00007ffeccd30000 - 0x00007ffeccd3a000 	C:\Windows\System32\rasadhlp.dll
0x00007ffed2d90000 - 0x00007ffed2e11000 	C:\WINDOWS\System32\fwpuclnt.dll
0x00007ffee02c0000 - 0x00007ffee02d8000 	C:\WINDOWS\SYSTEM32\CRYPTSP.dll
0x00007ffedfb40000 - 0x00007ffedfb75000 	C:\WINDOWS\system32\rsaenh.dll
0x00007ffee0170000 - 0x00007ffee0199000 	C:\WINDOWS\SYSTEM32\USERENV.dll
0x00007ffee0450000 - 0x00007ffee0477000 	C:\WINDOWS\SYSTEM32\bcrypt.dll
0x00007ffee02e0000 - 0x00007ffee02ec000 	C:\WINDOWS\SYSTEM32\CRYPTBASE.dll
0x00007ffed5000000 - 0x00007ffed5019000 	C:\WINDOWS\SYSTEM32\dhcpcsvc6.DLL
0x00007ffed66e0000 - 0x00007ffed66fe000 	C:\WINDOWS\SYSTEM32\dhcpcsvc.DLL

dbghelp: loaded successfully - version: 4.0.5 - missing functions: none
symbol engine: initialized successfully - sym options: 0x614 - pdb path: .;c:\Users\lcarv\.vscode\extensions\redhat.java-1.13.0-win32-x64\jre\17.0.5-win32-x86_64\bin;C:\WINDOWS\SYSTEM32;C:\WINDOWS\WinSxS\amd64_microsoft.windows.common-controls_6595b64144ccf1df_6.0.22000.120_none_9d947278b86cc467;c:\Users\lcarv\.vscode\extensions\redhat.java-1.13.0-win32-x64\jre\17.0.5-win32-x86_64\bin\server

VM Arguments:
jvm_args: -Dsts.lsp.client=vscode -Dsts.log.file=/dev/null -XX:TieredStopAtLevel=1 -Xlog:jni+resolve=off -Dspring.config.location=file:c:\Users\lcarv\.vscode\extensions\pivotal.vscode-spring-boot-1.41.0\language-server\BOOT-INF\classes\application.properties 
java_command: org.springframework.ide.vscode.boot.app.BootLanguageServerBootApp
java_class_path (initial): c:\Users\lcarv\.vscode\extensions\pivotal.vscode-spring-boot-1.41.0\language-server\BOOT-INF\classes;c:\Users\lcarv\.vscode\extensions\pivotal.vscode-spring-boot-1.41.0\language-server\BOOT-INF\lib\annotations-23.0.0.jar;c:\Users\lcarv\.vscode\extensions\pivotal.vscode-spring-boot-1.41.0\language-server\BOOT-INF\lib\ant-1.10.12.jar;c:\Users\lcarv\.vscode\extensions\pivotal.vscode-spring-boot-1.41.0\language-server\BOOT-INF\lib\ant-launcher-1.10.12.jar;c:\Users\lcarv\.vscode\extensions\pivotal.vscode-spring-boot-1.41.0\language-server\BOOT-INF\lib\antlr-runtime-3.5.2.jar;c:\Users\lcarv\.vscode\extensions\pivotal.vscode-spring-boot-1.41.0\language-server\BOOT-INF\lib\antlr4-4.9.3.jar;c:\Users\lcarv\.vscode\extensions\pivotal.vscode-spring-boot-1.41.0\language-server\BOOT-INF\lib\antlr4-runtime-4.9.3.jar;c:\Users\lcarv\.vscode\extensions\pivotal.vscode-spring-boot-1.41.0\language-server\BOOT-INF\lib\apiguardian-api-1.1.2.jar;c:\Users\lcarv\.vscode\extensions\pivotal.vscode-spring-boot-1.41.0\language-server\BOOT-INF\lib\asm-9.4.jar;c:\Users\lcarv\.vscode\extensions\pivotal.vscode-spring-boot-1.41.0\language-server\BOOT-INF\lib\asm-analysis-9.4.jar;c:\Users\lcarv\.vscode\extensions\pivotal.vscode-spring-boot-1.41.0\language-server\BOOT-INF\lib\asm-tree-9.4.jar;c:\Users\lcarv\.vscode\extensions\pivotal.vscode-spring-boot-1.41.0\language-server\BOOT-INF\lib\asm-util-9.4.jar;c:\Users\lcarv\.vscode\extensions\pivotal.vscode-spring-boot-1.41.0\language-server\BOOT-INF\lib\byte-buddy-1.12.13.jar;c:\Users\lcarv\.vscode\extensions\pivotal.vscode-spring-boot-1.41.0\language-server\BOOT-INF\lib\caffeine-2.9.3.jar;c:\Users\lcarv\.vscode\extensions\pivotal.vscode-spring-boot-1.41.0\language-server\BOOT-INF\lib\checker-qual-3.12.0.jar;c:\Users\lcarv\.vscode\extensions\pivotal.vscode-spring-boot-1.41.0\language-server\BOOT-INF\lib\ci-environment-9.1.0.jar;c:\Users\lcarv\.vscode\extensions\pivotal.vscode-spring-boot-1.41.0\language-server\BOOT-INF\lib\clas
Launcher Type: SUN_STANDARD

[Global flags]
     intx CICompilerCount                          = 4                                         {product} {ergonomic}
     uint ConcGCThreads                            = 2                                         {product} {ergonomic}
     uint G1ConcRefinementThreads                  = 8                                         {product} {ergonomic}
   size_t G1HeapRegionSize                         = 1048576                                   {product} {ergonomic}
    uintx GCDrainStackTargetSize                   = 64                                        {product} {ergonomic}
   size_t InitialHeapSize                          = 134217728                                 {product} {ergonomic}
   size_t MarkStackSize                            = 4194304                                   {product} {ergonomic}
   size_t MaxHeapSize                              = 2116026368                                {product} {ergonomic}
   size_t MaxNewSize                               = 1268776960                                {product} {ergonomic}
   size_t MinHeapDeltaBytes                        = 1048576                                   {product} {ergonomic}
   size_t MinHeapSize                              = 8388608                                   {product} {ergonomic}
    uintx NonProfiledCodeHeapSize                  = 0                                      {pd product} {ergonomic}
     bool ProfileInterpreter                       = false                                  {pd product} {command line}
    uintx ProfiledCodeHeapSize                     = 0                                      {pd product} {ergonomic}
   size_t SoftMaxHeapSize                          = 2116026368                             {manageable} {ergonomic}
     intx TieredStopAtLevel                        = 1                                         {product} {command line}
     bool UseCompressedClassPointers               = true                           {product lp64_product} {ergonomic}
     bool UseCompressedOops                        = true                           {product lp64_product} {ergonomic}
     bool UseG1GC                                  = true                                      {product} {ergonomic}
     bool UseLargePagesIndividualAllocation        = false                                  {pd product} {ergonomic}

Logging:
Log output configuration:
 #0: stdout all=warning,jni+resolve=off uptime,level,tags
 #1: stderr all=off uptime,level,tags

Environment Variables:
JAVA_HOME=C:\Program Files\Java\jdk1.8.0_202
PATH=C:\Users\lcarv\bin;C:\Program Files\Git\mingw64\bin;C:\Program Files\Git\usr\local\bin;C:\Program Files\Git\usr\bin;C:\Program Files\Git\usr\bin;C:\Program Files\Git\mingw64\bin;C:\Program Files\Git\usr\bin;C:\Users\lcarv\bin;C:\Program Files (x86)\Common Files\Oracle\Java\javapath;C:\Program Files\Common Files\Oracle\Java\javapath;C:\WINDOWS\system32;C:\WINDOWS;C:\WINDOWS\System32\Wbem;C:\WINDOWS\System32\WindowsPowerShell\v1.0;C:\WINDOWS\System32\OpenSSH;C:\Program Files (x86)\Intel\Intel(R) Management Engine Components\DAL;C:\Program Files\Intel\Intel(R) Management Engine Components\DAL;C:\Program Files\dotnet;C:\Program Files\Git\cmd;C:\Program Files\nodejs;C:\Program Files\apache-maven-3.8.6-bin\apache-maven-3.8.6\bin;C:\Program Files\Java\jdk1.8.0_202\bin;C:\Users\lcarv\AppData\Local\Microsoft\WindowsApps;C:\Users\lcarv\Downloads\ghc-8.10.5-x86_64-unknown-mingw32\ghc-8.10.5\bin;C:\Users\lcarv\AppData\Local\Programs\Microsoft VS Code\bin;C:\Program Files\JetBrains\IntelliJ IDEA 2021.3\bin;C:\Program Files\heroku\bin;C:\Users\lcarv\AppData\Roaming\npm;C:\Program Files\apache-maven-3.8.6-bin\apache-maven-3.8.6\bin;C:\Program Files\Java\jdk1.8.0_202\bin;C:\Program Files\Git\usr\bin\vendor_perl;C:\Program Files\Git\usr\bin\core_perl
USERNAME=lcarv
SHELL=C:\Program Files\Git\usr\bin\bash.exe
DISPLAY=needs-to-be-defined
LC_CTYPE=pt_BR.UTF-8
TERM=xterm
TMPDIR=C:\Users\lcarv\AppData\Local\Temp
OS=Windows_NT
PROCESSOR_IDENTIFIER=Intel64 Family 6 Model 142 Stepping 12, GenuineIntel
TMP=C:\Users\lcarv\AppData\Local\Temp
TEMP=C:\Users\lcarv\AppData\Local\Temp



---------------  S Y S T E M  ---------------

OS:
 Windows 11 , 64 bit Build 22000 (10.0.22000.1219)
OS uptime: 13 days 23:37 hours

CPU: total 8 (initial active 8) (4 cores per cpu, 2 threads per core) family 6 model 142 stepping 12 microcode 0xf0, cx8, cmov, fxsr, ht, mmx, 3dnowpref, sse, sse2, sse3, ssse3, sse4.1, sse4.2, popcnt, lzcnt, tsc, tscinvbit, avx, avx2, aes, erms, clmul, bmi1, bmi2, adx, fma, vzeroupper, clflush, clflushopt

Memory: 4k page, system-wide physical 8067M (633M free)
TotalPageFile size 15377M (AvailPageFile size 6M)
current process WorkingSet (physical memory assigned to process): 298M, peak: 298M
current process commit charge ("private bytes"): 555M, peak: 559M

vm_info: OpenJDK 64-Bit Server VM (17.0.5+8) for windows-amd64 JRE (17.0.5+8), built on Oct 19 2022 04:48:13 by "temurin" with MS VC++ 16.7 (VS2019)

END.
