#
# There is insufficient memory for the Java Runtime Environment to continue.
# Native memory allocation (mmap) failed to map 216006656 bytes for G1 virtual space
# Possible reasons:
#   The system is out of physical RAM or swap space
#   The process is running with CompressedOops enabled, and the Java Heap may be blocking the growth of the native heap
# Possible solutions:
#   Reduce memory load on the system
#   Increase physical memory or swap space
#   Check if swap backing store is full
#   Decrease Java heap size (-Xmx/-Xms)
#   Decrease number of Java threads
#   Decrease Java thread stack sizes (-Xss)
#   Set larger code cache with -XX:ReservedCodeCacheSize=
#   JVM is running with Unscaled Compressed Oops mode in which the Java heap is
#     placed in the first 4GB address space. The Java Heap base address is the
#     maximum limit for the native heap growth. Please use -XX:HeapBaseMinAddress
#     to set the Java Heap base and to place the Java Heap above 4GB virtual address.
# This output file may be truncated or incomplete.
#
#  Out of Memory Error (os_windows.cpp:3548), pid=20516, tid=1664
#
# JRE version: OpenJDK Runtime Environment Temurin-17.0.5+8 (17.0.5+8) (build 17.0.5+8)
# Java VM: OpenJDK 64-Bit Server VM Temurin-17.0.5+8 (17.0.5+8, mixed mode, emulated-client, tiered, compressed oops, compressed class ptrs, g1 gc, windows-amd64)
# No core dump will be written. Minidumps are not enabled by default on client versions of Windows
#

---------------  S U M M A R Y ------------

Command Line: -Dsts.lsp.client=vscode -Dsts.log.file=/dev/null -XX:TieredStopAtLevel=1 -Xlog:jni+resolve=off -Dspring.config.location=file:c:\Users\lcarv\.vscode\extensions\pivotal.vscode-spring-boot-1.41.0\language-server\BOOT-INF\classes\application.properties org.springframework.ide.vscode.boot.app.BootLanguageServerBootApp

Host: Intel(R) Core(TM) i7-8565U CPU @ 1.80GHz, 8 cores, 7G,  Windows 11 , 64 bit Build 22000 (10.0.22000.1219)
Time: Wed Dec 14 15:58:42 2022 Hora Padrão de Buenos Aires elapsed time: 2.874501 seconds (0d 0h 0m 2s)

---------------  T H R E A D  ---------------

Current thread (0x0000024cc4dd6900):  VMThread "VM Thread" [stack: 0x0000008cf7a00000,0x0000008cf7b00000] [id=1664]

Stack: [0x0000008cf7a00000,0x0000008cf7b00000]
Native frames: (J=compiled Java code, j=interpreted, Vv=VM code, C=native code)
V  [jvm.dll+0x676b3a]
V  [jvm.dll+0x831444]
V  [jvm.dll+0x832bee]
V  [jvm.dll+0x833253]
V  [jvm.dll+0x244ce5]
V  [jvm.dll+0x673a49]
V  [jvm.dll+0x66811a]
V  [jvm.dll+0x303ceb]
V  [jvm.dll+0x30b1e6]
V  [jvm.dll+0x35adbe]
V  [jvm.dll+0x35afef]
V  [jvm.dll+0x2dab88]
V  [jvm.dll+0x2d8e3c]
V  [jvm.dll+0x2d840c]
V  [jvm.dll+0x31c31b]
V  [jvm.dll+0x8376fb]
V  [jvm.dll+0x838434]
V  [jvm.dll+0x83894c]
V  [jvm.dll+0x838d24]
V  [jvm.dll+0x838df0]
V  [jvm.dll+0x7e17ea]
V  [jvm.dll+0x6759e5]
C  [ucrtbase.dll+0x26c0c]
C  [KERNEL32.DLL+0x15550]
C  [ntdll.dll+0x485b]

VM_Operation (0x0000008cfa8fe570): G1CollectForAllocation, mode: safepoint, requested by thread 0x0000024cc719b110


---------------  P R O C E S S  ---------------

Threads class SMR info:
_java_thread_list=0x0000024cc9bae5d0, length=51, elements={
0x0000024cc4ddaa40, 0x0000024cc4ddbca0, 0x0000024cc583e7f0, 0x0000024cc58410c0,
0x0000024cc5841f90, 0x0000024cc5842850, 0x0000024cc58438b0, 0x0000024cc5848970,
0x0000024cc5a54320, 0x0000024cc5a588f0, 0x0000024cc5a7a010, 0x0000024cc5a67c80,
0x0000024cc63ea3b0, 0x0000024cc6d85000, 0x0000024cc6a4a740, 0x0000024cc6f90320,
0x0000024cb7a0e6a0, 0x0000024cc7003f90, 0x0000024cc70643c0, 0x0000024cc7097db0,
0x0000024cc7099290, 0x0000024cc7099760, 0x0000024cc70ce6e0, 0x0000024cc70cc530,
0x0000024cc70cebb0, 0x0000024cc70ce210, 0x0000024cc70cdd40, 0x0000024cc70cc060,
0x0000024cc70cf080, 0x0000024cc70cca00, 0x0000024cc70cced0, 0x0000024cc70cf550,
0x0000024cc70cd3a0, 0x0000024cc70cfa20, 0x0000024cc70cd870, 0x0000024cc7198a90,
0x0000024cc7197c20, 0x0000024cc719b110, 0x0000024cc719dc60, 0x0000024cc7197750,
0x0000024cc7196db0, 0x0000024cc719d2c0, 0x0000024cc71985c0, 0x0000024cc719b5e0,
0x0000024cc719c450, 0x0000024cc7199430, 0x0000024cc7198f60, 0x0000024cc7199900,
0x0000024cc719cdf0, 0x0000024cc719bab0, 0x0000024cc7199dd0
}

Java Threads: ( => current thread )
  0x0000024cc4ddaa40 JavaThread "Reference Handler" daemon [_thread_blocked, id=22424, stack(0x0000008cf7b00000,0x0000008cf7c00000)]
  0x0000024cc4ddbca0 JavaThread "Finalizer" daemon [_thread_blocked, id=26944, stack(0x0000008cf7c00000,0x0000008cf7d00000)]
  0x0000024cc583e7f0 JavaThread "Signal Dispatcher" daemon [_thread_blocked, id=16996, stack(0x0000008cf7d00000,0x0000008cf7e00000)]
  0x0000024cc58410c0 JavaThread "Attach Listener" daemon [_thread_blocked, id=2828, stack(0x0000008cf7e00000,0x0000008cf7f00000)]
  0x0000024cc5841f90 JavaThread "Service Thread" daemon [_thread_blocked, id=24088, stack(0x0000008cf7f00000,0x0000008cf8000000)]
  0x0000024cc5842850 JavaThread "Monitor Deflation Thread" daemon [_thread_blocked, id=26200, stack(0x0000008cf8000000,0x0000008cf8100000)]
  0x0000024cc58438b0 JavaThread "C1 CompilerThread0" daemon [_thread_blocked, id=29064, stack(0x0000008cf8100000,0x0000008cf8200000)]
  0x0000024cc5848970 JavaThread "Sweeper thread" daemon [_thread_blocked, id=29228, stack(0x0000008cf8200000,0x0000008cf8300000)]
  0x0000024cc5a54320 JavaThread "C1 CompilerThread1" daemon [_thread_blocked, id=23696, stack(0x0000008cf8300000,0x0000008cf8400000)]
  0x0000024cc5a588f0 JavaThread "C1 CompilerThread2" daemon [_thread_blocked, id=3304, stack(0x0000008cf8400000,0x0000008cf8500000)]
  0x0000024cc5a7a010 JavaThread "Notification Thread" daemon [_thread_blocked, id=24384, stack(0x0000008cf8500000,0x0000008cf8600000)]
  0x0000024cc5a67c80 JavaThread "Common-Cleaner" daemon [_thread_blocked, id=18488, stack(0x0000008cf8700000,0x0000008cf8800000)]
  0x0000024cc63ea3b0 JavaThread "C1 CompilerThread3" daemon [_thread_blocked, id=2756, stack(0x0000008cf8800000,0x0000008cf8900000)]
  0x0000024cc6d85000 JavaThread "boundedElastic-evictor-1" daemon [_thread_blocked, id=3852, stack(0x0000008cf9000000,0x0000008cf9100000)]
  0x0000024cc6a4a740 JavaThread "pool-11-thread-1" [_thread_blocked, id=6644, stack(0x0000008cf9200000,0x0000008cf9300000)]
  0x0000024cc6f90320 JavaThread "LanguageServerApp-lifecycle" [_thread_blocked, id=11368, stack(0x0000008cf9300000,0x0000008cf9400000)]
  0x0000024cb7a0e6a0 JavaThread "DestroyJavaVM" [_thread_blocked, id=1092, stack(0x0000008cf7400000,0x0000008cf7500000)]
  0x0000024cc7003f90 JavaThread "pool-12-thread-1" [_thread_in_native, id=1608, stack(0x0000008cf9400000,0x0000008cf9500000)]
  0x0000024cc70643c0 JavaThread "Simple-Language-Server main thread" daemon [_thread_blocked, id=23112, stack(0x0000008cf9500000,0x0000008cf9600000)]
  0x0000024cc7097db0 JavaThread "pool-8-thread-1" [_thread_blocked, id=7912, stack(0x0000008cf9600000,0x0000008cf9700000)]
  0x0000024cc7099290 JavaThread "parallel-1" daemon [_thread_blocked, id=24120, stack(0x0000008cf9700000,0x0000008cf9800000)]
  0x0000024cc7099760 JavaThread "parallel-2" daemon [_thread_blocked, id=17264, stack(0x0000008cf9800000,0x0000008cf9900000)]
  0x0000024cc70ce6e0 JavaThread "parallel-3" daemon [_thread_blocked, id=17580, stack(0x0000008cf9900000,0x0000008cf9a00000)]
  0x0000024cc70cc530 JavaThread "parallel-4" daemon [_thread_blocked, id=26920, stack(0x0000008cf9a00000,0x0000008cf9b00000)]
  0x0000024cc70cebb0 JavaThread "parallel-5" daemon [_thread_blocked, id=25336, stack(0x0000008cf9b00000,0x0000008cf9c00000)]
  0x0000024cc70ce210 JavaThread "parallel-6" daemon [_thread_blocked, id=16040, stack(0x0000008cf9c00000,0x0000008cf9d00000)]
  0x0000024cc70cdd40 JavaThread "parallel-7" daemon [_thread_blocked, id=19360, stack(0x0000008cf9d00000,0x0000008cf9e00000)]
  0x0000024cc70cc060 JavaThread "parallel-8" daemon [_thread_blocked, id=28328, stack(0x0000008cf9e00000,0x0000008cf9f00000)]
  0x0000024cc70cf080 JavaThread "ForkJoinPool.commonPool-worker-1" daemon [_thread_blocked, id=31020, stack(0x0000008cf9f00000,0x0000008cfa000000)]
  0x0000024cc70cca00 JavaThread "pool-5-thread-1" [_thread_blocked, id=17640, stack(0x0000008cfa000000,0x0000008cfa100000)]
  0x0000024cc70cced0 JavaThread "ClassGraph-worker-0" daemon [_thread_blocked, id=25480, stack(0x0000008cfa100000,0x0000008cfa200000)]
  0x0000024cc70cf550 JavaThread "ClassGraph-worker-1" daemon [_thread_blocked, id=576, stack(0x0000008cfa200000,0x0000008cfa300000)]
  0x0000024cc70cd3a0 JavaThread "ClassGraph-worker-2" daemon [_thread_blocked, id=25200, stack(0x0000008cfa300000,0x0000008cfa400000)]
  0x0000024cc70cfa20 JavaThread "ClassGraph-worker-3" daemon [_thread_blocked, id=26788, stack(0x0000008cfa400000,0x0000008cfa500000)]
  0x0000024cc70cd870 JavaThread "ClassGraph-worker-4" daemon [_thread_blocked, id=26364, stack(0x0000008cfa500000,0x0000008cfa600000)]
  0x0000024cc7198a90 JavaThread "ClassGraph-worker-5" daemon [_thread_blocked, id=23700, stack(0x0000008cfa600000,0x0000008cfa700000)]
  0x0000024cc7197c20 JavaThread "ClassGraph-worker-6" daemon [_thread_blocked, id=16740, stack(0x0000008cfa700000,0x0000008cfa800000)]
  0x0000024cc719b110 JavaThread "ClassGraph-worker-7" daemon [_thread_blocked, id=4540, stack(0x0000008cfa800000,0x0000008cfa900000)]
  0x0000024cc719dc60 JavaThread "ClassGraph-worker-8" daemon [_thread_blocked, id=13080, stack(0x0000008cfa900000,0x0000008cfaa00000)]
  0x0000024cc7197750 JavaThread "ClassGraph-worker-9" daemon [_thread_blocked, id=24308, stack(0x0000008cfaa00000,0x0000008cfab00000)]
  0x0000024cc7196db0 JavaThread "ClassGraph-worker-10" daemon [_thread_blocked, id=16544, stack(0x0000008cfab00000,0x0000008cfac00000)]
  0x0000024cc719d2c0 JavaThread "ClassGraph-worker-11" daemon [_thread_blocked, id=20272, stack(0x0000008cfac00000,0x0000008cfad00000)]
  0x0000024cc71985c0 JavaThread "ClassGraph-worker-12" daemon [_thread_blocked, id=24180, stack(0x0000008cfad00000,0x0000008cfae00000)]
  0x0000024cc719b5e0 JavaThread "ClassGraph-worker-13" daemon [_thread_blocked, id=1400, stack(0x0000008cfae00000,0x0000008cfaf00000)]
  0x0000024cc719c450 JavaThread "Reconciler-1" daemon [_thread_blocked, id=5616, stack(0x0000008cfaf00000,0x0000008cfb000000)]
  0x0000024cc7199430 JavaThread "pool-6-thread-1" [_thread_blocked, id=11824, stack(0x0000008cfb000000,0x0000008cfb100000)]
  0x0000024cc7198f60 JavaThread "pool-10-thread-1" [_thread_blocked, id=19184, stack(0x0000008cfb100000,0x0000008cfb200000)]
  0x0000024cc7199900 JavaThread "ForkJoinPool.commonPool-worker-2" daemon [_thread_blocked, id=5072, stack(0x0000008cfb200000,0x0000008cfb300000)]
  0x0000024cc719cdf0 JavaThread "pool-10-thread-2" [_thread_blocked, id=27660, stack(0x0000008cfb300000,0x0000008cfb400000)]
  0x0000024cc719bab0 JavaThread "Project-Reconciler-1" daemon [_thread_blocked, id=6960, stack(0x0000008cfb500000,0x0000008cfb600000)]
  0x0000024cc7199dd0 JavaThread "pool-10-thread-3" [_thread_blocked, id=6916, stack(0x0000008cfb600000,0x0000008cfb700000)]

Other Threads:
=>0x0000024cc4dd6900 VMThread "VM Thread" [stack: 0x0000008cf7a00000,0x0000008cf7b00000] [id=1664]
  0x0000024cc5a679f0 WatcherThread [stack: 0x0000008cf8600000,0x0000008cf8700000] [id=13476]
  0x0000024cb7a6b900 GCTaskThread "GC Thread#0" [stack: 0x0000008cf7500000,0x0000008cf7600000] [id=16328]
  0x0000024cc63fe520 GCTaskThread "GC Thread#1" [stack: 0x0000008cf8900000,0x0000008cf8a00000] [id=22748]
  0x0000024cc662f020 GCTaskThread "GC Thread#2" [stack: 0x0000008cf8a00000,0x0000008cf8b00000] [id=5396]
  0x0000024cc663d3b0 GCTaskThread "GC Thread#3" [stack: 0x0000008cf8b00000,0x0000008cf8c00000] [id=7156]
  0x0000024cc663d660 GCTaskThread "GC Thread#4" [stack: 0x0000008cf8c00000,0x0000008cf8d00000] [id=8268]
  0x0000024cc663d910 GCTaskThread "GC Thread#5" [stack: 0x0000008cf8d00000,0x0000008cf8e00000] [id=2364]
  0x0000024cc686e010 GCTaskThread "GC Thread#6" [stack: 0x0000008cf8e00000,0x0000008cf8f00000] [id=9184]
  0x0000024cc686e2c0 GCTaskThread "GC Thread#7" [stack: 0x0000008cf8f00000,0x0000008cf9000000] [id=8812]
  0x0000024cb7a7c4f0 ConcurrentGCThread "G1 Main Marker" [stack: 0x0000008cf7600000,0x0000008cf7700000] [id=3608]
  0x0000024cb7a7e5c0 ConcurrentGCThread "G1 Conc#0" [stack: 0x0000008cf7700000,0x0000008cf7800000] [id=27284]
  0x0000024cc6a4ee10 ConcurrentGCThread "G1 Conc#1" [stack: 0x0000008cf9100000,0x0000008cf9200000] [id=2692]
  0x0000024cc4c41610 ConcurrentGCThread "G1 Refine#0" [stack: 0x0000008cf7800000,0x0000008cf7900000] [id=14300]
  0x0000024cc942ca50 ConcurrentGCThread "G1 Refine#1" [stack: 0x0000008cfb400000,0x0000008cfb500000] [id=16128]
  0x0000024cc4c430f0 ConcurrentGCThread "G1 Service" [stack: 0x0000008cf7900000,0x0000008cf7a00000] [id=26724]

Threads with active compile tasks:
C1 CompilerThread1     2893 4074       1       org.springframework.ide.vscode.commons.protocol.java.Classpath::isProjectSource (20 bytes)
C1 CompilerThread2     2893 4073       1       org.springframework.ide.vscode.commons.protocol.java.Classpath::isProjectJavaSource (20 bytes)

VM state: at safepoint (normal execution)

VM Mutex/Monitor currently owned by a thread:  ([mutex/lock_event])
[0x0000024cb58d7950] Threads_lock - owner thread: 0x0000024cc4dd6900
[0x0000024cb7a0d5d0] Heap_lock - owner thread: 0x0000024cc719b110

Heap address: 0x0000000081e00000, size: 2018 MB, Compressed Oops mode: 32-bit

CDS archive(s) not mapped
Compressed class space mapped at: 0x0000000100000000-0x0000000140000000, reserved size: 1073741824
Narrow klass base: 0x0000000000000000, Narrow klass shift: 3, Narrow klass range: 0x140000000

GC Precious Log:
 CPUs: 8 total, 8 available
 Memory: 8067M
 Large Page Support: Disabled
 NUMA Support: Disabled
 Compressed Oops: Enabled (32-bit)
 Heap Region Size: 1M
 Heap Min Capacity: 8M
 Heap Initial Capacity: 128M
 Heap Max Capacity: 2018M
 Pre-touch: Disabled
 Parallel Workers: 8
 Concurrent Workers: 2
 Concurrent Refinement Workers: 8
 Periodic GC: Disabled

Heap:
 garbage-first heap   total 184320K, used 89355K [0x0000000081e00000, 0x0000000100000000)
  region size 1024K, 5 young (5120K), 5 survivors (5120K)
 Metaspace       used 40423K, committed 40768K, reserved 1089536K
  class space    used 5036K, committed 5184K, reserved 1048576K

Heap Regions: E=young(eden), S=young(survivor), O=old, HS=humongous(starts), HC=humongous(continues), CS=collection set, F=free, OA=open archive, CA=closed archive, TAMS=top-at-mark-start (previous, next)
|   0|0x0000000081e00000, 0x0000000081f00000, 0x0000000081f00000|100%| O|  |TAMS 0x0000000081f00000, 0x0000000081f00000| Untracked 
|   1|0x0000000081f00000, 0x0000000082000000, 0x0000000082000000|100%| O|  |TAMS 0x0000000082000000, 0x0000000082000000| Untracked 
|   2|0x0000000082000000, 0x0000000082100000, 0x0000000082100000|100%| O|  |TAMS 0x0000000082100000, 0x0000000082100000| Untracked 
|   3|0x0000000082100000, 0x0000000082200000, 0x0000000082200000|100%| O|  |TAMS 0x0000000082200000, 0x0000000082200000| Untracked 
|   4|0x0000000082200000, 0x0000000082300000, 0x0000000082300000|100%| O|  |TAMS 0x0000000082300000, 0x0000000082300000| Untracked 
|   5|0x0000000082300000, 0x0000000082400000, 0x0000000082400000|100%| O|  |TAMS 0x0000000082400000, 0x0000000082400000| Untracked 
|   6|0x0000000082400000, 0x0000000082500000, 0x0000000082500000|100%| O|  |TAMS 0x0000000082500000, 0x0000000082500000| Untracked 
|   7|0x0000000082500000, 0x0000000082600000, 0x0000000082600000|100%| O|  |TAMS 0x0000000082600000, 0x0000000082600000| Untracked 
|   8|0x0000000082600000, 0x0000000082700000, 0x0000000082700000|100%| O|  |TAMS 0x0000000082600000, 0x0000000082700000| Untracked 
|   9|0x0000000082700000, 0x0000000082800000, 0x0000000082800000|100%| O|  |TAMS 0x0000000082800000, 0x0000000082800000| Untracked 
|  10|0x0000000082800000, 0x0000000082900000, 0x0000000082900000|100%| O|  |TAMS 0x0000000082900000, 0x0000000082900000| Untracked 
|  11|0x0000000082900000, 0x0000000082a00000, 0x0000000082a00000|100%| O|  |TAMS 0x0000000082a00000, 0x0000000082a00000| Untracked 
|  12|0x0000000082a00000, 0x0000000082b00000, 0x0000000082b00000|100%| O|  |TAMS 0x0000000082b00000, 0x0000000082b00000| Untracked 
|  13|0x0000000082b00000, 0x0000000082bdc200, 0x0000000082c00000| 85%| O|  |TAMS 0x0000000082bcb800, 0x0000000082bdc200| Untracked 
|  14|0x0000000082c00000, 0x0000000082d00000, 0x0000000082d00000|100%| O|  |TAMS 0x0000000082c00000, 0x0000000082d00000| Untracked 
|  15|0x0000000082d00000, 0x0000000082e00000, 0x0000000082e00000|100%| O|  |TAMS 0x0000000082d00000, 0x0000000082e00000| Untracked 
|  16|0x0000000082e00000, 0x0000000082f00000, 0x0000000082f00000|100%| O|  |TAMS 0x0000000082e00000, 0x0000000082f00000| Untracked 
|  17|0x0000000082f00000, 0x0000000083000000, 0x0000000083000000|100%| O|  |TAMS 0x0000000082f00000, 0x0000000083000000| Untracked 
|  18|0x0000000083000000, 0x0000000083100000, 0x0000000083100000|100%| O|  |TAMS 0x0000000083000000, 0x0000000083100000| Untracked 
|  19|0x0000000083100000, 0x0000000083200000, 0x0000000083200000|100%| O|  |TAMS 0x0000000083100000, 0x0000000083200000| Untracked 
|  20|0x0000000083200000, 0x0000000083300000, 0x0000000083300000|100%| O|  |TAMS 0x0000000083200000, 0x0000000083300000| Untracked 
|  21|0x0000000083300000, 0x0000000083400000, 0x0000000083400000|100%| O|  |TAMS 0x0000000083300000, 0x0000000083400000| Untracked 
|  22|0x0000000083400000, 0x0000000083500000, 0x0000000083500000|100%| O|  |TAMS 0x0000000083400000, 0x0000000083500000| Untracked 
|  23|0x0000000083500000, 0x0000000083600000, 0x0000000083600000|100%| O|  |TAMS 0x0000000083500000, 0x0000000083600000| Untracked 
|  24|0x0000000083600000, 0x0000000083700000, 0x0000000083700000|100%| O|  |TAMS 0x0000000083600000, 0x0000000083700000| Untracked 
|  25|0x0000000083700000, 0x0000000083800000, 0x0000000083800000|100%| O|  |TAMS 0x0000000083700000, 0x0000000083800000| Untracked 
|  26|0x0000000083800000, 0x0000000083900000, 0x0000000083900000|100%| O|  |TAMS 0x0000000083800000, 0x0000000083900000| Untracked 
|  27|0x0000000083900000, 0x0000000083a00000, 0x0000000083a00000|100%| O|  |TAMS 0x0000000083900000, 0x0000000083a00000| Untracked 
|  28|0x0000000083a00000, 0x0000000083b00000, 0x0000000083b00000|100%| O|  |TAMS 0x0000000083a00000, 0x0000000083b00000| Untracked 
|  29|0x0000000083b00000, 0x0000000083c00000, 0x0000000083c00000|100%| O|  |TAMS 0x0000000083b00000, 0x0000000083c00000| Untracked 
|  30|0x0000000083c00000, 0x0000000083d00000, 0x0000000083d00000|100%| O|  |TAMS 0x0000000083c00000, 0x0000000083d00000| Untracked 
|  31|0x0000000083d00000, 0x0000000083e00000, 0x0000000083e00000|100%| O|  |TAMS 0x0000000083d00000, 0x0000000083e00000| Untracked 
|  32|0x0000000083e00000, 0x0000000083f00000, 0x0000000083f00000|100%| O|  |TAMS 0x0000000083e00000, 0x0000000083f00000| Untracked 
|  33|0x0000000083f00000, 0x0000000084000000, 0x0000000084000000|100%| O|  |TAMS 0x0000000083f00000, 0x0000000084000000| Untracked 
|  34|0x0000000084000000, 0x0000000084100000, 0x0000000084100000|100%| O|  |TAMS 0x0000000084000000, 0x0000000084100000| Untracked 
|  35|0x0000000084100000, 0x0000000084200000, 0x0000000084200000|100%| O|  |TAMS 0x0000000084100000, 0x0000000084200000| Untracked 
|  36|0x0000000084200000, 0x0000000084300000, 0x0000000084300000|100%| O|  |TAMS 0x0000000084200000, 0x0000000084300000| Untracked 
|  37|0x0000000084300000, 0x0000000084400000, 0x0000000084400000|100%| O|  |TAMS 0x0000000084300000, 0x0000000084400000| Untracked 
|  38|0x0000000084400000, 0x0000000084500000, 0x0000000084500000|100%| O|  |TAMS 0x0000000084400000, 0x0000000084500000| Untracked 
|  39|0x0000000084500000, 0x0000000084600000, 0x0000000084600000|100%| O|  |TAMS 0x0000000084500000, 0x0000000084600000| Untracked 
|  40|0x0000000084600000, 0x0000000084700000, 0x0000000084700000|100%| O|  |TAMS 0x0000000084600000, 0x0000000084700000| Untracked 
|  41|0x0000000084700000, 0x0000000084800000, 0x0000000084800000|100%| O|  |TAMS 0x0000000084700000, 0x000000008475f400| Untracked 
|  42|0x0000000084800000, 0x0000000084900000, 0x0000000084900000|100%| O|  |TAMS 0x0000000084800000, 0x0000000084800000| Untracked 
|  43|0x0000000084900000, 0x0000000084a00000, 0x0000000084a00000|100%| O|  |TAMS 0x0000000084900000, 0x0000000084900000| Untracked 
|  44|0x0000000084a00000, 0x0000000084b00000, 0x0000000084b00000|100%| O|  |TAMS 0x0000000084a00000, 0x0000000084a00000| Untracked 
|  45|0x0000000084b00000, 0x0000000084c00000, 0x0000000084c00000|100%| O|  |TAMS 0x0000000084b00000, 0x0000000084b00000| Untracked 
|  46|0x0000000084c00000, 0x0000000084d00000, 0x0000000084d00000|100%| O|  |TAMS 0x0000000084c00000, 0x0000000084c00000| Untracked 
|  47|0x0000000084d00000, 0x0000000084e00000, 0x0000000084e00000|100%| O|  |TAMS 0x0000000084d00000, 0x0000000084d00000| Untracked 
|  48|0x0000000084e00000, 0x0000000084f00000, 0x0000000084f00000|100%|HS|  |TAMS 0x0000000084e00000, 0x0000000084e00000| Complete 
|  49|0x0000000084f00000, 0x0000000085000000, 0x0000000085000000|100%|HC|  |TAMS 0x0000000084f00000, 0x0000000084f00000| Complete 
|  50|0x0000000085000000, 0x0000000085100000, 0x0000000085100000|100%|HS|  |TAMS 0x0000000085000000, 0x0000000085000000| Complete 
|  51|0x0000000085100000, 0x0000000085200000, 0x0000000085200000|100%|HS|  |TAMS 0x0000000085100000, 0x0000000085100000| Complete 
|  52|0x0000000085200000, 0x0000000085300000, 0x0000000085300000|100%|HS|  |TAMS 0x0000000085200000, 0x0000000085200000| Complete 
|  53|0x0000000085300000, 0x0000000085400000, 0x0000000085400000|100%|HS|  |TAMS 0x0000000085300000, 0x0000000085300000| Complete 
|  54|0x0000000085400000, 0x0000000085500000, 0x0000000085500000|100%| O|  |TAMS 0x0000000085400000, 0x0000000085400000| Untracked 
|  55|0x0000000085500000, 0x0000000085600000, 0x0000000085600000|100%| O|  |TAMS 0x0000000085500000, 0x0000000085500000| Untracked 
|  56|0x0000000085600000, 0x0000000085700000, 0x0000000085700000|100%| O|  |TAMS 0x0000000085600000, 0x0000000085600000| Untracked 
|  57|0x0000000085700000, 0x0000000085800000, 0x0000000085800000|100%| O|  |TAMS 0x0000000085700000, 0x0000000085700000| Untracked 
|  58|0x0000000085800000, 0x0000000085900000, 0x0000000085900000|100%| O|  |TAMS 0x0000000085800000, 0x0000000085800000| Untracked 
|  59|0x0000000085900000, 0x0000000085a00000, 0x0000000085a00000|100%| O|  |TAMS 0x0000000085900000, 0x0000000085900000| Untracked 
|  60|0x0000000085a00000, 0x0000000085b00000, 0x0000000085b00000|100%| O|  |TAMS 0x0000000085a00000, 0x0000000085a00000| Untracked 
|  61|0x0000000085b00000, 0x0000000085c00000, 0x0000000085c00000|100%| O|  |TAMS 0x0000000085b00000, 0x0000000085b00000| Untracked 
|  62|0x0000000085c00000, 0x0000000085d00000, 0x0000000085d00000|100%| O|  |TAMS 0x0000000085c00000, 0x0000000085c00000| Untracked 
|  63|0x0000000085d00000, 0x0000000085e00000, 0x0000000085e00000|100%| O|  |TAMS 0x0000000085d00000, 0x0000000085d00000| Untracked 
|  64|0x0000000085e00000, 0x0000000085f00000, 0x0000000085f00000|100%| O|  |TAMS 0x0000000085e00000, 0x0000000085e00000| Untracked 
|  65|0x0000000085f00000, 0x0000000086000000, 0x0000000086000000|100%| O|  |TAMS 0x0000000085f00000, 0x0000000085f00000| Untracked 
|  66|0x0000000086000000, 0x0000000086100000, 0x0000000086100000|100%| O|  |TAMS 0x0000000086000000, 0x0000000086000000| Untracked 
|  67|0x0000000086100000, 0x0000000086200000, 0x0000000086200000|100%| O|  |TAMS 0x0000000086100000, 0x0000000086100000| Untracked 
|  68|0x0000000086200000, 0x0000000086300000, 0x0000000086300000|100%| O|  |TAMS 0x0000000086200000, 0x0000000086200000| Untracked 
|  69|0x0000000086300000, 0x0000000086400000, 0x0000000086400000|100%| O|  |TAMS 0x0000000086300000, 0x0000000086300000| Untracked 
|  70|0x0000000086400000, 0x0000000086500000, 0x0000000086500000|100%| O|  |TAMS 0x0000000086400000, 0x0000000086400000| Untracked 
|  71|0x0000000086500000, 0x0000000086600000, 0x0000000086600000|100%| O|  |TAMS 0x0000000086500000, 0x0000000086500000| Untracked 
|  72|0x0000000086600000, 0x0000000086700000, 0x0000000086700000|100%| O|  |TAMS 0x0000000086600000, 0x0000000086600000| Untracked 
|  73|0x0000000086700000, 0x0000000086800000, 0x0000000086800000|100%| O|  |TAMS 0x0000000086700000, 0x0000000086700000| Untracked 
|  74|0x0000000086800000, 0x0000000086900000, 0x0000000086900000|100%| O|  |TAMS 0x0000000086800000, 0x0000000086800000| Untracked 
|  75|0x0000000086900000, 0x0000000086a00000, 0x0000000086a00000|100%| O|  |TAMS 0x0000000086900000, 0x0000000086900000| Untracked 
|  76|0x0000000086a00000, 0x0000000086b00000, 0x0000000086b00000|100%| O|  |TAMS 0x0000000086a00000, 0x0000000086a00000| Untracked 
|  77|0x0000000086b00000, 0x0000000086c00000, 0x0000000086c00000|100%| O|  |TAMS 0x0000000086b00000, 0x0000000086b00000| Untracked 
|  78|0x0000000086c00000, 0x0000000086d00000, 0x0000000086d00000|100%| O|  |TAMS 0x0000000086c00000, 0x0000000086c00000| Untracked 
|  79|0x0000000086d00000, 0x0000000086e00000, 0x0000000086e00000|100%| O|  |TAMS 0x0000000086d00000, 0x0000000086d00000| Untracked 
|  80|0x0000000086e00000, 0x0000000086f00000, 0x0000000086f00000|100%| O|  |TAMS 0x0000000086e00000, 0x0000000086e00000| Untracked 
|  81|0x0000000086f00000, 0x0000000087000000, 0x0000000087000000|100%| O|  |TAMS 0x0000000086f00000, 0x0000000086f00000| Untracked 
|  82|0x0000000087000000, 0x00000000870d4200, 0x0000000087100000| 82%| O|  |TAMS 0x0000000087000000, 0x0000000087000000| Untracked 
|  83|0x0000000087100000, 0x0000000087100000, 0x0000000087200000|  0%| F|  |TAMS 0x0000000087100000, 0x0000000087100000| Untracked 
|  84|0x0000000087200000, 0x0000000087200000, 0x0000000087300000|  0%| F|  |TAMS 0x0000000087200000, 0x0000000087200000| Untracked 
|  85|0x0000000087300000, 0x0000000087300000, 0x0000000087400000|  0%| F|  |TAMS 0x0000000087300000, 0x0000000087300000| Untracked 
|  86|0x0000000087400000, 0x0000000087400000, 0x0000000087500000|  0%| F|  |TAMS 0x0000000087400000, 0x0000000087400000| Untracked 
|  87|0x0000000087500000, 0x0000000087500000, 0x0000000087600000|  0%| F|  |TAMS 0x0000000087500000, 0x0000000087500000| Untracked 
|  88|0x0000000087600000, 0x0000000087600000, 0x0000000087700000|  0%| F|  |TAMS 0x0000000087600000, 0x0000000087600000| Untracked 
|  89|0x0000000087700000, 0x0000000087700000, 0x0000000087800000|  0%| F|  |TAMS 0x0000000087700000, 0x0000000087700000| Untracked 
|  90|0x0000000087800000, 0x0000000087800000, 0x0000000087900000|  0%| F|  |TAMS 0x0000000087800000, 0x0000000087800000| Untracked 
|  91|0x0000000087900000, 0x0000000087900000, 0x0000000087a00000|  0%| F|  |TAMS 0x0000000087900000, 0x0000000087900000| Untracked 
|  92|0x0000000087a00000, 0x0000000087a00000, 0x0000000087b00000|  0%| F|  |TAMS 0x0000000087a00000, 0x0000000087a00000| Untracked 
|  93|0x0000000087b00000, 0x0000000087b00000, 0x0000000087c00000|  0%| F|  |TAMS 0x0000000087b00000, 0x0000000087b00000| Untracked 
|  94|0x0000000087c00000, 0x0000000087c00000, 0x0000000087d00000|  0%| F|  |TAMS 0x0000000087c00000, 0x0000000087c00000| Untracked 
|  95|0x0000000087d00000, 0x0000000087d00000, 0x0000000087e00000|  0%| F|  |TAMS 0x0000000087d00000, 0x0000000087d00000| Untracked 
|  96|0x0000000087e00000, 0x0000000087e00000, 0x0000000087f00000|  0%| F|  |TAMS 0x0000000087e00000, 0x0000000087e00000| Untracked 
|  97|0x0000000087f00000, 0x0000000087f00000, 0x0000000088000000|  0%| F|  |TAMS 0x0000000087f00000, 0x0000000087f00000| Untracked 
|  98|0x0000000088000000, 0x0000000088000000, 0x0000000088100000|  0%| F|  |TAMS 0x0000000088000000, 0x0000000088000000| Untracked 
|  99|0x0000000088100000, 0x0000000088100000, 0x0000000088200000|  0%| F|  |TAMS 0x0000000088100000, 0x0000000088100000| Untracked 
| 100|0x0000000088200000, 0x0000000088200000, 0x0000000088300000|  0%| F|  |TAMS 0x0000000088200000, 0x0000000088200000| Untracked 
| 101|0x0000000088300000, 0x0000000088300000, 0x0000000088400000|  0%| F|  |TAMS 0x0000000088300000, 0x0000000088300000| Untracked 
| 102|0x0000000088400000, 0x0000000088400000, 0x0000000088500000|  0%| F|  |TAMS 0x0000000088400000, 0x0000000088400000| Untracked 
| 103|0x0000000088500000, 0x0000000088500000, 0x0000000088600000|  0%| F|  |TAMS 0x0000000088500000, 0x0000000088500000| Untracked 
| 104|0x0000000088600000, 0x0000000088600000, 0x0000000088700000|  0%| F|  |TAMS 0x0000000088600000, 0x0000000088600000| Untracked 
| 105|0x0000000088700000, 0x0000000088700000, 0x0000000088800000|  0%| F|  |TAMS 0x0000000088700000, 0x0000000088700000| Untracked 
| 106|0x0000000088800000, 0x0000000088800000, 0x0000000088900000|  0%| F|  |TAMS 0x0000000088800000, 0x0000000088800000| Untracked 
| 107|0x0000000088900000, 0x0000000088900000, 0x0000000088a00000|  0%| F|  |TAMS 0x0000000088900000, 0x0000000088900000| Untracked 
| 108|0x0000000088a00000, 0x0000000088a00000, 0x0000000088b00000|  0%| F|  |TAMS 0x0000000088a00000, 0x0000000088a00000| Untracked 
| 109|0x0000000088b00000, 0x0000000088b00000, 0x0000000088c00000|  0%| F|  |TAMS 0x0000000088b00000, 0x0000000088b00000| Untracked 
| 110|0x0000000088c00000, 0x0000000088c00000, 0x0000000088d00000|  0%| F|  |TAMS 0x0000000088c00000, 0x0000000088c00000| Untracked 
| 111|0x0000000088d00000, 0x0000000088d00000, 0x0000000088e00000|  0%| F|  |TAMS 0x0000000088d00000, 0x0000000088d00000| Untracked 
| 112|0x0000000088e00000, 0x0000000088e00000, 0x0000000088f00000|  0%| F|  |TAMS 0x0000000088e00000, 0x0000000088e00000| Untracked 
| 113|0x0000000088f00000, 0x0000000088f00000, 0x0000000089000000|  0%| F|  |TAMS 0x0000000088f00000, 0x0000000088f00000| Untracked 
| 114|0x0000000089000000, 0x0000000089000000, 0x0000000089100000|  0%| F|  |TAMS 0x0000000089000000, 0x0000000089000000| Untracked 
| 115|0x0000000089100000, 0x0000000089100000, 0x0000000089200000|  0%| F|  |TAMS 0x0000000089100000, 0x0000000089100000| Untracked 
| 116|0x0000000089200000, 0x0000000089292a60, 0x0000000089300000| 57%| S|CS|TAMS 0x0000000089200000, 0x0000000089200000| Complete 
| 117|0x0000000089300000, 0x0000000089400000, 0x0000000089400000|100%| S|CS|TAMS 0x0000000089300000, 0x0000000089300000| Complete 
| 118|0x0000000089400000, 0x0000000089500000, 0x0000000089500000|100%| S|CS|TAMS 0x0000000089400000, 0x0000000089400000| Complete 
| 119|0x0000000089500000, 0x0000000089600000, 0x0000000089600000|100%| S|CS|TAMS 0x0000000089500000, 0x0000000089500000| Complete 
| 120|0x0000000089600000, 0x0000000089600000, 0x0000000089700000|  0%| F|  |TAMS 0x0000000089600000, 0x0000000089600000| Untracked 
| 121|0x0000000089700000, 0x0000000089700000, 0x0000000089800000|  0%| F|  |TAMS 0x0000000089700000, 0x0000000089700000| Untracked 
| 122|0x0000000089800000, 0x0000000089800000, 0x0000000089900000|  0%| F|  |TAMS 0x0000000089800000, 0x0000000089800000| Untracked 
| 123|0x0000000089900000, 0x0000000089900000, 0x0000000089a00000|  0%| F|  |TAMS 0x0000000089900000, 0x0000000089900000| Untracked 
| 124|0x0000000089a00000, 0x0000000089a00000, 0x0000000089b00000|  0%| F|  |TAMS 0x0000000089a00000, 0x0000000089a00000| Untracked 
| 125|0x0000000089b00000, 0x0000000089c00000, 0x0000000089c00000|100%| S|CS|TAMS 0x0000000089b00000, 0x0000000089b00000| Complete 
| 126|0x0000000089c00000, 0x0000000089c00000, 0x0000000089d00000|  0%| F|  |TAMS 0x0000000089c00000, 0x0000000089c00000| Untracked 
| 127|0x0000000089d00000, 0x0000000089d00000, 0x0000000089e00000|  0%| F|  |TAMS 0x0000000089d00000, 0x0000000089d00000| Untracked 
| 128|0x0000000089e00000, 0x0000000089e00000, 0x0000000089f00000|  0%| F|  |TAMS 0x0000000089e00000, 0x0000000089e00000| Untracked 
| 129|0x0000000089f00000, 0x0000000089f00000, 0x000000008a000000|  0%| F|  |TAMS 0x0000000089f00000, 0x0000000089f00000| Untracked 
| 130|0x000000008a000000, 0x000000008a000000, 0x000000008a100000|  0%| F|  |TAMS 0x000000008a000000, 0x000000008a000000| Untracked 
| 131|0x000000008a100000, 0x000000008a100000, 0x000000008a200000|  0%| F|  |TAMS 0x000000008a100000, 0x000000008a100000| Untracked 
| 132|0x000000008a200000, 0x000000008a200000, 0x000000008a300000|  0%| F|  |TAMS 0x000000008a200000, 0x000000008a200000| Untracked 
| 133|0x000000008a300000, 0x000000008a300000, 0x000000008a400000|  0%| F|  |TAMS 0x000000008a300000, 0x000000008a300000| Untracked 
| 134|0x000000008a400000, 0x000000008a400000, 0x000000008a500000|  0%| F|  |TAMS 0x000000008a400000, 0x000000008a400000| Untracked 
| 135|0x000000008a500000, 0x000000008a500000, 0x000000008a600000|  0%| F|  |TAMS 0x000000008a500000, 0x000000008a500000| Untracked 
| 136|0x000000008a600000, 0x000000008a600000, 0x000000008a700000|  0%| F|  |TAMS 0x000000008a600000, 0x000000008a600000| Untracked 
| 137|0x000000008a700000, 0x000000008a700000, 0x000000008a800000|  0%| F|  |TAMS 0x000000008a700000, 0x000000008a700000| Untracked 
| 138|0x000000008a800000, 0x000000008a800000, 0x000000008a900000|  0%| F|  |TAMS 0x000000008a800000, 0x000000008a800000| Untracked 
| 139|0x000000008a900000, 0x000000008a900000, 0x000000008aa00000|  0%| F|  |TAMS 0x000000008a900000, 0x000000008a900000| Untracked 
| 140|0x000000008aa00000, 0x000000008aa00000, 0x000000008ab00000|  0%| F|  |TAMS 0x000000008aa00000, 0x000000008aa00000| Untracked 
| 141|0x000000008ab00000, 0x000000008ab00000, 0x000000008ac00000|  0%| F|  |TAMS 0x000000008ab00000, 0x000000008ab00000| Untracked 
| 142|0x000000008ac00000, 0x000000008ac00000, 0x000000008ad00000|  0%| F|  |TAMS 0x000000008ac00000, 0x000000008ac00000| Untracked 
| 143|0x000000008ad00000, 0x000000008ad00000, 0x000000008ae00000|  0%| F|  |TAMS 0x000000008ad00000, 0x000000008ad00000| Untracked 
| 144|0x000000008ae00000, 0x000000008ae00000, 0x000000008af00000|  0%| F|  |TAMS 0x000000008ae00000, 0x000000008ae00000| Untracked 
| 145|0x000000008af00000, 0x000000008af00000, 0x000000008b000000|  0%| F|  |TAMS 0x000000008af00000, 0x000000008af00000| Untracked 
| 146|0x000000008b000000, 0x000000008b000000, 0x000000008b100000|  0%| F|  |TAMS 0x000000008b000000, 0x000000008b000000| Untracked 
| 147|0x000000008b100000, 0x000000008b100000, 0x000000008b200000|  0%| F|  |TAMS 0x000000008b100000, 0x000000008b100000| Untracked 
| 148|0x000000008b200000, 0x000000008b200000, 0x000000008b300000|  0%| F|  |TAMS 0x000000008b200000, 0x000000008b200000| Untracked 
| 149|0x000000008b300000, 0x000000008b300000, 0x000000008b400000|  0%| F|  |TAMS 0x000000008b300000, 0x000000008b300000| Untracked 
| 150|0x000000008b400000, 0x000000008b400000, 0x000000008b500000|  0%| F|  |TAMS 0x000000008b400000, 0x000000008b400000| Untracked 
| 151|0x000000008b500000, 0x000000008b500000, 0x000000008b600000|  0%| F|  |TAMS 0x000000008b500000, 0x000000008b500000| Untracked 
| 152|0x000000008b600000, 0x000000008b600000, 0x000000008b700000|  0%| F|  |TAMS 0x000000008b600000, 0x000000008b600000| Untracked 
| 153|0x000000008b700000, 0x000000008b700000, 0x000000008b800000|  0%| F|  |TAMS 0x000000008b700000, 0x000000008b700000| Untracked 
| 154|0x000000008b800000, 0x000000008b800000, 0x000000008b900000|  0%| F|  |TAMS 0x000000008b800000, 0x000000008b800000| Untracked 
| 155|0x000000008b900000, 0x000000008b900000, 0x000000008ba00000|  0%| F|  |TAMS 0x000000008b900000, 0x000000008b900000| Untracked 
| 156|0x000000008ba00000, 0x000000008ba00000, 0x000000008bb00000|  0%| F|  |TAMS 0x000000008ba00000, 0x000000008ba00000| Untracked 
| 157|0x000000008bb00000, 0x000000008bb00000, 0x000000008bc00000|  0%| F|  |TAMS 0x000000008bb00000, 0x000000008bb00000| Untracked 
| 158|0x000000008bc00000, 0x000000008bc00000, 0x000000008bd00000|  0%| F|  |TAMS 0x000000008bc00000, 0x000000008bc00000| Untracked 
| 159|0x000000008bd00000, 0x000000008bd00000, 0x000000008be00000|  0%| F|  |TAMS 0x000000008bd00000, 0x000000008bd00000| Untracked 
| 160|0x000000008be00000, 0x000000008be00000, 0x000000008bf00000|  0%| F|  |TAMS 0x000000008be00000, 0x000000008be00000| Untracked 
| 161|0x000000008bf00000, 0x000000008bf00000, 0x000000008c000000|  0%| F|  |TAMS 0x000000008bf00000, 0x000000008bf00000| Untracked 
| 162|0x000000008c000000, 0x000000008c000000, 0x000000008c100000|  0%| F|  |TAMS 0x000000008c000000, 0x000000008c000000| Untracked 
| 163|0x000000008c100000, 0x000000008c100000, 0x000000008c200000|  0%| F|  |TAMS 0x000000008c100000, 0x000000008c100000| Untracked 
| 164|0x000000008c200000, 0x000000008c200000, 0x000000008c300000|  0%| F|  |TAMS 0x000000008c200000, 0x000000008c200000| Untracked 
| 165|0x000000008c300000, 0x000000008c300000, 0x000000008c400000|  0%| F|  |TAMS 0x000000008c300000, 0x000000008c300000| Untracked 
| 166|0x000000008c400000, 0x000000008c400000, 0x000000008c500000|  0%| F|  |TAMS 0x000000008c400000, 0x000000008c400000| Untracked 
| 167|0x000000008c500000, 0x000000008c500000, 0x000000008c600000|  0%| F|  |TAMS 0x000000008c500000, 0x000000008c500000| Untracked 
| 168|0x000000008c600000, 0x000000008c600000, 0x000000008c700000|  0%| F|  |TAMS 0x000000008c600000, 0x000000008c600000| Untracked 
| 169|0x000000008c700000, 0x000000008c700000, 0x000000008c800000|  0%| F|  |TAMS 0x000000008c700000, 0x000000008c700000| Untracked 
| 170|0x000000008c800000, 0x000000008c800000, 0x000000008c900000|  0%| F|  |TAMS 0x000000008c800000, 0x000000008c800000| Untracked 
| 171|0x000000008c900000, 0x000000008c900000, 0x000000008ca00000|  0%| F|  |TAMS 0x000000008c900000, 0x000000008c900000| Untracked 
| 172|0x000000008ca00000, 0x000000008ca00000, 0x000000008cb00000|  0%| F|  |TAMS 0x000000008ca00000, 0x000000008ca00000| Untracked 
| 173|0x000000008cb00000, 0x000000008cb00000, 0x000000008cc00000|  0%| F|  |TAMS 0x000000008cb00000, 0x000000008cb00000| Untracked 
| 174|0x000000008cc00000, 0x000000008cc00000, 0x000000008cd00000|  0%| F|  |TAMS 0x000000008cc00000, 0x000000008cc00000| Untracked 
| 175|0x000000008cd00000, 0x000000008cd00000, 0x000000008ce00000|  0%| F|  |TAMS 0x000000008cd00000, 0x000000008cd00000| Untracked 
| 176|0x000000008ce00000, 0x000000008ce00000, 0x000000008cf00000|  0%| F|  |TAMS 0x000000008ce00000, 0x000000008ce00000| Untracked 
| 177|0x000000008cf00000, 0x000000008cf00000, 0x000000008d000000|  0%| F|  |TAMS 0x000000008cf00000, 0x000000008cf00000| Untracked 
| 178|0x000000008d000000, 0x000000008d000000, 0x000000008d100000|  0%| F|  |TAMS 0x000000008d000000, 0x000000008d000000| Untracked 
| 179|0x000000008d100000, 0x000000008d100000, 0x000000008d200000|  0%| F|  |TAMS 0x000000008d100000, 0x000000008d100000| Untracked 

Card table byte_map: [0x0000024cbdba0000,0x0000024cbdfa0000] _byte_map_base: 0x0000024cbd791000

Marking Bits (Prev, Next): (CMBitMap*) 0x0000024cb7a6be20, (CMBitMap*) 0x0000024cb7a6be60
 Prev Bits: [0x0000024cbe3a0000, 0x0000024cc0328000)
 Next Bits: [0x0000024cc0330000, 0x0000024cc22b8000)

Polling page: 0x0000024cb59e0000

Metaspace:

Usage:
  Non-class:     34.56 MB used.
      Class:      4.92 MB used.
       Both:     39.48 MB used.

Virtual space:
  Non-class space:       40.00 MB reserved,      34.75 MB ( 87%) committed,  5 nodes.
      Class space:        1.00 GB reserved,       5.06 MB ( <1%) committed,  1 nodes.
             Both:        1.04 GB reserved,      39.81 MB (  4%) committed. 

Chunk freelists:
   Non-Class:  432.00 KB
       Class:  2.81 MB
        Both:  3.24 MB

MaxMetaspaceSize: unlimited
CompressedClassSpaceSize: 1.00 GB
Initial GC threshold: 21.00 MB
Current GC threshold: 59.19 MB
CDS: off
MetaspaceReclaimPolicy: balanced
 - commit_granule_bytes: 65536.
 - commit_granule_words: 8192.
 - virtual_space_node_default_size: 1048576.
 - enlarge_chunks_in_place: 1.
 - new_chunks_are_fully_committed: 0.
 - uncommit_free_chunks: 1.
 - use_allocation_guard: 0.
 - handle_deallocations: 1.


Internal statistics:

num_allocs_failed_limit: 8.
num_arena_births: 384.
num_arena_deaths: 0.
num_vsnodes_births: 6.
num_vsnodes_deaths: 0.
num_space_committed: 637.
num_space_uncommitted: 0.
num_chunks_returned_to_freelist: 8.
num_chunks_taken_from_freelist: 1565.
num_chunk_merges: 8.
num_chunk_splits: 1091.
num_chunks_enlarged: 856.
num_purges: 0.
num_inconsistent_stats: 0.

CodeCache: size=49152Kb used=9765Kb max_used=9765Kb free=39386Kb
 bounds [0x0000024cba690000, 0x0000024cbb020000, 0x0000024cbd690000]
 total_blobs=4621 nmethods=4072 adapters=473
 compilation: enabled
              stopped_count=0, restarted_count=0
 full_count=0

Compilation events (20 events):
Event: 2.865 Thread 0x0000024cc5a588f0 nmethod 4065 0x0000024cbb011b90 code [0x0000024cbb011d20, 0x0000024cbb011e58]
Event: 2.865 Thread 0x0000024cc5a588f0 4066       1       java.util.regex.Pattern$GroupTail::<init> (17 bytes)
Event: 2.865 Thread 0x0000024cc5a54320 nmethod 4064 0x0000024cbb011f10 code [0x0000024cbb0120c0, 0x0000024cbb012518]
Event: 2.865 Thread 0x0000024cc5a588f0 nmethod 4066 0x0000024cbb012690 code [0x0000024cbb012820, 0x0000024cbb012958]
Event: 2.865 Thread 0x0000024cc5a54320 4069       1       java.util.regex.Pattern::accept (43 bytes)
Event: 2.865 Thread 0x0000024cc5a588f0 4070       1       java.util.regex.Pattern$BmpCharPredicate::union (23 bytes)
Event: 2.866 Thread 0x0000024cc58438b0 nmethod 4060 0x0000024cbb012a10 code [0x0000024cbb012c20, 0x0000024cbb0130d8]
Event: 2.866 Thread 0x0000024cc58438b0 4067       1       java.util.regex.Pattern::bitsOrSingle (106 bytes)
Event: 2.866 Thread 0x0000024cc5a54320 nmethod 4069 0x0000024cbb013310 code [0x0000024cbb0134c0, 0x0000024cbb0136b8]
Event: 2.866 Thread 0x0000024cc5a54320 4068       1       java.util.regex.Pattern$BitClass::add (97 bytes)
Event: 2.866 Thread 0x0000024cc5a588f0 nmethod 4070 0x0000024cbb013810 code [0x0000024cbb0139e0, 0x0000024cbb013c98]
Event: 2.866 Thread 0x0000024cc5a588f0 4071       1       java.util.regex.Pattern$TreeInfo::reset (21 bytes)
Event: 2.866 Thread 0x0000024cc5a588f0 nmethod 4071 0x0000024cbb013e10 code [0x0000024cbb013fa0, 0x0000024cbb014078]
Event: 2.866 Thread 0x0000024cc58438b0 nmethod 4067 0x0000024cbb014110 code [0x0000024cbb0142c0, 0x0000024cbb0144d8]
Event: 2.866 Thread 0x0000024cc5a54320 nmethod 4068 0x0000024cbb014590 code [0x0000024cbb014760, 0x0000024cbb014a78]
Event: 2.869 Thread 0x0000024cc63ea3b0 nmethod 4063 0x0000024cbb014c90 code [0x0000024cbb015300, 0x0000024cbb017f28]
Event: 2.869 Thread 0x0000024cc63ea3b0 4072       1       java.nio.file.FileTreeWalker$Event::ioeException (5 bytes)
Event: 2.869 Thread 0x0000024cc5a588f0 4073       1       org.springframework.ide.vscode.commons.protocol.java.Classpath::isProjectJavaSource (20 bytes)
Event: 2.869 Thread 0x0000024cc5a54320 4074       1       org.springframework.ide.vscode.commons.protocol.java.Classpath::isProjectSource (20 bytes)
Event: 2.869 Thread 0x0000024cc63ea3b0 nmethod 4072 0x0000024cbb019410 code [0x0000024cbb0195a0, 0x0000024cbb019678]

GC Heap History (20 events):
Event: 1.459 GC heap after
{Heap after GC invocations=6 (full 0):
 garbage-first heap   total 51200K, used 13944K [0x0000000081e00000, 0x0000000100000000)
  region size 1024K, 1 young (1024K), 1 survivors (1024K)
 Metaspace       used 25298K, committed 25536K, reserved 1073152K
  class space    used 3100K, committed 3264K, reserved 1048576K
}
Event: 1.702 GC heap before
{Heap before GC invocations=6 (full 0):
 garbage-first heap   total 51200K, used 33400K [0x0000000081e00000, 0x0000000100000000)
  region size 1024K, 20 young (20480K), 1 survivors (1024K)
 Metaspace       used 28361K, committed 28672K, reserved 1081344K
  class space    used 3547K, committed 3712K, reserved 1048576K
}
Event: 1.706 GC heap after
{Heap after GC invocations=7 (full 0):
 garbage-first heap   total 102400K, used 15257K [0x0000000081e00000, 0x0000000100000000)
  region size 1024K, 3 young (3072K), 3 survivors (3072K)
 Metaspace       used 28361K, committed 28672K, reserved 1081344K
  class space    used 3547K, committed 3712K, reserved 1048576K
}
Event: 2.242 GC heap before
{Heap before GC invocations=7 (full 0):
 garbage-first heap   total 102400K, used 72601K [0x0000000081e00000, 0x0000000100000000)
  region size 1024K, 60 young (61440K), 3 survivors (3072K)
 Metaspace       used 35957K, committed 36288K, reserved 1081344K
  class space    used 4644K, committed 4800K, reserved 1048576K
}
Event: 2.248 GC heap after
{Heap after GC invocations=8 (full 0):
 garbage-first heap   total 102400K, used 21360K [0x0000000081e00000, 0x0000000100000000)
  region size 1024K, 8 young (8192K), 8 survivors (8192K)
 Metaspace       used 35957K, committed 36288K, reserved 1081344K
  class space    used 4644K, committed 4800K, reserved 1048576K
}
Event: 2.385 GC heap before
{Heap before GC invocations=9 (full 0):
 garbage-first heap   total 92160K, used 70512K [0x0000000081e00000, 0x0000000100000000)
  region size 1024K, 57 young (58368K), 8 survivors (8192K)
 Metaspace       used 37054K, committed 37376K, reserved 1081344K
  class space    used 4748K, committed 4864K, reserved 1048576K
}
Event: 2.393 GC heap after
{Heap after GC invocations=10 (full 0):
 garbage-first heap   total 92160K, used 29835K [0x0000000081e00000, 0x0000000100000000)
  region size 1024K, 8 young (8192K), 8 survivors (8192K)
 Metaspace       used 37054K, committed 37376K, reserved 1081344K
  class space    used 4748K, committed 4864K, reserved 1048576K
}
Event: 2.441 GC heap before
{Heap before GC invocations=10 (full 0):
 garbage-first heap   total 92160K, used 63627K [0x0000000081e00000, 0x0000000100000000)
  region size 1024K, 42 young (43008K), 8 survivors (8192K)
 Metaspace       used 37988K, committed 38272K, reserved 1089536K
  class space    used 4792K, committed 4928K, reserved 1048576K
}
Event: 2.447 GC heap after
{Heap after GC invocations=11 (full 0):
 garbage-first heap   total 92160K, used 36471K [0x0000000081e00000, 0x0000000100000000)
  region size 1024K, 6 young (6144K), 6 survivors (6144K)
 Metaspace       used 37988K, committed 38272K, reserved 1089536K
  class space    used 4792K, committed 4928K, reserved 1048576K
}
Event: 2.477 GC heap before
{Heap before GC invocations=11 (full 0):
 garbage-first heap   total 92160K, used 66167K [0x0000000081e00000, 0x0000000100000000)
  region size 1024K, 36 young (36864K), 6 survivors (6144K)
 Metaspace       used 38027K, committed 38336K, reserved 1089536K
  class space    used 4800K, committed 4928K, reserved 1048576K
}
Event: 2.485 GC heap after
{Heap after GC invocations=12 (full 0):
 garbage-first heap   total 92160K, used 47341K [0x0000000081e00000, 0x0000000100000000)
  region size 1024K, 5 young (5120K), 5 survivors (5120K)
 Metaspace       used 38027K, committed 38336K, reserved 1089536K
  class space    used 4800K, committed 4928K, reserved 1048576K
}
Event: 2.512 GC heap before
{Heap before GC invocations=12 (full 0):
 garbage-first heap   total 92160K, used 65773K [0x0000000081e00000, 0x0000000100000000)
  region size 1024K, 24 young (24576K), 5 survivors (5120K)
 Metaspace       used 38209K, committed 38528K, reserved 1089536K
  class space    used 4818K, committed 4928K, reserved 1048576K
}
Event: 2.518 GC heap after
{Heap after GC invocations=13 (full 0):
 garbage-first heap   total 184320K, used 52803K [0x0000000081e00000, 0x0000000100000000)
  region size 1024K, 4 young (4096K), 4 survivors (4096K)
 Metaspace       used 38209K, committed 38528K, reserved 1089536K
  class space    used 4818K, committed 4928K, reserved 1048576K
}
Event: 2.790 GC heap before
{Heap before GC invocations=13 (full 0):
 garbage-first heap   total 184320K, used 134723K [0x0000000081e00000, 0x0000000100000000)
  region size 1024K, 79 young (80896K), 4 survivors (4096K)
 Metaspace       used 39583K, committed 39872K, reserved 1089536K
  class space    used 4971K, committed 5120K, reserved 1048576K
}
Event: 2.815 GC heap after
{Heap after GC invocations=14 (full 0):
 garbage-first heap   total 184320K, used 82230K [0x0000000081e00000, 0x0000000100000000)
  region size 1024K, 10 young (10240K), 10 survivors (10240K)
 Metaspace       used 39583K, committed 39872K, reserved 1089536K
  class space    used 4971K, committed 5120K, reserved 1048576K
}
Event: 2.832 GC heap before
{Heap before GC invocations=14 (full 0):
 garbage-first heap   total 184320K, used 133430K [0x0000000081e00000, 0x0000000100000000)
  region size 1024K, 61 young (62464K), 10 survivors (10240K)
 Metaspace       used 40099K, committed 40448K, reserved 1089536K
  class space    used 4998K, committed 5184K, reserved 1048576K
}
Event: 2.837 GC heap after
{Heap after GC invocations=15 (full 0):
 garbage-first heap   total 184320K, used 85358K [0x0000000081e00000, 0x0000000100000000)
  region size 1024K, 3 young (3072K), 3 survivors (3072K)
 Metaspace       used 40099K, committed 40448K, reserved 1089536K
  class space    used 4998K, committed 5184K, reserved 1048576K
}
Event: 2.851 GC heap before
{Heap before GC invocations=15 (full 0):
 garbage-first heap   total 184320K, used 137582K [0x0000000081e00000, 0x0000000100000000)
  region size 1024K, 55 young (56320K), 3 survivors (3072K)
 Metaspace       used 40283K, committed 40640K, reserved 1089536K
  class space    used 5011K, committed 5184K, reserved 1048576K
}
Event: 2.853 GC heap after
{Heap after GC invocations=16 (full 0):
 garbage-first heap   total 184320K, used 87050K [0x0000000081e00000, 0x0000000100000000)
  region size 1024K, 5 young (5120K), 5 survivors (5120K)
 Metaspace       used 40283K, committed 40640K, reserved 1089536K
  class space    used 5011K, committed 5184K, reserved 1048576K
}
Event: 2.869 GC heap before
{Heap before GC invocations=16 (full 0):
 garbage-first heap   total 184320K, used 141322K [0x0000000081e00000, 0x0000000100000000)
  region size 1024K, 59 young (60416K), 5 survivors (5120K)
 Metaspace       used 40423K, committed 40768K, reserved 1089536K
  class space    used 5036K, committed 5184K, reserved 1048576K
}

Dll operation events (8 events):
Event: 0.005 Loaded shared library c:\Users\lcarv\.vscode\extensions\redhat.java-1.13.0-win32-x64\jre\17.0.5-win32-x86_64\bin\java.dll
Event: 0.143 Loaded shared library C:\Users\lcarv\.vscode\extensions\redhat.java-1.13.0-win32-x64\jre\17.0.5-win32-x86_64\bin\net.dll
Event: 0.145 Loaded shared library C:\Users\lcarv\.vscode\extensions\redhat.java-1.13.0-win32-x64\jre\17.0.5-win32-x86_64\bin\nio.dll
Event: 0.151 Loaded shared library C:\Users\lcarv\.vscode\extensions\redhat.java-1.13.0-win32-x64\jre\17.0.5-win32-x86_64\bin\zip.dll
Event: 0.385 Loaded shared library c:\Users\lcarv\.vscode\extensions\redhat.java-1.13.0-win32-x64\jre\17.0.5-win32-x86_64\bin\verify.dll
Event: 0.390 Loaded shared library C:\Users\lcarv\.vscode\extensions\redhat.java-1.13.0-win32-x64\jre\17.0.5-win32-x86_64\bin\jimage.dll
Event: 1.026 Loaded shared library C:\Users\lcarv\.vscode\extensions\redhat.java-1.13.0-win32-x64\jre\17.0.5-win32-x86_64\bin\management.dll
Event: 1.027 Loaded shared library C:\Users\lcarv\.vscode\extensions\redhat.java-1.13.0-win32-x64\jre\17.0.5-win32-x86_64\bin\management_ext.dll

Deoptimization events (14 events):
Event: 1.210 Thread 0x0000024cb7a0e6a0 DEOPT PACKING pc=0x0000024cbabf9319 sp=0x0000008cf74fd5c0
Event: 1.210 Thread 0x0000024cb7a0e6a0 DEOPT UNPACKING pc=0x0000024cba6e2b43 sp=0x0000008cf74fcaa0 mode 3
Event: 1.887 Thread 0x0000024cb7a0e6a0 DEOPT PACKING pc=0x0000024cbad6ec19 sp=0x0000008cf74fc9a0
Event: 1.887 Thread 0x0000024cb7a0e6a0 DEOPT UNPACKING pc=0x0000024cba6e2b43 sp=0x0000008cf74fbe80 mode 3
Event: 2.098 Thread 0x0000024cc70643c0 DEOPT PACKING pc=0x0000024cbae28c35 sp=0x0000008cf95fd180
Event: 2.098 Thread 0x0000024cc70643c0 DEOPT UNPACKING pc=0x0000024cba6e2b43 sp=0x0000008cf95fc6a8 mode 3
Event: 2.171 Thread 0x0000024cc70cf080 DEOPT PACKING pc=0x0000024cbae549ab sp=0x0000008cf9ffe820
Event: 2.171 Thread 0x0000024cc70cf080 DEOPT UNPACKING pc=0x0000024cba6e2b43 sp=0x0000008cf9ffdd68 mode 3
Event: 2.191 Thread 0x0000024cc7003f90 DEOPT PACKING pc=0x0000024cbabf6901 sp=0x0000008cf94fdba0
Event: 2.191 Thread 0x0000024cc7003f90 DEOPT UNPACKING pc=0x0000024cba6e2b43 sp=0x0000008cf94fd030 mode 3
Event: 2.356 Thread 0x0000024cc70cf550 DEOPT PACKING pc=0x0000024cbabf4417 sp=0x0000008cfa2ff120
Event: 2.356 Thread 0x0000024cc719dc60 DEOPT PACKING pc=0x0000024cbabf4417 sp=0x0000008cfa9ff140
Event: 2.356 Thread 0x0000024cc70cf550 DEOPT UNPACKING pc=0x0000024cba6e2b43 sp=0x0000008cfa2fe578 mode 3
Event: 2.356 Thread 0x0000024cc719dc60 DEOPT UNPACKING pc=0x0000024cba6e2b43 sp=0x0000008cfa9fe598 mode 3

Classes unloaded (0 events):
No events

Classes redefined (0 events):
No events

Internal exceptions (20 events):
Event: 2.195 Thread 0x0000024cc70cf550 Exception <a 'sun/nio/fs/WindowsException'{0x000000008570b328}> (0x000000008570b328) 
thrown [s\src\hotspot\share\prims\jni.cpp, line 516]
Event: 2.195 Thread 0x0000024cc70cf550 Exception <a 'sun/nio/fs/WindowsException'{0x000000008570bd50}> (0x000000008570bd50) 
thrown [s\src\hotspot\share\prims\jni.cpp, line 516]
Event: 2.195 Thread 0x0000024cc70cf550 Exception <a 'sun/nio/fs/WindowsException'{0x000000008570c130}> (0x000000008570c130) 
thrown [s\src\hotspot\share\prims\jni.cpp, line 516]
Event: 2.195 Thread 0x0000024cc70cf550 Exception <a 'sun/nio/fs/WindowsException'{0x000000008570cb20}> (0x000000008570cb20) 
thrown [s\src\hotspot\share\prims\jni.cpp, line 516]
Event: 2.195 Thread 0x0000024cc70cf550 Exception <a 'sun/nio/fs/WindowsException'{0x000000008570cec8}> (0x000000008570cec8) 
thrown [s\src\hotspot\share\prims\jni.cpp, line 516]
Event: 2.195 Thread 0x0000024cc70cf550 Exception <a 'sun/nio/fs/WindowsException'{0x000000008570d8c8}> (0x000000008570d8c8) 
thrown [s\src\hotspot\share\prims\jni.cpp, line 516]
Event: 2.195 Thread 0x0000024cc70cf550 Exception <a 'sun/nio/fs/WindowsException'{0x000000008570dc88}> (0x000000008570dc88) 
thrown [s\src\hotspot\share\prims\jni.cpp, line 516]
Event: 2.195 Thread 0x0000024cc70cf550 Exception <a 'sun/nio/fs/WindowsException'{0x000000008570e688}> (0x000000008570e688) 
thrown [s\src\hotspot\share\prims\jni.cpp, line 516]
Event: 2.195 Thread 0x0000024cc70cf550 Exception <a 'sun/nio/fs/WindowsException'{0x000000008570ea38}> (0x000000008570ea38) 
thrown [s\src\hotspot\share\prims\jni.cpp, line 516]
Event: 2.196 Thread 0x0000024cc70cf550 Exception <a 'sun/nio/fs/WindowsException'{0x000000008570f438}> (0x000000008570f438) 
thrown [s\src\hotspot\share\prims\jni.cpp, line 516]
Event: 2.196 Thread 0x0000024cc70cf550 Exception <a 'sun/nio/fs/WindowsException'{0x000000008570f7f8}> (0x000000008570f7f8) 
thrown [s\src\hotspot\share\prims\jni.cpp, line 516]
Event: 2.196 Thread 0x0000024cc70cf550 Exception <a 'sun/nio/fs/WindowsException'{0x0000000085710220}> (0x0000000085710220) 
thrown [s\src\hotspot\share\prims\jni.cpp, line 516]
Event: 2.196 Thread 0x0000024cc70cf550 Exception <a 'sun/nio/fs/WindowsException'{0x0000000085710600}> (0x0000000085710600) 
thrown [s\src\hotspot\share\prims\jni.cpp, line 516]
Event: 2.196 Thread 0x0000024cc70cf550 Exception <a 'sun/nio/fs/WindowsException'{0x0000000085711038}> (0x0000000085711038) 
thrown [s\src\hotspot\share\prims\jni.cpp, line 516]
Event: 2.196 Thread 0x0000024cc70cf550 Exception <a 'sun/nio/fs/WindowsException'{0x0000000085711428}> (0x0000000085711428) 
thrown [s\src\hotspot\share\prims\jni.cpp, line 516]
Event: 2.196 Thread 0x0000024cc70cf550 Exception <a 'sun/nio/fs/WindowsException'{0x0000000085711e50}> (0x0000000085711e50) 
thrown [s\src\hotspot\share\prims\jni.cpp, line 516]
Event: 2.196 Thread 0x0000024cc70cf550 Exception <a 'sun/nio/fs/WindowsException'{0x0000000085712240}> (0x0000000085712240) 
thrown [s\src\hotspot\share\prims\jni.cpp, line 516]
Event: 2.709 Thread 0x0000024cc70643c0 Exception <a 'java/lang/NoSuchMethodError'{0x000000008b6b19e8}: 'java.lang.Object java.lang.invoke.DirectMethodHandle$Holder.newInvokeSpecial(java.lang.Object, java.lang.Object, int)'> (0x000000008b6b19e8) 
thrown [s\src\hotspot\share\interpreter\linkResolver.cpp, line 759]
Event: 2.717 Thread 0x0000024cc7199430 Exception <a 'java/lang/NoSuchMethodError'{0x000000008b00d658}: 'java.lang.Object java.lang.invoke.Invokers$Holder.linkToTargetMethod(java.lang.Object, long, java.lang.Object)'> (0x000000008b00d658) 
thrown [s\src\hotspot\share\interpreter\linkResolver.cpp, line 759]
Event: 2.734 Thread 0x0000024cc7198f60 Exception <a 'java/lang/NoSuchMethodError'{0x000000008adf0638}: 'void java.lang.invoke.DirectMethodHandle$Holder.invokeVirtual(java.lang.Object, java.lang.Object, java.lang.Object, java.lang.Object)'> (0x000000008adf0638) 
thrown [s\src\hotspot\share\interpreter\linkResolver.cpp, line 759]

VM Operations (20 events):
Event: 2.485 Executing VM operation: G1CollectForAllocation done
Event: 2.512 Executing VM operation: G1TryInitiateConcMark
Event: 2.518 Executing VM operation: G1TryInitiateConcMark done
Event: 2.790 Executing VM operation: G1CollectForAllocation
Event: 2.790 Executing VM operation: G1CollectForAllocation done
Event: 2.790 Executing VM operation: G1CollectForAllocation
Event: 2.815 Executing VM operation: G1CollectForAllocation done
Event: 2.816 Executing VM operation: HandshakeAllThreads
Event: 2.816 Executing VM operation: HandshakeAllThreads done
Event: 2.820 Executing VM operation: HandshakeAllThreads
Event: 2.825 Executing VM operation: HandshakeAllThreads done
Event: 2.831 Executing VM operation: G1CollectForAllocation
Event: 2.832 Executing VM operation: G1CollectForAllocation done
Event: 2.832 Executing VM operation: G1CollectForAllocation
Event: 2.837 Executing VM operation: G1CollectForAllocation done
Event: 2.851 Executing VM operation: G1CollectForAllocation
Event: 2.853 Executing VM operation: G1CollectForAllocation done
Event: 2.869 Executing VM operation: G1CollectForAllocation
Event: 2.869 Executing VM operation: G1CollectForAllocation done
Event: 2.869 Executing VM operation: G1CollectForAllocation

Events (20 events):
Event: 2.733 loading class java/util/concurrent/locks/ReentrantReadWriteLock$Sync done
Event: 2.733 loading class java/util/concurrent/locks/ReentrantReadWriteLock$NonfairSync done
Event: 2.733 loading class java/util/concurrent/locks/ReentrantReadWriteLock$Sync$ThreadLocalHoldCounter
Event: 2.733 loading class java/util/concurrent/locks/ReentrantReadWriteLock$Sync$ThreadLocalHoldCounter done
Event: 2.733 loading class java/util/concurrent/locks/ReentrantReadWriteLock$ReadLock
Event: 2.733 loading class java/util/concurrent/locks/ReentrantReadWriteLock$ReadLock done
Event: 2.733 loading class java/util/concurrent/locks/ReentrantReadWriteLock$WriteLock
Event: 2.733 loading class java/util/concurrent/locks/ReentrantReadWriteLock$WriteLock done
Event: 2.739 loading class java/util/concurrent/CompletableFuture$AsyncSupply
Event: 2.739 loading class java/util/concurrent/CompletableFuture$AsyncSupply done
Event: 2.739 Thread 0x0000024cc7199900 Thread added: 0x0000024cc7199900
Event: 2.751 Thread 0x0000024cc719cdf0 Thread added: 0x0000024cc719cdf0
Event: 2.771 loading class sun/util/ResourceBundleEnumeration
Event: 2.771 loading class sun/util/ResourceBundleEnumeration done
Event: 2.826 loading class java/lang/AbstractMethodError
Event: 2.826 loading class java/lang/AbstractMethodError done
Event: 2.841 loading class java/util/regex/Pattern$1
Event: 2.841 loading class java/util/regex/Pattern$1 done
Event: 2.853 Thread 0x0000024cc719bab0 Thread added: 0x0000024cc719bab0
Event: 2.861 Thread 0x0000024cc7199dd0 Thread added: 0x0000024cc7199dd0


Dynamic libraries:
0x00007ff7c42c0000 - 0x00007ff7c42ce000 	c:\Users\lcarv\.vscode\extensions\redhat.java-1.13.0-win32-x64\jre\17.0.5-win32-x86_64\bin\java.exe
0x00007ffee35a0000 - 0x00007ffee37a9000 	C:\WINDOWS\SYSTEM32\ntdll.dll
0x00007ffee28e0000 - 0x00007ffee299e000 	C:\WINDOWS\System32\KERNEL32.DLL
0x00007ffee0da0000 - 0x00007ffee111b000 	C:\WINDOWS\System32\KERNELBASE.dll
0x00007ffee1300000 - 0x00007ffee1411000 	C:\WINDOWS\System32\ucrtbase.dll
0x00007ffec8640000 - 0x00007ffec8659000 	c:\Users\lcarv\.vscode\extensions\redhat.java-1.13.0-win32-x64\jre\17.0.5-win32-x86_64\bin\VCRUNTIME140.dll
0x00007ffec8620000 - 0x00007ffec8637000 	c:\Users\lcarv\.vscode\extensions\redhat.java-1.13.0-win32-x64\jre\17.0.5-win32-x86_64\bin\jli.dll
0x00007ffee1460000 - 0x00007ffee160d000 	C:\WINDOWS\System32\USER32.dll
0x00007ffee0be0000 - 0x00007ffee0c06000 	C:\WINDOWS\System32\win32u.dll
0x00007ffebc990000 - 0x00007ffebcc35000 	C:\WINDOWS\WinSxS\amd64_microsoft.windows.common-controls_6595b64144ccf1df_6.0.22000.120_none_9d947278b86cc467\COMCTL32.dll
0x00007ffee3280000 - 0x00007ffee32a9000 	C:\WINDOWS\System32\GDI32.dll
0x00007ffee1bf0000 - 0x00007ffee1c93000 	C:\WINDOWS\System32\msvcrt.dll
0x00007ffee1120000 - 0x00007ffee1238000 	C:\WINDOWS\System32\gdi32full.dll
0x00007ffee0c80000 - 0x00007ffee0d1d000 	C:\WINDOWS\System32\msvcp_win.dll
0x00007ffee1bb0000 - 0x00007ffee1be2000 	C:\WINDOWS\System32\IMM32.DLL
0x00007ffed2400000 - 0x00007ffed240c000 	c:\Users\lcarv\.vscode\extensions\redhat.java-1.13.0-win32-x64\jre\17.0.5-win32-x86_64\bin\vcruntime140_1.dll
0x00007ffe95470000 - 0x00007ffe95501000 	c:\Users\lcarv\.vscode\extensions\redhat.java-1.13.0-win32-x64\jre\17.0.5-win32-x86_64\bin\msvcp140.dll
0x00007ffe679a0000 - 0x00007ffe685e4000 	c:\Users\lcarv\.vscode\extensions\redhat.java-1.13.0-win32-x64\jre\17.0.5-win32-x86_64\bin\server\jvm.dll
0x00007ffee2c10000 - 0x00007ffee2cbe000 	C:\WINDOWS\System32\ADVAPI32.dll
0x00007ffee2840000 - 0x00007ffee28de000 	C:\WINDOWS\System32\sechost.dll
0x00007ffee1760000 - 0x00007ffee1880000 	C:\WINDOWS\System32\RPCRT4.dll
0x00007ffed5a40000 - 0x00007ffed5a73000 	C:\WINDOWS\SYSTEM32\WINMM.dll
0x00007ffebfec0000 - 0x00007ffebfec9000 	C:\WINDOWS\SYSTEM32\WSOCK32.dll
0x00007ffed4e50000 - 0x00007ffed4e5a000 	C:\WINDOWS\SYSTEM32\VERSION.dll
0x00007ffee1910000 - 0x00007ffee197f000 	C:\WINDOWS\System32\WS2_32.dll
0x00007ffedfbe0000 - 0x00007ffedfbf8000 	C:\WINDOWS\SYSTEM32\kernel.appcore.dll
0x00007ffecbaa0000 - 0x00007ffecbaaa000 	c:\Users\lcarv\.vscode\extensions\redhat.java-1.13.0-win32-x64\jre\17.0.5-win32-x86_64\bin\jimage.dll
0x00007ffede4d0000 - 0x00007ffede6f1000 	C:\WINDOWS\SYSTEM32\DBGHELP.DLL
0x00007ffecd4c0000 - 0x00007ffecd4f1000 	C:\WINDOWS\SYSTEM32\dbgcore.DLL
0x00007ffee0d20000 - 0x00007ffee0d9f000 	C:\WINDOWS\System32\bcryptPrimitives.dll
0x00007ffe9da80000 - 0x00007ffe9daa5000 	c:\Users\lcarv\.vscode\extensions\redhat.java-1.13.0-win32-x64\jre\17.0.5-win32-x86_64\bin\java.dll
0x00007ffec7e60000 - 0x00007ffec7e78000 	c:\Users\lcarv\.vscode\extensions\redhat.java-1.13.0-win32-x64\jre\17.0.5-win32-x86_64\bin\zip.dll
0x00007ffee2080000 - 0x00007ffee2838000 	C:\WINDOWS\System32\SHELL32.dll
0x00007ffedeb70000 - 0x00007ffedf3d5000 	C:\WINDOWS\SYSTEM32\windows.storage.dll
0x00007ffee1ca0000 - 0x00007ffee2018000 	C:\WINDOWS\System32\combase.dll
0x00007ffedea00000 - 0x00007ffedeb66000 	C:\WINDOWS\SYSTEM32\wintypes.dll
0x00007ffee29a0000 - 0x00007ffee2a8a000 	C:\WINDOWS\System32\SHCORE.dll
0x00007ffee2020000 - 0x00007ffee207d000 	C:\WINDOWS\System32\shlwapi.dll
0x00007ffee09a0000 - 0x00007ffee09c1000 	C:\WINDOWS\SYSTEM32\profapi.dll
0x00007ffeb04f0000 - 0x00007ffeb0509000 	C:\Users\lcarv\.vscode\extensions\redhat.java-1.13.0-win32-x64\jre\17.0.5-win32-x86_64\bin\net.dll
0x00007ffed5710000 - 0x00007ffed5824000 	C:\WINDOWS\SYSTEM32\WINHTTP.dll
0x00007ffee0080000 - 0x00007ffee00e7000 	C:\WINDOWS\system32\mswsock.dll
0x00007ffeab130000 - 0x00007ffeab145000 	C:\Users\lcarv\.vscode\extensions\redhat.java-1.13.0-win32-x64\jre\17.0.5-win32-x86_64\bin\nio.dll
0x00007ffecb690000 - 0x00007ffecb6a0000 	c:\Users\lcarv\.vscode\extensions\redhat.java-1.13.0-win32-x64\jre\17.0.5-win32-x86_64\bin\verify.dll
0x00007ffecd970000 - 0x00007ffecd979000 	C:\Users\lcarv\.vscode\extensions\redhat.java-1.13.0-win32-x64\jre\17.0.5-win32-x86_64\bin\management.dll
0x00007ffeca820000 - 0x00007ffeca82b000 	C:\Users\lcarv\.vscode\extensions\redhat.java-1.13.0-win32-x64\jre\17.0.5-win32-x86_64\bin\management_ext.dll
0x00007ffee1900000 - 0x00007ffee1908000 	C:\WINDOWS\System32\PSAPI.DLL
0x00007ffeb9860000 - 0x00007ffeb9877000 	C:\WINDOWS\system32\napinsp.dll
0x00007ffeb9840000 - 0x00007ffeb985b000 	C:\WINDOWS\system32\pnrpnsp.dll
0x00007ffedf6c0000 - 0x00007ffedf7a8000 	C:\WINDOWS\SYSTEM32\DNSAPI.dll
0x00007ffedf690000 - 0x00007ffedf6bd000 	C:\WINDOWS\SYSTEM32\IPHLPAPI.DLL
0x00007ffee1450000 - 0x00007ffee1459000 	C:\WINDOWS\System32\NSI.dll
0x00007ffeba5a0000 - 0x00007ffeba5b2000 	C:\WINDOWS\System32\winrnr.dll
0x00007ffed4400000 - 0x00007ffed4415000 	C:\WINDOWS\system32\wshbth.dll
0x00007ffeb9770000 - 0x00007ffeb978f000 	C:\WINDOWS\system32\nlansp_c.dll
0x00007ffeccd30000 - 0x00007ffeccd3a000 	C:\Windows\System32\rasadhlp.dll
0x00007ffed2d90000 - 0x00007ffed2e11000 	C:\WINDOWS\System32\fwpuclnt.dll
0x00007ffee02c0000 - 0x00007ffee02d8000 	C:\WINDOWS\SYSTEM32\CRYPTSP.dll
0x00007ffedfb40000 - 0x00007ffedfb75000 	C:\WINDOWS\system32\rsaenh.dll
0x00007ffee0170000 - 0x00007ffee0199000 	C:\WINDOWS\SYSTEM32\USERENV.dll
0x00007ffee0450000 - 0x00007ffee0477000 	C:\WINDOWS\SYSTEM32\bcrypt.dll
0x00007ffee02e0000 - 0x00007ffee02ec000 	C:\WINDOWS\SYSTEM32\CRYPTBASE.dll
0x00007ffed5000000 - 0x00007ffed5019000 	C:\WINDOWS\SYSTEM32\dhcpcsvc6.DLL
0x00007ffed66e0000 - 0x00007ffed66fe000 	C:\WINDOWS\SYSTEM32\dhcpcsvc.DLL

dbghelp: loaded successfully - version: 4.0.5 - missing functions: none
symbol engine: initialized successfully - sym options: 0x614 - pdb path: .;c:\Users\lcarv\.vscode\extensions\redhat.java-1.13.0-win32-x64\jre\17.0.5-win32-x86_64\bin;C:\WINDOWS\SYSTEM32;C:\WINDOWS\WinSxS\amd64_microsoft.windows.common-controls_6595b64144ccf1df_6.0.22000.120_none_9d947278b86cc467;c:\Users\lcarv\.vscode\extensions\redhat.java-1.13.0-win32-x64\jre\17.0.5-win32-x86_64\bin\server

VM Arguments:
jvm_args: -Dsts.lsp.client=vscode -Dsts.log.file=/dev/null -XX:TieredStopAtLevel=1 -Xlog:jni+resolve=off -Dspring.config.location=file:c:\Users\lcarv\.vscode\extensions\pivotal.vscode-spring-boot-1.41.0\language-server\BOOT-INF\classes\application.properties 
java_command: org.springframework.ide.vscode.boot.app.BootLanguageServerBootApp
java_class_path (initial): c:\Users\lcarv\.vscode\extensions\pivotal.vscode-spring-boot-1.41.0\language-server\BOOT-INF\classes;c:\Users\lcarv\.vscode\extensions\pivotal.vscode-spring-boot-1.41.0\language-server\BOOT-INF\lib\annotations-23.0.0.jar;c:\Users\lcarv\.vscode\extensions\pivotal.vscode-spring-boot-1.41.0\language-server\BOOT-INF\lib\ant-1.10.12.jar;c:\Users\lcarv\.vscode\extensions\pivotal.vscode-spring-boot-1.41.0\language-server\BOOT-INF\lib\ant-launcher-1.10.12.jar;c:\Users\lcarv\.vscode\extensions\pivotal.vscode-spring-boot-1.41.0\language-server\BOOT-INF\lib\antlr-runtime-3.5.2.jar;c:\Users\lcarv\.vscode\extensions\pivotal.vscode-spring-boot-1.41.0\language-server\BOOT-INF\lib\antlr4-4.9.3.jar;c:\Users\lcarv\.vscode\extensions\pivotal.vscode-spring-boot-1.41.0\language-server\BOOT-INF\lib\antlr4-runtime-4.9.3.jar;c:\Users\lcarv\.vscode\extensions\pivotal.vscode-spring-boot-1.41.0\language-server\BOOT-INF\lib\apiguardian-api-1.1.2.jar;c:\Users\lcarv\.vscode\extensions\pivotal.vscode-spring-boot-1.41.0\language-server\BOOT-INF\lib\asm-9.4.jar;c:\Users\lcarv\.vscode\extensions\pivotal.vscode-spring-boot-1.41.0\language-server\BOOT-INF\lib\asm-analysis-9.4.jar;c:\Users\lcarv\.vscode\extensions\pivotal.vscode-spring-boot-1.41.0\language-server\BOOT-INF\lib\asm-tree-9.4.jar;c:\Users\lcarv\.vscode\extensions\pivotal.vscode-spring-boot-1.41.0\language-server\BOOT-INF\lib\asm-util-9.4.jar;c:\Users\lcarv\.vscode\extensions\pivotal.vscode-spring-boot-1.41.0\language-server\BOOT-INF\lib\byte-buddy-1.12.13.jar;c:\Users\lcarv\.vscode\extensions\pivotal.vscode-spring-boot-1.41.0\language-server\BOOT-INF\lib\caffeine-2.9.3.jar;c:\Users\lcarv\.vscode\extensions\pivotal.vscode-spring-boot-1.41.0\language-server\BOOT-INF\lib\checker-qual-3.12.0.jar;c:\Users\lcarv\.vscode\extensions\pivotal.vscode-spring-boot-1.41.0\language-server\BOOT-INF\lib\ci-environment-9.1.0.jar;c:\Users\lcarv\.vscode\extensions\pivotal.vscode-spring-boot-1.41.0\language-server\BOOT-INF\lib\clas
Launcher Type: SUN_STANDARD

[Global flags]
     intx CICompilerCount                          = 4                                         {product} {ergonomic}
     uint ConcGCThreads                            = 2                                         {product} {ergonomic}
     uint G1ConcRefinementThreads                  = 8                                         {product} {ergonomic}
   size_t G1HeapRegionSize                         = 1048576                                   {product} {ergonomic}
    uintx GCDrainStackTargetSize                   = 64                                        {product} {ergonomic}
   size_t InitialHeapSize                          = 134217728                                 {product} {ergonomic}
   size_t MarkStackSize                            = 4194304                                   {product} {ergonomic}
   size_t MaxHeapSize                              = 2116026368                                {product} {ergonomic}
   size_t MaxNewSize                               = 1268776960                                {product} {ergonomic}
   size_t MinHeapDeltaBytes                        = 1048576                                   {product} {ergonomic}
   size_t MinHeapSize                              = 8388608                                   {product} {ergonomic}
    uintx NonProfiledCodeHeapSize                  = 0                                      {pd product} {ergonomic}
     bool ProfileInterpreter                       = false                                  {pd product} {command line}
    uintx ProfiledCodeHeapSize                     = 0                                      {pd product} {ergonomic}
   size_t SoftMaxHeapSize                          = 2116026368                             {manageable} {ergonomic}
     intx TieredStopAtLevel                        = 1                                         {product} {command line}
     bool UseCompressedClassPointers               = true                           {product lp64_product} {ergonomic}
     bool UseCompressedOops                        = true                           {product lp64_product} {ergonomic}
     bool UseG1GC                                  = true                                      {product} {ergonomic}
     bool UseLargePagesIndividualAllocation        = false                                  {pd product} {ergonomic}

Logging:
Log output configuration:
 #0: stdout all=warning,jni+resolve=off uptime,level,tags
 #1: stderr all=off uptime,level,tags

Environment Variables:
JAVA_HOME=C:\Program Files\Java\jdk1.8.0_202
PATH=C:\Users\lcarv\bin;C:\Program Files\Git\mingw64\bin;C:\Program Files\Git\usr\local\bin;C:\Program Files\Git\usr\bin;C:\Program Files\Git\usr\bin;C:\Program Files\Git\mingw64\bin;C:\Program Files\Git\usr\bin;C:\Users\lcarv\bin;C:\Program Files (x86)\Common Files\Oracle\Java\javapath;C:\Program Files\Common Files\Oracle\Java\javapath;C:\WINDOWS\system32;C:\WINDOWS;C:\WINDOWS\System32\Wbem;C:\WINDOWS\System32\WindowsPowerShell\v1.0;C:\WINDOWS\System32\OpenSSH;C:\Program Files (x86)\Intel\Intel(R) Management Engine Components\DAL;C:\Program Files\Intel\Intel(R) Management Engine Components\DAL;C:\Program Files\dotnet;C:\Program Files\Git\cmd;C:\Program Files\nodejs;C:\Program Files\apache-maven-3.8.6-bin\apache-maven-3.8.6\bin;C:\Program Files\Java\jdk1.8.0_202\bin;C:\Users\lcarv\AppData\Local\Microsoft\WindowsApps;C:\Users\lcarv\Downloads\ghc-8.10.5-x86_64-unknown-mingw32\ghc-8.10.5\bin;C:\Users\lcarv\AppData\Local\Programs\Microsoft VS Code\bin;C:\Program Files\JetBrains\IntelliJ IDEA 2021.3\bin;C:\Program Files\heroku\bin;C:\Users\lcarv\AppData\Roaming\npm;C:\Program Files\apache-maven-3.8.6-bin\apache-maven-3.8.6\bin;C:\Program Files\Java\jdk1.8.0_202\bin;C:\Program Files\Git\usr\bin\vendor_perl;C:\Program Files\Git\usr\bin\core_perl
USERNAME=lcarv
SHELL=C:\Program Files\Git\usr\bin\bash.exe
DISPLAY=needs-to-be-defined
LC_CTYPE=pt_BR.UTF-8
TERM=xterm
TMPDIR=C:\Users\lcarv\AppData\Local\Temp
OS=Windows_NT
PROCESSOR_IDENTIFIER=Intel64 Family 6 Model 142 Stepping 12, GenuineIntel
TMP=C:\Users\lcarv\AppData\Local\Temp
TEMP=C:\Users\lcarv\AppData\Local\Temp



---------------  S Y S T E M  ---------------

OS:
 Windows 11 , 64 bit Build 22000 (10.0.22000.1219)
OS uptime: 13 days 19:08 hours

CPU: total 8 (initial active 8) (4 cores per cpu, 2 threads per core) family 6 model 142 stepping 12 microcode 0xf0, cx8, cmov, fxsr, ht, mmx, 3dnowpref, sse, sse2, sse3, ssse3, sse4.1, sse4.2, popcnt, lzcnt, tsc, tscinvbit, avx, avx2, aes, erms, clmul, bmi1, bmi2, adx, fma, vzeroupper, clflush, clflushopt

Memory: 4k page, system-wide physical 8067M (425M free)
TotalPageFile size 15377M (AvailPageFile size 105M)
current process WorkingSet (physical memory assigned to process): 282M, peak: 282M
current process commit charge ("private bytes"): 332M, peak: 538M

vm_info: OpenJDK 64-Bit Server VM (17.0.5+8) for windows-amd64 JRE (17.0.5+8), built on Oct 19 2022 04:48:13 by "temurin" with MS VC++ 16.7 (VS2019)

END.
