#
# There is insufficient memory for the Java Runtime Environment to continue.
# Native memory allocation (mmap) failed to map 48234496 bytes for G1 virtual space
# Possible reasons:
#   The system is out of physical RAM or swap space
#   The process is running with CompressedOops enabled, and the Java Heap may be blocking the growth of the native heap
# Possible solutions:
#   Reduce memory load on the system
#   Increase physical memory or swap space
#   Check if swap backing store is full
#   Decrease Java heap size (-Xmx/-Xms)
#   Decrease number of Java threads
#   Decrease Java thread stack sizes (-Xss)
#   Set larger code cache with -XX:ReservedCodeCacheSize=
#   JVM is running with Unscaled Compressed Oops mode in which the Java heap is
#     placed in the first 4GB address space. The Java Heap base address is the
#     maximum limit for the native heap growth. Please use -XX:HeapBaseMinAddress
#     to set the Java Heap base and to place the Java Heap above 4GB virtual address.
# This output file may be truncated or incomplete.
#
#  Out of Memory Error (os_windows.cpp:3548), pid=6948, tid=2176
#
# JRE version: OpenJDK Runtime Environment Temurin-17.0.5+8 (17.0.5+8) (build 17.0.5+8)
# Java VM: OpenJDK 64-Bit Server VM Temurin-17.0.5+8 (17.0.5+8, mixed mode, emulated-client, tiered, compressed oops, compressed class ptrs, g1 gc, windows-amd64)
# No core dump will be written. Minidumps are not enabled by default on client versions of Windows
#

---------------  S U M M A R Y ------------

Command Line: -Dsts.lsp.client=vscode -Dsts.log.file=/dev/null -XX:TieredStopAtLevel=1 -Xlog:jni+resolve=off -Dspring.config.location=file:c:\Users\lcarv\.vscode\extensions\pivotal.vscode-spring-boot-1.41.0\language-server\BOOT-INF\classes\application.properties org.springframework.ide.vscode.boot.app.BootLanguageServerBootApp

Host: Intel(R) Core(TM) i7-8565U CPU @ 1.80GHz, 8 cores, 7G,  Windows 11 , 64 bit Build 22000 (10.0.22000.1219)
Time: Wed Dec 14 15:58:34 2022 Hora Padrão de Buenos Aires elapsed time: 3.362117 seconds (0d 0h 0m 3s)

---------------  T H R E A D  ---------------

Current thread (0x0000026d1c140f70):  VMThread "VM Thread" [stack: 0x000000fa72a00000,0x000000fa72b00000] [id=2176]

Stack: [0x000000fa72a00000,0x000000fa72b00000]
Native frames: (J=compiled Java code, j=interpreted, Vv=VM code, C=native code)
V  [jvm.dll+0x676b3a]
V  [jvm.dll+0x831444]
V  [jvm.dll+0x832bee]
V  [jvm.dll+0x833253]
V  [jvm.dll+0x244ce5]
V  [jvm.dll+0x673a49]
V  [jvm.dll+0x66811a]
V  [jvm.dll+0x303ceb]
V  [jvm.dll+0x30b1e6]
V  [jvm.dll+0x35adbe]
V  [jvm.dll+0x35afef]
V  [jvm.dll+0x2dab88]
V  [jvm.dll+0x2d8e3c]
V  [jvm.dll+0x2d840c]
V  [jvm.dll+0x31c31b]
V  [jvm.dll+0x8376fb]
V  [jvm.dll+0x838434]
V  [jvm.dll+0x83894c]
V  [jvm.dll+0x838d24]
V  [jvm.dll+0x838df0]
V  [jvm.dll+0x7e17ea]
V  [jvm.dll+0x6759e5]
C  [ucrtbase.dll+0x26c0c]
C  [KERNEL32.DLL+0x15550]
C  [ntdll.dll+0x485b]

VM_Operation (0x000000fa745fbb70): G1CollectForAllocation, mode: safepoint, requested by thread 0x0000026d1e209370


---------------  P R O C E S S  ---------------

Threads class SMR info:
_java_thread_list=0x0000026d1e264b30, length=46, elements={
0x0000026d1cc022d0, 0x0000026d1cc02d90, 0x0000026d1c166970, 0x0000026d1c169240,
0x0000026d1c169b00, 0x0000026d1c16abd0, 0x0000026d1c16dab0, 0x0000026d1cc26730,
0x0000026d1ce25e90, 0x0000026d1ce263a0, 0x0000026d1ce358d0, 0x0000026d1ce43560,
0x0000026d1ce268b0, 0x0000026d1df02eb0, 0x0000026d1dfa8e60, 0x0000026d1e130430,
0x0000026d0edae2a0, 0x0000026d1e1f3840, 0x0000026d1e209370, 0x0000026d1e20ada0,
0x0000026d1e222d30, 0x0000026d1e24d960, 0x0000026d1e24de30, 0x0000026d1e24d490,
0x0000026d1e24e300, 0x0000026d1e24c150, 0x0000026d1e24caf0, 0x0000026d1e24eca0,
0x0000026d1e24f170, 0x0000026d1e24e7d0, 0x0000026d1e24c620, 0x0000026d1e24f640,
0x0000026d1e24fb10, 0x0000026d1e24cfc0, 0x0000026d1e3b8e00, 0x0000026d1e3b5de0,
0x0000026d1e3b2420, 0x0000026d1e3b3760, 0x0000026d1e3b9c70, 0x0000026d1e3b8930,
0x0000026d1e3b75f0, 0x0000026d1e3b7120, 0x0000026d1e3b62b0, 0x0000026d1e3b4aa0,
0x0000026d1e3b7ac0, 0x0000026d1e3b6c50
}

Java Threads: ( => current thread )
  0x0000026d1cc022d0 JavaThread "Reference Handler" daemon [_thread_blocked, id=13004, stack(0x000000fa72b00000,0x000000fa72c00000)]
  0x0000026d1cc02d90 JavaThread "Finalizer" daemon [_thread_blocked, id=29976, stack(0x000000fa72c00000,0x000000fa72d00000)]
  0x0000026d1c166970 JavaThread "Signal Dispatcher" daemon [_thread_blocked, id=19864, stack(0x000000fa72d00000,0x000000fa72e00000)]
  0x0000026d1c169240 JavaThread "Attach Listener" daemon [_thread_blocked, id=29416, stack(0x000000fa72e00000,0x000000fa72f00000)]
  0x0000026d1c169b00 JavaThread "Service Thread" daemon [_thread_blocked, id=12460, stack(0x000000fa72f00000,0x000000fa73000000)]
  0x0000026d1c16abd0 JavaThread "Monitor Deflation Thread" daemon [_thread_blocked, id=28180, stack(0x000000fa73000000,0x000000fa73100000)]
  0x0000026d1c16dab0 JavaThread "C1 CompilerThread0" daemon [_thread_blocked, id=29548, stack(0x000000fa73100000,0x000000fa73200000)]
  0x0000026d1cc26730 JavaThread "Sweeper thread" daemon [_thread_blocked, id=13124, stack(0x000000fa73200000,0x000000fa73300000)]
  0x0000026d1ce25e90 JavaThread "C1 CompilerThread1" daemon [_thread_blocked, id=13656, stack(0x000000fa73300000,0x000000fa73400000)]
  0x0000026d1ce263a0 JavaThread "C1 CompilerThread2" daemon [_thread_blocked, id=22992, stack(0x000000fa73400000,0x000000fa73500000)]
  0x0000026d1ce358d0 JavaThread "Notification Thread" daemon [_thread_blocked, id=24172, stack(0x000000fa73500000,0x000000fa73600000)]
  0x0000026d1ce43560 JavaThread "Common-Cleaner" daemon [_thread_blocked, id=1184, stack(0x000000fa73700000,0x000000fa73800000)]
  0x0000026d1ce268b0 JavaThread "C1 CompilerThread3" daemon [_thread_blocked, id=11868, stack(0x000000fa73800000,0x000000fa73900000)]
  0x0000026d1df02eb0 JavaThread "boundedElastic-evictor-1" daemon [_thread_blocked, id=22220, stack(0x000000fa74000000,0x000000fa74100000)]
  0x0000026d1dfa8e60 JavaThread "pool-11-thread-1" [_thread_blocked, id=22896, stack(0x000000fa74200000,0x000000fa74300000)]
  0x0000026d1e130430 JavaThread "LanguageServerApp-lifecycle" [_thread_blocked, id=9632, stack(0x000000fa74300000,0x000000fa74400000)]
  0x0000026d0edae2a0 JavaThread "DestroyJavaVM" [_thread_blocked, id=15732, stack(0x000000fa72400000,0x000000fa72500000)]
  0x0000026d1e1f3840 JavaThread "pool-12-thread-1" [_thread_in_native, id=31104, stack(0x000000fa74400000,0x000000fa74500000)]
  0x0000026d1e209370 JavaThread "Simple-Language-Server main thread" daemon [_thread_blocked, id=17712, stack(0x000000fa74500000,0x000000fa74600000)]
  0x0000026d1e20ada0 JavaThread "pool-8-thread-1" [_thread_blocked, id=28336, stack(0x000000fa74600000,0x000000fa74700000)]
  0x0000026d1e222d30 JavaThread "parallel-1" daemon [_thread_blocked, id=12820, stack(0x000000fa74700000,0x000000fa74800000)]
  0x0000026d1e24d960 JavaThread "parallel-2" daemon [_thread_blocked, id=24728, stack(0x000000fa74800000,0x000000fa74900000)]
  0x0000026d1e24de30 JavaThread "parallel-3" daemon [_thread_blocked, id=17156, stack(0x000000fa74900000,0x000000fa74a00000)]
  0x0000026d1e24d490 JavaThread "parallel-4" daemon [_thread_blocked, id=29380, stack(0x000000fa74a00000,0x000000fa74b00000)]
  0x0000026d1e24e300 JavaThread "parallel-5" daemon [_thread_blocked, id=18528, stack(0x000000fa74b00000,0x000000fa74c00000)]
  0x0000026d1e24c150 JavaThread "parallel-6" daemon [_thread_blocked, id=3396, stack(0x000000fa74c00000,0x000000fa74d00000)]
  0x0000026d1e24caf0 JavaThread "parallel-7" daemon [_thread_blocked, id=24600, stack(0x000000fa74d00000,0x000000fa74e00000)]
  0x0000026d1e24eca0 JavaThread "parallel-8" daemon [_thread_blocked, id=16056, stack(0x000000fa74e00000,0x000000fa74f00000)]
  0x0000026d1e24f170 JavaThread "ForkJoinPool.commonPool-worker-1" daemon [_thread_blocked, id=23056, stack(0x000000fa74f00000,0x000000fa75000000)]
  0x0000026d1e24e7d0 JavaThread "pool-5-thread-1" [_thread_blocked, id=25140, stack(0x000000fa75000000,0x000000fa75100000)]
  0x0000026d1e24c620 JavaThread "ClassGraph-worker-0" daemon [_thread_blocked, id=28452, stack(0x000000fa75100000,0x000000fa75200000)]
  0x0000026d1e24f640 JavaThread "ClassGraph-worker-1" daemon [_thread_blocked, id=19044, stack(0x000000fa75200000,0x000000fa75300000)]
  0x0000026d1e24fb10 JavaThread "ClassGraph-worker-2" daemon [_thread_blocked, id=30056, stack(0x000000fa75300000,0x000000fa75400000)]
  0x0000026d1e24cfc0 JavaThread "ClassGraph-worker-3" daemon [_thread_blocked, id=19080, stack(0x000000fa75400000,0x000000fa75500000)]
  0x0000026d1e3b8e00 JavaThread "ClassGraph-worker-4" daemon [_thread_blocked, id=24692, stack(0x000000fa75500000,0x000000fa75600000)]
  0x0000026d1e3b5de0 JavaThread "ClassGraph-worker-5" daemon [_thread_blocked, id=20628, stack(0x000000fa75600000,0x000000fa75700000)]
  0x0000026d1e3b2420 JavaThread "ClassGraph-worker-6" daemon [_thread_blocked, id=10372, stack(0x000000fa75700000,0x000000fa75800000)]
  0x0000026d1e3b3760 JavaThread "ClassGraph-worker-7" daemon [_thread_blocked, id=11664, stack(0x000000fa75800000,0x000000fa75900000)]
  0x0000026d1e3b9c70 JavaThread "ClassGraph-worker-8" daemon [_thread_blocked, id=29140, stack(0x000000fa75900000,0x000000fa75a00000)]
  0x0000026d1e3b8930 JavaThread "ClassGraph-worker-9" daemon [_thread_blocked, id=17444, stack(0x000000fa75a00000,0x000000fa75b00000)]
  0x0000026d1e3b75f0 JavaThread "ClassGraph-worker-10" daemon [_thread_blocked, id=23832, stack(0x000000fa75b00000,0x000000fa75c00000)]
  0x0000026d1e3b7120 JavaThread "ClassGraph-worker-11" daemon [_thread_blocked, id=10908, stack(0x000000fa75c00000,0x000000fa75d00000)]
  0x0000026d1e3b62b0 JavaThread "ClassGraph-worker-12" daemon [_thread_blocked, id=5592, stack(0x000000fa75d00000,0x000000fa75e00000)]
  0x0000026d1e3b4aa0 JavaThread "ClassGraph-worker-13" daemon [_thread_blocked, id=28544, stack(0x000000fa75e00000,0x000000fa75f00000)]
  0x0000026d1e3b7ac0 JavaThread "Reconciler-1" daemon [_thread_blocked, id=13120, stack(0x000000fa75f00000,0x000000fa76000000)]
  0x0000026d1e3b6c50 JavaThread "pool-5-thread-2" [_thread_blocked, id=14148, stack(0x000000fa76000000,0x000000fa76100000)]

Other Threads:
=>0x0000026d1c140f70 VMThread "VM Thread" [stack: 0x000000fa72a00000,0x000000fa72b00000] [id=2176]
  0x0000026d1ce39fd0 WatcherThread [stack: 0x000000fa73600000,0x000000fa73700000] [id=12972]
  0x0000026d0ee0b830 GCTaskThread "GC Thread#0" [stack: 0x000000fa72500000,0x000000fa72600000] [id=532]
  0x0000026d1d858a10 GCTaskThread "GC Thread#1" [stack: 0x000000fa73900000,0x000000fa73a00000] [id=15320]
  0x0000026d1d858cc0 GCTaskThread "GC Thread#2" [stack: 0x000000fa73a00000,0x000000fa73b00000] [id=9668]
  0x0000026d1d870cb0 GCTaskThread "GC Thread#3" [stack: 0x000000fa73b00000,0x000000fa73c00000] [id=20256]
  0x0000026d1d870f60 GCTaskThread "GC Thread#4" [stack: 0x000000fa73c00000,0x000000fa73d00000] [id=13556]
  0x0000026d1d871210 GCTaskThread "GC Thread#5" [stack: 0x000000fa73d00000,0x000000fa73e00000] [id=12700]
  0x0000026d1daa6db0 GCTaskThread "GC Thread#6" [stack: 0x000000fa73e00000,0x000000fa73f00000] [id=22536]
  0x0000026d1daa7060 GCTaskThread "GC Thread#7" [stack: 0x000000fa73f00000,0x000000fa74000000] [id=28120]
  0x0000026d0ee1c420 ConcurrentGCThread "G1 Main Marker" [stack: 0x000000fa72600000,0x000000fa72700000] [id=2736]
  0x0000026d0ee1e4f0 ConcurrentGCThread "G1 Conc#0" [stack: 0x000000fa72700000,0x000000fa72800000] [id=11680]
  0x0000026d1dbc8c30 ConcurrentGCThread "G1 Conc#1" [stack: 0x000000fa74100000,0x000000fa74200000] [id=2112]
  0x0000026d0ee6ec10 ConcurrentGCThread "G1 Refine#0" [stack: 0x000000fa72800000,0x000000fa72900000] [id=3796]
  0x0000026d1bfa95f0 ConcurrentGCThread "G1 Service" [stack: 0x000000fa72900000,0x000000fa72a00000] [id=19628]

Threads with active compile tasks:

VM state: at safepoint (normal execution)

VM Mutex/Monitor currently owned by a thread:  ([mutex/lock_event])
[0x0000026d0cb47250] Threads_lock - owner thread: 0x0000026d1c140f70
[0x0000026d0edac7c0] Heap_lock - owner thread: 0x0000026d1e209370

Heap address: 0x0000000081e00000, size: 2018 MB, Compressed Oops mode: 32-bit

CDS archive(s) not mapped
Compressed class space mapped at: 0x0000000100000000-0x0000000140000000, reserved size: 1073741824
Narrow klass base: 0x0000000000000000, Narrow klass shift: 3, Narrow klass range: 0x140000000

GC Precious Log:
 CPUs: 8 total, 8 available
 Memory: 8067M
 Large Page Support: Disabled
 NUMA Support: Disabled
 Compressed Oops: Enabled (32-bit)
 Heap Region Size: 1M
 Heap Min Capacity: 8M
 Heap Initial Capacity: 128M
 Heap Max Capacity: 2018M
 Pre-touch: Disabled
 Parallel Workers: 8
 Concurrent Workers: 2
 Concurrent Refinement Workers: 8
 Periodic GC: Disabled

Heap:
 garbage-first heap   total 131072K, used 51405K [0x0000000081e00000, 0x0000000100000000)
  region size 1024K, 4 young (4096K), 4 survivors (4096K)
 Metaspace       used 38754K, committed 39104K, reserved 1089536K
  class space    used 4912K, committed 5056K, reserved 1048576K

Heap Regions: E=young(eden), S=young(survivor), O=old, HS=humongous(starts), HC=humongous(continues), CS=collection set, F=free, OA=open archive, CA=closed archive, TAMS=top-at-mark-start (previous, next)
|   0|0x0000000081e00000, 0x0000000081f00000, 0x0000000081f00000|100%| O|  |TAMS 0x0000000081f00000, 0x0000000081e00000| Untracked 
|   1|0x0000000081f00000, 0x0000000082000000, 0x0000000082000000|100%| O|  |TAMS 0x0000000082000000, 0x0000000081f00000| Untracked 
|   2|0x0000000082000000, 0x0000000082100000, 0x0000000082100000|100%| O|  |TAMS 0x0000000082100000, 0x0000000082000000| Untracked 
|   3|0x0000000082100000, 0x0000000082200000, 0x0000000082200000|100%| O|  |TAMS 0x0000000082200000, 0x0000000082100000| Untracked 
|   4|0x0000000082200000, 0x0000000082300000, 0x0000000082300000|100%| O|  |TAMS 0x0000000082300000, 0x0000000082200000| Untracked 
|   5|0x0000000082300000, 0x0000000082400000, 0x0000000082400000|100%| O|  |TAMS 0x0000000082400000, 0x0000000082300000| Untracked 
|   6|0x0000000082400000, 0x0000000082500000, 0x0000000082500000|100%| O|  |TAMS 0x0000000082500000, 0x0000000082400000| Untracked 
|   7|0x0000000082500000, 0x0000000082600000, 0x0000000082600000|100%| O|  |TAMS 0x0000000082600000, 0x0000000082500000| Untracked 
|   8|0x0000000082600000, 0x0000000082700000, 0x0000000082700000|100%| O|  |TAMS 0x0000000082600000, 0x0000000082600000| Untracked 
|   9|0x0000000082700000, 0x0000000082800000, 0x0000000082800000|100%| O|  |TAMS 0x0000000082800000, 0x0000000082700000| Untracked 
|  10|0x0000000082800000, 0x0000000082900000, 0x0000000082900000|100%| O|  |TAMS 0x0000000082900000, 0x0000000082800000| Untracked 
|  11|0x0000000082900000, 0x0000000082a00000, 0x0000000082a00000|100%| O|  |TAMS 0x0000000082a00000, 0x0000000082900000| Untracked 
|  12|0x0000000082a00000, 0x0000000082b00000, 0x0000000082b00000|100%| O|  |TAMS 0x0000000082b00000, 0x0000000082a00000| Untracked 
|  13|0x0000000082b00000, 0x0000000082c00000, 0x0000000082c00000|100%| O|  |TAMS 0x0000000082b87600, 0x0000000082b00000| Untracked 
|  14|0x0000000082c00000, 0x0000000082d00000, 0x0000000082d00000|100%| O|  |TAMS 0x0000000082c00000, 0x0000000082c00000| Untracked 
|  15|0x0000000082d00000, 0x0000000082e00000, 0x0000000082e00000|100%| O|  |TAMS 0x0000000082d00000, 0x0000000082d00000| Untracked 
|  16|0x0000000082e00000, 0x0000000082f00000, 0x0000000082f00000|100%| O|  |TAMS 0x0000000082e00000, 0x0000000082e00000| Untracked 
|  17|0x0000000082f00000, 0x0000000083000000, 0x0000000083000000|100%| O|  |TAMS 0x0000000082f00000, 0x0000000082f00000| Untracked 
|  18|0x0000000083000000, 0x0000000083100000, 0x0000000083100000|100%| O|  |TAMS 0x0000000083000000, 0x0000000083000000| Untracked 
|  19|0x0000000083100000, 0x0000000083200000, 0x0000000083200000|100%| O|  |TAMS 0x0000000083100000, 0x0000000083100000| Untracked 
|  20|0x0000000083200000, 0x0000000083300000, 0x0000000083300000|100%| O|  |TAMS 0x0000000083200000, 0x0000000083200000| Untracked 
|  21|0x0000000083300000, 0x0000000083400000, 0x0000000083400000|100%| O|  |TAMS 0x0000000083300000, 0x0000000083300000| Untracked 
|  22|0x0000000083400000, 0x0000000083500000, 0x0000000083500000|100%| O|  |TAMS 0x0000000083400000, 0x0000000083400000| Untracked 
|  23|0x0000000083500000, 0x0000000083600000, 0x0000000083600000|100%| O|  |TAMS 0x0000000083500000, 0x0000000083500000| Untracked 
|  24|0x0000000083600000, 0x0000000083700000, 0x0000000083700000|100%| O|  |TAMS 0x0000000083600000, 0x0000000083600000| Untracked 
|  25|0x0000000083700000, 0x0000000083800000, 0x0000000083800000|100%| O|  |TAMS 0x0000000083700000, 0x0000000083700000| Untracked 
|  26|0x0000000083800000, 0x0000000083900000, 0x0000000083900000|100%| O|  |TAMS 0x0000000083800000, 0x0000000083800000| Untracked 
|  27|0x0000000083900000, 0x0000000083a00000, 0x0000000083a00000|100%| O|  |TAMS 0x0000000083900000, 0x0000000083900000| Untracked 
|  28|0x0000000083a00000, 0x0000000083b00000, 0x0000000083b00000|100%| O|  |TAMS 0x0000000083a00000, 0x0000000083a00000| Untracked 
|  29|0x0000000083b00000, 0x0000000083c00000, 0x0000000083c00000|100%| O|  |TAMS 0x0000000083b00000, 0x0000000083b00000| Untracked 
|  30|0x0000000083c00000, 0x0000000083d00000, 0x0000000083d00000|100%| O|  |TAMS 0x0000000083c00000, 0x0000000083c00000| Untracked 
|  31|0x0000000083d00000, 0x0000000083e00000, 0x0000000083e00000|100%| O|  |TAMS 0x0000000083d00000, 0x0000000083d00000| Untracked 
|  32|0x0000000083e00000, 0x0000000083f00000, 0x0000000083f00000|100%| O|  |TAMS 0x0000000083e00000, 0x0000000083e00000| Untracked 
|  33|0x0000000083f00000, 0x0000000084000000, 0x0000000084000000|100%| O|  |TAMS 0x0000000083f00000, 0x0000000083f00000| Untracked 
|  34|0x0000000084000000, 0x0000000084100000, 0x0000000084100000|100%| O|  |TAMS 0x0000000084000000, 0x0000000084000000| Untracked 
|  35|0x0000000084100000, 0x0000000084200000, 0x0000000084200000|100%| O|  |TAMS 0x0000000084100000, 0x0000000084100000| Untracked 
|  36|0x0000000084200000, 0x0000000084300000, 0x0000000084300000|100%| O|  |TAMS 0x0000000084200000, 0x0000000084200000| Untracked 
|  37|0x0000000084300000, 0x0000000084400000, 0x0000000084400000|100%| O|  |TAMS 0x0000000084300000, 0x0000000084300000| Untracked 
|  38|0x0000000084400000, 0x0000000084500000, 0x0000000084500000|100%| O|  |TAMS 0x0000000084400000, 0x0000000084400000| Untracked 
|  39|0x0000000084500000, 0x0000000084600000, 0x0000000084600000|100%| O|  |TAMS 0x0000000084500000, 0x0000000084500000| Untracked 
|  40|0x0000000084600000, 0x0000000084700000, 0x0000000084700000|100%| O|  |TAMS 0x0000000084600000, 0x0000000084600000| Untracked 
|  41|0x0000000084700000, 0x0000000084800000, 0x0000000084800000|100%| O|  |TAMS 0x0000000084700000, 0x0000000084700000| Untracked 
|  42|0x0000000084800000, 0x0000000084900000, 0x0000000084900000|100%| O|  |TAMS 0x0000000084800000, 0x0000000084800000| Untracked 
|  43|0x0000000084900000, 0x0000000084a00000, 0x0000000084a00000|100%| O|  |TAMS 0x0000000084900000, 0x0000000084900000| Untracked 
|  44|0x0000000084a00000, 0x0000000084b00000, 0x0000000084b00000|100%| O|  |TAMS 0x0000000084a00000, 0x0000000084a00000| Untracked 
|  45|0x0000000084b00000, 0x0000000084c00000, 0x0000000084c00000|100%| O|  |TAMS 0x0000000084b00000, 0x0000000084b00000| Untracked 
|  46|0x0000000084c00000, 0x0000000084c33400, 0x0000000084d00000| 20%| O|  |TAMS 0x0000000084c00000, 0x0000000084c00000| Untracked 
|  47|0x0000000084d00000, 0x0000000084d00000, 0x0000000084e00000|  0%| F|  |TAMS 0x0000000084d00000, 0x0000000084d00000| Untracked 
|  48|0x0000000084e00000, 0x0000000084e00000, 0x0000000084f00000|  0%| F|  |TAMS 0x0000000084e00000, 0x0000000084e00000| Untracked 
|  49|0x0000000084f00000, 0x0000000084f00000, 0x0000000085000000|  0%| F|  |TAMS 0x0000000084f00000, 0x0000000084f00000| Untracked 
|  50|0x0000000085000000, 0x0000000085000000, 0x0000000085100000|  0%| F|  |TAMS 0x0000000085000000, 0x0000000085000000| Untracked 
|  51|0x0000000085100000, 0x0000000085100000, 0x0000000085200000|  0%| F|  |TAMS 0x0000000085100000, 0x0000000085100000| Untracked 
|  52|0x0000000085200000, 0x0000000085200000, 0x0000000085300000|  0%| F|  |TAMS 0x0000000085200000, 0x0000000085200000| Untracked 
|  53|0x0000000085300000, 0x0000000085300000, 0x0000000085400000|  0%| F|  |TAMS 0x0000000085300000, 0x0000000085300000| Untracked 
|  54|0x0000000085400000, 0x0000000085400000, 0x0000000085500000|  0%| F|  |TAMS 0x0000000085400000, 0x0000000085400000| Untracked 
|  55|0x0000000085500000, 0x0000000085500000, 0x0000000085600000|  0%| F|  |TAMS 0x0000000085500000, 0x0000000085500000| Untracked 
|  56|0x0000000085600000, 0x0000000085600000, 0x0000000085700000|  0%| F|  |TAMS 0x0000000085600000, 0x0000000085600000| Untracked 
|  57|0x0000000085700000, 0x0000000085700000, 0x0000000085800000|  0%| F|  |TAMS 0x0000000085700000, 0x0000000085700000| Untracked 
|  58|0x0000000085800000, 0x0000000085800000, 0x0000000085900000|  0%| F|  |TAMS 0x0000000085800000, 0x0000000085800000| Untracked 
|  59|0x0000000085900000, 0x0000000085900000, 0x0000000085a00000|  0%| F|  |TAMS 0x0000000085900000, 0x0000000085900000| Untracked 
|  60|0x0000000085a00000, 0x0000000085a00000, 0x0000000085b00000|  0%| F|  |TAMS 0x0000000085a00000, 0x0000000085a00000| Untracked 
|  61|0x0000000085b00000, 0x0000000085b00000, 0x0000000085c00000|  0%| F|  |TAMS 0x0000000085b00000, 0x0000000085b00000| Untracked 
|  62|0x0000000085c00000, 0x0000000085c00000, 0x0000000085d00000|  0%| F|  |TAMS 0x0000000085c00000, 0x0000000085c00000| Untracked 
|  63|0x0000000085d00000, 0x0000000085d00000, 0x0000000085e00000|  0%| F|  |TAMS 0x0000000085d00000, 0x0000000085d00000| Untracked 
|  64|0x0000000085e00000, 0x0000000085e00000, 0x0000000085f00000|  0%| F|  |TAMS 0x0000000085e00000, 0x0000000085e00000| Untracked 
|  65|0x0000000085f00000, 0x0000000086000000, 0x0000000086000000|100%| S|CS|TAMS 0x0000000085f00000, 0x0000000085f00000| Complete 
|  66|0x0000000086000000, 0x0000000086100000, 0x0000000086100000|100%| S|CS|TAMS 0x0000000086000000, 0x0000000086000000| Complete 
|  67|0x0000000086100000, 0x0000000086200000, 0x0000000086200000|100%| S|CS|TAMS 0x0000000086100000, 0x0000000086100000| Complete 
|  68|0x0000000086200000, 0x0000000086300000, 0x0000000086300000|100%| S|CS|TAMS 0x0000000086200000, 0x0000000086200000| Complete 
|  69|0x0000000086300000, 0x0000000086300000, 0x0000000086400000|  0%| F|  |TAMS 0x0000000086300000, 0x0000000086300000| Untracked 
|  70|0x0000000086400000, 0x0000000086400000, 0x0000000086500000|  0%| F|  |TAMS 0x0000000086400000, 0x0000000086400000| Untracked 
|  71|0x0000000086500000, 0x0000000086500000, 0x0000000086600000|  0%| F|  |TAMS 0x0000000086500000, 0x0000000086500000| Untracked 
|  72|0x0000000086600000, 0x0000000086600000, 0x0000000086700000|  0%| F|  |TAMS 0x0000000086600000, 0x0000000086600000| Untracked 
|  73|0x0000000086700000, 0x0000000086700000, 0x0000000086800000|  0%| F|  |TAMS 0x0000000086700000, 0x0000000086700000| Untracked 
|  74|0x0000000086800000, 0x0000000086800000, 0x0000000086900000|  0%| F|  |TAMS 0x0000000086800000, 0x0000000086800000| Untracked 
|  75|0x0000000086900000, 0x0000000086900000, 0x0000000086a00000|  0%| F|  |TAMS 0x0000000086900000, 0x0000000086900000| Untracked 
|  76|0x0000000086a00000, 0x0000000086a00000, 0x0000000086b00000|  0%| F|  |TAMS 0x0000000086a00000, 0x0000000086a00000| Untracked 
|  77|0x0000000086b00000, 0x0000000086b00000, 0x0000000086c00000|  0%| F|  |TAMS 0x0000000086b00000, 0x0000000086b00000| Untracked 
|  78|0x0000000086c00000, 0x0000000086c00000, 0x0000000086d00000|  0%| F|  |TAMS 0x0000000086c00000, 0x0000000086c00000| Untracked 
|  79|0x0000000086d00000, 0x0000000086d00000, 0x0000000086e00000|  0%| F|  |TAMS 0x0000000086d00000, 0x0000000086d00000| Untracked 
|  80|0x0000000086e00000, 0x0000000086e00000, 0x0000000086f00000|  0%| F|  |TAMS 0x0000000086e00000, 0x0000000086e00000| Untracked 
|  81|0x0000000086f00000, 0x0000000086f00000, 0x0000000087000000|  0%| F|  |TAMS 0x0000000086f00000, 0x0000000086f00000| Untracked 
|  82|0x0000000087000000, 0x0000000087000000, 0x0000000087100000|  0%| F|  |TAMS 0x0000000087000000, 0x0000000087000000| Untracked 
|  83|0x0000000087100000, 0x0000000087100000, 0x0000000087200000|  0%| F|  |TAMS 0x0000000087100000, 0x0000000087100000| Untracked 
|  84|0x0000000087200000, 0x0000000087200000, 0x0000000087300000|  0%| F|  |TAMS 0x0000000087200000, 0x0000000087200000| Untracked 
|  85|0x0000000087300000, 0x0000000087300000, 0x0000000087400000|  0%| F|  |TAMS 0x0000000087300000, 0x0000000087300000| Untracked 
|  86|0x0000000087400000, 0x0000000087400000, 0x0000000087500000|  0%| F|  |TAMS 0x0000000087400000, 0x0000000087400000| Untracked 
|  87|0x0000000087500000, 0x0000000087500000, 0x0000000087600000|  0%| F|  |TAMS 0x0000000087500000, 0x0000000087500000| Untracked 
|  88|0x0000000087600000, 0x0000000087600000, 0x0000000087700000|  0%| F|  |TAMS 0x0000000087600000, 0x0000000087600000| Untracked 
|  89|0x0000000087700000, 0x0000000087700000, 0x0000000087800000|  0%| F|  |TAMS 0x0000000087700000, 0x0000000087700000| Untracked 
|  90|0x0000000087800000, 0x0000000087800000, 0x0000000087900000|  0%| F|  |TAMS 0x0000000087800000, 0x0000000087800000| Untracked 
|  91|0x0000000087900000, 0x0000000087900000, 0x0000000087a00000|  0%| F|  |TAMS 0x0000000087900000, 0x0000000087900000| Untracked 
|  92|0x0000000087a00000, 0x0000000087a00000, 0x0000000087b00000|  0%| F|  |TAMS 0x0000000087a00000, 0x0000000087a00000| Untracked 
|  93|0x0000000087b00000, 0x0000000087b00000, 0x0000000087c00000|  0%| F|  |TAMS 0x0000000087b00000, 0x0000000087b00000| Untracked 
|  94|0x0000000087c00000, 0x0000000087c00000, 0x0000000087d00000|  0%| F|  |TAMS 0x0000000087c00000, 0x0000000087c00000| Untracked 
|  95|0x0000000087d00000, 0x0000000087d00000, 0x0000000087e00000|  0%| F|  |TAMS 0x0000000087d00000, 0x0000000087d00000| Untracked 
|  96|0x0000000087e00000, 0x0000000087e00000, 0x0000000087f00000|  0%| F|  |TAMS 0x0000000087e00000, 0x0000000087e00000| Untracked 
|  97|0x0000000087f00000, 0x0000000087f00000, 0x0000000088000000|  0%| F|  |TAMS 0x0000000087f00000, 0x0000000087f00000| Untracked 
|  98|0x0000000088000000, 0x0000000088000000, 0x0000000088100000|  0%| F|  |TAMS 0x0000000088000000, 0x0000000088000000| Untracked 
|  99|0x0000000088100000, 0x0000000088100000, 0x0000000088200000|  0%| F|  |TAMS 0x0000000088100000, 0x0000000088100000| Untracked 
| 100|0x0000000088200000, 0x0000000088200000, 0x0000000088300000|  0%| F|  |TAMS 0x0000000088200000, 0x0000000088200000| Untracked 
| 101|0x0000000088300000, 0x0000000088300000, 0x0000000088400000|  0%| F|  |TAMS 0x0000000088300000, 0x0000000088300000| Untracked 
| 102|0x0000000088400000, 0x0000000088400000, 0x0000000088500000|  0%| F|  |TAMS 0x0000000088400000, 0x0000000088400000| Untracked 
| 103|0x0000000088500000, 0x0000000088500000, 0x0000000088600000|  0%| F|  |TAMS 0x0000000088500000, 0x0000000088500000| Untracked 
| 104|0x0000000088600000, 0x0000000088600000, 0x0000000088700000|  0%| F|  |TAMS 0x0000000088600000, 0x0000000088600000| Untracked 
| 105|0x0000000088700000, 0x0000000088700000, 0x0000000088800000|  0%| F|  |TAMS 0x0000000088700000, 0x0000000088700000| Untracked 
| 106|0x0000000088800000, 0x0000000088800000, 0x0000000088900000|  0%| F|  |TAMS 0x0000000088800000, 0x0000000088800000| Untracked 
| 107|0x0000000088900000, 0x0000000088900000, 0x0000000088a00000|  0%| F|  |TAMS 0x0000000088900000, 0x0000000088900000| Untracked 
| 108|0x0000000088a00000, 0x0000000088a00000, 0x0000000088b00000|  0%| F|  |TAMS 0x0000000088a00000, 0x0000000088a00000| Untracked 
| 109|0x0000000088b00000, 0x0000000088b00000, 0x0000000088c00000|  0%| F|  |TAMS 0x0000000088b00000, 0x0000000088b00000| Untracked 
| 110|0x0000000088c00000, 0x0000000088c00000, 0x0000000088d00000|  0%| F|  |TAMS 0x0000000088c00000, 0x0000000088c00000| Untracked 
| 111|0x0000000088d00000, 0x0000000088d00000, 0x0000000088e00000|  0%| F|  |TAMS 0x0000000088d00000, 0x0000000088d00000| Untracked 
| 112|0x0000000088e00000, 0x0000000088e00000, 0x0000000088f00000|  0%| F|  |TAMS 0x0000000088e00000, 0x0000000088e00000| Untracked 
| 113|0x0000000088f00000, 0x0000000088f00000, 0x0000000089000000|  0%| F|  |TAMS 0x0000000088f00000, 0x0000000088f00000| Untracked 
| 114|0x0000000089000000, 0x0000000089000000, 0x0000000089100000|  0%| F|  |TAMS 0x0000000089000000, 0x0000000089000000| Untracked 
| 115|0x0000000089100000, 0x0000000089100000, 0x0000000089200000|  0%| F|  |TAMS 0x0000000089100000, 0x0000000089100000| Untracked 
| 116|0x0000000089200000, 0x0000000089200000, 0x0000000089300000|  0%| F|  |TAMS 0x0000000089200000, 0x0000000089200000| Untracked 
| 117|0x0000000089300000, 0x0000000089300000, 0x0000000089400000|  0%| F|  |TAMS 0x0000000089300000, 0x0000000089300000| Untracked 
| 118|0x0000000089400000, 0x0000000089400000, 0x0000000089500000|  0%| F|  |TAMS 0x0000000089400000, 0x0000000089400000| Untracked 
| 119|0x0000000089500000, 0x0000000089500000, 0x0000000089600000|  0%| F|  |TAMS 0x0000000089500000, 0x0000000089500000| Untracked 
| 120|0x0000000089600000, 0x0000000089600000, 0x0000000089700000|  0%| F|  |TAMS 0x0000000089600000, 0x0000000089600000| Untracked 
| 121|0x0000000089700000, 0x0000000089700000, 0x0000000089800000|  0%| F|  |TAMS 0x0000000089700000, 0x0000000089700000| Untracked 
| 122|0x0000000089800000, 0x0000000089800000, 0x0000000089900000|  0%| F|  |TAMS 0x0000000089800000, 0x0000000089800000| Untracked 
| 123|0x0000000089900000, 0x0000000089900000, 0x0000000089a00000|  0%| F|  |TAMS 0x0000000089900000, 0x0000000089900000| Untracked 
| 124|0x0000000089a00000, 0x0000000089a00000, 0x0000000089b00000|  0%| F|  |TAMS 0x0000000089a00000, 0x0000000089a00000| Untracked 
| 125|0x0000000089b00000, 0x0000000089b00000, 0x0000000089c00000|  0%| F|  |TAMS 0x0000000089b00000, 0x0000000089b00000| Untracked 
| 126|0x0000000089c00000, 0x0000000089c00000, 0x0000000089d00000|  0%| F|  |TAMS 0x0000000089c00000, 0x0000000089c00000| Untracked 
| 127|0x0000000089d00000, 0x0000000089d00000, 0x0000000089e00000|  0%| F|  |TAMS 0x0000000089d00000, 0x0000000089d00000| Untracked 

Card table byte_map: [0x0000026d14f40000,0x0000026d15340000] _byte_map_base: 0x0000026d14b31000

Marking Bits (Prev, Next): (CMBitMap*) 0x0000026d0ee0bd50, (CMBitMap*) 0x0000026d0ee0bd90
 Prev Bits: [0x0000026d15740000, 0x0000026d176c8000)
 Next Bits: [0x0000026d176d0000, 0x0000026d19658000)

Polling page: 0x0000026d0ccf0000

Metaspace:

Usage:
  Non-class:     33.05 MB used.
      Class:      4.80 MB used.
       Both:     37.85 MB used.

Virtual space:
  Non-class space:       40.00 MB reserved,      33.25 MB ( 83%) committed,  5 nodes.
      Class space:        1.00 GB reserved,       4.94 MB ( <1%) committed,  1 nodes.
             Both:        1.04 GB reserved,      38.19 MB (  4%) committed. 

Chunk freelists:
   Non-Class:  2.33 MB
       Class:  3.05 MB
        Both:  5.38 MB

MaxMetaspaceSize: unlimited
CompressedClassSpaceSize: 1.00 GB
Initial GC threshold: 21.00 MB
Current GC threshold: 59.06 MB
CDS: off
MetaspaceReclaimPolicy: balanced
 - commit_granule_bytes: 65536.
 - commit_granule_words: 8192.
 - virtual_space_node_default_size: 1048576.
 - enlarge_chunks_in_place: 1.
 - new_chunks_are_fully_committed: 0.
 - uncommit_free_chunks: 1.
 - use_allocation_guard: 0.
 - handle_deallocations: 1.


Internal statistics:

num_allocs_failed_limit: 6.
num_arena_births: 342.
num_arena_deaths: 0.
num_vsnodes_births: 6.
num_vsnodes_deaths: 0.
num_space_committed: 611.
num_space_uncommitted: 0.
num_chunks_returned_to_freelist: 6.
num_chunks_taken_from_freelist: 1448.
num_chunk_merges: 6.
num_chunk_splits: 1019.
num_chunks_enlarged: 798.
num_purges: 0.
num_inconsistent_stats: 0.

CodeCache: size=49152Kb used=9142Kb max_used=9142Kb free=40009Kb
 bounds [0x0000026d11a30000, 0x0000026d12320000, 0x0000026d14a30000]
 total_blobs=4381 nmethods=3850 adapters=455
 compilation: enabled
              stopped_count=0, restarted_count=0
 full_count=0

Compilation events (20 events):
Event: 3.329 Thread 0x0000026d1ce263a0 nmethod 3837 0x0000026d12319d90 code [0x0000026d12319f20, 0x0000026d12319ff8]
Event: 3.329 Thread 0x0000026d1ce268b0 nmethod 3838 0x0000026d1231a090 code [0x0000026d1231a220, 0x0000026d1231a2d8]
Event: 3.343 Thread 0x0000026d1ce268b0 3839       1       java.util.LinkedHashMap::keysToArray (38 bytes)
Event: 3.343 Thread 0x0000026d1ce268b0 nmethod 3839 0x0000026d1231aa90 code [0x0000026d1231ac20, 0x0000026d1231adf8]
Event: 3.343 Thread 0x0000026d1ce268b0 3841       1       org.eclipse.jdt.internal.compiler.util.HashtableOfInt::put (95 bytes)
Event: 3.343 Thread 0x0000026d1ce268b0 nmethod 3841 0x0000026d1231b790 code [0x0000026d1231b960, 0x0000026d1231bcc8]
Event: 3.343 Thread 0x0000026d1ce263a0 3845       1       jdk.internal.reflect.UnsafeQualifiedStaticIntegerFieldAccessorImpl::getInt (15 bytes)
Event: 3.343 Thread 0x0000026d1c16dab0 3844       1       jdk.internal.reflect.UnsafeQualifiedStaticIntegerFieldAccessorImpl::get (9 bytes)
Event: 3.343 Thread 0x0000026d1ce263a0 nmethod 3845 0x0000026d1231bf10 code [0x0000026d1231c0a0, 0x0000026d1231c178]
Event: 3.343 Thread 0x0000026d1c16dab0 nmethod 3844 0x0000026d1231c210 code [0x0000026d1231c3a0, 0x0000026d1231c518]
Event: 3.344 Thread 0x0000026d1c16dab0 3846       1       org.eclipse.jdt.internal.compiler.impl.IrritantSet::isSet (23 bytes)
Event: 3.344 Thread 0x0000026d1c16dab0 nmethod 3846 0x0000026d1231c610 code [0x0000026d1231c7a0, 0x0000026d1231c8d8]
Event: 3.345 Thread 0x0000026d1c16dab0 3847       1       java.lang.invoke.BoundMethodHandle$Species_L::make (11 bytes)
Event: 3.346 Thread 0x0000026d1c16dab0 nmethod 3847 0x0000026d1231c990 code [0x0000026d1231cb20, 0x0000026d1231cca8]
Event: 3.351 Thread 0x0000026d1c16dab0 3848       1       java.util.LinkedHashMap::<init> (16 bytes)
Event: 3.352 Thread 0x0000026d1ce25e90 3849       1       java.util.jar.Attributes::clone (9 bytes)
Event: 3.352 Thread 0x0000026d1c16dab0 nmethod 3848 0x0000026d1231cd90 code [0x0000026d1231cf20, 0x0000026d1231d008]
Event: 3.352 Thread 0x0000026d1ce263a0 3850       1       java.util.jar.Attributes::<init> (17 bytes)
Event: 3.352 Thread 0x0000026d1ce263a0 nmethod 3850 0x0000026d1231d090 code [0x0000026d1231d220, 0x0000026d1231d3e8]
Event: 3.352 Thread 0x0000026d1ce25e90 nmethod 3849 0x0000026d1231d490 code [0x0000026d1231d640, 0x0000026d1231d868]

GC Heap History (20 events):
Event: 1.391 GC heap after
{Heap after GC invocations=2 (full 0):
 garbage-first heap   total 131072K, used 10896K [0x0000000081e00000, 0x0000000100000000)
  region size 1024K, 3 young (3072K), 3 survivors (3072K)
 Metaspace       used 16193K, committed 16384K, reserved 1064960K
  class space    used 1955K, committed 2048K, reserved 1048576K
}
Event: 1.612 GC heap before
{Heap before GC invocations=2 (full 0):
 garbage-first heap   total 131072K, used 33424K [0x0000000081e00000, 0x0000000100000000)
  region size 1024K, 27 young (27648K), 3 survivors (3072K)
 Metaspace       used 21343K, committed 21504K, reserved 1073152K
  class space    used 2599K, committed 2688K, reserved 1048576K
}
Event: 1.615 GC heap after
{Heap after GC invocations=3 (full 0):
 garbage-first heap   total 131072K, used 12136K [0x0000000081e00000, 0x0000000100000000)
  region size 1024K, 4 young (4096K), 4 survivors (4096K)
 Metaspace       used 21343K, committed 21504K, reserved 1073152K
  class space    used 2599K, committed 2688K, reserved 1048576K
}
Event: 1.890 GC heap before
{Heap before GC invocations=4 (full 0):
 garbage-first heap   total 48128K, used 34664K [0x0000000081e00000, 0x0000000100000000)
  region size 1024K, 27 young (27648K), 4 survivors (4096K)
 Metaspace       used 24759K, committed 25024K, reserved 1073152K
  class space    used 3035K, committed 3200K, reserved 1048576K
}
Event: 1.894 GC heap after
{Heap after GC invocations=5 (full 0):
 garbage-first heap   total 48128K, used 13435K [0x0000000081e00000, 0x0000000100000000)
  region size 1024K, 5 young (5120K), 5 survivors (5120K)
 Metaspace       used 24759K, committed 25024K, reserved 1073152K
  class space    used 3035K, committed 3200K, reserved 1048576K
}
Event: 1.908 GC heap before
{Heap before GC invocations=5 (full 0):
 garbage-first heap   total 48128K, used 14459K [0x0000000081e00000, 0x0000000100000000)
  region size 1024K, 6 young (6144K), 5 survivors (5120K)
 Metaspace       used 24861K, committed 25152K, reserved 1073152K
  class space    used 3044K, committed 3200K, reserved 1048576K
}
Event: 1.913 GC heap after
{Heap after GC invocations=6 (full 0):
 garbage-first heap   total 48128K, used 13648K [0x0000000081e00000, 0x0000000100000000)
  region size 1024K, 1 young (1024K), 1 survivors (1024K)
 Metaspace       used 24861K, committed 25152K, reserved 1073152K
  class space    used 3044K, committed 3200K, reserved 1048576K
}
Event: 2.214 GC heap before
{Heap before GC invocations=6 (full 0):
 garbage-first heap   total 48128K, used 31056K [0x0000000081e00000, 0x0000000100000000)
  region size 1024K, 19 young (19456K), 1 survivors (1024K)
 Metaspace       used 28168K, committed 28480K, reserved 1081344K
  class space    used 3522K, committed 3648K, reserved 1048576K
}
Event: 2.217 GC heap after
{Heap after GC invocations=7 (full 0):
 garbage-first heap   total 94208K, used 15276K [0x0000000081e00000, 0x0000000100000000)
  region size 1024K, 3 young (3072K), 3 survivors (3072K)
 Metaspace       used 28168K, committed 28480K, reserved 1081344K
  class space    used 3522K, committed 3648K, reserved 1048576K
}
Event: 2.958 GC heap before
{Heap before GC invocations=7 (full 0):
 garbage-first heap   total 94208K, used 67500K [0x0000000081e00000, 0x0000000100000000)
  region size 1024K, 54 young (55296K), 3 survivors (3072K)
 Metaspace       used 35580K, committed 35840K, reserved 1081344K
  class space    used 4604K, committed 4736K, reserved 1048576K
}
Event: 2.965 GC heap after
{Heap after GC invocations=8 (full 0):
 garbage-first heap   total 94208K, used 19581K [0x0000000081e00000, 0x0000000100000000)
  region size 1024K, 7 young (7168K), 7 survivors (7168K)
 Metaspace       used 35580K, committed 35840K, reserved 1081344K
  class space    used 4604K, committed 4736K, reserved 1048576K
}
Event: 3.029 GC heap before
{Heap before GC invocations=8 (full 0):
 garbage-first heap   total 94208K, used 34941K [0x0000000081e00000, 0x0000000100000000)
  region size 1024K, 24 young (24576K), 7 survivors (7168K)
 Metaspace       used 35899K, committed 36160K, reserved 1081344K
  class space    used 4655K, committed 4800K, reserved 1048576K
}
Event: 3.034 GC heap after
{Heap after GC invocations=9 (full 0):
 garbage-first heap   total 94208K, used 23440K [0x0000000081e00000, 0x0000000100000000)
  region size 1024K, 5 young (5120K), 5 survivors (5120K)
 Metaspace       used 35899K, committed 36160K, reserved 1081344K
  class space    used 4655K, committed 4800K, reserved 1048576K
}
Event: 3.165 GC heap before
{Heap before GC invocations=10 (full 0):
 garbage-first heap   total 94208K, used 62352K [0x0000000081e00000, 0x0000000100000000)
  region size 1024K, 44 young (45056K), 5 survivors (5120K)
 Metaspace       used 36802K, committed 37184K, reserved 1081344K
  class space    used 4777K, committed 4928K, reserved 1048576K
}
Event: 3.172 GC heap after
{Heap after GC invocations=11 (full 0):
 garbage-first heap   total 94208K, used 30150K [0x0000000081e00000, 0x0000000100000000)
  region size 1024K, 6 young (6144K), 6 survivors (6144K)
 Metaspace       used 36802K, committed 37184K, reserved 1081344K
  class space    used 4777K, committed 4928K, reserved 1048576K
}
Event: 3.230 GC heap before
{Heap before GC invocations=11 (full 0):
 garbage-first heap   total 94208K, used 64966K [0x0000000081e00000, 0x0000000100000000)
  region size 1024K, 41 young (41984K), 6 survivors (6144K)
 Metaspace       used 37353K, committed 37632K, reserved 1081344K
  class space    used 4816K, committed 4928K, reserved 1048576K
}
Event: 3.235 GC heap after
{Heap after GC invocations=12 (full 0):
 garbage-first heap   total 94208K, used 36302K [0x0000000081e00000, 0x0000000100000000)
  region size 1024K, 6 young (6144K), 6 survivors (6144K)
 Metaspace       used 37353K, committed 37632K, reserved 1081344K
  class space    used 4816K, committed 4928K, reserved 1048576K
}
Event: 3.276 GC heap before
{Heap before GC invocations=12 (full 0):
 garbage-first heap   total 94208K, used 68046K [0x0000000081e00000, 0x0000000100000000)
  region size 1024K, 37 young (37888K), 6 survivors (6144K)
 Metaspace       used 37787K, committed 38080K, reserved 1089536K
  class space    used 4861K, committed 4992K, reserved 1048576K
}
Event: 3.283 GC heap after
{Heap after GC invocations=13 (full 0):
 garbage-first heap   total 94208K, used 45056K [0x0000000081e00000, 0x0000000100000000)
  region size 1024K, 5 young (5120K), 5 survivors (5120K)
 Metaspace       used 37787K, committed 38080K, reserved 1089536K
  class space    used 4861K, committed 4992K, reserved 1048576K
}
Event: 3.353 GC heap before
{Heap before GC invocations=13 (full 0):
 garbage-first heap   total 94208K, used 67584K [0x0000000081e00000, 0x0000000100000000)
  region size 1024K, 28 young (28672K), 5 survivors (5120K)
 Metaspace       used 38754K, committed 39104K, reserved 1089536K
  class space    used 4912K, committed 5056K, reserved 1048576K
}

Dll operation events (8 events):
Event: 0.006 Loaded shared library c:\Users\lcarv\.vscode\extensions\redhat.java-1.13.0-win32-x64\jre\17.0.5-win32-x86_64\bin\java.dll
Event: 0.190 Loaded shared library C:\Users\lcarv\.vscode\extensions\redhat.java-1.13.0-win32-x64\jre\17.0.5-win32-x86_64\bin\net.dll
Event: 0.193 Loaded shared library C:\Users\lcarv\.vscode\extensions\redhat.java-1.13.0-win32-x64\jre\17.0.5-win32-x86_64\bin\nio.dll
Event: 0.205 Loaded shared library C:\Users\lcarv\.vscode\extensions\redhat.java-1.13.0-win32-x64\jre\17.0.5-win32-x86_64\bin\zip.dll
Event: 0.646 Loaded shared library c:\Users\lcarv\.vscode\extensions\redhat.java-1.13.0-win32-x64\jre\17.0.5-win32-x86_64\bin\verify.dll
Event: 0.654 Loaded shared library C:\Users\lcarv\.vscode\extensions\redhat.java-1.13.0-win32-x64\jre\17.0.5-win32-x86_64\bin\jimage.dll
Event: 1.421 Loaded shared library C:\Users\lcarv\.vscode\extensions\redhat.java-1.13.0-win32-x64\jre\17.0.5-win32-x86_64\bin\management.dll
Event: 1.426 Loaded shared library C:\Users\lcarv\.vscode\extensions\redhat.java-1.13.0-win32-x64\jre\17.0.5-win32-x86_64\bin\management_ext.dll

Deoptimization events (10 events):
Event: 1.588 Thread 0x0000026d0edae2a0 DEOPT PACKING pc=0x0000026d11f97499 sp=0x000000fa724fd3d0
Event: 1.588 Thread 0x0000026d0edae2a0 DEOPT UNPACKING pc=0x0000026d11a82b43 sp=0x000000fa724fc8b0 mode 3
Event: 2.815 Thread 0x0000026d1e209370 DEOPT PACKING pc=0x0000026d121c49b5 sp=0x000000fa745fd2e0
Event: 2.815 Thread 0x0000026d1e209370 DEOPT UNPACKING pc=0x0000026d11a82b43 sp=0x000000fa745fc808 mode 3
Event: 2.907 Thread 0x0000026d1e24f170 DEOPT PACKING pc=0x0000026d121ef5ab sp=0x000000fa74ffe200
Event: 2.907 Thread 0x0000026d1e24f170 DEOPT UNPACKING pc=0x0000026d11a82b43 sp=0x000000fa74ffd748 mode 3
Event: 3.117 Thread 0x0000026d1e1f3840 DEOPT PACKING pc=0x0000026d11f95801 sp=0x000000fa744fd830
Event: 3.117 Thread 0x0000026d1e1f3840 DEOPT UNPACKING pc=0x0000026d11a82b43 sp=0x000000fa744fccc0 mode 3
Event: 3.136 Thread 0x0000026d1e3b2420 DEOPT PACKING pc=0x0000026d11f93217 sp=0x000000fa757fece0
Event: 3.136 Thread 0x0000026d1e3b2420 DEOPT UNPACKING pc=0x0000026d11a82b43 sp=0x000000fa757fe138 mode 3

Classes unloaded (0 events):
No events

Classes redefined (0 events):
No events

Internal exceptions (20 events):
Event: 2.936 Thread 0x0000026d1e24f640 Exception <a 'sun/nio/fs/WindowsException'{0x0000000084c8d308}> (0x0000000084c8d308) 
thrown [s\src\hotspot\share\prims\jni.cpp, line 516]
Event: 2.936 Thread 0x0000026d1e24f640 Exception <a 'sun/nio/fs/WindowsException'{0x0000000084c8d6e0}> (0x0000000084c8d6e0) 
thrown [s\src\hotspot\share\prims\jni.cpp, line 516]
Event: 2.936 Thread 0x0000026d1e24f640 Exception <a 'sun/nio/fs/WindowsException'{0x0000000084c8e130}> (0x0000000084c8e130) 
thrown [s\src\hotspot\share\prims\jni.cpp, line 516]
Event: 2.936 Thread 0x0000026d1e24f640 Exception <a 'sun/nio/fs/WindowsException'{0x0000000084c8e540}> (0x0000000084c8e540) 
thrown [s\src\hotspot\share\prims\jni.cpp, line 516]
Event: 2.936 Thread 0x0000026d1e24f640 Exception <a 'sun/nio/fs/WindowsException'{0x0000000084c8ef68}> (0x0000000084c8ef68) 
thrown [s\src\hotspot\share\prims\jni.cpp, line 516]
Event: 2.936 Thread 0x0000026d1e24f640 Exception <a 'sun/nio/fs/WindowsException'{0x0000000084c8f348}> (0x0000000084c8f348) 
thrown [s\src\hotspot\share\prims\jni.cpp, line 516]
Event: 2.936 Thread 0x0000026d1e24f640 Exception <a 'sun/nio/fs/WindowsException'{0x0000000084c8fd38}> (0x0000000084c8fd38) 
thrown [s\src\hotspot\share\prims\jni.cpp, line 516]
Event: 2.936 Thread 0x0000026d1e24f640 Exception <a 'sun/nio/fs/WindowsException'{0x0000000084c900e0}> (0x0000000084c900e0) 
thrown [s\src\hotspot\share\prims\jni.cpp, line 516]
Event: 2.937 Thread 0x0000026d1e24f640 Exception <a 'sun/nio/fs/WindowsException'{0x0000000084c90ae0}> (0x0000000084c90ae0) 
thrown [s\src\hotspot\share\prims\jni.cpp, line 516]
Event: 2.937 Thread 0x0000026d1e24f640 Exception <a 'sun/nio/fs/WindowsException'{0x0000000084c90ea0}> (0x0000000084c90ea0) 
thrown [s\src\hotspot\share\prims\jni.cpp, line 516]
Event: 2.937 Thread 0x0000026d1e24f640 Exception <a 'sun/nio/fs/WindowsException'{0x0000000084c918a0}> (0x0000000084c918a0) 
thrown [s\src\hotspot\share\prims\jni.cpp, line 516]
Event: 2.937 Thread 0x0000026d1e24f640 Exception <a 'sun/nio/fs/WindowsException'{0x0000000084c91c50}> (0x0000000084c91c50) 
thrown [s\src\hotspot\share\prims\jni.cpp, line 516]
Event: 2.937 Thread 0x0000026d1e24f640 Exception <a 'sun/nio/fs/WindowsException'{0x0000000084c92650}> (0x0000000084c92650) 
thrown [s\src\hotspot\share\prims\jni.cpp, line 516]
Event: 2.937 Thread 0x0000026d1e24f640 Exception <a 'sun/nio/fs/WindowsException'{0x0000000084c92a10}> (0x0000000084c92a10) 
thrown [s\src\hotspot\share\prims\jni.cpp, line 516]
Event: 2.937 Thread 0x0000026d1e24f640 Exception <a 'sun/nio/fs/WindowsException'{0x0000000084c93438}> (0x0000000084c93438) 
thrown [s\src\hotspot\share\prims\jni.cpp, line 516]
Event: 2.937 Thread 0x0000026d1e24f640 Exception <a 'sun/nio/fs/WindowsException'{0x0000000084c93818}> (0x0000000084c93818) 
thrown [s\src\hotspot\share\prims\jni.cpp, line 516]
Event: 2.937 Thread 0x0000026d1e24f640 Exception <a 'sun/nio/fs/WindowsException'{0x0000000084c94250}> (0x0000000084c94250) 
thrown [s\src\hotspot\share\prims\jni.cpp, line 516]
Event: 2.938 Thread 0x0000026d1e24f640 Exception <a 'sun/nio/fs/WindowsException'{0x0000000084c94640}> (0x0000000084c94640) 
thrown [s\src\hotspot\share\prims\jni.cpp, line 516]
Event: 2.938 Thread 0x0000026d1e24f640 Exception <a 'sun/nio/fs/WindowsException'{0x0000000084c95068}> (0x0000000084c95068) 
thrown [s\src\hotspot\share\prims\jni.cpp, line 516]
Event: 2.938 Thread 0x0000026d1e24f640 Exception <a 'sun/nio/fs/WindowsException'{0x0000000084c95458}> (0x0000000084c95458) 
thrown [s\src\hotspot\share\prims\jni.cpp, line 516]

VM Operations (20 events):
Event: 2.966 Executing VM operation: G1CollectForAllocation done
Event: 3.022 Executing VM operation: HandshakeAllThreads
Event: 3.022 Executing VM operation: HandshakeAllThreads done
Event: 3.028 Executing VM operation: CollectForMetadataAllocation
Event: 3.035 Executing VM operation: CollectForMetadataAllocation done
Event: 3.047 Executing VM operation: G1Concurrent
Event: 3.049 Executing VM operation: G1Concurrent done
Event: 3.056 Executing VM operation: G1Concurrent
Event: 3.057 Executing VM operation: G1Concurrent done
Event: 3.141 Executing VM operation: HandshakeAllThreads
Event: 3.141 Executing VM operation: HandshakeAllThreads done
Event: 3.165 Executing VM operation: G1CollectForAllocation
Event: 3.172 Executing VM operation: G1CollectForAllocation done
Event: 3.230 Executing VM operation: G1CollectForAllocation
Event: 3.235 Executing VM operation: G1CollectForAllocation done
Event: 3.245 Executing VM operation: HandshakeAllThreads
Event: 3.245 Executing VM operation: HandshakeAllThreads done
Event: 3.276 Executing VM operation: G1CollectForAllocation
Event: 3.283 Executing VM operation: G1CollectForAllocation done
Event: 3.353 Executing VM operation: G1CollectForAllocation

Events (20 events):
Event: 3.345 loading class java/util/ResourceBundle$ResourceBundleControlProviderHolder
Event: 3.345 loading class java/util/ResourceBundle$ResourceBundleControlProviderHolder done
Event: 3.345 loading class java/util/spi/ResourceBundleControlProvider
Event: 3.346 loading class java/util/spi/ResourceBundleControlProvider done
Event: 3.346 loading class java/util/ServiceLoader$ProviderSpliterator
Event: 3.346 loading class java/util/ServiceLoader$ProviderSpliterator done
Event: 3.346 loading class java/util/ImmutableCollections$Access
Event: 3.346 loading class java/util/ImmutableCollections$Access done
Event: 3.346 loading class java/util/ImmutableCollections$Access$1
Event: 3.346 loading class jdk/internal/access/JavaUtilCollectionAccess
Event: 3.346 loading class jdk/internal/access/JavaUtilCollectionAccess done
Event: 3.346 loading class java/util/ImmutableCollections$Access$1 done
Event: 3.346 loading class java/util/ResourceBundle$CacheKey
Event: 3.346 loading class java/util/ResourceBundle$CacheKey done
Event: 3.346 loading class java/util/ResourceBundle$KeyElementReference
Event: 3.346 loading class java/util/ResourceBundle$CacheKeyReference
Event: 3.346 loading class java/util/ResourceBundle$CacheKeyReference done
Event: 3.346 loading class java/util/ResourceBundle$KeyElementReference done
Event: 3.347 loading class java/util/ResourceBundle$Control$2
Event: 3.347 loading class java/util/ResourceBundle$Control$2 done


Dynamic libraries:
0x00007ff7c42c0000 - 0x00007ff7c42ce000 	c:\Users\lcarv\.vscode\extensions\redhat.java-1.13.0-win32-x64\jre\17.0.5-win32-x86_64\bin\java.exe
0x00007ffee35a0000 - 0x00007ffee37a9000 	C:\WINDOWS\SYSTEM32\ntdll.dll
0x00007ffee28e0000 - 0x00007ffee299e000 	C:\WINDOWS\System32\KERNEL32.DLL
0x00007ffee0da0000 - 0x00007ffee111b000 	C:\WINDOWS\System32\KERNELBASE.dll
0x00007ffee1300000 - 0x00007ffee1411000 	C:\WINDOWS\System32\ucrtbase.dll
0x00007ffec8640000 - 0x00007ffec8659000 	c:\Users\lcarv\.vscode\extensions\redhat.java-1.13.0-win32-x64\jre\17.0.5-win32-x86_64\bin\VCRUNTIME140.dll
0x00007ffec8620000 - 0x00007ffec8637000 	c:\Users\lcarv\.vscode\extensions\redhat.java-1.13.0-win32-x64\jre\17.0.5-win32-x86_64\bin\jli.dll
0x00007ffee1460000 - 0x00007ffee160d000 	C:\WINDOWS\System32\USER32.dll
0x00007ffee0be0000 - 0x00007ffee0c06000 	C:\WINDOWS\System32\win32u.dll
0x00007ffebc990000 - 0x00007ffebcc35000 	C:\WINDOWS\WinSxS\amd64_microsoft.windows.common-controls_6595b64144ccf1df_6.0.22000.120_none_9d947278b86cc467\COMCTL32.dll
0x00007ffee3280000 - 0x00007ffee32a9000 	C:\WINDOWS\System32\GDI32.dll
0x00007ffee1bf0000 - 0x00007ffee1c93000 	C:\WINDOWS\System32\msvcrt.dll
0x00007ffee1120000 - 0x00007ffee1238000 	C:\WINDOWS\System32\gdi32full.dll
0x00007ffee0c80000 - 0x00007ffee0d1d000 	C:\WINDOWS\System32\msvcp_win.dll
0x00007ffee1bb0000 - 0x00007ffee1be2000 	C:\WINDOWS\System32\IMM32.DLL
0x00007ffed2400000 - 0x00007ffed240c000 	c:\Users\lcarv\.vscode\extensions\redhat.java-1.13.0-win32-x64\jre\17.0.5-win32-x86_64\bin\vcruntime140_1.dll
0x00007ffe95470000 - 0x00007ffe95501000 	c:\Users\lcarv\.vscode\extensions\redhat.java-1.13.0-win32-x64\jre\17.0.5-win32-x86_64\bin\msvcp140.dll
0x00007ffe679a0000 - 0x00007ffe685e4000 	c:\Users\lcarv\.vscode\extensions\redhat.java-1.13.0-win32-x64\jre\17.0.5-win32-x86_64\bin\server\jvm.dll
0x00007ffee2c10000 - 0x00007ffee2cbe000 	C:\WINDOWS\System32\ADVAPI32.dll
0x00007ffee2840000 - 0x00007ffee28de000 	C:\WINDOWS\System32\sechost.dll
0x00007ffee1760000 - 0x00007ffee1880000 	C:\WINDOWS\System32\RPCRT4.dll
0x00007ffebfec0000 - 0x00007ffebfec9000 	C:\WINDOWS\SYSTEM32\WSOCK32.dll
0x00007ffed5a40000 - 0x00007ffed5a73000 	C:\WINDOWS\SYSTEM32\WINMM.dll
0x00007ffee1910000 - 0x00007ffee197f000 	C:\WINDOWS\System32\WS2_32.dll
0x00007ffed4e50000 - 0x00007ffed4e5a000 	C:\WINDOWS\SYSTEM32\VERSION.dll
0x00007ffedfbe0000 - 0x00007ffedfbf8000 	C:\WINDOWS\SYSTEM32\kernel.appcore.dll
0x00007ffecbaa0000 - 0x00007ffecbaaa000 	c:\Users\lcarv\.vscode\extensions\redhat.java-1.13.0-win32-x64\jre\17.0.5-win32-x86_64\bin\jimage.dll
0x00007ffede4d0000 - 0x00007ffede6f1000 	C:\WINDOWS\SYSTEM32\DBGHELP.DLL
0x00007ffecd4c0000 - 0x00007ffecd4f1000 	C:\WINDOWS\SYSTEM32\dbgcore.DLL
0x00007ffee0d20000 - 0x00007ffee0d9f000 	C:\WINDOWS\System32\bcryptPrimitives.dll
0x00007ffe9da80000 - 0x00007ffe9daa5000 	c:\Users\lcarv\.vscode\extensions\redhat.java-1.13.0-win32-x64\jre\17.0.5-win32-x86_64\bin\java.dll
0x00007ffec7e60000 - 0x00007ffec7e78000 	c:\Users\lcarv\.vscode\extensions\redhat.java-1.13.0-win32-x64\jre\17.0.5-win32-x86_64\bin\zip.dll
0x00007ffee2080000 - 0x00007ffee2838000 	C:\WINDOWS\System32\SHELL32.dll
0x00007ffedeb70000 - 0x00007ffedf3d5000 	C:\WINDOWS\SYSTEM32\windows.storage.dll
0x00007ffee1ca0000 - 0x00007ffee2018000 	C:\WINDOWS\System32\combase.dll
0x00007ffedea00000 - 0x00007ffedeb66000 	C:\WINDOWS\SYSTEM32\wintypes.dll
0x00007ffee29a0000 - 0x00007ffee2a8a000 	C:\WINDOWS\System32\SHCORE.dll
0x00007ffee2020000 - 0x00007ffee207d000 	C:\WINDOWS\System32\shlwapi.dll
0x00007ffee09a0000 - 0x00007ffee09c1000 	C:\WINDOWS\SYSTEM32\profapi.dll
0x00007ffeb04f0000 - 0x00007ffeb0509000 	C:\Users\lcarv\.vscode\extensions\redhat.java-1.13.0-win32-x64\jre\17.0.5-win32-x86_64\bin\net.dll
0x00007ffed5710000 - 0x00007ffed5824000 	C:\WINDOWS\SYSTEM32\WINHTTP.dll
0x00007ffee0080000 - 0x00007ffee00e7000 	C:\WINDOWS\system32\mswsock.dll
0x00007ffeab130000 - 0x00007ffeab145000 	C:\Users\lcarv\.vscode\extensions\redhat.java-1.13.0-win32-x64\jre\17.0.5-win32-x86_64\bin\nio.dll
0x00007ffecb690000 - 0x00007ffecb6a0000 	c:\Users\lcarv\.vscode\extensions\redhat.java-1.13.0-win32-x64\jre\17.0.5-win32-x86_64\bin\verify.dll
0x00007ffecd970000 - 0x00007ffecd979000 	C:\Users\lcarv\.vscode\extensions\redhat.java-1.13.0-win32-x64\jre\17.0.5-win32-x86_64\bin\management.dll
0x00007ffeca820000 - 0x00007ffeca82b000 	C:\Users\lcarv\.vscode\extensions\redhat.java-1.13.0-win32-x64\jre\17.0.5-win32-x86_64\bin\management_ext.dll
0x00007ffee1900000 - 0x00007ffee1908000 	C:\WINDOWS\System32\PSAPI.DLL
0x00007ffeb9860000 - 0x00007ffeb9877000 	C:\WINDOWS\system32\napinsp.dll
0x00007ffeb9840000 - 0x00007ffeb985b000 	C:\WINDOWS\system32\pnrpnsp.dll
0x00007ffedf6c0000 - 0x00007ffedf7a8000 	C:\WINDOWS\SYSTEM32\DNSAPI.dll
0x00007ffedf690000 - 0x00007ffedf6bd000 	C:\WINDOWS\SYSTEM32\IPHLPAPI.DLL
0x00007ffee1450000 - 0x00007ffee1459000 	C:\WINDOWS\System32\NSI.dll
0x00007ffeba5a0000 - 0x00007ffeba5b2000 	C:\WINDOWS\System32\winrnr.dll
0x00007ffed4400000 - 0x00007ffed4415000 	C:\WINDOWS\system32\wshbth.dll
0x00007ffeb9770000 - 0x00007ffeb978f000 	C:\WINDOWS\system32\nlansp_c.dll
0x00007ffeccd30000 - 0x00007ffeccd3a000 	C:\Windows\System32\rasadhlp.dll
0x00007ffed2d90000 - 0x00007ffed2e11000 	C:\WINDOWS\System32\fwpuclnt.dll
0x00007ffee02c0000 - 0x00007ffee02d8000 	C:\WINDOWS\SYSTEM32\CRYPTSP.dll
0x00007ffedfb40000 - 0x00007ffedfb75000 	C:\WINDOWS\system32\rsaenh.dll
0x00007ffee0170000 - 0x00007ffee0199000 	C:\WINDOWS\SYSTEM32\USERENV.dll
0x00007ffee0450000 - 0x00007ffee0477000 	C:\WINDOWS\SYSTEM32\bcrypt.dll
0x00007ffee02e0000 - 0x00007ffee02ec000 	C:\WINDOWS\SYSTEM32\CRYPTBASE.dll
0x00007ffed5000000 - 0x00007ffed5019000 	C:\WINDOWS\SYSTEM32\dhcpcsvc6.DLL
0x00007ffed66e0000 - 0x00007ffed66fe000 	C:\WINDOWS\SYSTEM32\dhcpcsvc.DLL

dbghelp: loaded successfully - version: 4.0.5 - missing functions: none
symbol engine: initialized successfully - sym options: 0x614 - pdb path: .;c:\Users\lcarv\.vscode\extensions\redhat.java-1.13.0-win32-x64\jre\17.0.5-win32-x86_64\bin;C:\WINDOWS\SYSTEM32;C:\WINDOWS\WinSxS\amd64_microsoft.windows.common-controls_6595b64144ccf1df_6.0.22000.120_none_9d947278b86cc467;c:\Users\lcarv\.vscode\extensions\redhat.java-1.13.0-win32-x64\jre\17.0.5-win32-x86_64\bin\server

VM Arguments:
jvm_args: -Dsts.lsp.client=vscode -Dsts.log.file=/dev/null -XX:TieredStopAtLevel=1 -Xlog:jni+resolve=off -Dspring.config.location=file:c:\Users\lcarv\.vscode\extensions\pivotal.vscode-spring-boot-1.41.0\language-server\BOOT-INF\classes\application.properties 
java_command: org.springframework.ide.vscode.boot.app.BootLanguageServerBootApp
java_class_path (initial): c:\Users\lcarv\.vscode\extensions\pivotal.vscode-spring-boot-1.41.0\language-server\BOOT-INF\classes;c:\Users\lcarv\.vscode\extensions\pivotal.vscode-spring-boot-1.41.0\language-server\BOOT-INF\lib\annotations-23.0.0.jar;c:\Users\lcarv\.vscode\extensions\pivotal.vscode-spring-boot-1.41.0\language-server\BOOT-INF\lib\ant-1.10.12.jar;c:\Users\lcarv\.vscode\extensions\pivotal.vscode-spring-boot-1.41.0\language-server\BOOT-INF\lib\ant-launcher-1.10.12.jar;c:\Users\lcarv\.vscode\extensions\pivotal.vscode-spring-boot-1.41.0\language-server\BOOT-INF\lib\antlr-runtime-3.5.2.jar;c:\Users\lcarv\.vscode\extensions\pivotal.vscode-spring-boot-1.41.0\language-server\BOOT-INF\lib\antlr4-4.9.3.jar;c:\Users\lcarv\.vscode\extensions\pivotal.vscode-spring-boot-1.41.0\language-server\BOOT-INF\lib\antlr4-runtime-4.9.3.jar;c:\Users\lcarv\.vscode\extensions\pivotal.vscode-spring-boot-1.41.0\language-server\BOOT-INF\lib\apiguardian-api-1.1.2.jar;c:\Users\lcarv\.vscode\extensions\pivotal.vscode-spring-boot-1.41.0\language-server\BOOT-INF\lib\asm-9.4.jar;c:\Users\lcarv\.vscode\extensions\pivotal.vscode-spring-boot-1.41.0\language-server\BOOT-INF\lib\asm-analysis-9.4.jar;c:\Users\lcarv\.vscode\extensions\pivotal.vscode-spring-boot-1.41.0\language-server\BOOT-INF\lib\asm-tree-9.4.jar;c:\Users\lcarv\.vscode\extensions\pivotal.vscode-spring-boot-1.41.0\language-server\BOOT-INF\lib\asm-util-9.4.jar;c:\Users\lcarv\.vscode\extensions\pivotal.vscode-spring-boot-1.41.0\language-server\BOOT-INF\lib\byte-buddy-1.12.13.jar;c:\Users\lcarv\.vscode\extensions\pivotal.vscode-spring-boot-1.41.0\language-server\BOOT-INF\lib\caffeine-2.9.3.jar;c:\Users\lcarv\.vscode\extensions\pivotal.vscode-spring-boot-1.41.0\language-server\BOOT-INF\lib\checker-qual-3.12.0.jar;c:\Users\lcarv\.vscode\extensions\pivotal.vscode-spring-boot-1.41.0\language-server\BOOT-INF\lib\ci-environment-9.1.0.jar;c:\Users\lcarv\.vscode\extensions\pivotal.vscode-spring-boot-1.41.0\language-server\BOOT-INF\lib\clas
Launcher Type: SUN_STANDARD

[Global flags]
     intx CICompilerCount                          = 4                                         {product} {ergonomic}
     uint ConcGCThreads                            = 2                                         {product} {ergonomic}
     uint G1ConcRefinementThreads                  = 8                                         {product} {ergonomic}
   size_t G1HeapRegionSize                         = 1048576                                   {product} {ergonomic}
    uintx GCDrainStackTargetSize                   = 64                                        {product} {ergonomic}
   size_t InitialHeapSize                          = 134217728                                 {product} {ergonomic}
   size_t MarkStackSize                            = 4194304                                   {product} {ergonomic}
   size_t MaxHeapSize                              = 2116026368                                {product} {ergonomic}
   size_t MaxNewSize                               = 1268776960                                {product} {ergonomic}
   size_t MinHeapDeltaBytes                        = 1048576                                   {product} {ergonomic}
   size_t MinHeapSize                              = 8388608                                   {product} {ergonomic}
    uintx NonProfiledCodeHeapSize                  = 0                                      {pd product} {ergonomic}
     bool ProfileInterpreter                       = false                                  {pd product} {command line}
    uintx ProfiledCodeHeapSize                     = 0                                      {pd product} {ergonomic}
   size_t SoftMaxHeapSize                          = 2116026368                             {manageable} {ergonomic}
     intx TieredStopAtLevel                        = 1                                         {product} {command line}
     bool UseCompressedClassPointers               = true                           {product lp64_product} {ergonomic}
     bool UseCompressedOops                        = true                           {product lp64_product} {ergonomic}
     bool UseG1GC                                  = true                                      {product} {ergonomic}
     bool UseLargePagesIndividualAllocation        = false                                  {pd product} {ergonomic}

Logging:
Log output configuration:
 #0: stdout all=warning,jni+resolve=off uptime,level,tags
 #1: stderr all=off uptime,level,tags

Environment Variables:
JAVA_HOME=C:\Program Files\Java\jdk1.8.0_202
PATH=C:\Users\lcarv\bin;C:\Program Files\Git\mingw64\bin;C:\Program Files\Git\usr\local\bin;C:\Program Files\Git\usr\bin;C:\Program Files\Git\usr\bin;C:\Program Files\Git\mingw64\bin;C:\Program Files\Git\usr\bin;C:\Users\lcarv\bin;C:\Program Files (x86)\Common Files\Oracle\Java\javapath;C:\Program Files\Common Files\Oracle\Java\javapath;C:\WINDOWS\system32;C:\WINDOWS;C:\WINDOWS\System32\Wbem;C:\WINDOWS\System32\WindowsPowerShell\v1.0;C:\WINDOWS\System32\OpenSSH;C:\Program Files (x86)\Intel\Intel(R) Management Engine Components\DAL;C:\Program Files\Intel\Intel(R) Management Engine Components\DAL;C:\Program Files\dotnet;C:\Program Files\Git\cmd;C:\Program Files\nodejs;C:\Program Files\apache-maven-3.8.6-bin\apache-maven-3.8.6\bin;C:\Program Files\Java\jdk1.8.0_202\bin;C:\Users\lcarv\AppData\Local\Microsoft\WindowsApps;C:\Users\lcarv\Downloads\ghc-8.10.5-x86_64-unknown-mingw32\ghc-8.10.5\bin;C:\Users\lcarv\AppData\Local\Programs\Microsoft VS Code\bin;C:\Program Files\JetBrains\IntelliJ IDEA 2021.3\bin;C:\Program Files\heroku\bin;C:\Users\lcarv\AppData\Roaming\npm;C:\Program Files\apache-maven-3.8.6-bin\apache-maven-3.8.6\bin;C:\Program Files\Java\jdk1.8.0_202\bin;C:\Program Files\Git\usr\bin\vendor_perl;C:\Program Files\Git\usr\bin\core_perl
USERNAME=lcarv
SHELL=C:\Program Files\Git\usr\bin\bash.exe
DISPLAY=needs-to-be-defined
LC_CTYPE=pt_BR.UTF-8
TERM=xterm
TMPDIR=C:\Users\lcarv\AppData\Local\Temp
OS=Windows_NT
PROCESSOR_IDENTIFIER=Intel64 Family 6 Model 142 Stepping 12, GenuineIntel
TMP=C:\Users\lcarv\AppData\Local\Temp
TEMP=C:\Users\lcarv\AppData\Local\Temp



---------------  S Y S T E M  ---------------

OS:
 Windows 11 , 64 bit Build 22000 (10.0.22000.1219)
OS uptime: 13 days 19:08 hours

CPU: total 8 (initial active 8) (4 cores per cpu, 2 threads per core) family 6 model 142 stepping 12 microcode 0xf0, cx8, cmov, fxsr, ht, mmx, 3dnowpref, sse, sse2, sse3, ssse3, sse4.1, sse4.2, popcnt, lzcnt, tsc, tscinvbit, avx, avx2, aes, erms, clmul, bmi1, bmi2, adx, fma, vzeroupper, clflush, clflushopt

Memory: 4k page, system-wide physical 8067M (346M free)
TotalPageFile size 15377M (AvailPageFile size 20M)
current process WorkingSet (physical memory assigned to process): 198M, peak: 198M
current process commit charge ("private bytes"): 272M, peak: 318M

vm_info: OpenJDK 64-Bit Server VM (17.0.5+8) for windows-amd64 JRE (17.0.5+8), built on Oct 19 2022 04:48:13 by "temurin" with MS VC++ 16.7 (VS2019)

END.
