#
# There is insufficient memory for the Java Runtime Environment to continue.
# Native memory allocation (mmap) failed to map 44040192 bytes for G1 virtual space
# Possible reasons:
#   The system is out of physical RAM or swap space
#   The process is running with CompressedOops enabled, and the Java Heap may be blocking the growth of the native heap
# Possible solutions:
#   Reduce memory load on the system
#   Increase physical memory or swap space
#   Check if swap backing store is full
#   Decrease Java heap size (-Xmx/-Xms)
#   Decrease number of Java threads
#   Decrease Java thread stack sizes (-Xss)
#   Set larger code cache with -XX:ReservedCodeCacheSize=
#   JVM is running with Unscaled Compressed Oops mode in which the Java heap is
#     placed in the first 4GB address space. The Java Heap base address is the
#     maximum limit for the native heap growth. Please use -XX:HeapBaseMinAddress
#     to set the Java Heap base and to place the Java Heap above 4GB virtual address.
# This output file may be truncated or incomplete.
#
#  Out of Memory Error (os_windows.cpp:3548), pid=26248, tid=21108
#
# JRE version: OpenJDK Runtime Environment Temurin-17.0.5+8 (17.0.5+8) (build 17.0.5+8)
# Java VM: OpenJDK 64-Bit Server VM Temurin-17.0.5+8 (17.0.5+8, mixed mode, emulated-client, tiered, compressed oops, compressed class ptrs, g1 gc, windows-amd64)
# No core dump will be written. Minidumps are not enabled by default on client versions of Windows
#

---------------  S U M M A R Y ------------

Command Line: -Dsts.lsp.client=vscode -Dsts.log.file=/dev/null -XX:TieredStopAtLevel=1 -Xlog:jni+resolve=off -Dspring.config.location=file:c:\Users\lcarv\.vscode\extensions\pivotal.vscode-spring-boot-1.41.0\language-server\BOOT-INF\classes\application.properties org.springframework.ide.vscode.boot.app.BootLanguageServerBootApp

Host: Intel(R) Core(TM) i7-8565U CPU @ 1.80GHz, 8 cores, 7G,  Windows 11 , 64 bit Build 22000 (10.0.22000.1219)
Time: Wed Dec 14 15:58:37 2022 Hora Padrão de Buenos Aires elapsed time: 2.758487 seconds (0d 0h 0m 2s)

---------------  T H R E A D  ---------------

Current thread (0x0000021f530f2990):  VMThread "VM Thread" [stack: 0x0000009eee700000,0x0000009eee800000] [id=21108]

Stack: [0x0000009eee700000,0x0000009eee800000]
Native frames: (J=compiled Java code, j=interpreted, Vv=VM code, C=native code)
V  [jvm.dll+0x676b3a]
V  [jvm.dll+0x831444]
V  [jvm.dll+0x832bee]
V  [jvm.dll+0x833253]
V  [jvm.dll+0x244ce5]
V  [jvm.dll+0x673a49]
V  [jvm.dll+0x66811a]
V  [jvm.dll+0x303ceb]
V  [jvm.dll+0x30b1e6]
V  [jvm.dll+0x35adbe]
V  [jvm.dll+0x35afef]
V  [jvm.dll+0x2dab88]
V  [jvm.dll+0x2d8e3c]
V  [jvm.dll+0x2d840c]
V  [jvm.dll+0x31c641]
V  [jvm.dll+0x8376fb]
V  [jvm.dll+0x838434]
V  [jvm.dll+0x83894c]
V  [jvm.dll+0x838d24]
V  [jvm.dll+0x838df0]
V  [jvm.dll+0x7e17ea]
V  [jvm.dll+0x6759e5]
C  [ucrtbase.dll+0x26c0c]
C  [KERNEL32.DLL+0x15550]
C  [ntdll.dll+0x485b]

VM_Operation (0x0000009ef02fc150): G1TryInitiateConcMark, mode: safepoint, requested by thread 0x0000021f552c84e0


---------------  P R O C E S S  ---------------

Threads class SMR info:
_java_thread_list=0x0000021f5524c8c0, length=46, elements={
0x0000021f53c026d0, 0x0000021f53c02f90, 0x0000021f53113960, 0x0000021f53116230,
0x0000021f53116af0, 0x0000021f53c227e0, 0x0000021f53c250b0, 0x0000021f53c279c0,
0x0000021f53e303b0, 0x0000021f53e41030, 0x0000021f53e49820, 0x0000021f547fe8b0,
0x0000021f547d6020, 0x0000021f54fc5740, 0x0000021f551f6f60, 0x0000021f5515bc60,
0x0000021f45d405f0, 0x0000021f54ec5aa0, 0x0000021f552c84e0, 0x0000021f552e0fa0,
0x0000021f552ec6f0, 0x0000021f55303920, 0x0000021f55302f80, 0x0000021f55300900,
0x0000021f55301c40, 0x0000021f55303df0, 0x0000021f55300dd0, 0x0000021f55300430,
0x0000021f553025e0, 0x0000021f55301770, 0x0000021f55302ab0, 0x0000021f553012a0,
0x0000021f55302110, 0x0000021f55303450, 0x0000021f55429560, 0x0000021f55429a30,
0x0000021f554256d0, 0x0000021f55425ba0, 0x0000021f55424860, 0x0000021f55426a10,
0x0000021f554286f0, 0x0000021f55428bc0, 0x0000021f55427d50, 0x0000021f55429090,
0x0000021f5542a3d0, 0x0000021f5542b710
}

Java Threads: ( => current thread )
  0x0000021f53c026d0 JavaThread "Reference Handler" daemon [_thread_blocked, id=15204, stack(0x0000009eee800000,0x0000009eee900000)]
  0x0000021f53c02f90 JavaThread "Finalizer" daemon [_thread_blocked, id=13868, stack(0x0000009eee900000,0x0000009eeea00000)]
  0x0000021f53113960 JavaThread "Signal Dispatcher" daemon [_thread_blocked, id=31100, stack(0x0000009eeea00000,0x0000009eeeb00000)]
  0x0000021f53116230 JavaThread "Attach Listener" daemon [_thread_blocked, id=19092, stack(0x0000009eeeb00000,0x0000009eeec00000)]
  0x0000021f53116af0 JavaThread "Service Thread" daemon [_thread_blocked, id=12800, stack(0x0000009eeec00000,0x0000009eeed00000)]
  0x0000021f53c227e0 JavaThread "Monitor Deflation Thread" daemon [_thread_blocked, id=30508, stack(0x0000009eeed00000,0x0000009eeee00000)]
  0x0000021f53c250b0 JavaThread "C1 CompilerThread0" daemon [_thread_blocked, id=2992, stack(0x0000009eeee00000,0x0000009eeef00000)]
  0x0000021f53c279c0 JavaThread "Sweeper thread" daemon [_thread_blocked, id=19736, stack(0x0000009eeef00000,0x0000009eef000000)]
  0x0000021f53e303b0 JavaThread "C1 CompilerThread1" daemon [_thread_blocked, id=5036, stack(0x0000009eef000000,0x0000009eef100000)]
  0x0000021f53e41030 JavaThread "Notification Thread" daemon [_thread_blocked, id=3484, stack(0x0000009eef100000,0x0000009eef200000)]
  0x0000021f53e49820 JavaThread "Common-Cleaner" daemon [_thread_blocked, id=30648, stack(0x0000009eef300000,0x0000009eef400000)]
  0x0000021f547fe8b0 JavaThread "C1 CompilerThread2" daemon [_thread_blocked, id=12104, stack(0x0000009eef400000,0x0000009eef500000)]
  0x0000021f547d6020 JavaThread "C1 CompilerThread3" daemon [_thread_blocked, id=13392, stack(0x0000009eef500000,0x0000009eef600000)]
  0x0000021f54fc5740 JavaThread "boundedElastic-evictor-1" daemon [_thread_blocked, id=29584, stack(0x0000009eefd00000,0x0000009eefe00000)]
  0x0000021f551f6f60 JavaThread "pool-11-thread-1" [_thread_blocked, id=13152, stack(0x0000009eeff00000,0x0000009ef0000000)]
  0x0000021f5515bc60 JavaThread "LanguageServerApp-lifecycle" [_thread_blocked, id=16616, stack(0x0000009ef0000000,0x0000009ef0100000)]
  0x0000021f45d405f0 JavaThread "DestroyJavaVM" [_thread_blocked, id=188, stack(0x0000009eee100000,0x0000009eee200000)]
  0x0000021f54ec5aa0 JavaThread "pool-12-thread-1" [_thread_in_native, id=16172, stack(0x0000009ef0100000,0x0000009ef0200000)]
  0x0000021f552c84e0 JavaThread "Simple-Language-Server main thread" daemon [_thread_blocked, id=2796, stack(0x0000009ef0200000,0x0000009ef0300000)]
  0x0000021f552e0fa0 JavaThread "pool-8-thread-1" [_thread_blocked, id=7480, stack(0x0000009ef0300000,0x0000009ef0400000)]
  0x0000021f552ec6f0 JavaThread "parallel-1" daemon [_thread_blocked, id=9300, stack(0x0000009ef0400000,0x0000009ef0500000)]
  0x0000021f55303920 JavaThread "parallel-2" daemon [_thread_blocked, id=29972, stack(0x0000009ef0500000,0x0000009ef0600000)]
  0x0000021f55302f80 JavaThread "parallel-3" daemon [_thread_blocked, id=3392, stack(0x0000009ef0600000,0x0000009ef0700000)]
  0x0000021f55300900 JavaThread "parallel-4" daemon [_thread_blocked, id=14380, stack(0x0000009ef0700000,0x0000009ef0800000)]
  0x0000021f55301c40 JavaThread "parallel-5" daemon [_thread_blocked, id=12932, stack(0x0000009ef0800000,0x0000009ef0900000)]
  0x0000021f55303df0 JavaThread "parallel-6" daemon [_thread_blocked, id=31124, stack(0x0000009ef0900000,0x0000009ef0a00000)]
  0x0000021f55300dd0 JavaThread "parallel-7" daemon [_thread_blocked, id=18684, stack(0x0000009ef0a00000,0x0000009ef0b00000)]
  0x0000021f55300430 JavaThread "parallel-8" daemon [_thread_blocked, id=17036, stack(0x0000009ef0b00000,0x0000009ef0c00000)]
  0x0000021f553025e0 JavaThread "ForkJoinPool.commonPool-worker-1" daemon [_thread_blocked, id=15916, stack(0x0000009ef0c00000,0x0000009ef0d00000)]
  0x0000021f55301770 JavaThread "pool-5-thread-1" [_thread_blocked, id=20356, stack(0x0000009ef0d00000,0x0000009ef0e00000)]
  0x0000021f55302ab0 JavaThread "ClassGraph-worker-0" daemon [_thread_blocked, id=29096, stack(0x0000009ef0e00000,0x0000009ef0f00000)]
  0x0000021f553012a0 JavaThread "ClassGraph-worker-1" daemon [_thread_blocked, id=17684, stack(0x0000009ef0f00000,0x0000009ef1000000)]
  0x0000021f55302110 JavaThread "ClassGraph-worker-2" daemon [_thread_blocked, id=16652, stack(0x0000009ef1000000,0x0000009ef1100000)]
  0x0000021f55303450 JavaThread "ClassGraph-worker-3" daemon [_thread_blocked, id=26140, stack(0x0000009ef1100000,0x0000009ef1200000)]
  0x0000021f55429560 JavaThread "ClassGraph-worker-4" daemon [_thread_blocked, id=4028, stack(0x0000009ef1200000,0x0000009ef1300000)]
  0x0000021f55429a30 JavaThread "ClassGraph-worker-5" daemon [_thread_blocked, id=20072, stack(0x0000009ef1300000,0x0000009ef1400000)]
  0x0000021f554256d0 JavaThread "ClassGraph-worker-6" daemon [_thread_blocked, id=15828, stack(0x0000009ef1400000,0x0000009ef1500000)]
  0x0000021f55425ba0 JavaThread "ClassGraph-worker-7" daemon [_thread_blocked, id=30596, stack(0x0000009ef1500000,0x0000009ef1600000)]
  0x0000021f55424860 JavaThread "ClassGraph-worker-8" daemon [_thread_blocked, id=8592, stack(0x0000009ef1600000,0x0000009ef1700000)]
  0x0000021f55426a10 JavaThread "ClassGraph-worker-9" daemon [_thread_blocked, id=21200, stack(0x0000009ef1700000,0x0000009ef1800000)]
  0x0000021f554286f0 JavaThread "ClassGraph-worker-10" daemon [_thread_blocked, id=14612, stack(0x0000009ef1800000,0x0000009ef1900000)]
  0x0000021f55428bc0 JavaThread "ClassGraph-worker-11" daemon [_thread_blocked, id=23804, stack(0x0000009ef1900000,0x0000009ef1a00000)]
  0x0000021f55427d50 JavaThread "ClassGraph-worker-12" daemon [_thread_blocked, id=24684, stack(0x0000009ef1a00000,0x0000009ef1b00000)]
  0x0000021f55429090 JavaThread "ClassGraph-worker-13" daemon [_thread_blocked, id=17524, stack(0x0000009ef1b00000,0x0000009ef1c00000)]
  0x0000021f5542a3d0 JavaThread "Reconciler-1" daemon [_thread_blocked, id=14544, stack(0x0000009ef1c00000,0x0000009ef1d00000)]
  0x0000021f5542b710 JavaThread "pool-5-thread-2" [_thread_blocked, id=21732, stack(0x0000009ef1d00000,0x0000009ef1e00000)]

Other Threads:
=>0x0000021f530f2990 VMThread "VM Thread" [stack: 0x0000009eee700000,0x0000009eee800000] [id=21108]
  0x0000021f45db7100 WatcherThread [stack: 0x0000009eef200000,0x0000009eef300000] [id=24168]
  0x0000021f45d9d330 GCTaskThread "GC Thread#0" [stack: 0x0000009eee200000,0x0000009eee300000] [id=17692]
  0x0000021f548794f0 GCTaskThread "GC Thread#1" [stack: 0x0000009eef600000,0x0000009eef700000] [id=22144]
  0x0000021f548797a0 GCTaskThread "GC Thread#2" [stack: 0x0000009eef700000,0x0000009eef800000] [id=23096]
  0x0000021f5489c8e0 GCTaskThread "GC Thread#3" [stack: 0x0000009eef800000,0x0000009eef900000] [id=19420]
  0x0000021f5489cb90 GCTaskThread "GC Thread#4" [stack: 0x0000009eef900000,0x0000009eefa00000] [id=25004]
  0x0000021f5489ce40 GCTaskThread "GC Thread#5" [stack: 0x0000009eefa00000,0x0000009eefb00000] [id=22068]
  0x0000021f5489e740 GCTaskThread "GC Thread#6" [stack: 0x0000009eefb00000,0x0000009eefc00000] [id=13268]
  0x0000021f54a8c040 GCTaskThread "GC Thread#7" [stack: 0x0000009eefc00000,0x0000009eefd00000] [id=29800]
  0x0000021f45dade20 ConcurrentGCThread "G1 Main Marker" [stack: 0x0000009eee300000,0x0000009eee400000] [id=22336]
  0x0000021f45dafdf0 ConcurrentGCThread "G1 Conc#0" [stack: 0x0000009eee400000,0x0000009eee500000] [id=19156]
  0x0000021f54d207c0 ConcurrentGCThread "G1 Conc#1" [stack: 0x0000009eefe00000,0x0000009eeff00000] [id=18832]
  0x0000021f52f5a100 ConcurrentGCThread "G1 Refine#0" [stack: 0x0000009eee500000,0x0000009eee600000] [id=19364]
  0x0000021f52f5a7d0 ConcurrentGCThread "G1 Service" [stack: 0x0000009eee600000,0x0000009eee700000] [id=25680]

Threads with active compile tasks:

VM state: at safepoint (normal execution)

VM Mutex/Monitor currently owned by a thread:  ([mutex/lock_event])
[0x0000021f43bc8e50] Threads_lock - owner thread: 0x0000021f530f2990
[0x0000021f45d3e5a0] Heap_lock - owner thread: 0x0000021f552c84e0

Heap address: 0x0000000081e00000, size: 2018 MB, Compressed Oops mode: 32-bit

CDS archive(s) not mapped
Compressed class space mapped at: 0x0000000100000000-0x0000000140000000, reserved size: 1073741824
Narrow klass base: 0x0000000000000000, Narrow klass shift: 3, Narrow klass range: 0x140000000

GC Precious Log:
 CPUs: 8 total, 8 available
 Memory: 8067M
 Large Page Support: Disabled
 NUMA Support: Disabled
 Compressed Oops: Enabled (32-bit)
 Heap Region Size: 1M
 Heap Min Capacity: 8M
 Heap Initial Capacity: 128M
 Heap Max Capacity: 2018M
 Pre-touch: Disabled
 Parallel Workers: 8
 Concurrent Workers: 2
 Concurrent Refinement Workers: 8
 Periodic GC: Disabled

Heap:
 garbage-first heap   total 131072K, used 52219K [0x0000000081e00000, 0x0000000100000000)
  region size 1024K, 4 young (4096K), 4 survivors (4096K)
 Metaspace       used 38217K, committed 38528K, reserved 1089536K
  class space    used 4822K, committed 4928K, reserved 1048576K

Heap Regions: E=young(eden), S=young(survivor), O=old, HS=humongous(starts), HC=humongous(continues), CS=collection set, F=free, OA=open archive, CA=closed archive, TAMS=top-at-mark-start (previous, next)
|   0|0x0000000081e00000, 0x0000000081f00000, 0x0000000081f00000|100%| O|  |TAMS 0x0000000081f00000, 0x0000000081f00000| Untracked 
|   1|0x0000000081f00000, 0x0000000082000000, 0x0000000082000000|100%| O|  |TAMS 0x0000000082000000, 0x0000000082000000| Untracked 
|   2|0x0000000082000000, 0x0000000082100000, 0x0000000082100000|100%| O|  |TAMS 0x0000000082100000, 0x0000000082100000| Untracked 
|   3|0x0000000082100000, 0x0000000082200000, 0x0000000082200000|100%| O|  |TAMS 0x0000000082200000, 0x0000000082200000| Untracked 
|   4|0x0000000082200000, 0x0000000082300000, 0x0000000082300000|100%| O|  |TAMS 0x0000000082300000, 0x0000000082300000| Untracked 
|   5|0x0000000082300000, 0x0000000082400000, 0x0000000082400000|100%| O|  |TAMS 0x0000000082400000, 0x0000000082400000| Untracked 
|   6|0x0000000082400000, 0x0000000082500000, 0x0000000082500000|100%| O|  |TAMS 0x0000000082500000, 0x0000000082500000| Untracked 
|   7|0x0000000082500000, 0x0000000082600000, 0x0000000082600000|100%| O|  |TAMS 0x0000000082600000, 0x0000000082600000| Untracked 
|   8|0x0000000082600000, 0x0000000082700000, 0x0000000082700000|100%| O|  |TAMS 0x0000000082600000, 0x0000000082700000| Untracked 
|   9|0x0000000082700000, 0x0000000082800000, 0x0000000082800000|100%| O|  |TAMS 0x0000000082800000, 0x0000000082800000| Untracked 
|  10|0x0000000082800000, 0x0000000082900000, 0x0000000082900000|100%| O|  |TAMS 0x0000000082900000, 0x0000000082900000| Untracked 
|  11|0x0000000082900000, 0x0000000082a00000, 0x0000000082a00000|100%| O|  |TAMS 0x0000000082a00000, 0x0000000082a00000| Untracked 
|  12|0x0000000082a00000, 0x0000000082b00000, 0x0000000082b00000|100%| O|  |TAMS 0x0000000082b00000, 0x0000000082b00000| Untracked 
|  13|0x0000000082b00000, 0x0000000082c00000, 0x0000000082c00000|100%| O|  |TAMS 0x0000000082be3200, 0x0000000082c00000| Untracked 
|  14|0x0000000082c00000, 0x0000000082d00000, 0x0000000082d00000|100%| O|  |TAMS 0x0000000082c00000, 0x0000000082d00000| Untracked 
|  15|0x0000000082d00000, 0x0000000082e00000, 0x0000000082e00000|100%| O|  |TAMS 0x0000000082d00000, 0x0000000082e00000| Untracked 
|  16|0x0000000082e00000, 0x0000000082f00000, 0x0000000082f00000|100%| O|  |TAMS 0x0000000082e00000, 0x0000000082f00000| Untracked 
|  17|0x0000000082f00000, 0x0000000083000000, 0x0000000083000000|100%| O|  |TAMS 0x0000000082f00000, 0x0000000083000000| Untracked 
|  18|0x0000000083000000, 0x0000000083100000, 0x0000000083100000|100%| O|  |TAMS 0x0000000083000000, 0x0000000083100000| Untracked 
|  19|0x0000000083100000, 0x0000000083189600, 0x0000000083200000| 53%| O|  |TAMS 0x0000000083100000, 0x0000000083189600| Untracked 
|  20|0x0000000083200000, 0x0000000083300000, 0x0000000083300000|100%| O|  |TAMS 0x0000000083200000, 0x0000000083300000| Untracked 
|  21|0x0000000083300000, 0x0000000083400000, 0x0000000083400000|100%| O|  |TAMS 0x0000000083300000, 0x0000000083400000| Untracked 
|  22|0x0000000083400000, 0x0000000083500000, 0x0000000083500000|100%| O|  |TAMS 0x0000000083400000, 0x0000000083500000| Untracked 
|  23|0x0000000083500000, 0x0000000083600000, 0x0000000083600000|100%| O|  |TAMS 0x0000000083500000, 0x0000000083600000| Untracked 
|  24|0x0000000083600000, 0x0000000083700000, 0x0000000083700000|100%| O|  |TAMS 0x0000000083600000, 0x0000000083700000| Untracked 
|  25|0x0000000083700000, 0x0000000083800000, 0x0000000083800000|100%| O|  |TAMS 0x0000000083700000, 0x0000000083800000| Untracked 
|  26|0x0000000083800000, 0x0000000083900000, 0x0000000083900000|100%| O|  |TAMS 0x0000000083800000, 0x0000000083900000| Untracked 
|  27|0x0000000083900000, 0x0000000083a00000, 0x0000000083a00000|100%| O|  |TAMS 0x0000000083900000, 0x0000000083a00000| Untracked 
|  28|0x0000000083a00000, 0x0000000083b00000, 0x0000000083b00000|100%| O|  |TAMS 0x0000000083a00000, 0x0000000083b00000| Untracked 
|  29|0x0000000083b00000, 0x0000000083c00000, 0x0000000083c00000|100%| O|  |TAMS 0x0000000083b00000, 0x0000000083c00000| Untracked 
|  30|0x0000000083c00000, 0x0000000083d00000, 0x0000000083d00000|100%| O|  |TAMS 0x0000000083c00000, 0x0000000083d00000| Untracked 
|  31|0x0000000083d00000, 0x0000000083e00000, 0x0000000083e00000|100%| O|  |TAMS 0x0000000083d00000, 0x0000000083e00000| Untracked 
|  32|0x0000000083e00000, 0x0000000083f00000, 0x0000000083f00000|100%| O|  |TAMS 0x0000000083e00000, 0x0000000083f00000| Untracked 
|  33|0x0000000083f00000, 0x0000000084000000, 0x0000000084000000|100%| O|  |TAMS 0x0000000083f00000, 0x0000000084000000| Untracked 
|  34|0x0000000084000000, 0x0000000084100000, 0x0000000084100000|100%| O|  |TAMS 0x0000000084000000, 0x0000000084100000| Untracked 
|  35|0x0000000084100000, 0x0000000084200000, 0x0000000084200000|100%| O|  |TAMS 0x0000000084100000, 0x0000000084200000| Untracked 
|  36|0x0000000084200000, 0x0000000084300000, 0x0000000084300000|100%| O|  |TAMS 0x0000000084200000, 0x0000000084300000| Untracked 
|  37|0x0000000084300000, 0x0000000084400000, 0x0000000084400000|100%| O|  |TAMS 0x0000000084300000, 0x0000000084400000| Untracked 
|  38|0x0000000084400000, 0x0000000084500000, 0x0000000084500000|100%| O|  |TAMS 0x0000000084400000, 0x0000000084500000| Untracked 
|  39|0x0000000084500000, 0x0000000084600000, 0x0000000084600000|100%| O|  |TAMS 0x0000000084500000, 0x0000000084600000| Untracked 
|  40|0x0000000084600000, 0x0000000084700000, 0x0000000084700000|100%| O|  |TAMS 0x0000000084600000, 0x0000000084700000| Untracked 
|  41|0x0000000084700000, 0x0000000084800000, 0x0000000084800000|100%| O|  |TAMS 0x0000000084700000, 0x00000000847d5e00| Untracked 
|  42|0x0000000084800000, 0x0000000084900000, 0x0000000084900000|100%| O|  |TAMS 0x0000000084800000, 0x0000000084800000| Untracked 
|  43|0x0000000084900000, 0x0000000084a00000, 0x0000000084a00000|100%| O|  |TAMS 0x0000000084900000, 0x0000000084900000| Untracked 
|  44|0x0000000084a00000, 0x0000000084b00000, 0x0000000084b00000|100%| O|  |TAMS 0x0000000084a00000, 0x0000000084a00000| Untracked 
|  45|0x0000000084b00000, 0x0000000084c00000, 0x0000000084c00000|100%| O|  |TAMS 0x0000000084b00000, 0x0000000084b00000| Untracked 
|  46|0x0000000084c00000, 0x0000000084d00000, 0x0000000084d00000|100%| O|  |TAMS 0x0000000084c00000, 0x0000000084c00000| Untracked 
|  47|0x0000000084d00000, 0x0000000084d75600, 0x0000000084e00000| 45%| O|  |TAMS 0x0000000084d00000, 0x0000000084d00000| Untracked 
|  48|0x0000000084e00000, 0x0000000084e00000, 0x0000000084f00000|  0%| F|  |TAMS 0x0000000084e00000, 0x0000000084e00000| Untracked 
|  49|0x0000000084f00000, 0x0000000084f00000, 0x0000000085000000|  0%| F|  |TAMS 0x0000000084f00000, 0x0000000084f00000| Untracked 
|  50|0x0000000085000000, 0x0000000085000000, 0x0000000085100000|  0%| F|  |TAMS 0x0000000085000000, 0x0000000085000000| Untracked 
|  51|0x0000000085100000, 0x0000000085100000, 0x0000000085200000|  0%| F|  |TAMS 0x0000000085100000, 0x0000000085100000| Untracked 
|  52|0x0000000085200000, 0x0000000085200000, 0x0000000085300000|  0%| F|  |TAMS 0x0000000085200000, 0x0000000085200000| Untracked 
|  53|0x0000000085300000, 0x0000000085300000, 0x0000000085400000|  0%| F|  |TAMS 0x0000000085300000, 0x0000000085300000| Untracked 
|  54|0x0000000085400000, 0x0000000085400000, 0x0000000085500000|  0%| F|  |TAMS 0x0000000085400000, 0x0000000085400000| Untracked 
|  55|0x0000000085500000, 0x0000000085500000, 0x0000000085600000|  0%| F|  |TAMS 0x0000000085500000, 0x0000000085500000| Untracked 
|  56|0x0000000085600000, 0x0000000085600000, 0x0000000085700000|  0%| F|  |TAMS 0x0000000085600000, 0x0000000085600000| Untracked 
|  57|0x0000000085700000, 0x0000000085700000, 0x0000000085800000|  0%| F|  |TAMS 0x0000000085700000, 0x0000000085700000| Untracked 
|  58|0x0000000085800000, 0x0000000085800000, 0x0000000085900000|  0%| F|  |TAMS 0x0000000085800000, 0x0000000085800000| Untracked 
|  59|0x0000000085900000, 0x0000000085900000, 0x0000000085a00000|  0%| F|  |TAMS 0x0000000085900000, 0x0000000085900000| Untracked 
|  60|0x0000000085a00000, 0x0000000085a00000, 0x0000000085b00000|  0%| F|  |TAMS 0x0000000085a00000, 0x0000000085a00000| Untracked 
|  61|0x0000000085b00000, 0x0000000085b00000, 0x0000000085c00000|  0%| F|  |TAMS 0x0000000085b00000, 0x0000000085b00000| Untracked 
|  62|0x0000000085c00000, 0x0000000085c00000, 0x0000000085d00000|  0%| F|  |TAMS 0x0000000085c00000, 0x0000000085c00000| Untracked 
|  63|0x0000000085d00000, 0x0000000085d00000, 0x0000000085e00000|  0%| F|  |TAMS 0x0000000085d00000, 0x0000000085d00000| Untracked 
|  64|0x0000000085e00000, 0x0000000085e00000, 0x0000000085f00000|  0%| F|  |TAMS 0x0000000085e00000, 0x0000000085e00000| Untracked 
|  65|0x0000000085f00000, 0x0000000085f00000, 0x0000000086000000|  0%| F|  |TAMS 0x0000000085f00000, 0x0000000085f00000| Untracked 
|  66|0x0000000086000000, 0x0000000086000000, 0x0000000086100000|  0%| F|  |TAMS 0x0000000086000000, 0x0000000086000000| Untracked 
|  67|0x0000000086100000, 0x0000000086100000, 0x0000000086200000|  0%| F|  |TAMS 0x0000000086100000, 0x0000000086100000| Untracked 
|  68|0x0000000086200000, 0x0000000086200000, 0x0000000086300000|  0%| F|  |TAMS 0x0000000086200000, 0x0000000086200000| Untracked 
|  69|0x0000000086300000, 0x0000000086300000, 0x0000000086400000|  0%| F|  |TAMS 0x0000000086300000, 0x0000000086300000| Untracked 
|  70|0x0000000086400000, 0x0000000086400000, 0x0000000086500000|  0%| F|  |TAMS 0x0000000086400000, 0x0000000086400000| Untracked 
|  71|0x0000000086500000, 0x0000000086600000, 0x0000000086600000|100%| S|CS|TAMS 0x0000000086500000, 0x0000000086500000| Complete 
|  72|0x0000000086600000, 0x0000000086700000, 0x0000000086700000|100%| S|CS|TAMS 0x0000000086600000, 0x0000000086600000| Complete 
|  73|0x0000000086700000, 0x0000000086800000, 0x0000000086800000|100%| S|CS|TAMS 0x0000000086700000, 0x0000000086700000| Complete 
|  74|0x0000000086800000, 0x0000000086900000, 0x0000000086900000|100%| S|CS|TAMS 0x0000000086800000, 0x0000000086800000| Complete 
|  75|0x0000000086900000, 0x0000000086900000, 0x0000000086a00000|  0%| F|  |TAMS 0x0000000086900000, 0x0000000086900000| Untracked 
|  76|0x0000000086a00000, 0x0000000086a00000, 0x0000000086b00000|  0%| F|  |TAMS 0x0000000086a00000, 0x0000000086a00000| Untracked 
|  77|0x0000000086b00000, 0x0000000086b00000, 0x0000000086c00000|  0%| F|  |TAMS 0x0000000086b00000, 0x0000000086b00000| Untracked 
|  78|0x0000000086c00000, 0x0000000086c00000, 0x0000000086d00000|  0%| F|  |TAMS 0x0000000086c00000, 0x0000000086c00000| Untracked 
|  79|0x0000000086d00000, 0x0000000086d00000, 0x0000000086e00000|  0%| F|  |TAMS 0x0000000086d00000, 0x0000000086d00000| Untracked 
|  80|0x0000000086e00000, 0x0000000086e00000, 0x0000000086f00000|  0%| F|  |TAMS 0x0000000086e00000, 0x0000000086e00000| Untracked 
|  81|0x0000000086f00000, 0x0000000086f00000, 0x0000000087000000|  0%| F|  |TAMS 0x0000000086f00000, 0x0000000086f00000| Untracked 
|  82|0x0000000087000000, 0x0000000087000000, 0x0000000087100000|  0%| F|  |TAMS 0x0000000087000000, 0x0000000087000000| Untracked 
|  83|0x0000000087100000, 0x0000000087100000, 0x0000000087200000|  0%| F|  |TAMS 0x0000000087100000, 0x0000000087100000| Untracked 
|  84|0x0000000087200000, 0x0000000087200000, 0x0000000087300000|  0%| F|  |TAMS 0x0000000087200000, 0x0000000087200000| Untracked 
|  85|0x0000000087300000, 0x0000000087300000, 0x0000000087400000|  0%| F|  |TAMS 0x0000000087300000, 0x0000000087300000| Untracked 
|  86|0x0000000087400000, 0x0000000087400000, 0x0000000087500000|  0%| F|  |TAMS 0x0000000087400000, 0x0000000087400000| Untracked 
|  87|0x0000000087500000, 0x0000000087500000, 0x0000000087600000|  0%| F|  |TAMS 0x0000000087500000, 0x0000000087500000| Untracked 
|  88|0x0000000087600000, 0x0000000087600000, 0x0000000087700000|  0%| F|  |TAMS 0x0000000087600000, 0x0000000087600000| Untracked 
|  89|0x0000000087700000, 0x0000000087700000, 0x0000000087800000|  0%| F|  |TAMS 0x0000000087700000, 0x0000000087700000| Untracked 
|  90|0x0000000087800000, 0x0000000087800000, 0x0000000087900000|  0%| F|  |TAMS 0x0000000087800000, 0x0000000087800000| Untracked 
|  91|0x0000000087900000, 0x0000000087900000, 0x0000000087a00000|  0%| F|  |TAMS 0x0000000087900000, 0x0000000087900000| Untracked 
|  92|0x0000000087a00000, 0x0000000087a00000, 0x0000000087b00000|  0%| F|  |TAMS 0x0000000087a00000, 0x0000000087a00000| Untracked 
|  93|0x0000000087b00000, 0x0000000087b00000, 0x0000000087c00000|  0%| F|  |TAMS 0x0000000087b00000, 0x0000000087b00000| Untracked 
|  94|0x0000000087c00000, 0x0000000087c00000, 0x0000000087d00000|  0%| F|  |TAMS 0x0000000087c00000, 0x0000000087c00000| Untracked 
|  95|0x0000000087d00000, 0x0000000087d00000, 0x0000000087e00000|  0%| F|  |TAMS 0x0000000087d00000, 0x0000000087d00000| Untracked 
|  96|0x0000000087e00000, 0x0000000087e00000, 0x0000000087f00000|  0%| F|  |TAMS 0x0000000087e00000, 0x0000000087e00000| Untracked 
|  97|0x0000000087f00000, 0x0000000087f00000, 0x0000000088000000|  0%| F|  |TAMS 0x0000000087f00000, 0x0000000087f00000| Untracked 
|  98|0x0000000088000000, 0x0000000088000000, 0x0000000088100000|  0%| F|  |TAMS 0x0000000088000000, 0x0000000088000000| Untracked 
|  99|0x0000000088100000, 0x0000000088100000, 0x0000000088200000|  0%| F|  |TAMS 0x0000000088100000, 0x0000000088100000| Untracked 
| 100|0x0000000088200000, 0x0000000088200000, 0x0000000088300000|  0%| F|  |TAMS 0x0000000088200000, 0x0000000088200000| Untracked 
| 101|0x0000000088300000, 0x0000000088300000, 0x0000000088400000|  0%| F|  |TAMS 0x0000000088300000, 0x0000000088300000| Untracked 
| 102|0x0000000088400000, 0x0000000088400000, 0x0000000088500000|  0%| F|  |TAMS 0x0000000088400000, 0x0000000088400000| Untracked 
| 103|0x0000000088500000, 0x0000000088500000, 0x0000000088600000|  0%| F|  |TAMS 0x0000000088500000, 0x0000000088500000| Untracked 
| 104|0x0000000088600000, 0x0000000088600000, 0x0000000088700000|  0%| F|  |TAMS 0x0000000088600000, 0x0000000088600000| Untracked 
| 105|0x0000000088700000, 0x0000000088700000, 0x0000000088800000|  0%| F|  |TAMS 0x0000000088700000, 0x0000000088700000| Untracked 
| 106|0x0000000088800000, 0x0000000088800000, 0x0000000088900000|  0%| F|  |TAMS 0x0000000088800000, 0x0000000088800000| Untracked 
| 107|0x0000000088900000, 0x0000000088900000, 0x0000000088a00000|  0%| F|  |TAMS 0x0000000088900000, 0x0000000088900000| Untracked 
| 108|0x0000000088a00000, 0x0000000088a00000, 0x0000000088b00000|  0%| F|  |TAMS 0x0000000088a00000, 0x0000000088a00000| Untracked 
| 109|0x0000000088b00000, 0x0000000088b00000, 0x0000000088c00000|  0%| F|  |TAMS 0x0000000088b00000, 0x0000000088b00000| Untracked 
| 110|0x0000000088c00000, 0x0000000088c00000, 0x0000000088d00000|  0%| F|  |TAMS 0x0000000088c00000, 0x0000000088c00000| Untracked 
| 111|0x0000000088d00000, 0x0000000088d00000, 0x0000000088e00000|  0%| F|  |TAMS 0x0000000088d00000, 0x0000000088d00000| Untracked 
| 112|0x0000000088e00000, 0x0000000088e00000, 0x0000000088f00000|  0%| F|  |TAMS 0x0000000088e00000, 0x0000000088e00000| Untracked 
| 113|0x0000000088f00000, 0x0000000088f00000, 0x0000000089000000|  0%| F|  |TAMS 0x0000000088f00000, 0x0000000088f00000| Untracked 
| 114|0x0000000089000000, 0x0000000089000000, 0x0000000089100000|  0%| F|  |TAMS 0x0000000089000000, 0x0000000089000000| Untracked 
| 115|0x0000000089100000, 0x0000000089100000, 0x0000000089200000|  0%| F|  |TAMS 0x0000000089100000, 0x0000000089100000| Untracked 
| 116|0x0000000089200000, 0x0000000089200000, 0x0000000089300000|  0%| F|  |TAMS 0x0000000089200000, 0x0000000089200000| Untracked 
| 117|0x0000000089300000, 0x0000000089300000, 0x0000000089400000|  0%| F|  |TAMS 0x0000000089300000, 0x0000000089300000| Untracked 
| 118|0x0000000089400000, 0x0000000089400000, 0x0000000089500000|  0%| F|  |TAMS 0x0000000089400000, 0x0000000089400000| Untracked 
| 119|0x0000000089500000, 0x0000000089500000, 0x0000000089600000|  0%| F|  |TAMS 0x0000000089500000, 0x0000000089500000| Untracked 
| 120|0x0000000089600000, 0x0000000089600000, 0x0000000089700000|  0%| F|  |TAMS 0x0000000089600000, 0x0000000089600000| Untracked 
| 121|0x0000000089700000, 0x0000000089700000, 0x0000000089800000|  0%| F|  |TAMS 0x0000000089700000, 0x0000000089700000| Untracked 
| 122|0x0000000089800000, 0x0000000089800000, 0x0000000089900000|  0%| F|  |TAMS 0x0000000089800000, 0x0000000089800000| Untracked 
| 123|0x0000000089900000, 0x0000000089900000, 0x0000000089a00000|  0%| F|  |TAMS 0x0000000089900000, 0x0000000089900000| Untracked 
| 124|0x0000000089a00000, 0x0000000089a00000, 0x0000000089b00000|  0%| F|  |TAMS 0x0000000089a00000, 0x0000000089a00000| Untracked 
| 125|0x0000000089b00000, 0x0000000089b00000, 0x0000000089c00000|  0%| F|  |TAMS 0x0000000089b00000, 0x0000000089b00000| Untracked 
| 126|0x0000000089c00000, 0x0000000089c00000, 0x0000000089d00000|  0%| F|  |TAMS 0x0000000089c00000, 0x0000000089c00000| Untracked 
| 127|0x0000000089d00000, 0x0000000089d00000, 0x0000000089e00000|  0%| F|  |TAMS 0x0000000089d00000, 0x0000000089d00000| Untracked 

Card table byte_map: [0x0000021f4bed0000,0x0000021f4c2d0000] _byte_map_base: 0x0000021f4bac1000

Marking Bits (Prev, Next): (CMBitMap*) 0x0000021f45d9d750, (CMBitMap*) 0x0000021f45d9d790
 Prev Bits: [0x0000021f4c6d0000, 0x0000021f4e658000)
 Next Bits: [0x0000021f4e660000, 0x0000021f505e8000)

Polling page: 0x0000021f43d00000

Metaspace:

Usage:
  Non-class:     32.61 MB used.
      Class:      4.71 MB used.
       Both:     37.32 MB used.

Virtual space:
  Non-class space:       40.00 MB reserved,      32.81 MB ( 82%) committed,  5 nodes.
      Class space:        1.00 GB reserved,       4.81 MB ( <1%) committed,  1 nodes.
             Both:        1.04 GB reserved,      37.62 MB (  4%) committed. 

Chunk freelists:
   Non-Class:  2.27 MB
       Class:  3.00 MB
        Both:  5.27 MB

MaxMetaspaceSize: unlimited
CompressedClassSpaceSize: 1.00 GB
Initial GC threshold: 21.00 MB
Current GC threshold: 59.19 MB
CDS: off
MetaspaceReclaimPolicy: balanced
 - commit_granule_bytes: 65536.
 - commit_granule_words: 8192.
 - virtual_space_node_default_size: 1048576.
 - enlarge_chunks_in_place: 1.
 - new_chunks_are_fully_committed: 0.
 - uncommit_free_chunks: 1.
 - use_allocation_guard: 0.
 - handle_deallocations: 1.


Internal statistics:

num_allocs_failed_limit: 8.
num_arena_births: 342.
num_arena_deaths: 0.
num_vsnodes_births: 6.
num_vsnodes_deaths: 0.
num_space_committed: 602.
num_space_uncommitted: 0.
num_chunks_returned_to_freelist: 8.
num_chunks_taken_from_freelist: 1429.
num_chunk_merges: 8.
num_chunk_splits: 998.
num_chunks_enlarged: 787.
num_purges: 0.
num_inconsistent_stats: 0.

CodeCache: size=49152Kb used=9045Kb max_used=9045Kb free=40106Kb
 bounds [0x0000021f489c0000, 0x0000021f492a0000, 0x0000021f4b9c0000]
 total_blobs=4296 nmethods=3767 adapters=453
 compilation: enabled
              stopped_count=0, restarted_count=0
 full_count=0

Compilation events (20 events):
Event: 2.725 Thread 0x0000021f547fe8b0 nmethod 3759 0x0000021f4928f310 code [0x0000021f4928f4a0, 0x0000021f4928f588]
Event: 2.725 Thread 0x0000021f547fe8b0 3760  s    1       sun.nio.fs.WindowsDirectoryStream$WindowsDirectoryIterator::next (48 bytes)
Event: 2.725 Thread 0x0000021f53c250b0 nmethod 3758 0x0000021f4928f610 code [0x0000021f4928f7a0, 0x0000021f4928f8b8]
Event: 2.725 Thread 0x0000021f53e303b0 nmethod 3756 0x0000021f4928f990 code [0x0000021f4928fb40, 0x0000021f4928fda8]
Event: 2.725 Thread 0x0000021f547fe8b0 nmethod 3760 0x0000021f4928fe90 code [0x0000021f49290040, 0x0000021f492902b8]
Event: 2.725 Thread 0x0000021f547d6020 nmethod 3757 0x0000021f49290390 code [0x0000021f492905a0, 0x0000021f492909e8]
Event: 2.734 Thread 0x0000021f53c250b0 3761       1       sun.nio.fs.WindowsPath::relativize (6 bytes)
Event: 2.734 Thread 0x0000021f547d6020 3762       1       sun.nio.fs.WindowsPath::relativize (393 bytes)
Event: 2.734 Thread 0x0000021f53c250b0 nmethod 3761 0x0000021f49290d10 code [0x0000021f49290ea0, 0x0000021f49290f88]
Event: 2.736 Thread 0x0000021f547d6020 nmethod 3762 0x0000021f49291010 code [0x0000021f49291440, 0x0000021f49292998]
Event: 2.736 Thread 0x0000021f53c250b0 3763       1       sun.nio.fs.WindowsPath::subpath (133 bytes)
Event: 2.737 Thread 0x0000021f53c250b0 nmethod 3763 0x0000021f49293790 code [0x0000021f492939e0, 0x0000021f49294268]
Event: 2.737 Thread 0x0000021f547fe8b0 3764       1       java.nio.file.Path::toFile (36 bytes)
Event: 2.738 Thread 0x0000021f547fe8b0 nmethod 3764 0x0000021f49294590 code [0x0000021f49294760, 0x0000021f49294a08]
Event: 2.741 Thread 0x0000021f53e303b0 3765       1       sun.nio.fs.WindowsFileAttributes::size (5 bytes)
Event: 2.741 Thread 0x0000021f547fe8b0 3766       1       io.github.classgraph.ClasspathElementDir::access$000 (5 bytes)
Event: 2.741 Thread 0x0000021f53e303b0 nmethod 3765 0x0000021f49294b90 code [0x0000021f49294d20, 0x0000021f49294df8]
Event: 2.741 Thread 0x0000021f547fe8b0 nmethod 3766 0x0000021f49294e90 code [0x0000021f49295020, 0x0000021f492950d8]
Event: 2.741 Thread 0x0000021f547fe8b0 3767       1       java.io.File::lastModified (33 bytes)
Event: 2.742 Thread 0x0000021f547fe8b0 nmethod 3767 0x0000021f49295190 code [0x0000021f49295340, 0x0000021f492954e8]

GC Heap History (20 events):
Event: 1.071 GC heap after
{Heap after GC invocations=2 (full 0):
 garbage-first heap   total 131072K, used 11163K [0x0000000081e00000, 0x0000000100000000)
  region size 1024K, 3 young (3072K), 3 survivors (3072K)
 Metaspace       used 16194K, committed 16384K, reserved 1064960K
  class space    used 1955K, committed 2048K, reserved 1048576K
}
Event: 1.258 GC heap before
{Heap before GC invocations=2 (full 0):
 garbage-first heap   total 131072K, used 33691K [0x0000000081e00000, 0x0000000100000000)
  region size 1024K, 27 young (27648K), 3 survivors (3072K)
 Metaspace       used 21340K, committed 21504K, reserved 1073152K
  class space    used 2597K, committed 2688K, reserved 1048576K
}
Event: 1.261 GC heap after
{Heap after GC invocations=3 (full 0):
 garbage-first heap   total 131072K, used 12295K [0x0000000081e00000, 0x0000000100000000)
  region size 1024K, 4 young (4096K), 4 survivors (4096K)
 Metaspace       used 21340K, committed 21504K, reserved 1073152K
  class space    used 2597K, committed 2688K, reserved 1048576K
}
Event: 1.460 GC heap before
{Heap before GC invocations=4 (full 0):
 garbage-first heap   total 48128K, used 33799K [0x0000000081e00000, 0x0000000100000000)
  region size 1024K, 27 young (27648K), 4 survivors (4096K)
 Metaspace       used 24751K, committed 25024K, reserved 1073152K
  class space    used 3032K, committed 3200K, reserved 1048576K
}
Event: 1.464 GC heap after
{Heap after GC invocations=5 (full 0):
 garbage-first heap   total 48128K, used 13406K [0x0000000081e00000, 0x0000000100000000)
  region size 1024K, 5 young (5120K), 5 survivors (5120K)
 Metaspace       used 24751K, committed 25024K, reserved 1073152K
  class space    used 3032K, committed 3200K, reserved 1048576K
}
Event: 1.475 GC heap before
{Heap before GC invocations=5 (full 0):
 garbage-first heap   total 48128K, used 14430K [0x0000000081e00000, 0x0000000100000000)
  region size 1024K, 6 young (6144K), 5 survivors (5120K)
 Metaspace       used 24854K, committed 25152K, reserved 1073152K
  class space    used 3041K, committed 3200K, reserved 1048576K
}
Event: 1.480 GC heap after
{Heap after GC invocations=6 (full 0):
 garbage-first heap   total 48128K, used 13913K [0x0000000081e00000, 0x0000000100000000)
  region size 1024K, 1 young (1024K), 1 survivors (1024K)
 Metaspace       used 24854K, committed 25152K, reserved 1073152K
  class space    used 3041K, committed 3200K, reserved 1048576K
}
Event: 1.744 GC heap before
{Heap before GC invocations=6 (full 0):
 garbage-first heap   total 48128K, used 31321K [0x0000000081e00000, 0x0000000100000000)
  region size 1024K, 19 young (19456K), 1 survivors (1024K)
 Metaspace       used 28165K, committed 28480K, reserved 1081344K
  class space    used 3520K, committed 3648K, reserved 1048576K
}
Event: 1.748 GC heap after
{Heap after GC invocations=7 (full 0):
 garbage-first heap   total 96256K, used 15900K [0x0000000081e00000, 0x0000000100000000)
  region size 1024K, 3 young (3072K), 3 survivors (3072K)
 Metaspace       used 28165K, committed 28480K, reserved 1081344K
  class space    used 3520K, committed 3648K, reserved 1048576K
}
Event: 2.327 GC heap before
{Heap before GC invocations=7 (full 0):
 garbage-first heap   total 96256K, used 69148K [0x0000000081e00000, 0x0000000100000000)
  region size 1024K, 55 young (56320K), 3 survivors (3072K)
 Metaspace       used 35762K, committed 36160K, reserved 1081344K
  class space    used 4633K, committed 4800K, reserved 1048576K
}
Event: 2.333 GC heap after
{Heap after GC invocations=8 (full 0):
 garbage-first heap   total 96256K, used 20364K [0x0000000081e00000, 0x0000000100000000)
  region size 1024K, 7 young (7168K), 7 survivors (7168K)
 Metaspace       used 35762K, committed 36160K, reserved 1081344K
  class space    used 4633K, committed 4800K, reserved 1048576K
}
Event: 2.360 GC heap before
{Heap before GC invocations=8 (full 0):
 garbage-first heap   total 96256K, used 28556K [0x0000000081e00000, 0x0000000100000000)
  region size 1024K, 16 young (16384K), 7 survivors (7168K)
 Metaspace       used 35961K, committed 36288K, reserved 1081344K
  class space    used 4648K, committed 4800K, reserved 1048576K
}
Event: 2.365 GC heap after
{Heap after GC invocations=9 (full 0):
 garbage-first heap   total 96256K, used 22462K [0x0000000081e00000, 0x0000000100000000)
  region size 1024K, 3 young (3072K), 3 survivors (3072K)
 Metaspace       used 35961K, committed 36288K, reserved 1081344K
  class space    used 4648K, committed 4800K, reserved 1048576K
}
Event: 2.565 GC heap before
{Heap before GC invocations=10 (full 0):
 garbage-first heap   total 96256K, used 64446K [0x0000000081e00000, 0x0000000100000000)
  region size 1024K, 45 young (46080K), 3 survivors (3072K)
 Metaspace       used 37039K, committed 37440K, reserved 1081344K
  class space    used 4750K, committed 4928K, reserved 1048576K
}
Event: 2.571 GC heap after
{Heap after GC invocations=11 (full 0):
 garbage-first heap   total 96256K, used 29844K [0x0000000081e00000, 0x0000000100000000)
  region size 1024K, 6 young (6144K), 6 survivors (6144K)
 Metaspace       used 37039K, committed 37440K, reserved 1081344K
  class space    used 4750K, committed 4928K, reserved 1048576K
}
Event: 2.644 GC heap before
{Heap before GC invocations=11 (full 0):
 garbage-first heap   total 96256K, used 67732K [0x0000000081e00000, 0x0000000100000000)
  region size 1024K, 43 young (44032K), 6 survivors (6144K)
 Metaspace       used 37874K, committed 38208K, reserved 1089536K
  class space    used 4788K, committed 4928K, reserved 1048576K
}
Event: 2.650 GC heap after
{Heap after GC invocations=12 (full 0):
 garbage-first heap   total 96256K, used 36479K [0x0000000081e00000, 0x0000000100000000)
  region size 1024K, 6 young (6144K), 6 survivors (6144K)
 Metaspace       used 37874K, committed 38208K, reserved 1089536K
  class space    used 4788K, committed 4928K, reserved 1048576K
}
Event: 2.694 GC heap before
{Heap before GC invocations=12 (full 0):
 garbage-first heap   total 96256K, used 68223K [0x0000000081e00000, 0x0000000100000000)
  region size 1024K, 38 young (38912K), 6 survivors (6144K)
 Metaspace       used 38038K, committed 38336K, reserved 1089536K
  class space    used 4805K, committed 4928K, reserved 1048576K
}
Event: 2.703 GC heap after
{Heap after GC invocations=13 (full 0):
 garbage-first heap   total 96256K, used 47485K [0x0000000081e00000, 0x0000000100000000)
  region size 1024K, 5 young (5120K), 5 survivors (5120K)
 Metaspace       used 38038K, committed 38336K, reserved 1089536K
  class space    used 4805K, committed 4928K, reserved 1048576K
}
Event: 2.750 GC heap before
{Heap before GC invocations=13 (full 0):
 garbage-first heap   total 96256K, used 65917K [0x0000000081e00000, 0x0000000100000000)
  region size 1024K, 24 young (24576K), 5 survivors (5120K)
 Metaspace       used 38217K, committed 38528K, reserved 1089536K
  class space    used 4822K, committed 4928K, reserved 1048576K
}

Dll operation events (8 events):
Event: 0.005 Loaded shared library c:\Users\lcarv\.vscode\extensions\redhat.java-1.13.0-win32-x64\jre\17.0.5-win32-x86_64\bin\java.dll
Event: 0.147 Loaded shared library C:\Users\lcarv\.vscode\extensions\redhat.java-1.13.0-win32-x64\jre\17.0.5-win32-x86_64\bin\net.dll
Event: 0.149 Loaded shared library C:\Users\lcarv\.vscode\extensions\redhat.java-1.13.0-win32-x64\jre\17.0.5-win32-x86_64\bin\nio.dll
Event: 0.155 Loaded shared library C:\Users\lcarv\.vscode\extensions\redhat.java-1.13.0-win32-x64\jre\17.0.5-win32-x86_64\bin\zip.dll
Event: 0.400 Loaded shared library c:\Users\lcarv\.vscode\extensions\redhat.java-1.13.0-win32-x64\jre\17.0.5-win32-x86_64\bin\verify.dll
Event: 0.408 Loaded shared library C:\Users\lcarv\.vscode\extensions\redhat.java-1.13.0-win32-x64\jre\17.0.5-win32-x86_64\bin\jimage.dll
Event: 1.100 Loaded shared library C:\Users\lcarv\.vscode\extensions\redhat.java-1.13.0-win32-x64\jre\17.0.5-win32-x86_64\bin\management.dll
Event: 1.102 Loaded shared library C:\Users\lcarv\.vscode\extensions\redhat.java-1.13.0-win32-x64\jre\17.0.5-win32-x86_64\bin\management_ext.dll

Deoptimization events (10 events):
Event: 1.242 Thread 0x0000021f45d405f0 DEOPT PACKING pc=0x0000021f48f27019 sp=0x0000009eee1fd1c0
Event: 1.242 Thread 0x0000021f45d405f0 DEOPT UNPACKING pc=0x0000021f48a12b43 sp=0x0000009eee1fc6a0 mode 3
Event: 1.959 Thread 0x0000021f45d405f0 DEOPT PACKING pc=0x0000021f49094919 sp=0x0000009eee1fc5a0
Event: 1.959 Thread 0x0000021f45d405f0 DEOPT UNPACKING pc=0x0000021f48a12b43 sp=0x0000009eee1fba80 mode 3
Event: 2.181 Thread 0x0000021f552c84e0 DEOPT PACKING pc=0x0000021f49152c35 sp=0x0000009ef02fd2b0
Event: 2.181 Thread 0x0000021f552c84e0 DEOPT UNPACKING pc=0x0000021f48a12b43 sp=0x0000009ef02fc7d8 mode 3
Event: 2.274 Thread 0x0000021f553025e0 DEOPT PACKING pc=0x0000021f4917e9ab sp=0x0000009ef0cfea60
Event: 2.274 Thread 0x0000021f553025e0 DEOPT UNPACKING pc=0x0000021f48a12b43 sp=0x0000009ef0cfdfa8 mode 3
Event: 2.294 Thread 0x0000021f54ec5aa0 DEOPT PACKING pc=0x0000021f48f23301 sp=0x0000009ef01fd900
Event: 2.294 Thread 0x0000021f54ec5aa0 DEOPT UNPACKING pc=0x0000021f48a12b43 sp=0x0000009ef01fcd90 mode 3

Classes unloaded (0 events):
No events

Classes redefined (0 events):
No events

Internal exceptions (20 events):
Event: 2.300 Thread 0x0000021f553012a0 Exception <a 'sun/nio/fs/WindowsException'{0x0000000084e0a218}> (0x0000000084e0a218) 
thrown [s\src\hotspot\share\prims\jni.cpp, line 516]
Event: 2.300 Thread 0x0000021f553012a0 Exception <a 'sun/nio/fs/WindowsException'{0x0000000084e0a5f0}> (0x0000000084e0a5f0) 
thrown [s\src\hotspot\share\prims\jni.cpp, line 516]
Event: 2.300 Thread 0x0000021f553012a0 Exception <a 'sun/nio/fs/WindowsException'{0x0000000084e0b040}> (0x0000000084e0b040) 
thrown [s\src\hotspot\share\prims\jni.cpp, line 516]
Event: 2.300 Thread 0x0000021f553012a0 Exception <a 'sun/nio/fs/WindowsException'{0x0000000084e0b450}> (0x0000000084e0b450) 
thrown [s\src\hotspot\share\prims\jni.cpp, line 516]
Event: 2.300 Thread 0x0000021f553012a0 Exception <a 'sun/nio/fs/WindowsException'{0x0000000084e0be78}> (0x0000000084e0be78) 
thrown [s\src\hotspot\share\prims\jni.cpp, line 516]
Event: 2.300 Thread 0x0000021f553012a0 Exception <a 'sun/nio/fs/WindowsException'{0x0000000084e0c258}> (0x0000000084e0c258) 
thrown [s\src\hotspot\share\prims\jni.cpp, line 516]
Event: 2.300 Thread 0x0000021f553012a0 Exception <a 'sun/nio/fs/WindowsException'{0x0000000084e0cc48}> (0x0000000084e0cc48) 
thrown [s\src\hotspot\share\prims\jni.cpp, line 516]
Event: 2.300 Thread 0x0000021f553012a0 Exception <a 'sun/nio/fs/WindowsException'{0x0000000084e0cff0}> (0x0000000084e0cff0) 
thrown [s\src\hotspot\share\prims\jni.cpp, line 516]
Event: 2.300 Thread 0x0000021f553012a0 Exception <a 'sun/nio/fs/WindowsException'{0x0000000084e0d9f0}> (0x0000000084e0d9f0) 
thrown [s\src\hotspot\share\prims\jni.cpp, line 516]
Event: 2.301 Thread 0x0000021f553012a0 Exception <a 'sun/nio/fs/WindowsException'{0x0000000084e0ddb0}> (0x0000000084e0ddb0) 
thrown [s\src\hotspot\share\prims\jni.cpp, line 516]
Event: 2.301 Thread 0x0000021f553012a0 Exception <a 'sun/nio/fs/WindowsException'{0x0000000084e0e7b0}> (0x0000000084e0e7b0) 
thrown [s\src\hotspot\share\prims\jni.cpp, line 516]
Event: 2.301 Thread 0x0000021f553012a0 Exception <a 'sun/nio/fs/WindowsException'{0x0000000084e0eb60}> (0x0000000084e0eb60) 
thrown [s\src\hotspot\share\prims\jni.cpp, line 516]
Event: 2.301 Thread 0x0000021f553012a0 Exception <a 'sun/nio/fs/WindowsException'{0x0000000084e0f560}> (0x0000000084e0f560) 
thrown [s\src\hotspot\share\prims\jni.cpp, line 516]
Event: 2.301 Thread 0x0000021f553012a0 Exception <a 'sun/nio/fs/WindowsException'{0x0000000084e0f920}> (0x0000000084e0f920) 
thrown [s\src\hotspot\share\prims\jni.cpp, line 516]
Event: 2.301 Thread 0x0000021f553012a0 Exception <a 'sun/nio/fs/WindowsException'{0x0000000084e10348}> (0x0000000084e10348) 
thrown [s\src\hotspot\share\prims\jni.cpp, line 516]
Event: 2.301 Thread 0x0000021f553012a0 Exception <a 'sun/nio/fs/WindowsException'{0x0000000084e10728}> (0x0000000084e10728) 
thrown [s\src\hotspot\share\prims\jni.cpp, line 516]
Event: 2.301 Thread 0x0000021f553012a0 Exception <a 'sun/nio/fs/WindowsException'{0x0000000084e11160}> (0x0000000084e11160) 
thrown [s\src\hotspot\share\prims\jni.cpp, line 516]
Event: 2.301 Thread 0x0000021f553012a0 Exception <a 'sun/nio/fs/WindowsException'{0x0000000084e11550}> (0x0000000084e11550) 
thrown [s\src\hotspot\share\prims\jni.cpp, line 516]
Event: 2.301 Thread 0x0000021f553012a0 Exception <a 'sun/nio/fs/WindowsException'{0x0000000084e11f78}> (0x0000000084e11f78) 
thrown [s\src\hotspot\share\prims\jni.cpp, line 516]
Event: 2.301 Thread 0x0000021f553012a0 Exception <a 'sun/nio/fs/WindowsException'{0x0000000084e12368}> (0x0000000084e12368) 
thrown [s\src\hotspot\share\prims\jni.cpp, line 516]

VM Operations (20 events):
Event: 2.273 Executing VM operation: ICBufferFull done
Event: 2.327 Executing VM operation: G1CollectForAllocation
Event: 2.335 Executing VM operation: G1CollectForAllocation done
Event: 2.360 Executing VM operation: CollectForMetadataAllocation
Event: 2.366 Executing VM operation: CollectForMetadataAllocation done
Event: 2.378 Executing VM operation: G1Concurrent
Event: 2.382 Executing VM operation: G1Concurrent done
Event: 2.389 Executing VM operation: G1Concurrent
Event: 2.390 Executing VM operation: G1Concurrent done
Event: 2.537 Executing VM operation: HandshakeAllThreads
Event: 2.537 Executing VM operation: HandshakeAllThreads done
Event: 2.565 Executing VM operation: G1CollectForAllocation
Event: 2.572 Executing VM operation: G1CollectForAllocation done
Event: 2.640 Executing VM operation: HandshakeAllThreads
Event: 2.640 Executing VM operation: HandshakeAllThreads done
Event: 2.644 Executing VM operation: G1CollectForAllocation
Event: 2.650 Executing VM operation: G1CollectForAllocation done
Event: 2.694 Executing VM operation: G1CollectForAllocation
Event: 2.704 Executing VM operation: G1CollectForAllocation done
Event: 2.749 Executing VM operation: G1TryInitiateConcMark

Events (20 events):
Event: 2.666 loading class jdk/internal/access/JavaUtilCollectionAccess done
Event: 2.666 loading class java/util/ImmutableCollections$Access$1 done
Event: 2.667 loading class java/util/ResourceBundle$CacheKey
Event: 2.667 loading class java/util/ResourceBundle$CacheKey done
Event: 2.667 loading class java/util/ResourceBundle$KeyElementReference
Event: 2.667 loading class java/util/ResourceBundle$CacheKeyReference
Event: 2.667 loading class java/util/ResourceBundle$CacheKeyReference done
Event: 2.667 loading class java/util/ResourceBundle$KeyElementReference done
Event: 2.668 loading class java/util/ResourceBundle$Control$2
Event: 2.668 loading class java/util/ResourceBundle$Control$2 done
Event: 2.709 loading class java/util/PropertyResourceBundle
Event: 2.710 loading class java/util/PropertyResourceBundle done
Event: 2.710 loading class sun/util/PropertyResourceBundleCharset
Event: 2.710 loading class sun/util/PropertyResourceBundleCharset done
Event: 2.710 loading class sun/util/PropertyResourceBundleCharset$PropertiesFileDecoder
Event: 2.710 loading class sun/util/PropertyResourceBundleCharset$PropertiesFileDecoder done
Event: 2.711 loading class java/util/ResourceBundle$BundleReference
Event: 2.711 loading class java/util/ResourceBundle$BundleReference done
Event: 2.728 loading class java/nio/file/FileVisitor
Event: 2.730 loading class java/nio/file/FileVisitor done


Dynamic libraries:
0x00007ff7c42c0000 - 0x00007ff7c42ce000 	c:\Users\lcarv\.vscode\extensions\redhat.java-1.13.0-win32-x64\jre\17.0.5-win32-x86_64\bin\java.exe
0x00007ffee35a0000 - 0x00007ffee37a9000 	C:\WINDOWS\SYSTEM32\ntdll.dll
0x00007ffee28e0000 - 0x00007ffee299e000 	C:\WINDOWS\System32\KERNEL32.DLL
0x00007ffee0da0000 - 0x00007ffee111b000 	C:\WINDOWS\System32\KERNELBASE.dll
0x00007ffee1300000 - 0x00007ffee1411000 	C:\WINDOWS\System32\ucrtbase.dll
0x00007ffec8640000 - 0x00007ffec8659000 	c:\Users\lcarv\.vscode\extensions\redhat.java-1.13.0-win32-x64\jre\17.0.5-win32-x86_64\bin\VCRUNTIME140.dll
0x00007ffec8620000 - 0x00007ffec8637000 	c:\Users\lcarv\.vscode\extensions\redhat.java-1.13.0-win32-x64\jre\17.0.5-win32-x86_64\bin\jli.dll
0x00007ffee1460000 - 0x00007ffee160d000 	C:\WINDOWS\System32\USER32.dll
0x00007ffee0be0000 - 0x00007ffee0c06000 	C:\WINDOWS\System32\win32u.dll
0x00007ffebc990000 - 0x00007ffebcc35000 	C:\WINDOWS\WinSxS\amd64_microsoft.windows.common-controls_6595b64144ccf1df_6.0.22000.120_none_9d947278b86cc467\COMCTL32.dll
0x00007ffee3280000 - 0x00007ffee32a9000 	C:\WINDOWS\System32\GDI32.dll
0x00007ffee1bf0000 - 0x00007ffee1c93000 	C:\WINDOWS\System32\msvcrt.dll
0x00007ffee1120000 - 0x00007ffee1238000 	C:\WINDOWS\System32\gdi32full.dll
0x00007ffee0c80000 - 0x00007ffee0d1d000 	C:\WINDOWS\System32\msvcp_win.dll
0x00007ffee1bb0000 - 0x00007ffee1be2000 	C:\WINDOWS\System32\IMM32.DLL
0x00007ffed2400000 - 0x00007ffed240c000 	c:\Users\lcarv\.vscode\extensions\redhat.java-1.13.0-win32-x64\jre\17.0.5-win32-x86_64\bin\vcruntime140_1.dll
0x00007ffe95470000 - 0x00007ffe95501000 	c:\Users\lcarv\.vscode\extensions\redhat.java-1.13.0-win32-x64\jre\17.0.5-win32-x86_64\bin\msvcp140.dll
0x00007ffe679a0000 - 0x00007ffe685e4000 	c:\Users\lcarv\.vscode\extensions\redhat.java-1.13.0-win32-x64\jre\17.0.5-win32-x86_64\bin\server\jvm.dll
0x00007ffee2c10000 - 0x00007ffee2cbe000 	C:\WINDOWS\System32\ADVAPI32.dll
0x00007ffee2840000 - 0x00007ffee28de000 	C:\WINDOWS\System32\sechost.dll
0x00007ffee1760000 - 0x00007ffee1880000 	C:\WINDOWS\System32\RPCRT4.dll
0x00007ffebfec0000 - 0x00007ffebfec9000 	C:\WINDOWS\SYSTEM32\WSOCK32.dll
0x00007ffed5a40000 - 0x00007ffed5a73000 	C:\WINDOWS\SYSTEM32\WINMM.dll
0x00007ffed4e50000 - 0x00007ffed4e5a000 	C:\WINDOWS\SYSTEM32\VERSION.dll
0x00007ffee1910000 - 0x00007ffee197f000 	C:\WINDOWS\System32\WS2_32.dll
0x00007ffedfbe0000 - 0x00007ffedfbf8000 	C:\WINDOWS\SYSTEM32\kernel.appcore.dll
0x00007ffecbaa0000 - 0x00007ffecbaaa000 	c:\Users\lcarv\.vscode\extensions\redhat.java-1.13.0-win32-x64\jre\17.0.5-win32-x86_64\bin\jimage.dll
0x00007ffede4d0000 - 0x00007ffede6f1000 	C:\WINDOWS\SYSTEM32\DBGHELP.DLL
0x00007ffecd4c0000 - 0x00007ffecd4f1000 	C:\WINDOWS\SYSTEM32\dbgcore.DLL
0x00007ffee0d20000 - 0x00007ffee0d9f000 	C:\WINDOWS\System32\bcryptPrimitives.dll
0x00007ffe9da80000 - 0x00007ffe9daa5000 	c:\Users\lcarv\.vscode\extensions\redhat.java-1.13.0-win32-x64\jre\17.0.5-win32-x86_64\bin\java.dll
0x00007ffec7e60000 - 0x00007ffec7e78000 	c:\Users\lcarv\.vscode\extensions\redhat.java-1.13.0-win32-x64\jre\17.0.5-win32-x86_64\bin\zip.dll
0x00007ffee2080000 - 0x00007ffee2838000 	C:\WINDOWS\System32\SHELL32.dll
0x00007ffedeb70000 - 0x00007ffedf3d5000 	C:\WINDOWS\SYSTEM32\windows.storage.dll
0x00007ffee1ca0000 - 0x00007ffee2018000 	C:\WINDOWS\System32\combase.dll
0x00007ffedea00000 - 0x00007ffedeb66000 	C:\WINDOWS\SYSTEM32\wintypes.dll
0x00007ffee29a0000 - 0x00007ffee2a8a000 	C:\WINDOWS\System32\SHCORE.dll
0x00007ffee2020000 - 0x00007ffee207d000 	C:\WINDOWS\System32\shlwapi.dll
0x00007ffee09a0000 - 0x00007ffee09c1000 	C:\WINDOWS\SYSTEM32\profapi.dll
0x00007ffeb04f0000 - 0x00007ffeb0509000 	C:\Users\lcarv\.vscode\extensions\redhat.java-1.13.0-win32-x64\jre\17.0.5-win32-x86_64\bin\net.dll
0x00007ffed5710000 - 0x00007ffed5824000 	C:\WINDOWS\SYSTEM32\WINHTTP.dll
0x00007ffee0080000 - 0x00007ffee00e7000 	C:\WINDOWS\system32\mswsock.dll
0x00007ffeab130000 - 0x00007ffeab145000 	C:\Users\lcarv\.vscode\extensions\redhat.java-1.13.0-win32-x64\jre\17.0.5-win32-x86_64\bin\nio.dll
0x00007ffecb690000 - 0x00007ffecb6a0000 	c:\Users\lcarv\.vscode\extensions\redhat.java-1.13.0-win32-x64\jre\17.0.5-win32-x86_64\bin\verify.dll
0x00007ffecd970000 - 0x00007ffecd979000 	C:\Users\lcarv\.vscode\extensions\redhat.java-1.13.0-win32-x64\jre\17.0.5-win32-x86_64\bin\management.dll
0x00007ffeca820000 - 0x00007ffeca82b000 	C:\Users\lcarv\.vscode\extensions\redhat.java-1.13.0-win32-x64\jre\17.0.5-win32-x86_64\bin\management_ext.dll
0x00007ffee1900000 - 0x00007ffee1908000 	C:\WINDOWS\System32\PSAPI.DLL
0x00007ffeb9860000 - 0x00007ffeb9877000 	C:\WINDOWS\system32\napinsp.dll
0x00007ffeb9840000 - 0x00007ffeb985b000 	C:\WINDOWS\system32\pnrpnsp.dll
0x00007ffedf6c0000 - 0x00007ffedf7a8000 	C:\WINDOWS\SYSTEM32\DNSAPI.dll
0x00007ffedf690000 - 0x00007ffedf6bd000 	C:\WINDOWS\SYSTEM32\IPHLPAPI.DLL
0x00007ffee1450000 - 0x00007ffee1459000 	C:\WINDOWS\System32\NSI.dll
0x00007ffeba5a0000 - 0x00007ffeba5b2000 	C:\WINDOWS\System32\winrnr.dll
0x00007ffed4400000 - 0x00007ffed4415000 	C:\WINDOWS\system32\wshbth.dll
0x00007ffeb9770000 - 0x00007ffeb978f000 	C:\WINDOWS\system32\nlansp_c.dll
0x00007ffeccd30000 - 0x00007ffeccd3a000 	C:\Windows\System32\rasadhlp.dll
0x00007ffed2d90000 - 0x00007ffed2e11000 	C:\WINDOWS\System32\fwpuclnt.dll
0x00007ffee02c0000 - 0x00007ffee02d8000 	C:\WINDOWS\SYSTEM32\CRYPTSP.dll
0x00007ffedfb40000 - 0x00007ffedfb75000 	C:\WINDOWS\system32\rsaenh.dll
0x00007ffee0170000 - 0x00007ffee0199000 	C:\WINDOWS\SYSTEM32\USERENV.dll
0x00007ffee0450000 - 0x00007ffee0477000 	C:\WINDOWS\SYSTEM32\bcrypt.dll
0x00007ffee02e0000 - 0x00007ffee02ec000 	C:\WINDOWS\SYSTEM32\CRYPTBASE.dll
0x00007ffed5000000 - 0x00007ffed5019000 	C:\WINDOWS\SYSTEM32\dhcpcsvc6.DLL
0x00007ffed66e0000 - 0x00007ffed66fe000 	C:\WINDOWS\SYSTEM32\dhcpcsvc.DLL

dbghelp: loaded successfully - version: 4.0.5 - missing functions: none
symbol engine: initialized successfully - sym options: 0x614 - pdb path: .;c:\Users\lcarv\.vscode\extensions\redhat.java-1.13.0-win32-x64\jre\17.0.5-win32-x86_64\bin;C:\WINDOWS\SYSTEM32;C:\WINDOWS\WinSxS\amd64_microsoft.windows.common-controls_6595b64144ccf1df_6.0.22000.120_none_9d947278b86cc467;c:\Users\lcarv\.vscode\extensions\redhat.java-1.13.0-win32-x64\jre\17.0.5-win32-x86_64\bin\server

VM Arguments:
jvm_args: -Dsts.lsp.client=vscode -Dsts.log.file=/dev/null -XX:TieredStopAtLevel=1 -Xlog:jni+resolve=off -Dspring.config.location=file:c:\Users\lcarv\.vscode\extensions\pivotal.vscode-spring-boot-1.41.0\language-server\BOOT-INF\classes\application.properties 
java_command: org.springframework.ide.vscode.boot.app.BootLanguageServerBootApp
java_class_path (initial): c:\Users\lcarv\.vscode\extensions\pivotal.vscode-spring-boot-1.41.0\language-server\BOOT-INF\classes;c:\Users\lcarv\.vscode\extensions\pivotal.vscode-spring-boot-1.41.0\language-server\BOOT-INF\lib\annotations-23.0.0.jar;c:\Users\lcarv\.vscode\extensions\pivotal.vscode-spring-boot-1.41.0\language-server\BOOT-INF\lib\ant-1.10.12.jar;c:\Users\lcarv\.vscode\extensions\pivotal.vscode-spring-boot-1.41.0\language-server\BOOT-INF\lib\ant-launcher-1.10.12.jar;c:\Users\lcarv\.vscode\extensions\pivotal.vscode-spring-boot-1.41.0\language-server\BOOT-INF\lib\antlr-runtime-3.5.2.jar;c:\Users\lcarv\.vscode\extensions\pivotal.vscode-spring-boot-1.41.0\language-server\BOOT-INF\lib\antlr4-4.9.3.jar;c:\Users\lcarv\.vscode\extensions\pivotal.vscode-spring-boot-1.41.0\language-server\BOOT-INF\lib\antlr4-runtime-4.9.3.jar;c:\Users\lcarv\.vscode\extensions\pivotal.vscode-spring-boot-1.41.0\language-server\BOOT-INF\lib\apiguardian-api-1.1.2.jar;c:\Users\lcarv\.vscode\extensions\pivotal.vscode-spring-boot-1.41.0\language-server\BOOT-INF\lib\asm-9.4.jar;c:\Users\lcarv\.vscode\extensions\pivotal.vscode-spring-boot-1.41.0\language-server\BOOT-INF\lib\asm-analysis-9.4.jar;c:\Users\lcarv\.vscode\extensions\pivotal.vscode-spring-boot-1.41.0\language-server\BOOT-INF\lib\asm-tree-9.4.jar;c:\Users\lcarv\.vscode\extensions\pivotal.vscode-spring-boot-1.41.0\language-server\BOOT-INF\lib\asm-util-9.4.jar;c:\Users\lcarv\.vscode\extensions\pivotal.vscode-spring-boot-1.41.0\language-server\BOOT-INF\lib\byte-buddy-1.12.13.jar;c:\Users\lcarv\.vscode\extensions\pivotal.vscode-spring-boot-1.41.0\language-server\BOOT-INF\lib\caffeine-2.9.3.jar;c:\Users\lcarv\.vscode\extensions\pivotal.vscode-spring-boot-1.41.0\language-server\BOOT-INF\lib\checker-qual-3.12.0.jar;c:\Users\lcarv\.vscode\extensions\pivotal.vscode-spring-boot-1.41.0\language-server\BOOT-INF\lib\ci-environment-9.1.0.jar;c:\Users\lcarv\.vscode\extensions\pivotal.vscode-spring-boot-1.41.0\language-server\BOOT-INF\lib\clas
Launcher Type: SUN_STANDARD

[Global flags]
     intx CICompilerCount                          = 4                                         {product} {ergonomic}
     uint ConcGCThreads                            = 2                                         {product} {ergonomic}
     uint G1ConcRefinementThreads                  = 8                                         {product} {ergonomic}
   size_t G1HeapRegionSize                         = 1048576                                   {product} {ergonomic}
    uintx GCDrainStackTargetSize                   = 64                                        {product} {ergonomic}
   size_t InitialHeapSize                          = 134217728                                 {product} {ergonomic}
   size_t MarkStackSize                            = 4194304                                   {product} {ergonomic}
   size_t MaxHeapSize                              = 2116026368                                {product} {ergonomic}
   size_t MaxNewSize                               = 1268776960                                {product} {ergonomic}
   size_t MinHeapDeltaBytes                        = 1048576                                   {product} {ergonomic}
   size_t MinHeapSize                              = 8388608                                   {product} {ergonomic}
    uintx NonProfiledCodeHeapSize                  = 0                                      {pd product} {ergonomic}
     bool ProfileInterpreter                       = false                                  {pd product} {command line}
    uintx ProfiledCodeHeapSize                     = 0                                      {pd product} {ergonomic}
   size_t SoftMaxHeapSize                          = 2116026368                             {manageable} {ergonomic}
     intx TieredStopAtLevel                        = 1                                         {product} {command line}
     bool UseCompressedClassPointers               = true                           {product lp64_product} {ergonomic}
     bool UseCompressedOops                        = true                           {product lp64_product} {ergonomic}
     bool UseG1GC                                  = true                                      {product} {ergonomic}
     bool UseLargePagesIndividualAllocation        = false                                  {pd product} {ergonomic}

Logging:
Log output configuration:
 #0: stdout all=warning,jni+resolve=off uptime,level,tags
 #1: stderr all=off uptime,level,tags

Environment Variables:
JAVA_HOME=C:\Program Files\Java\jdk1.8.0_202
PATH=C:\Users\lcarv\bin;C:\Program Files\Git\mingw64\bin;C:\Program Files\Git\usr\local\bin;C:\Program Files\Git\usr\bin;C:\Program Files\Git\usr\bin;C:\Program Files\Git\mingw64\bin;C:\Program Files\Git\usr\bin;C:\Users\lcarv\bin;C:\Program Files (x86)\Common Files\Oracle\Java\javapath;C:\Program Files\Common Files\Oracle\Java\javapath;C:\WINDOWS\system32;C:\WINDOWS;C:\WINDOWS\System32\Wbem;C:\WINDOWS\System32\WindowsPowerShell\v1.0;C:\WINDOWS\System32\OpenSSH;C:\Program Files (x86)\Intel\Intel(R) Management Engine Components\DAL;C:\Program Files\Intel\Intel(R) Management Engine Components\DAL;C:\Program Files\dotnet;C:\Program Files\Git\cmd;C:\Program Files\nodejs;C:\Program Files\apache-maven-3.8.6-bin\apache-maven-3.8.6\bin;C:\Program Files\Java\jdk1.8.0_202\bin;C:\Users\lcarv\AppData\Local\Microsoft\WindowsApps;C:\Users\lcarv\Downloads\ghc-8.10.5-x86_64-unknown-mingw32\ghc-8.10.5\bin;C:\Users\lcarv\AppData\Local\Programs\Microsoft VS Code\bin;C:\Program Files\JetBrains\IntelliJ IDEA 2021.3\bin;C:\Program Files\heroku\bin;C:\Users\lcarv\AppData\Roaming\npm;C:\Program Files\apache-maven-3.8.6-bin\apache-maven-3.8.6\bin;C:\Program Files\Java\jdk1.8.0_202\bin;C:\Program Files\Git\usr\bin\vendor_perl;C:\Program Files\Git\usr\bin\core_perl
USERNAME=lcarv
SHELL=C:\Program Files\Git\usr\bin\bash.exe
DISPLAY=needs-to-be-defined
LC_CTYPE=pt_BR.UTF-8
TERM=xterm
TMPDIR=C:\Users\lcarv\AppData\Local\Temp
OS=Windows_NT
PROCESSOR_IDENTIFIER=Intel64 Family 6 Model 142 Stepping 12, GenuineIntel
TMP=C:\Users\lcarv\AppData\Local\Temp
TEMP=C:\Users\lcarv\AppData\Local\Temp



---------------  S Y S T E M  ---------------

OS:
 Windows 11 , 64 bit Build 22000 (10.0.22000.1219)
OS uptime: 13 days 19:08 hours

CPU: total 8 (initial active 8) (4 cores per cpu, 2 threads per core) family 6 model 142 stepping 12 microcode 0xf0, cx8, cmov, fxsr, ht, mmx, 3dnowpref, sse, sse2, sse3, ssse3, sse4.1, sse4.2, popcnt, lzcnt, tsc, tscinvbit, avx, avx2, aes, erms, clmul, bmi1, bmi2, adx, fma, vzeroupper, clflush, clflushopt

Memory: 4k page, system-wide physical 8067M (371M free)
TotalPageFile size 15377M (AvailPageFile size 7M)
current process WorkingSet (physical memory assigned to process): 199M, peak: 199M
current process commit charge ("private bytes"): 272M, peak: 314M

vm_info: OpenJDK 64-Bit Server VM (17.0.5+8) for windows-amd64 JRE (17.0.5+8), built on Oct 19 2022 04:48:13 by "temurin" with MS VC++ 16.7 (VS2019)

END.
