#
# There is insufficient memory for the Java Runtime Environment to continue.
# Native memory allocation (mmap) failed to map 284164096 bytes for G1 virtual space
# Possible reasons:
#   The system is out of physical RAM or swap space
#   The process is running with CompressedOops enabled, and the Java Heap may be blocking the growth of the native heap
# Possible solutions:
#   Reduce memory load on the system
#   Increase physical memory or swap space
#   Check if swap backing store is full
#   Decrease Java heap size (-Xmx/-Xms)
#   Decrease number of Java threads
#   Decrease Java thread stack sizes (-Xss)
#   Set larger code cache with -XX:ReservedCodeCacheSize=
#   JVM is running with Unscaled Compressed Oops mode in which the Java heap is
#     placed in the first 4GB address space. The Java Heap base address is the
#     maximum limit for the native heap growth. Please use -XX:HeapBaseMinAddress
#     to set the Java Heap base and to place the Java Heap above 4GB virtual address.
# This output file may be truncated or incomplete.
#
#  Out of Memory Error (os_windows.cpp:3548), pid=25004, tid=31676
#
# JRE version: OpenJDK Runtime Environment Temurin-17.0.5+8 (17.0.5+8) (build 17.0.5+8)
# Java VM: OpenJDK 64-Bit Server VM Temurin-17.0.5+8 (17.0.5+8, mixed mode, emulated-client, tiered, compressed oops, compressed class ptrs, g1 gc, windows-amd64)
# No core dump will be written. Minidumps are not enabled by default on client versions of Windows
#

---------------  S U M M A R Y ------------

Command Line: -Dsts.lsp.client=vscode -Dsts.log.file=/dev/null -XX:TieredStopAtLevel=1 -Xlog:jni+resolve=off -Dspring.config.location=file:c:\Users\lcarv\.vscode\extensions\pivotal.vscode-spring-boot-1.41.0\language-server\BOOT-INF\classes\application.properties org.springframework.ide.vscode.boot.app.BootLanguageServerBootApp

Host: Intel(R) Core(TM) i7-8565U CPU @ 1.80GHz, 8 cores, 7G,  Windows 11 , 64 bit Build 22000 (10.0.22000.1219)
Time: Tue Dec 13 20:34:13 2022 Hora Padrão de Buenos Aires elapsed time: 6.273428 seconds (0d 0h 0m 6s)

---------------  T H R E A D  ---------------

Current thread (0x0000018eedf95ed0):  VMThread "VM Thread" [stack: 0x000000554b600000,0x000000554b700000] [id=31676]

Stack: [0x000000554b600000,0x000000554b700000]
Native frames: (J=compiled Java code, j=interpreted, Vv=VM code, C=native code)
V  [jvm.dll+0x676b3a]
V  [jvm.dll+0x831444]
V  [jvm.dll+0x832bee]
V  [jvm.dll+0x833253]
V  [jvm.dll+0x244ce5]
V  [jvm.dll+0x673a49]
V  [jvm.dll+0x66811a]
V  [jvm.dll+0x303ceb]
V  [jvm.dll+0x30b1e6]
V  [jvm.dll+0x35adbe]
V  [jvm.dll+0x35afef]
V  [jvm.dll+0x2dab88]
V  [jvm.dll+0x2d8e3c]
V  [jvm.dll+0x2d840c]
V  [jvm.dll+0x31c31b]
V  [jvm.dll+0x8376fb]
V  [jvm.dll+0x838434]
V  [jvm.dll+0x83894c]
V  [jvm.dll+0x838d24]
V  [jvm.dll+0x838df0]
V  [jvm.dll+0x7e17ea]
V  [jvm.dll+0x6759e5]
C  [ucrtbase.dll+0x26c0c]
C  [KERNEL32.DLL+0x15550]
C  [ntdll.dll+0x485b]

VM_Operation (0x000000554e1fdf90): G1CollectForAllocation, mode: safepoint, requested by thread 0x0000018ef01d5f80


---------------  P R O C E S S  ---------------

Threads class SMR info:
_java_thread_list=0x0000018ef2561900, length=43, elements={
0x0000018eedf99c70, 0x0000018eedf9a730, 0x0000018eee844b20, 0x0000018eee8473f0,
0x0000018eee847cb0, 0x0000018eee848570, 0x0000018eee848e30, 0x0000018eee858c60,
0x0000018eeea44380, 0x0000018eeea62f00, 0x0000018eeea68800, 0x0000018eef504180,
0x0000018eef504690, 0x0000018eefdf9940, 0x0000018ef003bbd0, 0x0000018eeff4cd40,
0x0000018ee0bde2a0, 0x0000018eefb4e020, 0x0000018ef010dd80, 0x0000018ef013d270,
0x0000018ef0144a00, 0x0000018ef013c410, 0x0000018ef0133f80, 0x0000018ef0135790,
0x0000018ef0134920, 0x0000018ef0134450, 0x0000018ef0134df0, 0x0000018ef01352c0,
0x0000018ef01d5ab0, 0x0000018ef01d6920, 0x0000018ef01d3430, 0x0000018ef01d4770,
0x0000018ef01da2e0, 0x0000018ef01d55e0, 0x0000018ef01d5f80, 0x0000018ef01d6450,
0x0000018ef01d9e10, 0x0000018ef01d2f60, 0x0000018ef01d9940, 0x0000018ef01d7790,
0x0000018ef01d6df0, 0x0000018ef01da7b0, 0x0000018ef01d5110
}

Java Threads: ( => current thread )
  0x0000018eedf99c70 JavaThread "Reference Handler" daemon [_thread_blocked, id=18752, stack(0x000000554b700000,0x000000554b800000)]
  0x0000018eedf9a730 JavaThread "Finalizer" daemon [_thread_blocked, id=8340, stack(0x000000554b800000,0x000000554b900000)]
  0x0000018eee844b20 JavaThread "Signal Dispatcher" daemon [_thread_blocked, id=17804, stack(0x000000554b900000,0x000000554ba00000)]
  0x0000018eee8473f0 JavaThread "Attach Listener" daemon [_thread_blocked, id=3188, stack(0x000000554ba00000,0x000000554bb00000)]
  0x0000018eee847cb0 JavaThread "Service Thread" daemon [_thread_blocked, id=21856, stack(0x000000554bb00000,0x000000554bc00000)]
  0x0000018eee848570 JavaThread "Monitor Deflation Thread" daemon [_thread_blocked, id=30728, stack(0x000000554bc00000,0x000000554bd00000)]
  0x0000018eee848e30 JavaThread "C1 CompilerThread0" daemon [_thread_blocked, id=11488, stack(0x000000554bd00000,0x000000554be00000)]
  0x0000018eee858c60 JavaThread "Sweeper thread" daemon [_thread_blocked, id=23948, stack(0x000000554be00000,0x000000554bf00000)]
  0x0000018eeea44380 JavaThread "C1 CompilerThread1" daemon [_thread_blocked, id=25824, stack(0x000000554bf00000,0x000000554c000000)]
  0x0000018eeea62f00 JavaThread "Notification Thread" daemon [_thread_blocked, id=23024, stack(0x000000554c000000,0x000000554c100000)]
  0x0000018eeea68800 JavaThread "Common-Cleaner" daemon [_thread_blocked, id=11624, stack(0x000000554c200000,0x000000554c300000)]
  0x0000018eef504180 JavaThread "C1 CompilerThread2" daemon [_thread_blocked, id=13104, stack(0x000000554c300000,0x000000554c400000)]
  0x0000018eef504690 JavaThread "C1 CompilerThread3" daemon [_thread_blocked, id=16956, stack(0x000000554c400000,0x000000554c500000)]
  0x0000018eefdf9940 JavaThread "boundedElastic-evictor-1" daemon [_thread_blocked, id=15420, stack(0x000000554cc00000,0x000000554cd00000)]
  0x0000018ef003bbd0 JavaThread "pool-11-thread-1" [_thread_blocked, id=2972, stack(0x000000554ce00000,0x000000554cf00000)]
  0x0000018eeff4cd40 JavaThread "LanguageServerApp-lifecycle" [_thread_blocked, id=22288, stack(0x000000554cf00000,0x000000554d000000)]
  0x0000018ee0bde2a0 JavaThread "DestroyJavaVM" [_thread_blocked, id=10908, stack(0x000000554b000000,0x000000554b100000)]
  0x0000018eefb4e020 JavaThread "pool-12-thread-1" [_thread_in_native, id=27956, stack(0x000000554d000000,0x000000554d100000)]
  0x0000018ef010dd80 JavaThread "Simple-Language-Server main thread" daemon [_thread_blocked, id=5480, stack(0x000000554d100000,0x000000554d200000)]
  0x0000018ef013d270 JavaThread "pool-8-thread-1" [_thread_blocked, id=24668, stack(0x000000554d200000,0x000000554d300000)]
  0x0000018ef0144a00 JavaThread "parallel-1" daemon [_thread_blocked, id=24956, stack(0x000000554d300000,0x000000554d400000)]
  0x0000018ef013c410 JavaThread "ForkJoinPool.commonPool-worker-1" daemon [_thread_blocked, id=14724, stack(0x000000554d400000,0x000000554d500000)]
  0x0000018ef0133f80 JavaThread "pool-5-thread-1" [_thread_blocked, id=26232, stack(0x000000554d500000,0x000000554d600000)]
  0x0000018ef0135790 JavaThread "ForkJoinPool.commonPool-worker-2" daemon [_thread_blocked, id=15160, stack(0x000000554d600000,0x000000554d700000)]
  0x0000018ef0134920 JavaThread "Reconciler-1" daemon [_thread_blocked, id=10492, stack(0x000000554d700000,0x000000554d800000)]
  0x0000018ef0134450 JavaThread "ClassGraph-worker-0" daemon [_thread_blocked, id=30044, stack(0x000000554d800000,0x000000554d900000)]
  0x0000018ef0134df0 JavaThread "ClassGraph-worker-1" daemon [_thread_blocked, id=14360, stack(0x000000554d900000,0x000000554da00000)]
  0x0000018ef01352c0 JavaThread "ClassGraph-worker-2" daemon [_thread_blocked, id=16528, stack(0x000000554da00000,0x000000554db00000)]
  0x0000018ef01d5ab0 JavaThread "ClassGraph-worker-3" daemon [_thread_blocked, id=344, stack(0x000000554db00000,0x000000554dc00000)]
  0x0000018ef01d6920 JavaThread "ClassGraph-worker-4" daemon [_thread_blocked, id=9660, stack(0x000000554dc00000,0x000000554dd00000)]
  0x0000018ef01d3430 JavaThread "ClassGraph-worker-5" daemon [_thread_blocked, id=1080, stack(0x000000554dd00000,0x000000554de00000)]
  0x0000018ef01d4770 JavaThread "ClassGraph-worker-6" daemon [_thread_blocked, id=16880, stack(0x000000554de00000,0x000000554df00000)]
  0x0000018ef01da2e0 JavaThread "ClassGraph-worker-7" daemon [_thread_blocked, id=2580, stack(0x000000554df00000,0x000000554e000000)]
  0x0000018ef01d55e0 JavaThread "ClassGraph-worker-8" daemon [_thread_blocked, id=23828, stack(0x000000554e000000,0x000000554e100000)]
  0x0000018ef01d5f80 JavaThread "ClassGraph-worker-9" daemon [_thread_blocked, id=17084, stack(0x000000554e100000,0x000000554e200000)]
  0x0000018ef01d6450 JavaThread "ClassGraph-worker-10" daemon [_thread_blocked, id=12060, stack(0x000000554e200000,0x000000554e300000)]
  0x0000018ef01d9e10 JavaThread "ClassGraph-worker-11" daemon [_thread_blocked, id=15988, stack(0x000000554e300000,0x000000554e400000)]
  0x0000018ef01d2f60 JavaThread "ClassGraph-worker-12" daemon [_thread_blocked, id=24508, stack(0x000000554e400000,0x000000554e500000)]
  0x0000018ef01d9940 JavaThread "ClassGraph-worker-13" daemon [_thread_blocked, id=10880, stack(0x000000554e500000,0x000000554e600000)]
  0x0000018ef01d7790 JavaThread "parallel-2" daemon [_thread_blocked, id=18988, stack(0x000000554e600000,0x000000554e700000)]
  0x0000018ef01d6df0 JavaThread "pool-2-thread-1" [_thread_blocked, id=29704, stack(0x000000554e700000,0x000000554e800000)]
  0x0000018ef01da7b0 JavaThread "pool-2-thread-2" [_thread_blocked, id=2360, stack(0x000000554e800000,0x000000554e900000)]
  0x0000018ef01d5110 JavaThread "pool-2-thread-3" [_thread_blocked, id=16000, stack(0x000000554e900000,0x000000554ea00000)]

Other Threads:
=>0x0000018eedf95ed0 VMThread "VM Thread" [stack: 0x000000554b600000,0x000000554b700000] [id=31676]
  0x0000018eeea653e0 WatcherThread [stack: 0x000000554c100000,0x000000554c200000] [id=10600]
  0x0000018ee0c3c6f0 GCTaskThread "GC Thread#0" [stack: 0x000000554b100000,0x000000554b200000] [id=28728]
  0x0000018eef708250 GCTaskThread "GC Thread#1" [stack: 0x000000554c500000,0x000000554c600000] [id=12512]
  0x0000018eef708500 GCTaskThread "GC Thread#2" [stack: 0x000000554c600000,0x000000554c700000] [id=25096]
  0x0000018eef71ce20 GCTaskThread "GC Thread#3" [stack: 0x000000554c700000,0x000000554c800000] [id=21132]
  0x0000018eef71d0d0 GCTaskThread "GC Thread#4" [stack: 0x000000554c800000,0x000000554c900000] [id=18776]
  0x0000018eef71d380 GCTaskThread "GC Thread#5" [stack: 0x000000554c900000,0x000000554ca00000] [id=8224]
  0x0000018eef933290 GCTaskThread "GC Thread#6" [stack: 0x000000554ca00000,0x000000554cb00000] [id=10876]
  0x0000018eef933540 GCTaskThread "GC Thread#7" [stack: 0x000000554cb00000,0x000000554cc00000] [id=26584]
  0x0000018ee0c4d2e0 ConcurrentGCThread "G1 Main Marker" [stack: 0x000000554b200000,0x000000554b300000] [id=23000]
  0x0000018ee0c4e3a0 ConcurrentGCThread "G1 Conc#0" [stack: 0x000000554b300000,0x000000554b400000] [id=20236]
  0x0000018eefb69600 ConcurrentGCThread "G1 Conc#1" [stack: 0x000000554cd00000,0x000000554ce00000] [id=23856]
  0x0000018ee0c9ec30 ConcurrentGCThread "G1 Refine#0" [stack: 0x000000554b400000,0x000000554b500000] [id=16608]
  0x0000018ef036e060 ConcurrentGCThread "G1 Refine#1" [stack: 0x000000554ea00000,0x000000554eb00000] [id=26596]
  0x0000018eefbf7cc0 ConcurrentGCThread "G1 Refine#2" [stack: 0x000000554eb00000,0x000000554ec00000] [id=16020]
  0x0000018eeddfeed0 ConcurrentGCThread "G1 Service" [stack: 0x000000554b500000,0x000000554b600000] [id=28012]

Threads with active compile tasks:

VM state: at safepoint (normal execution)

VM Mutex/Monitor currently owned by a thread:  ([mutex/lock_event])
[0x0000018ede904380] Threads_lock - owner thread: 0x0000018eedf95ed0
[0x0000018ee0bdabe0] Heap_lock - owner thread: 0x0000018ef01d5f80

Heap address: 0x0000000081e00000, size: 2018 MB, Compressed Oops mode: 32-bit

CDS archive(s) not mapped
Compressed class space mapped at: 0x0000000100000000-0x0000000140000000, reserved size: 1073741824
Narrow klass base: 0x0000000000000000, Narrow klass shift: 3, Narrow klass range: 0x140000000

GC Precious Log:
 CPUs: 8 total, 8 available
 Memory: 8067M
 Large Page Support: Disabled
 NUMA Support: Disabled
 Compressed Oops: Enabled (32-bit)
 Heap Region Size: 1M
 Heap Min Capacity: 8M
 Heap Initial Capacity: 128M
 Heap Max Capacity: 2018M
 Pre-touch: Disabled
 Parallel Workers: 8
 Concurrent Workers: 2
 Concurrent Refinement Workers: 8
 Periodic GC: Disabled

Heap:
 garbage-first heap   total 150528K, used 72828K [0x0000000081e00000, 0x0000000100000000)
  region size 1024K, 4 young (4096K), 4 survivors (4096K)
 Metaspace       used 36582K, committed 36928K, reserved 1081344K
  class space    used 4712K, committed 4864K, reserved 1048576K

Heap Regions: E=young(eden), S=young(survivor), O=old, HS=humongous(starts), HC=humongous(continues), CS=collection set, F=free, OA=open archive, CA=closed archive, TAMS=top-at-mark-start (previous, next)
|   0|0x0000000081e00000, 0x0000000081f00000, 0x0000000081f00000|100%| O|  |TAMS 0x0000000081f00000, 0x0000000081f00000| Untracked 
|   1|0x0000000081f00000, 0x0000000082000000, 0x0000000082000000|100%| O|  |TAMS 0x0000000082000000, 0x0000000082000000| Untracked 
|   2|0x0000000082000000, 0x0000000082100000, 0x0000000082100000|100%| O|  |TAMS 0x0000000082100000, 0x0000000082100000| Untracked 
|   3|0x0000000082100000, 0x0000000082200000, 0x0000000082200000|100%| O|  |TAMS 0x0000000082200000, 0x0000000082200000| Untracked 
|   4|0x0000000082200000, 0x0000000082300000, 0x0000000082300000|100%| O|  |TAMS 0x0000000082300000, 0x0000000082300000| Untracked 
|   5|0x0000000082300000, 0x0000000082400000, 0x0000000082400000|100%| O|  |TAMS 0x0000000082400000, 0x0000000082400000| Untracked 
|   6|0x0000000082400000, 0x0000000082500000, 0x0000000082500000|100%| O|  |TAMS 0x0000000082500000, 0x0000000082500000| Untracked 
|   7|0x0000000082500000, 0x0000000082600000, 0x0000000082600000|100%| O|  |TAMS 0x0000000082600000, 0x0000000082600000| Untracked 
|   8|0x0000000082600000, 0x0000000082700000, 0x0000000082700000|100%|HS|  |TAMS 0x0000000082600000, 0x0000000082700000| Complete 
|   9|0x0000000082700000, 0x0000000082800000, 0x0000000082800000|100%| O|  |TAMS 0x0000000082800000, 0x0000000082800000| Untracked 
|  10|0x0000000082800000, 0x0000000082900000, 0x0000000082900000|100%| O|  |TAMS 0x0000000082900000, 0x0000000082900000| Untracked 
|  11|0x0000000082900000, 0x0000000082a00000, 0x0000000082a00000|100%| O|  |TAMS 0x0000000082a00000, 0x0000000082a00000| Untracked 
|  12|0x0000000082a00000, 0x0000000082b00000, 0x0000000082b00000|100%| O|  |TAMS 0x0000000082b00000, 0x0000000082b00000| Untracked 
|  13|0x0000000082b00000, 0x0000000082c00000, 0x0000000082c00000|100%| O|  |TAMS 0x0000000082c00000, 0x0000000082c00000| Untracked 
|  14|0x0000000082c00000, 0x0000000082d00000, 0x0000000082d00000|100%| O|  |TAMS 0x0000000082d00000, 0x0000000082d00000| Untracked 
|  15|0x0000000082d00000, 0x0000000082e00000, 0x0000000082e00000|100%| O|  |TAMS 0x0000000082e00000, 0x0000000082e00000| Untracked 
|  16|0x0000000082e00000, 0x0000000082f00000, 0x0000000082f00000|100%| O|  |TAMS 0x0000000082f00000, 0x0000000082f00000| Untracked 
|  17|0x0000000082f00000, 0x0000000083000000, 0x0000000083000000|100%| O|  |TAMS 0x0000000083000000, 0x0000000083000000| Untracked 
|  18|0x0000000083000000, 0x0000000083100000, 0x0000000083100000|100%| O|  |TAMS 0x0000000083100000, 0x0000000083100000| Untracked 
|  19|0x0000000083100000, 0x0000000083200000, 0x0000000083200000|100%| O|  |TAMS 0x0000000083200000, 0x0000000083200000| Untracked 
|  20|0x0000000083200000, 0x0000000083300000, 0x0000000083300000|100%| O|  |TAMS 0x0000000083300000, 0x0000000083300000| Untracked 
|  21|0x0000000083300000, 0x0000000083400000, 0x0000000083400000|100%| O|  |TAMS 0x0000000083400000, 0x0000000083400000| Untracked 
|  22|0x0000000083400000, 0x0000000083500000, 0x0000000083500000|100%| O|  |TAMS 0x0000000083500000, 0x0000000083500000| Untracked 
|  23|0x0000000083500000, 0x0000000083600000, 0x0000000083600000|100%| O|  |TAMS 0x0000000083600000, 0x0000000083600000| Untracked 
|  24|0x0000000083600000, 0x0000000083700000, 0x0000000083700000|100%| O|  |TAMS 0x0000000083700000, 0x0000000083700000| Untracked 
|  25|0x0000000083700000, 0x0000000083800000, 0x0000000083800000|100%| O|  |TAMS 0x0000000083800000, 0x0000000083800000| Untracked 
|  26|0x0000000083800000, 0x0000000083900000, 0x0000000083900000|100%| O|  |TAMS 0x0000000083900000, 0x0000000083900000| Untracked 
|  27|0x0000000083900000, 0x0000000083a00000, 0x0000000083a00000|100%| O|  |TAMS 0x0000000083a00000, 0x0000000083a00000| Untracked 
|  28|0x0000000083a00000, 0x0000000083b00000, 0x0000000083b00000|100%| O|  |TAMS 0x0000000083a87e00, 0x0000000083b00000| Untracked 
|  29|0x0000000083b00000, 0x0000000083c00000, 0x0000000083c00000|100%| O|  |TAMS 0x0000000083b00000, 0x0000000083c00000| Untracked 
|  30|0x0000000083c00000, 0x0000000083d00000, 0x0000000083d00000|100%| O|  |TAMS 0x0000000083c00000, 0x0000000083d00000| Untracked 
|  31|0x0000000083d00000, 0x0000000083e00000, 0x0000000083e00000|100%| O|  |TAMS 0x0000000083d00000, 0x0000000083e00000| Untracked 
|  32|0x0000000083e00000, 0x0000000083f00000, 0x0000000083f00000|100%| O|  |TAMS 0x0000000083e00000, 0x0000000083f00000| Untracked 
|  33|0x0000000083f00000, 0x0000000084000000, 0x0000000084000000|100%| O|  |TAMS 0x0000000083f00000, 0x0000000084000000| Untracked 
|  34|0x0000000084000000, 0x0000000084100000, 0x0000000084100000|100%| O|  |TAMS 0x0000000084000000, 0x0000000084100000| Untracked 
|  35|0x0000000084100000, 0x0000000084200000, 0x0000000084200000|100%| O|  |TAMS 0x0000000084100000, 0x0000000084200000| Untracked 
|  36|0x0000000084200000, 0x0000000084300000, 0x0000000084300000|100%| O|  |TAMS 0x0000000084200000, 0x0000000084300000| Untracked 
|  37|0x0000000084300000, 0x0000000084400000, 0x0000000084400000|100%| O|  |TAMS 0x0000000084300000, 0x0000000084400000| Untracked 
|  38|0x0000000084400000, 0x0000000084500000, 0x0000000084500000|100%| O|  |TAMS 0x0000000084400000, 0x0000000084500000| Untracked 
|  39|0x0000000084500000, 0x0000000084600000, 0x0000000084600000|100%| O|  |TAMS 0x0000000084500000, 0x0000000084600000| Untracked 
|  40|0x0000000084600000, 0x0000000084700000, 0x0000000084700000|100%| O|  |TAMS 0x0000000084600000, 0x0000000084700000| Untracked 
|  41|0x0000000084700000, 0x0000000084800000, 0x0000000084800000|100%| O|  |TAMS 0x0000000084700000, 0x0000000084800000| Untracked 
|  42|0x0000000084800000, 0x0000000084900000, 0x0000000084900000|100%| O|  |TAMS 0x0000000084800000, 0x0000000084900000| Untracked 
|  43|0x0000000084900000, 0x0000000084a00000, 0x0000000084a00000|100%| O|  |TAMS 0x0000000084900000, 0x0000000084a00000| Untracked 
|  44|0x0000000084a00000, 0x0000000084b00000, 0x0000000084b00000|100%| O|  |TAMS 0x0000000084a00000, 0x0000000084b00000| Untracked 
|  45|0x0000000084b00000, 0x0000000084c00000, 0x0000000084c00000|100%| O|  |TAMS 0x0000000084b00000, 0x0000000084c00000| Untracked 
|  46|0x0000000084c00000, 0x0000000084d00000, 0x0000000084d00000|100%| O|  |TAMS 0x0000000084c00000, 0x0000000084d00000| Untracked 
|  47|0x0000000084d00000, 0x0000000084e00000, 0x0000000084e00000|100%| O|  |TAMS 0x0000000084d00000, 0x0000000084e00000| Untracked 
|  48|0x0000000084e00000, 0x0000000084f00000, 0x0000000084f00000|100%|HS|  |TAMS 0x0000000084e00000, 0x0000000084f00000| Complete 
|  49|0x0000000084f00000, 0x0000000085000000, 0x0000000085000000|100%| O|  |TAMS 0x0000000084f00000, 0x0000000085000000| Untracked 
|  50|0x0000000085000000, 0x0000000085100000, 0x0000000085100000|100%| O|  |TAMS 0x0000000085000000, 0x0000000085100000| Untracked 
|  51|0x0000000085100000, 0x0000000085200000, 0x0000000085200000|100%| O|  |TAMS 0x0000000085100000, 0x0000000085200000| Untracked 
|  52|0x0000000085200000, 0x0000000085300000, 0x0000000085300000|100%| O|  |TAMS 0x0000000085200000, 0x0000000085300000| Untracked 
|  53|0x0000000085300000, 0x0000000085400000, 0x0000000085400000|100%| O|  |TAMS 0x0000000085300000, 0x0000000085400000| Untracked 
|  54|0x0000000085400000, 0x0000000085500000, 0x0000000085500000|100%| O|  |TAMS 0x0000000085400000, 0x0000000085500000| Untracked 
|  55|0x0000000085500000, 0x0000000085600000, 0x0000000085600000|100%| O|  |TAMS 0x0000000085500000, 0x0000000085600000| Untracked 
|  56|0x0000000085600000, 0x0000000085700000, 0x0000000085700000|100%| O|  |TAMS 0x0000000085600000, 0x0000000085700000| Untracked 
|  57|0x0000000085700000, 0x0000000085800000, 0x0000000085800000|100%| O|  |TAMS 0x0000000085700000, 0x0000000085800000| Untracked 
|  58|0x0000000085800000, 0x0000000085900000, 0x0000000085900000|100%| O|  |TAMS 0x0000000085800000, 0x0000000085900000| Untracked 
|  59|0x0000000085900000, 0x0000000085a00000, 0x0000000085a00000|100%| O|  |TAMS 0x0000000085900000, 0x0000000085a00000| Untracked 
|  60|0x0000000085a00000, 0x0000000085b00000, 0x0000000085b00000|100%| O|  |TAMS 0x0000000085a00000, 0x0000000085b00000| Untracked 
|  61|0x0000000085b00000, 0x0000000085c00000, 0x0000000085c00000|100%| O|  |TAMS 0x0000000085b00000, 0x0000000085c00000| Untracked 
|  62|0x0000000085c00000, 0x0000000085d00000, 0x0000000085d00000|100%| O|  |TAMS 0x0000000085c00000, 0x0000000085d00000| Untracked 
|  63|0x0000000085d00000, 0x0000000085e00000, 0x0000000085e00000|100%| O|  |TAMS 0x0000000085d00000, 0x0000000085e00000| Untracked 
|  64|0x0000000085e00000, 0x0000000085f00000, 0x0000000085f00000|100%| O|  |TAMS 0x0000000085e00000, 0x0000000085f00000| Untracked 
|  65|0x0000000085f00000, 0x0000000086000000, 0x0000000086000000|100%| O|  |TAMS 0x0000000085f00000, 0x0000000086000000| Untracked 
|  66|0x0000000086000000, 0x0000000086100000, 0x0000000086100000|100%| O|  |TAMS 0x0000000086000000, 0x0000000086100000| Untracked 
|  67|0x0000000086100000, 0x00000000861b0800, 0x0000000086200000| 68%| O|  |TAMS 0x0000000086100000, 0x00000000861b0800| Untracked 
|  68|0x0000000086200000, 0x0000000086200000, 0x0000000086300000|  0%| F|  |TAMS 0x0000000086200000, 0x0000000086200000| Untracked 
|  69|0x0000000086300000, 0x0000000086300000, 0x0000000086400000|  0%| F|  |TAMS 0x0000000086300000, 0x0000000086300000| Untracked 
|  70|0x0000000086400000, 0x0000000086400000, 0x0000000086500000|  0%| F|  |TAMS 0x0000000086400000, 0x0000000086400000| Untracked 
|  71|0x0000000086500000, 0x0000000086500000, 0x0000000086600000|  0%| F|  |TAMS 0x0000000086500000, 0x0000000086500000| Untracked 
|  72|0x0000000086600000, 0x0000000086600000, 0x0000000086700000|  0%| F|  |TAMS 0x0000000086600000, 0x0000000086600000| Untracked 
|  73|0x0000000086700000, 0x0000000086700000, 0x0000000086800000|  0%| F|  |TAMS 0x0000000086700000, 0x0000000086700000| Untracked 
|  74|0x0000000086800000, 0x0000000086800000, 0x0000000086900000|  0%| F|  |TAMS 0x0000000086800000, 0x0000000086800000| Untracked 
|  75|0x0000000086900000, 0x0000000086900000, 0x0000000086a00000|  0%| F|  |TAMS 0x0000000086900000, 0x0000000086900000| Untracked 
|  76|0x0000000086a00000, 0x0000000086a00000, 0x0000000086b00000|  0%| F|  |TAMS 0x0000000086a00000, 0x0000000086a00000| Untracked 
|  77|0x0000000086b00000, 0x0000000086b00000, 0x0000000086c00000|  0%| F|  |TAMS 0x0000000086b00000, 0x0000000086b00000| Untracked 
|  78|0x0000000086c00000, 0x0000000086c00000, 0x0000000086d00000|  0%| F|  |TAMS 0x0000000086c00000, 0x0000000086c00000| Untracked 
|  79|0x0000000086d00000, 0x0000000086d00000, 0x0000000086e00000|  0%| F|  |TAMS 0x0000000086d00000, 0x0000000086d00000| Untracked 
|  80|0x0000000086e00000, 0x0000000086e00000, 0x0000000086f00000|  0%| F|  |TAMS 0x0000000086e00000, 0x0000000086e00000| Untracked 
|  81|0x0000000086f00000, 0x0000000086f00000, 0x0000000087000000|  0%| F|  |TAMS 0x0000000086f00000, 0x0000000086f00000| Untracked 
|  82|0x0000000087000000, 0x0000000087000000, 0x0000000087100000|  0%| F|  |TAMS 0x0000000087000000, 0x0000000087000000| Untracked 
|  83|0x0000000087100000, 0x0000000087100000, 0x0000000087200000|  0%| F|  |TAMS 0x0000000087100000, 0x0000000087100000| Untracked 
|  84|0x0000000087200000, 0x0000000087200000, 0x0000000087300000|  0%| F|  |TAMS 0x0000000087200000, 0x0000000087200000| Untracked 
|  85|0x0000000087300000, 0x0000000087300000, 0x0000000087400000|  0%| F|  |TAMS 0x0000000087300000, 0x0000000087300000| Untracked 
|  86|0x0000000087400000, 0x0000000087400000, 0x0000000087500000|  0%| F|  |TAMS 0x0000000087400000, 0x0000000087400000| Untracked 
|  87|0x0000000087500000, 0x0000000087500000, 0x0000000087600000|  0%| F|  |TAMS 0x0000000087500000, 0x0000000087500000| Untracked 
|  88|0x0000000087600000, 0x0000000087600000, 0x0000000087700000|  0%| F|  |TAMS 0x0000000087600000, 0x0000000087600000| Untracked 
|  89|0x0000000087700000, 0x0000000087700000, 0x0000000087800000|  0%| F|  |TAMS 0x0000000087700000, 0x0000000087700000| Untracked 
|  90|0x0000000087800000, 0x0000000087800000, 0x0000000087900000|  0%| F|  |TAMS 0x0000000087800000, 0x0000000087800000| Untracked 
|  91|0x0000000087900000, 0x0000000087900000, 0x0000000087a00000|  0%| F|  |TAMS 0x0000000087900000, 0x0000000087900000| Untracked 
|  92|0x0000000087a00000, 0x0000000087a00000, 0x0000000087b00000|  0%| F|  |TAMS 0x0000000087a00000, 0x0000000087a00000| Untracked 
|  93|0x0000000087b00000, 0x0000000087b00000, 0x0000000087c00000|  0%| F|  |TAMS 0x0000000087b00000, 0x0000000087b00000| Untracked 
|  94|0x0000000087c00000, 0x0000000087c00000, 0x0000000087d00000|  0%| F|  |TAMS 0x0000000087c00000, 0x0000000087c00000| Untracked 
|  95|0x0000000087d00000, 0x0000000087d00000, 0x0000000087e00000|  0%| F|  |TAMS 0x0000000087d00000, 0x0000000087d00000| Untracked 
|  96|0x0000000087e00000, 0x0000000087e00000, 0x0000000087f00000|  0%| F|  |TAMS 0x0000000087e00000, 0x0000000087e00000| Untracked 
|  97|0x0000000087f00000, 0x0000000087f00000, 0x0000000088000000|  0%| F|  |TAMS 0x0000000087f00000, 0x0000000087f00000| Untracked 
|  98|0x0000000088000000, 0x0000000088000000, 0x0000000088100000|  0%| F|  |TAMS 0x0000000088000000, 0x0000000088000000| Untracked 
|  99|0x0000000088100000, 0x0000000088100000, 0x0000000088200000|  0%| F|  |TAMS 0x0000000088100000, 0x0000000088100000| Untracked 
| 100|0x0000000088200000, 0x0000000088200000, 0x0000000088300000|  0%| F|  |TAMS 0x0000000088200000, 0x0000000088200000| Untracked 
| 101|0x0000000088300000, 0x000000008836e9a0, 0x0000000088400000| 43%| S|CS|TAMS 0x0000000088300000, 0x0000000088300000| Complete 
| 102|0x0000000088400000, 0x0000000088500000, 0x0000000088500000|100%| S|CS|TAMS 0x0000000088400000, 0x0000000088400000| Complete 
| 103|0x0000000088500000, 0x0000000088600000, 0x0000000088600000|100%| S|CS|TAMS 0x0000000088500000, 0x0000000088500000| Complete 
| 104|0x0000000088600000, 0x0000000088700000, 0x0000000088700000|100%| S|CS|TAMS 0x0000000088600000, 0x0000000088600000| Complete 
| 105|0x0000000088700000, 0x0000000088700000, 0x0000000088800000|  0%| F|  |TAMS 0x0000000088700000, 0x0000000088700000| Untracked 
| 106|0x0000000088800000, 0x0000000088800000, 0x0000000088900000|  0%| F|  |TAMS 0x0000000088800000, 0x0000000088800000| Untracked 
| 107|0x0000000088900000, 0x0000000088900000, 0x0000000088a00000|  0%| F|  |TAMS 0x0000000088900000, 0x0000000088900000| Untracked 
| 108|0x0000000088a00000, 0x0000000088a00000, 0x0000000088b00000|  0%| F|  |TAMS 0x0000000088a00000, 0x0000000088a00000| Untracked 
| 109|0x0000000088b00000, 0x0000000088b00000, 0x0000000088c00000|  0%| F|  |TAMS 0x0000000088b00000, 0x0000000088b00000| Untracked 
| 110|0x0000000088c00000, 0x0000000088c00000, 0x0000000088d00000|  0%| F|  |TAMS 0x0000000088c00000, 0x0000000088c00000| Untracked 
| 111|0x0000000088d00000, 0x0000000088d00000, 0x0000000088e00000|  0%| F|  |TAMS 0x0000000088d00000, 0x0000000088d00000| Untracked 
| 112|0x0000000088e00000, 0x0000000088e00000, 0x0000000088f00000|  0%| F|  |TAMS 0x0000000088e00000, 0x0000000088e00000| Untracked 
| 113|0x0000000088f00000, 0x0000000088f00000, 0x0000000089000000|  0%| F|  |TAMS 0x0000000088f00000, 0x0000000088f00000| Untracked 
| 114|0x0000000089000000, 0x0000000089000000, 0x0000000089100000|  0%| F|  |TAMS 0x0000000089000000, 0x0000000089000000| Untracked 
| 115|0x0000000089100000, 0x0000000089100000, 0x0000000089200000|  0%| F|  |TAMS 0x0000000089100000, 0x0000000089100000| Untracked 
| 116|0x0000000089200000, 0x0000000089200000, 0x0000000089300000|  0%| F|  |TAMS 0x0000000089200000, 0x0000000089200000| Untracked 
| 117|0x0000000089300000, 0x0000000089300000, 0x0000000089400000|  0%| F|  |TAMS 0x0000000089300000, 0x0000000089300000| Untracked 
| 118|0x0000000089400000, 0x0000000089400000, 0x0000000089500000|  0%| F|  |TAMS 0x0000000089400000, 0x0000000089400000| Untracked 
| 119|0x0000000089500000, 0x0000000089500000, 0x0000000089600000|  0%| F|  |TAMS 0x0000000089500000, 0x0000000089500000| Untracked 
| 120|0x0000000089600000, 0x0000000089600000, 0x0000000089700000|  0%| F|  |TAMS 0x0000000089600000, 0x0000000089600000| Untracked 
| 121|0x0000000089700000, 0x0000000089700000, 0x0000000089800000|  0%| F|  |TAMS 0x0000000089700000, 0x0000000089700000| Untracked 
| 122|0x0000000089800000, 0x0000000089800000, 0x0000000089900000|  0%| F|  |TAMS 0x0000000089800000, 0x0000000089800000| Untracked 
| 123|0x0000000089900000, 0x0000000089900000, 0x0000000089a00000|  0%| F|  |TAMS 0x0000000089900000, 0x0000000089900000| Untracked 
| 124|0x0000000089a00000, 0x0000000089a00000, 0x0000000089b00000|  0%| F|  |TAMS 0x0000000089a00000, 0x0000000089a00000| Untracked 
| 125|0x0000000089b00000, 0x0000000089b00000, 0x0000000089c00000|  0%| F|  |TAMS 0x0000000089b00000, 0x0000000089b00000| Untracked 
| 126|0x0000000089c00000, 0x0000000089c00000, 0x0000000089d00000|  0%| F|  |TAMS 0x0000000089c00000, 0x0000000089c00000| Untracked 
| 127|0x0000000089d00000, 0x0000000089d00000, 0x0000000089e00000|  0%| F|  |TAMS 0x0000000089d00000, 0x0000000089d00000| Untracked 
| 128|0x0000000089e00000, 0x0000000089e00000, 0x0000000089f00000|  0%| F|  |TAMS 0x0000000089e00000, 0x0000000089e00000| Untracked 
| 129|0x0000000089f00000, 0x0000000089f00000, 0x000000008a000000|  0%| F|  |TAMS 0x0000000089f00000, 0x0000000089f00000| Untracked 
| 130|0x000000008a000000, 0x000000008a000000, 0x000000008a100000|  0%| F|  |TAMS 0x000000008a000000, 0x000000008a000000| Untracked 
| 131|0x000000008a100000, 0x000000008a100000, 0x000000008a200000|  0%| F|  |TAMS 0x000000008a100000, 0x000000008a100000| Untracked 
| 132|0x000000008a200000, 0x000000008a200000, 0x000000008a300000|  0%| F|  |TAMS 0x000000008a200000, 0x000000008a200000| Untracked 
| 133|0x000000008a300000, 0x000000008a300000, 0x000000008a400000|  0%| F|  |TAMS 0x000000008a300000, 0x000000008a300000| Untracked 
| 134|0x000000008a400000, 0x000000008a400000, 0x000000008a500000|  0%| F|  |TAMS 0x000000008a400000, 0x000000008a400000| Untracked 
| 135|0x000000008a500000, 0x000000008a500000, 0x000000008a600000|  0%| F|  |TAMS 0x000000008a500000, 0x000000008a500000| Untracked 
| 136|0x000000008a600000, 0x000000008a600000, 0x000000008a700000|  0%| F|  |TAMS 0x000000008a600000, 0x000000008a600000| Untracked 
| 137|0x000000008a700000, 0x000000008a700000, 0x000000008a800000|  0%| F|  |TAMS 0x000000008a700000, 0x000000008a700000| Untracked 
| 138|0x000000008a800000, 0x000000008a800000, 0x000000008a900000|  0%| F|  |TAMS 0x000000008a800000, 0x000000008a800000| Untracked 
| 139|0x000000008a900000, 0x000000008a900000, 0x000000008aa00000|  0%| F|  |TAMS 0x000000008a900000, 0x000000008a900000| Untracked 
| 140|0x000000008aa00000, 0x000000008aa00000, 0x000000008ab00000|  0%| F|  |TAMS 0x000000008aa00000, 0x000000008aa00000| Untracked 
| 141|0x000000008ab00000, 0x000000008ab00000, 0x000000008ac00000|  0%| F|  |TAMS 0x000000008ab00000, 0x000000008ab00000| Untracked 
| 142|0x000000008ac00000, 0x000000008ac00000, 0x000000008ad00000|  0%| F|  |TAMS 0x000000008ac00000, 0x000000008ac00000| Untracked 
| 143|0x000000008ad00000, 0x000000008ad00000, 0x000000008ae00000|  0%| F|  |TAMS 0x000000008ad00000, 0x000000008ad00000| Untracked 
| 144|0x000000008ae00000, 0x000000008ae00000, 0x000000008af00000|  0%| F|  |TAMS 0x000000008ae00000, 0x000000008ae00000| Untracked 
| 145|0x000000008af00000, 0x000000008af00000, 0x000000008b000000|  0%| F|  |TAMS 0x000000008af00000, 0x000000008af00000| Untracked 
| 146|0x000000008b000000, 0x000000008b000000, 0x000000008b100000|  0%| F|  |TAMS 0x000000008b000000, 0x000000008b000000| Untracked 

Card table byte_map: [0x0000018ee6d70000,0x0000018ee7170000] _byte_map_base: 0x0000018ee6961000

Marking Bits (Prev, Next): (CMBitMap*) 0x0000018ee0c3cc10, (CMBitMap*) 0x0000018ee0c3cc50
 Prev Bits: [0x0000018ee7570000, 0x0000018ee94f8000)
 Next Bits: [0x0000018ee9500000, 0x0000018eeb488000)

Polling page: 0x0000018edeb30000

Metaspace:

Usage:
  Non-class:     31.12 MB used.
      Class:      4.60 MB used.
       Both:     35.73 MB used.

Virtual space:
  Non-class space:       32.00 MB reserved,      31.31 MB ( 98%) committed,  4 nodes.
      Class space:        1.00 GB reserved,       4.75 MB ( <1%) committed,  1 nodes.
             Both:        1.03 GB reserved,      36.06 MB (  3%) committed. 

Chunk freelists:
   Non-Class:  720.00 KB
       Class:  3.11 MB
        Both:  3.81 MB

MaxMetaspaceSize: unlimited
CompressedClassSpaceSize: 1.00 GB
Initial GC threshold: 21.00 MB
Current GC threshold: 58.56 MB
CDS: off
MetaspaceReclaimPolicy: balanced
 - commit_granule_bytes: 65536.
 - commit_granule_words: 8192.
 - virtual_space_node_default_size: 1048576.
 - enlarge_chunks_in_place: 1.
 - new_chunks_are_fully_committed: 0.
 - uncommit_free_chunks: 1.
 - use_allocation_guard: 0.
 - handle_deallocations: 1.


Internal statistics:

num_allocs_failed_limit: 3.
num_arena_births: 344.
num_arena_deaths: 0.
num_vsnodes_births: 5.
num_vsnodes_deaths: 0.
num_space_committed: 577.
num_space_uncommitted: 0.
num_chunks_returned_to_freelist: 3.
num_chunks_taken_from_freelist: 1388.
num_chunk_merges: 3.
num_chunk_splits: 952.
num_chunks_enlarged: 743.
num_purges: 0.
num_inconsistent_stats: 0.

CodeCache: size=49152Kb used=9341Kb max_used=9341Kb free=39810Kb
 bounds [0x0000018ee3860000, 0x0000018ee4180000, 0x0000018ee6860000]
 total_blobs=4382 nmethods=3856 adapters=450
 compilation: enabled
              stopped_count=0, restarted_count=0
 full_count=0

Compilation events (20 events):
Event: 6.120 Thread 0x0000018eef504690 3847   !   1       nonapi.io.github.classgraph.fileslice.reader.ClassfileReader::close (43 bytes)
Event: 6.120 Thread 0x0000018eef504180 3848       1       io.github.classgraph.ClasspathElementModule$1$1::<init> (16 bytes)
Event: 6.120 Thread 0x0000018eeea44380 3849       1       io.github.classgraph.Classfile::extendScanningUpwards (585 bytes)
Event: 6.120 Thread 0x0000018eef504180 nmethod 3848 0x0000018ee4179990 code [0x0000018ee4179b20, 0x0000018ee4179cf8]
Event: 6.120 Thread 0x0000018eef504690 nmethod 3847 0x0000018ee4179d90 code [0x0000018ee4179f40, 0x0000018ee417a118]
Event: 6.120 Thread 0x0000018eef504180 3850       1       nonapi.io.github.classgraph.utils.ProxyingInputStream::<init> (10 bytes)
Event: 6.121 Thread 0x0000018eef504180 nmethod 3850 0x0000018ee417a210 code [0x0000018ee417a3a0, 0x0000018ee417a4b8]
Event: 6.181 Thread 0x0000018eeea44380 nmethod 3849 0x0000018ee417a510 code [0x0000018ee417a980, 0x0000018ee417b888]
Event: 6.183 Thread 0x0000018eeea44380 3851  s!   1       jdk.internal.loader.URLClassPath::getLoader (196 bytes)
Event: 6.185 Thread 0x0000018eeea44380 nmethod 3851 0x0000018ee417c790 code [0x0000018ee417ca40, 0x0000018ee417d458]
Event: 6.189 Thread 0x0000018eef504690 3852       1       java.util.jar.Attributes::entrySet (10 bytes)
Event: 6.190 Thread 0x0000018eee848e30 3853       1       java.security.MessageDigest::reset (10 bytes)
Event: 6.190 Thread 0x0000018eef504180 3854       1       java.security.MessageDigest$Delegate::engineReset (8 bytes)
Event: 6.190 Thread 0x0000018eeea44380 3855       1       java.util.Base64::getMimeDecoder (4 bytes)
Event: 6.190 Thread 0x0000018eef504690 nmethod 3852 0x0000018ee417dd90 code [0x0000018ee417df20, 0x0000018ee417e008]
Event: 6.190 Thread 0x0000018eef504180 nmethod 3854 0x0000018ee417e090 code [0x0000018ee417e220, 0x0000018ee417e308]
Event: 6.190 Thread 0x0000018eef504690 3856       1       java.util.Base64$Decoder::decode (12 bytes)
Event: 6.190 Thread 0x0000018eeea44380 nmethod 3855 0x0000018ee417e390 code [0x0000018ee417e520, 0x0000018ee417e5d8]
Event: 6.190 Thread 0x0000018eee848e30 nmethod 3853 0x0000018ee417e690 code [0x0000018ee417e820, 0x0000018ee417e928]
Event: 6.190 Thread 0x0000018eef504690 nmethod 3856 0x0000018ee417ea10 code [0x0000018ee417ebe0, 0x0000018ee417ef98]

GC Heap History (20 events):
Event: 4.745 GC heap after
{Heap after GC invocations=8 (full 0):
 garbage-first heap   total 61440K, used 19429K [0x0000000081e00000, 0x0000000100000000)
  region size 1024K, 2 young (2048K), 2 survivors (2048K)
 Metaspace       used 34955K, committed 35328K, reserved 1081344K
  class space    used 4492K, committed 4672K, reserved 1048576K
}
Event: 4.881 GC heap before
{Heap before GC invocations=8 (full 0):
 garbage-first heap   total 61440K, used 42981K [0x0000000081e00000, 0x0000000100000000)
  region size 1024K, 26 young (26624K), 2 survivors (2048K)
 Metaspace       used 35501K, committed 35776K, reserved 1081344K
  class space    used 4587K, committed 4736K, reserved 1048576K
}
Event: 4.888 GC heap after
{Heap after GC invocations=9 (full 0):
 garbage-first heap   total 61440K, used 24054K [0x0000000081e00000, 0x0000000100000000)
  region size 1024K, 4 young (4096K), 4 survivors (4096K)
 Metaspace       used 35501K, committed 35776K, reserved 1081344K
  class space    used 4587K, committed 4736K, reserved 1048576K
}
Event: 4.976 GC heap before
{Heap before GC invocations=9 (full 0):
 garbage-first heap   total 61440K, used 44534K [0x0000000081e00000, 0x0000000100000000)
  region size 1024K, 24 young (24576K), 4 survivors (4096K)
 Metaspace       used 35501K, committed 35776K, reserved 1081344K
  class space    used 4587K, committed 4736K, reserved 1048576K
}
Event: 4.980 GC heap after
{Heap after GC invocations=10 (full 0):
 garbage-first heap   total 61440K, used 28466K [0x0000000081e00000, 0x0000000100000000)
  region size 1024K, 3 young (3072K), 3 survivors (3072K)
 Metaspace       used 35501K, committed 35776K, reserved 1081344K
  class space    used 4587K, committed 4736K, reserved 1048576K
}
Event: 5.058 GC heap before
{Heap before GC invocations=10 (full 0):
 garbage-first heap   total 61440K, used 44850K [0x0000000081e00000, 0x0000000100000000)
  region size 1024K, 19 young (19456K), 3 survivors (3072K)
 Metaspace       used 35618K, committed 35968K, reserved 1081344K
  class space    used 4605K, committed 4736K, reserved 1048576K
}
Event: 5.062 GC heap after
{Heap after GC invocations=11 (full 0):
 garbage-first heap   total 61440K, used 31857K [0x0000000081e00000, 0x0000000100000000)
  region size 1024K, 3 young (3072K), 3 survivors (3072K)
 Metaspace       used 35618K, committed 35968K, reserved 1081344K
  class space    used 4605K, committed 4736K, reserved 1048576K
}
Event: 5.110 GC heap before
{Heap before GC invocations=11 (full 0):
 garbage-first heap   total 61440K, used 46193K [0x0000000081e00000, 0x0000000100000000)
  region size 1024K, 17 young (17408K), 3 survivors (3072K)
 Metaspace       used 35618K, committed 35968K, reserved 1081344K
  class space    used 4605K, committed 4736K, reserved 1048576K
}
Event: 5.114 GC heap after
{Heap after GC invocations=12 (full 0):
 garbage-first heap   total 61440K, used 34425K [0x0000000081e00000, 0x0000000100000000)
  region size 1024K, 3 young (3072K), 3 survivors (3072K)
 Metaspace       used 35618K, committed 35968K, reserved 1081344K
  class space    used 4605K, committed 4736K, reserved 1048576K
}
Event: 5.170 GC heap before
{Heap before GC invocations=13 (full 0):
 garbage-first heap   total 73728K, used 46713K [0x0000000081e00000, 0x0000000100000000)
  region size 1024K, 15 young (15360K), 3 survivors (3072K)
 Metaspace       used 35618K, committed 35968K, reserved 1081344K
  class space    used 4605K, committed 4736K, reserved 1048576K
}
Event: 5.174 GC heap after
{Heap after GC invocations=14 (full 0):
 garbage-first heap   total 73728K, used 37961K [0x0000000081e00000, 0x0000000100000000)
  region size 1024K, 2 young (2048K), 2 survivors (2048K)
 Metaspace       used 35618K, committed 35968K, reserved 1081344K
  class space    used 4605K, committed 4736K, reserved 1048576K
}
Event: 5.177 GC heap before
{Heap before GC invocations=14 (full 0):
 garbage-first heap   total 73728K, used 38985K [0x0000000081e00000, 0x0000000100000000)
  region size 1024K, 3 young (3072K), 2 survivors (2048K)
 Metaspace       used 35618K, committed 35968K, reserved 1081344K
  class space    used 4605K, committed 4736K, reserved 1048576K
}
Event: 5.181 GC heap after
{Heap after GC invocations=15 (full 0):
 garbage-first heap   total 150528K, used 38737K [0x0000000081e00000, 0x0000000100000000)
  region size 1024K, 1 young (1024K), 1 survivors (1024K)
 Metaspace       used 35618K, committed 35968K, reserved 1081344K
  class space    used 4605K, committed 4736K, reserved 1048576K
}
Event: 5.953 GC heap before
{Heap before GC invocations=15 (full 0):
 garbage-first heap   total 150528K, used 101201K [0x0000000081e00000, 0x0000000100000000)
  region size 1024K, 62 young (63488K), 1 survivors (1024K)
 Metaspace       used 35729K, committed 36096K, reserved 1081344K
  class space    used 4638K, committed 4800K, reserved 1048576K
}
Event: 5.968 GC heap after
{Heap after GC invocations=16 (full 0):
 garbage-first heap   total 150528K, used 56703K [0x0000000081e00000, 0x0000000100000000)
  region size 1024K, 8 young (8192K), 8 survivors (8192K)
 Metaspace       used 35729K, committed 36096K, reserved 1081344K
  class space    used 4638K, committed 4800K, reserved 1048576K
}
Event: 6.121 GC heap before
{Heap before GC invocations=16 (full 0):
 garbage-first heap   total 150528K, used 100735K [0x0000000081e00000, 0x0000000100000000)
  region size 1024K, 51 young (52224K), 8 survivors (8192K)
 Metaspace       used 36286K, committed 36672K, reserved 1081344K
  class space    used 4699K, committed 4864K, reserved 1048576K
}
Event: 6.172 GC heap after
{Heap after GC invocations=17 (full 0):
 garbage-first heap   total 150528K, used 68107K [0x0000000081e00000, 0x0000000100000000)
  region size 1024K, 7 young (7168K), 7 survivors (7168K)
 Metaspace       used 36286K, committed 36672K, reserved 1081344K
  class space    used 4699K, committed 4864K, reserved 1048576K
}
Event: 6.204 GC heap before
{Heap before GC invocations=17 (full 0):
 garbage-first heap   total 150528K, used 104971K [0x0000000081e00000, 0x0000000100000000)
  region size 1024K, 44 young (45056K), 7 survivors (7168K)
 Metaspace       used 36437K, committed 36800K, reserved 1081344K
  class space    used 4707K, committed 4864K, reserved 1048576K
}
Event: 6.211 GC heap after
{Heap after GC invocations=18 (full 0):
 garbage-first heap   total 150528K, used 71877K [0x0000000081e00000, 0x0000000100000000)
  region size 1024K, 3 young (3072K), 3 survivors (3072K)
 Metaspace       used 36437K, committed 36800K, reserved 1081344K
  class space    used 4707K, committed 4864K, reserved 1048576K
}
Event: 6.264 GC heap before
{Heap before GC invocations=18 (full 0):
 garbage-first heap   total 150528K, used 110789K [0x0000000081e00000, 0x0000000100000000)
  region size 1024K, 42 young (43008K), 3 survivors (3072K)
 Metaspace       used 36582K, committed 36928K, reserved 1081344K
  class space    used 4712K, committed 4864K, reserved 1048576K
}

Dll operation events (8 events):
Event: 0.014 Loaded shared library c:\Users\lcarv\.vscode\extensions\redhat.java-1.13.0-win32-x64\jre\17.0.5-win32-x86_64\bin\java.dll
Event: 0.268 Loaded shared library C:\Users\lcarv\.vscode\extensions\redhat.java-1.13.0-win32-x64\jre\17.0.5-win32-x86_64\bin\net.dll
Event: 0.271 Loaded shared library C:\Users\lcarv\.vscode\extensions\redhat.java-1.13.0-win32-x64\jre\17.0.5-win32-x86_64\bin\nio.dll
Event: 0.281 Loaded shared library C:\Users\lcarv\.vscode\extensions\redhat.java-1.13.0-win32-x64\jre\17.0.5-win32-x86_64\bin\zip.dll
Event: 0.846 Loaded shared library c:\Users\lcarv\.vscode\extensions\redhat.java-1.13.0-win32-x64\jre\17.0.5-win32-x86_64\bin\verify.dll
Event: 0.867 Loaded shared library C:\Users\lcarv\.vscode\extensions\redhat.java-1.13.0-win32-x64\jre\17.0.5-win32-x86_64\bin\jimage.dll
Event: 2.415 Loaded shared library C:\Users\lcarv\.vscode\extensions\redhat.java-1.13.0-win32-x64\jre\17.0.5-win32-x86_64\bin\management.dll
Event: 2.423 Loaded shared library C:\Users\lcarv\.vscode\extensions\redhat.java-1.13.0-win32-x64\jre\17.0.5-win32-x86_64\bin\management_ext.dll

Deoptimization events (12 events):
Event: 2.704 Thread 0x0000018ee0bde2a0 DEOPT PACKING pc=0x0000018ee3dc7919 sp=0x000000554b0fd0a0
Event: 2.704 Thread 0x0000018ee0bde2a0 DEOPT UNPACKING pc=0x0000018ee38b2b43 sp=0x000000554b0fc580 mode 3
Event: 4.028 Thread 0x0000018ee0bde2a0 DEOPT PACKING pc=0x0000018ee3f3af99 sp=0x000000554b0fc480
Event: 4.028 Thread 0x0000018ee0bde2a0 DEOPT UNPACKING pc=0x0000018ee38b2b43 sp=0x000000554b0fb960 mode 3
Event: 4.539 Thread 0x0000018ef010dd80 DEOPT PACKING pc=0x0000018ee3ff26b5 sp=0x000000554d1fd8c0
Event: 4.539 Thread 0x0000018ef010dd80 DEOPT UNPACKING pc=0x0000018ee38b2b43 sp=0x000000554d1fcde8 mode 3
Event: 4.586 Thread 0x0000018eefb4e020 DEOPT PACKING pc=0x0000018ee3dc6301 sp=0x000000554d0fd620
Event: 4.586 Thread 0x0000018eefb4e020 DEOPT UNPACKING pc=0x0000018ee38b2b43 sp=0x000000554d0fcab0 mode 3
Event: 4.589 Thread 0x0000018ef010dd80 DEOPT PACKING pc=0x0000018ee3dc4597 sp=0x000000554d1ff340
Event: 4.589 Thread 0x0000018ef010dd80 DEOPT UNPACKING pc=0x0000018ee38b2b43 sp=0x000000554d1fe798 mode 3
Event: 4.707 Thread 0x0000018ef013c410 DEOPT PACKING pc=0x0000018ee4010a2b sp=0x000000554d4fe2c0
Event: 4.707 Thread 0x0000018ef013c410 DEOPT UNPACKING pc=0x0000018ee38b2b43 sp=0x000000554d4fd808 mode 3

Classes unloaded (0 events):
No events

Classes redefined (0 events):
No events

Internal exceptions (20 events):
Event: 4.751 Thread 0x0000018ef0134df0 Exception <a 'sun/nio/fs/WindowsException'{0x0000000089d08810}> (0x0000000089d08810) 
thrown [s\src\hotspot\share\prims\jni.cpp, line 516]
Event: 4.751 Thread 0x0000018ef0134df0 Exception <a 'sun/nio/fs/WindowsException'{0x0000000089d08c20}> (0x0000000089d08c20) 
thrown [s\src\hotspot\share\prims\jni.cpp, line 516]
Event: 4.751 Thread 0x0000018ef0134df0 Exception <a 'sun/nio/fs/WindowsException'{0x0000000089d09648}> (0x0000000089d09648) 
thrown [s\src\hotspot\share\prims\jni.cpp, line 516]
Event: 4.751 Thread 0x0000018ef0134df0 Exception <a 'sun/nio/fs/WindowsException'{0x0000000089d09a28}> (0x0000000089d09a28) 
thrown [s\src\hotspot\share\prims\jni.cpp, line 516]
Event: 4.751 Thread 0x0000018ef0134df0 Exception <a 'sun/nio/fs/WindowsException'{0x0000000089d0a418}> (0x0000000089d0a418) 
thrown [s\src\hotspot\share\prims\jni.cpp, line 516]
Event: 4.751 Thread 0x0000018ef0134df0 Exception <a 'sun/nio/fs/WindowsException'{0x0000000089d0a7c0}> (0x0000000089d0a7c0) 
thrown [s\src\hotspot\share\prims\jni.cpp, line 516]
Event: 4.752 Thread 0x0000018ef0134df0 Exception <a 'sun/nio/fs/WindowsException'{0x0000000089def1e8}> (0x0000000089def1e8) 
thrown [s\src\hotspot\share\prims\jni.cpp, line 516]
Event: 4.753 Thread 0x0000018ef0134df0 Exception <a 'sun/nio/fs/WindowsException'{0x0000000089def5a8}> (0x0000000089def5a8) 
thrown [s\src\hotspot\share\prims\jni.cpp, line 516]
Event: 4.753 Thread 0x0000018ef0134df0 Exception <a 'sun/nio/fs/WindowsException'{0x0000000089deffa8}> (0x0000000089deffa8) 
thrown [s\src\hotspot\share\prims\jni.cpp, line 516]
Event: 4.753 Thread 0x0000018ef0134df0 Exception <a 'sun/nio/fs/WindowsException'{0x0000000089df0358}> (0x0000000089df0358) 
thrown [s\src\hotspot\share\prims\jni.cpp, line 516]
Event: 4.753 Thread 0x0000018ef0134df0 Exception <a 'sun/nio/fs/WindowsException'{0x0000000089df0d58}> (0x0000000089df0d58) 
thrown [s\src\hotspot\share\prims\jni.cpp, line 516]
Event: 4.753 Thread 0x0000018ef0134df0 Exception <a 'sun/nio/fs/WindowsException'{0x0000000089df1118}> (0x0000000089df1118) 
thrown [s\src\hotspot\share\prims\jni.cpp, line 516]
Event: 4.753 Thread 0x0000018ef0134df0 Exception <a 'sun/nio/fs/WindowsException'{0x0000000089df1b40}> (0x0000000089df1b40) 
thrown [s\src\hotspot\share\prims\jni.cpp, line 516]
Event: 4.754 Thread 0x0000018ef0134df0 Exception <a 'sun/nio/fs/WindowsException'{0x0000000089df1f20}> (0x0000000089df1f20) 
thrown [s\src\hotspot\share\prims\jni.cpp, line 516]
Event: 4.754 Thread 0x0000018ef0134df0 Exception <a 'sun/nio/fs/WindowsException'{0x0000000089df2958}> (0x0000000089df2958) 
thrown [s\src\hotspot\share\prims\jni.cpp, line 516]
Event: 4.754 Thread 0x0000018ef0134df0 Exception <a 'sun/nio/fs/WindowsException'{0x0000000089df2d48}> (0x0000000089df2d48) 
thrown [s\src\hotspot\share\prims\jni.cpp, line 516]
Event: 4.754 Thread 0x0000018ef0134df0 Exception <a 'sun/nio/fs/WindowsException'{0x0000000089df3770}> (0x0000000089df3770) 
thrown [s\src\hotspot\share\prims\jni.cpp, line 516]
Event: 4.754 Thread 0x0000018ef0134df0 Exception <a 'sun/nio/fs/WindowsException'{0x0000000089df3b60}> (0x0000000089df3b60) 
thrown [s\src\hotspot\share\prims\jni.cpp, line 516]
Event: 4.830 Thread 0x0000018ef0134920 Exception <a 'java/lang/NoSuchMethodError'{0x0000000084a62518}: 'int java.lang.invoke.DirectMethodHandle$Holder.invokeStatic(java.lang.Object)'> (0x0000000084a62518) 
thrown [s\src\hotspot\share\interpreter\linkResolver.cpp, line 759]
Event: 4.831 Thread 0x0000018ef0134920 Exception <a 'java/lang/NoSuchMethodError'{0x0000000084a65918}: 'int java.lang.invoke.DirectMethodHandle$Holder.invokeStaticInit(java.lang.Object)'> (0x0000000084a65918) 
thrown [s\src\hotspot\share\interpreter\linkResolver.cpp, line 759]

VM Operations (20 events):
Event: 5.175 Executing VM operation: G1CollectForAllocation done
Event: 5.177 Executing VM operation: G1CollectForAllocation
Event: 5.181 Executing VM operation: G1CollectForAllocation done
Event: 5.913 Executing VM operation: G1CollectForAllocation
Event: 5.970 Executing VM operation: G1CollectForAllocation done
Event: 6.095 Executing VM operation: HandshakeAllThreads
Event: 6.096 Executing VM operation: HandshakeAllThreads done
Event: 6.096 Executing VM operation: G1CollectForAllocation
Event: 6.120 Executing VM operation: G1CollectForAllocation done
Event: 6.121 Executing VM operation: G1CollectForAllocation
Event: 6.172 Executing VM operation: G1CollectForAllocation done
Event: 6.172 Executing VM operation: HandshakeAllThreads
Event: 6.172 Executing VM operation: HandshakeAllThreads done
Event: 6.197 Executing VM operation: G1CollectForAllocation
Event: 6.203 Executing VM operation: G1CollectForAllocation done
Event: 6.204 Executing VM operation: G1CollectForAllocation
Event: 6.211 Executing VM operation: G1CollectForAllocation done
Event: 6.255 Executing VM operation: G1CollectForAllocation
Event: 6.264 Executing VM operation: G1CollectForAllocation done
Event: 6.264 Executing VM operation: G1CollectForAllocation

Events (20 events):
Event: 4.991 loading class jdk/internal/jimage/ImageReader$Resource
Event: 4.991 loading class jdk/internal/jimage/ImageReader$Resource done
Event: 4.991 loading class java/util/stream/LongStream
Event: 4.992 loading class java/util/stream/LongStream done
Event: 4.992 loading class java/util/stream/DoubleStream
Event: 4.992 loading class java/util/stream/DoubleStream done
Event: 5.640 Thread 0x0000018ef01d7790 Thread added: 0x0000018ef01d7790
Event: 5.907 Thread 0x0000018ef01d6df0 Thread added: 0x0000018ef01d6df0
Event: 5.908 Thread 0x0000018ef01da7b0 Thread added: 0x0000018ef01da7b0
Event: 5.911 loading class jdk/internal/vm/annotation/ForceInline
Event: 5.911 loading class jdk/internal/vm/annotation/ForceInline done
Event: 5.969 loading class java/util/stream/SliceOps
Event: 5.969 Thread 0x0000018ef01d5110 Thread added: 0x0000018ef01d5110
Event: 5.969 loading class java/util/stream/SliceOps done
Event: 5.970 loading class java/util/stream/SliceOps$1
Event: 5.971 loading class java/util/stream/SliceOps$1 done
Event: 5.971 loading class java/util/stream/SliceOps$1$1
Event: 5.971 loading class java/util/stream/SliceOps$1$1 done
Event: 6.004 loading class java/util/stream/Nodes$SpinedNodeBuilder
Event: 6.004 loading class java/util/stream/Nodes$SpinedNodeBuilder done


Dynamic libraries:
0x00007ff607ee0000 - 0x00007ff607eee000 	c:\Users\lcarv\.vscode\extensions\redhat.java-1.13.0-win32-x64\jre\17.0.5-win32-x86_64\bin\java.exe
0x00007ffee35a0000 - 0x00007ffee37a9000 	C:\WINDOWS\SYSTEM32\ntdll.dll
0x00007ffee28e0000 - 0x00007ffee299e000 	C:\WINDOWS\System32\KERNEL32.DLL
0x00007ffee0da0000 - 0x00007ffee111b000 	C:\WINDOWS\System32\KERNELBASE.dll
0x00007ffee1300000 - 0x00007ffee1411000 	C:\WINDOWS\System32\ucrtbase.dll
0x00007ffecb7e0000 - 0x00007ffecb7f9000 	c:\Users\lcarv\.vscode\extensions\redhat.java-1.13.0-win32-x64\jre\17.0.5-win32-x86_64\bin\VCRUNTIME140.dll
0x00007ffecb800000 - 0x00007ffecb817000 	c:\Users\lcarv\.vscode\extensions\redhat.java-1.13.0-win32-x64\jre\17.0.5-win32-x86_64\bin\jli.dll
0x00007ffee1460000 - 0x00007ffee160d000 	C:\WINDOWS\System32\USER32.dll
0x00007ffee0be0000 - 0x00007ffee0c06000 	C:\WINDOWS\System32\win32u.dll
0x00007ffee3280000 - 0x00007ffee32a9000 	C:\WINDOWS\System32\GDI32.dll
0x00007ffebc990000 - 0x00007ffebcc35000 	C:\WINDOWS\WinSxS\amd64_microsoft.windows.common-controls_6595b64144ccf1df_6.0.22000.120_none_9d947278b86cc467\COMCTL32.dll
0x00007ffee1120000 - 0x00007ffee1238000 	C:\WINDOWS\System32\gdi32full.dll
0x00007ffee0c80000 - 0x00007ffee0d1d000 	C:\WINDOWS\System32\msvcp_win.dll
0x00007ffee1bf0000 - 0x00007ffee1c93000 	C:\WINDOWS\System32\msvcrt.dll
0x00007ffee1bb0000 - 0x00007ffee1be2000 	C:\WINDOWS\System32\IMM32.DLL
0x00007ffecb2c0000 - 0x00007ffecb2cc000 	c:\Users\lcarv\.vscode\extensions\redhat.java-1.13.0-win32-x64\jre\17.0.5-win32-x86_64\bin\vcruntime140_1.dll
0x00007ffe99da0000 - 0x00007ffe99e31000 	c:\Users\lcarv\.vscode\extensions\redhat.java-1.13.0-win32-x64\jre\17.0.5-win32-x86_64\bin\msvcp140.dll
0x00007ffe88fe0000 - 0x00007ffe89c24000 	c:\Users\lcarv\.vscode\extensions\redhat.java-1.13.0-win32-x64\jre\17.0.5-win32-x86_64\bin\server\jvm.dll
0x00007ffee2c10000 - 0x00007ffee2cbe000 	C:\WINDOWS\System32\ADVAPI32.dll
0x00007ffee2840000 - 0x00007ffee28de000 	C:\WINDOWS\System32\sechost.dll
0x00007ffee1760000 - 0x00007ffee1880000 	C:\WINDOWS\System32\RPCRT4.dll
0x00007ffebfec0000 - 0x00007ffebfec9000 	C:\WINDOWS\SYSTEM32\WSOCK32.dll
0x00007ffed5a40000 - 0x00007ffed5a73000 	C:\WINDOWS\SYSTEM32\WINMM.dll
0x00007ffee1910000 - 0x00007ffee197f000 	C:\WINDOWS\System32\WS2_32.dll
0x00007ffed4e50000 - 0x00007ffed4e5a000 	C:\WINDOWS\SYSTEM32\VERSION.dll
0x00007ffedfbe0000 - 0x00007ffedfbf8000 	C:\WINDOWS\SYSTEM32\kernel.appcore.dll
0x00007ffecb270000 - 0x00007ffecb27a000 	c:\Users\lcarv\.vscode\extensions\redhat.java-1.13.0-win32-x64\jre\17.0.5-win32-x86_64\bin\jimage.dll
0x00007ffede4d0000 - 0x00007ffede6f1000 	C:\WINDOWS\SYSTEM32\DBGHELP.DLL
0x00007ffecd4c0000 - 0x00007ffecd4f1000 	C:\WINDOWS\SYSTEM32\dbgcore.DLL
0x00007ffee0d20000 - 0x00007ffee0d9f000 	C:\WINDOWS\System32\bcryptPrimitives.dll
0x00007ffecb0d0000 - 0x00007ffecb0f5000 	c:\Users\lcarv\.vscode\extensions\redhat.java-1.13.0-win32-x64\jre\17.0.5-win32-x86_64\bin\java.dll
0x00007ffecafe0000 - 0x00007ffecaff8000 	c:\Users\lcarv\.vscode\extensions\redhat.java-1.13.0-win32-x64\jre\17.0.5-win32-x86_64\bin\zip.dll
0x00007ffee2080000 - 0x00007ffee2838000 	C:\WINDOWS\System32\SHELL32.dll
0x00007ffedeb70000 - 0x00007ffedf3d5000 	C:\WINDOWS\SYSTEM32\windows.storage.dll
0x00007ffee1ca0000 - 0x00007ffee2018000 	C:\WINDOWS\System32\combase.dll
0x00007ffedea00000 - 0x00007ffedeb66000 	C:\WINDOWS\SYSTEM32\wintypes.dll
0x00007ffee29a0000 - 0x00007ffee2a8a000 	C:\WINDOWS\System32\SHCORE.dll
0x00007ffee2020000 - 0x00007ffee207d000 	C:\WINDOWS\System32\shlwapi.dll
0x00007ffee09a0000 - 0x00007ffee09c1000 	C:\WINDOWS\SYSTEM32\profapi.dll
0x00007ffeca860000 - 0x00007ffeca879000 	C:\Users\lcarv\.vscode\extensions\redhat.java-1.13.0-win32-x64\jre\17.0.5-win32-x86_64\bin\net.dll
0x00007ffed5710000 - 0x00007ffed5824000 	C:\WINDOWS\SYSTEM32\WINHTTP.dll
0x00007ffee0080000 - 0x00007ffee00e7000 	C:\WINDOWS\system32\mswsock.dll
0x00007ffeca390000 - 0x00007ffeca3a5000 	C:\Users\lcarv\.vscode\extensions\redhat.java-1.13.0-win32-x64\jre\17.0.5-win32-x86_64\bin\nio.dll
0x00007ffecabd0000 - 0x00007ffecabe0000 	c:\Users\lcarv\.vscode\extensions\redhat.java-1.13.0-win32-x64\jre\17.0.5-win32-x86_64\bin\verify.dll
0x00007ffed87f0000 - 0x00007ffed87f9000 	C:\Users\lcarv\.vscode\extensions\redhat.java-1.13.0-win32-x64\jre\17.0.5-win32-x86_64\bin\management.dll
0x00007ffecdb00000 - 0x00007ffecdb0b000 	C:\Users\lcarv\.vscode\extensions\redhat.java-1.13.0-win32-x64\jre\17.0.5-win32-x86_64\bin\management_ext.dll
0x00007ffee1900000 - 0x00007ffee1908000 	C:\WINDOWS\System32\PSAPI.DLL
0x00007ffeb9860000 - 0x00007ffeb9877000 	C:\WINDOWS\system32\napinsp.dll
0x00007ffeb9840000 - 0x00007ffeb985b000 	C:\WINDOWS\system32\pnrpnsp.dll
0x00007ffedf6c0000 - 0x00007ffedf7a8000 	C:\WINDOWS\SYSTEM32\DNSAPI.dll
0x00007ffedf690000 - 0x00007ffedf6bd000 	C:\WINDOWS\SYSTEM32\IPHLPAPI.DLL
0x00007ffee1450000 - 0x00007ffee1459000 	C:\WINDOWS\System32\NSI.dll
0x00007ffeba5a0000 - 0x00007ffeba5b2000 	C:\WINDOWS\System32\winrnr.dll
0x00007ffed4400000 - 0x00007ffed4415000 	C:\WINDOWS\system32\wshbth.dll
0x00007ffeb9770000 - 0x00007ffeb978f000 	C:\WINDOWS\system32\nlansp_c.dll
0x00007ffeccd30000 - 0x00007ffeccd3a000 	C:\Windows\System32\rasadhlp.dll
0x00007ffed2d90000 - 0x00007ffed2e11000 	C:\WINDOWS\System32\fwpuclnt.dll
0x00007ffee02c0000 - 0x00007ffee02d8000 	C:\WINDOWS\SYSTEM32\CRYPTSP.dll
0x00007ffedfb40000 - 0x00007ffedfb75000 	C:\WINDOWS\system32\rsaenh.dll
0x00007ffee0170000 - 0x00007ffee0199000 	C:\WINDOWS\SYSTEM32\USERENV.dll
0x00007ffee0450000 - 0x00007ffee0477000 	C:\WINDOWS\SYSTEM32\bcrypt.dll
0x00007ffee02e0000 - 0x00007ffee02ec000 	C:\WINDOWS\SYSTEM32\CRYPTBASE.dll
0x00007ffed5000000 - 0x00007ffed5019000 	C:\WINDOWS\SYSTEM32\dhcpcsvc6.DLL
0x00007ffed66e0000 - 0x00007ffed66fe000 	C:\WINDOWS\SYSTEM32\dhcpcsvc.DLL

dbghelp: loaded successfully - version: 4.0.5 - missing functions: none
symbol engine: initialized successfully - sym options: 0x614 - pdb path: .;c:\Users\lcarv\.vscode\extensions\redhat.java-1.13.0-win32-x64\jre\17.0.5-win32-x86_64\bin;C:\WINDOWS\SYSTEM32;C:\WINDOWS\WinSxS\amd64_microsoft.windows.common-controls_6595b64144ccf1df_6.0.22000.120_none_9d947278b86cc467;c:\Users\lcarv\.vscode\extensions\redhat.java-1.13.0-win32-x64\jre\17.0.5-win32-x86_64\bin\server

VM Arguments:
jvm_args: -Dsts.lsp.client=vscode -Dsts.log.file=/dev/null -XX:TieredStopAtLevel=1 -Xlog:jni+resolve=off -Dspring.config.location=file:c:\Users\lcarv\.vscode\extensions\pivotal.vscode-spring-boot-1.41.0\language-server\BOOT-INF\classes\application.properties 
java_command: org.springframework.ide.vscode.boot.app.BootLanguageServerBootApp
java_class_path (initial): c:\Users\lcarv\.vscode\extensions\pivotal.vscode-spring-boot-1.41.0\language-server\BOOT-INF\classes;c:\Users\lcarv\.vscode\extensions\pivotal.vscode-spring-boot-1.41.0\language-server\BOOT-INF\lib\annotations-23.0.0.jar;c:\Users\lcarv\.vscode\extensions\pivotal.vscode-spring-boot-1.41.0\language-server\BOOT-INF\lib\ant-1.10.12.jar;c:\Users\lcarv\.vscode\extensions\pivotal.vscode-spring-boot-1.41.0\language-server\BOOT-INF\lib\ant-launcher-1.10.12.jar;c:\Users\lcarv\.vscode\extensions\pivotal.vscode-spring-boot-1.41.0\language-server\BOOT-INF\lib\antlr-runtime-3.5.2.jar;c:\Users\lcarv\.vscode\extensions\pivotal.vscode-spring-boot-1.41.0\language-server\BOOT-INF\lib\antlr4-4.9.3.jar;c:\Users\lcarv\.vscode\extensions\pivotal.vscode-spring-boot-1.41.0\language-server\BOOT-INF\lib\antlr4-runtime-4.9.3.jar;c:\Users\lcarv\.vscode\extensions\pivotal.vscode-spring-boot-1.41.0\language-server\BOOT-INF\lib\apiguardian-api-1.1.2.jar;c:\Users\lcarv\.vscode\extensions\pivotal.vscode-spring-boot-1.41.0\language-server\BOOT-INF\lib\asm-9.4.jar;c:\Users\lcarv\.vscode\extensions\pivotal.vscode-spring-boot-1.41.0\language-server\BOOT-INF\lib\asm-analysis-9.4.jar;c:\Users\lcarv\.vscode\extensions\pivotal.vscode-spring-boot-1.41.0\language-server\BOOT-INF\lib\asm-tree-9.4.jar;c:\Users\lcarv\.vscode\extensions\pivotal.vscode-spring-boot-1.41.0\language-server\BOOT-INF\lib\asm-util-9.4.jar;c:\Users\lcarv\.vscode\extensions\pivotal.vscode-spring-boot-1.41.0\language-server\BOOT-INF\lib\byte-buddy-1.12.13.jar;c:\Users\lcarv\.vscode\extensions\pivotal.vscode-spring-boot-1.41.0\language-server\BOOT-INF\lib\caffeine-2.9.3.jar;c:\Users\lcarv\.vscode\extensions\pivotal.vscode-spring-boot-1.41.0\language-server\BOOT-INF\lib\checker-qual-3.12.0.jar;c:\Users\lcarv\.vscode\extensions\pivotal.vscode-spring-boot-1.41.0\language-server\BOOT-INF\lib\ci-environment-9.1.0.jar;c:\Users\lcarv\.vscode\extensions\pivotal.vscode-spring-boot-1.41.0\language-server\BOOT-INF\lib\clas
Launcher Type: SUN_STANDARD

[Global flags]
     intx CICompilerCount                          = 4                                         {product} {ergonomic}
     uint ConcGCThreads                            = 2                                         {product} {ergonomic}
     uint G1ConcRefinementThreads                  = 8                                         {product} {ergonomic}
   size_t G1HeapRegionSize                         = 1048576                                   {product} {ergonomic}
    uintx GCDrainStackTargetSize                   = 64                                        {product} {ergonomic}
   size_t InitialHeapSize                          = 134217728                                 {product} {ergonomic}
   size_t MarkStackSize                            = 4194304                                   {product} {ergonomic}
   size_t MaxHeapSize                              = 2116026368                                {product} {ergonomic}
   size_t MaxNewSize                               = 1268776960                                {product} {ergonomic}
   size_t MinHeapDeltaBytes                        = 1048576                                   {product} {ergonomic}
   size_t MinHeapSize                              = 8388608                                   {product} {ergonomic}
    uintx NonProfiledCodeHeapSize                  = 0                                      {pd product} {ergonomic}
     bool ProfileInterpreter                       = false                                  {pd product} {command line}
    uintx ProfiledCodeHeapSize                     = 0                                      {pd product} {ergonomic}
   size_t SoftMaxHeapSize                          = 2116026368                             {manageable} {ergonomic}
     intx TieredStopAtLevel                        = 1                                         {product} {command line}
     bool UseCompressedClassPointers               = true                           {product lp64_product} {ergonomic}
     bool UseCompressedOops                        = true                           {product lp64_product} {ergonomic}
     bool UseG1GC                                  = true                                      {product} {ergonomic}
     bool UseLargePagesIndividualAllocation        = false                                  {pd product} {ergonomic}

Logging:
Log output configuration:
 #0: stdout all=warning,jni+resolve=off uptime,level,tags
 #1: stderr all=off uptime,level,tags

Environment Variables:
JAVA_HOME=C:\Program Files\Java\jdk1.8.0_202
PATH=C:\Users\lcarv\bin;C:\Program Files\Git\mingw64\bin;C:\Program Files\Git\usr\local\bin;C:\Program Files\Git\usr\bin;C:\Program Files\Git\usr\bin;C:\Program Files\Git\mingw64\bin;C:\Program Files\Git\usr\bin;C:\Users\lcarv\bin;C:\Program Files (x86)\Common Files\Oracle\Java\javapath;C:\Program Files\Common Files\Oracle\Java\javapath;C:\WINDOWS\system32;C:\WINDOWS;C:\WINDOWS\System32\Wbem;C:\WINDOWS\System32\WindowsPowerShell\v1.0;C:\WINDOWS\System32\OpenSSH;C:\Program Files (x86)\Intel\Intel(R) Management Engine Components\DAL;C:\Program Files\Intel\Intel(R) Management Engine Components\DAL;C:\Program Files\dotnet;C:\Program Files\Git\cmd;C:\Program Files\nodejs;C:\Program Files\apache-maven-3.8.6-bin\apache-maven-3.8.6\bin;C:\Program Files\Java\jdk1.8.0_202\bin;C:\Users\lcarv\AppData\Local\Microsoft\WindowsApps;C:\Users\lcarv\Downloads\ghc-8.10.5-x86_64-unknown-mingw32\ghc-8.10.5\bin;C:\Users\lcarv\AppData\Local\Programs\Microsoft VS Code\bin;C:\Program Files\JetBrains\IntelliJ IDEA 2021.3\bin;C:\Program Files\heroku\bin;C:\Users\lcarv\AppData\Roaming\npm;C:\Program Files\apache-maven-3.8.6-bin\apache-maven-3.8.6\bin;C:\Program Files\Java\jdk1.8.0_202\bin;C:\Program Files\Git\usr\bin\vendor_perl;C:\Program Files\Git\usr\bin\core_perl
USERNAME=lcarv
SHELL=C:\Program Files\Git\usr\bin\bash.exe
DISPLAY=needs-to-be-defined
LC_CTYPE=pt_BR.UTF-8
TERM=xterm
TMPDIR=C:\Users\lcarv\AppData\Local\Temp
OS=Windows_NT
PROCESSOR_IDENTIFIER=Intel64 Family 6 Model 142 Stepping 12, GenuineIntel
TMP=C:\Users\lcarv\AppData\Local\Temp
TEMP=C:\Users\lcarv\AppData\Local\Temp



---------------  S Y S T E M  ---------------

OS:
 Windows 11 , 64 bit Build 22000 (10.0.22000.1219)
OS uptime: 12 days 23:43 hours

CPU: total 8 (initial active 8) (4 cores per cpu, 2 threads per core) family 6 model 142 stepping 12 microcode 0xf0, cx8, cmov, fxsr, ht, mmx, 3dnowpref, sse, sse2, sse3, ssse3, sse4.1, sse4.2, popcnt, lzcnt, tsc, tscinvbit, avx, avx2, aes, erms, clmul, bmi1, bmi2, adx, fma, vzeroupper, clflush, clflushopt

Memory: 4k page, system-wide physical 8067M (972M free)
TotalPageFile size 13655M (AvailPageFile size 166M)
current process WorkingSet (physical memory assigned to process): 237M, peak: 237M
current process commit charge ("private bytes"): 289M, peak: 560M

vm_info: OpenJDK 64-Bit Server VM (17.0.5+8) for windows-amd64 JRE (17.0.5+8), built on Oct 19 2022 04:48:13 by "temurin" with MS VC++ 16.7 (VS2019)

END.
